CRITICAL - 2022-06-03 04:57:09 --> Undefined variable $parentMenu
#0 C:\xampp\htdocs\otfonline\backend\ci4\app\Views\superadmin\sidebar.php(311): CodeIgniter\Debug\Exceptions->errorHandler(2, 'Undefined varia...', 'C:\\xampp\\htdocs...', 311)
#1 C:\xampp\htdocs\otfonline\backend\ci4\system\View\View.php(210): include('C:\\xampp\\htdocs...')
#2 C:\xampp\htdocs\otfonline\backend\ci4\system\View\View.php(213): CodeIgniter\View\View->CodeIgniter\View\{closure}()
#3 C:\xampp\htdocs\otfonline\backend\ci4\system\View\View.php(424): CodeIgniter\View\View->render('superadmin/side...', NULL, true)
#4 C:\xampp\htdocs\otfonline\backend\ci4\app\Views\superadmin\layout.php(54): CodeIgniter\View\View->include('superadmin/side...')
#5 C:\xampp\htdocs\otfonline\backend\ci4\system\View\View.php(210): include('C:\\xampp\\htdocs...')
#6 C:\xampp\htdocs\otfonline\backend\ci4\system\View\View.php(213): CodeIgniter\View\View->CodeIgniter\View\{closure}()
#7 C:\xampp\htdocs\otfonline\backend\ci4\system\View\View.php(226): CodeIgniter\View\View->render('superadmin/layo...', Array, true)
#8 C:\xampp\htdocs\otfonline\backend\ci4\system\Common.php(1089): CodeIgniter\View\View->render('superadmin/dash...', Array, true)
#9 C:\xampp\htdocs\otfonline\backend\ci4\app\Controllers\Web\Superadmin\DashboardController.php(30): view('superadmin/dash...', Array)
#10 C:\xampp\htdocs\otfonline\backend\ci4\system\CodeIgniter.php(838): App\Controllers\Web\Superadmin\DashboardController->index()
#11 C:\xampp\htdocs\otfonline\backend\ci4\system\CodeIgniter.php(425): CodeIgniter\CodeIgniter->runController(Object(App\Controllers\Web\Superadmin\DashboardController))
#12 C:\xampp\htdocs\otfonline\backend\ci4\system\CodeIgniter.php(332): CodeIgniter\CodeIgniter->handleRequest(NULL, Object(Config\Cache), false)
#13 C:\xampp\htdocs\otfonline\backend\ci4\public\index.php(37): CodeIgniter\CodeIgniter->run()
#14 C:\xampp\htdocs\otfonline\backend\ci4\system\Commands\Server\rewrite.php(43): require_once('C:\\xampp\\htdocs...')
#15 {main}
CRITICAL - 2022-06-03 04:58:22 --> syntax error, unexpected single-quoted string "currentMenu", expecting "]"
#0 C:\xampp\htdocs\otfonline\backend\ci4\system\Autoloader\Autoloader.php(241): CodeIgniter\Autoloader\Autoloader->includeFile('C:\\xampp\\htdocs...')
#1 C:\xampp\htdocs\otfonline\backend\ci4\system\Autoloader\Autoloader.php(219): CodeIgniter\Autoloader\Autoloader->loadInNamespace('App\\Controllers...')
#2 [internal function]: CodeIgniter\Autoloader\Autoloader->loadClass('App\\Controllers...')
#3 C:\xampp\htdocs\otfonline\backend\ci4\system\CodeIgniter.php(803): class_exists('\\App\\Controller...', true)
#4 C:\xampp\htdocs\otfonline\backend\ci4\system\CodeIgniter.php(412): CodeIgniter\CodeIgniter->startController()
#5 C:\xampp\htdocs\otfonline\backend\ci4\system\CodeIgniter.php(332): CodeIgniter\CodeIgniter->handleRequest(NULL, Object(Config\Cache), false)
#6 C:\xampp\htdocs\otfonline\backend\ci4\public\index.php(37): CodeIgniter\CodeIgniter->run()
#7 C:\xampp\htdocs\otfonline\backend\ci4\system\Commands\Server\rewrite.php(43): require_once('C:\\xampp\\htdocs...')
#8 {main}
CRITICAL - 2022-06-03 04:58:44 --> Undefined variable $data
#0 C:\xampp\htdocs\otfonline\backend\ci4\app\Controllers\Web\Superadmin\BizController.php(53): CodeIgniter\Debug\Exceptions->errorHandler(2, 'Undefined varia...', 'C:\\xampp\\htdocs...', 53)
#1 C:\xampp\htdocs\otfonline\backend\ci4\system\CodeIgniter.php(838): App\Controllers\Web\Superadmin\BizController->index()
#2 C:\xampp\htdocs\otfonline\backend\ci4\system\CodeIgniter.php(425): CodeIgniter\CodeIgniter->runController(Object(App\Controllers\Web\Superadmin\BizController))
#3 C:\xampp\htdocs\otfonline\backend\ci4\system\CodeIgniter.php(332): CodeIgniter\CodeIgniter->handleRequest(NULL, Object(Config\Cache), false)
#4 C:\xampp\htdocs\otfonline\backend\ci4\public\index.php(37): CodeIgniter\CodeIgniter->run()
#5 C:\xampp\htdocs\otfonline\backend\ci4\system\Commands\Server\rewrite.php(43): require_once('C:\\xampp\\htdocs...')
#6 {main}
