CRITICAL - 2022-05-06 16:28:52 --> Unsupported operand types: string + array
#0 C:\xampp\htdocs\otfonline\backend\ci4\system\View\View.php(210): include()
#1 C:\xampp\htdocs\otfonline\backend\ci4\system\View\View.php(213): CodeIgniter\View\View->CodeIgniter\View\{closure}()
#2 C:\xampp\htdocs\otfonline\backend\ci4\system\Common.php(1089): CodeIgniter\View\View->render('main/signup_use...', Array, true)
#3 C:\xampp\htdocs\otfonline\backend\ci4\app\Controllers\Web\AuthenticationController.php(92): view('main/signup_use...', Array)
#4 C:\xampp\htdocs\otfonline\backend\ci4\system\CodeIgniter.php(838): App\Controllers\Web\AuthenticationController->signup_()
#5 C:\xampp\htdocs\otfonline\backend\ci4\system\CodeIgniter.php(425): CodeIgniter\CodeIgniter->runController(Object(App\Controllers\Web\AuthenticationController))
#6 C:\xampp\htdocs\otfonline\backend\ci4\system\CodeIgniter.php(332): CodeIgniter\CodeIgniter->handleRequest(NULL, Object(Config\Cache), false)
#7 C:\xampp\htdocs\otfonline\backend\ci4\public\index.php(37): CodeIgniter\CodeIgniter->run()
#8 C:\xampp\htdocs\otfonline\backend\ci4\system\Commands\Server\rewrite.php(43): require_once('C:\\xampp\\htdocs...')
#9 {main}
CRITICAL - 2022-05-06 16:29:54 --> Unsupported operand types: string + array
#0 C:\xampp\htdocs\otfonline\backend\ci4\system\View\View.php(210): include()
#1 C:\xampp\htdocs\otfonline\backend\ci4\system\View\View.php(213): CodeIgniter\View\View->CodeIgniter\View\{closure}()
#2 C:\xampp\htdocs\otfonline\backend\ci4\system\Common.php(1089): CodeIgniter\View\View->render('main/signup_use...', Array, true)
#3 C:\xampp\htdocs\otfonline\backend\ci4\app\Controllers\Web\AuthenticationController.php(92): view('main/signup_use...', Array)
#4 C:\xampp\htdocs\otfonline\backend\ci4\system\CodeIgniter.php(838): App\Controllers\Web\AuthenticationController->signup_()
#5 C:\xampp\htdocs\otfonline\backend\ci4\system\CodeIgniter.php(425): CodeIgniter\CodeIgniter->runController(Object(App\Controllers\Web\AuthenticationController))
#6 C:\xampp\htdocs\otfonline\backend\ci4\system\CodeIgniter.php(332): CodeIgniter\CodeIgniter->handleRequest(NULL, Object(Config\Cache), false)
#7 C:\xampp\htdocs\otfonline\backend\ci4\public\index.php(37): CodeIgniter\CodeIgniter->run()
#8 C:\xampp\htdocs\otfonline\backend\ci4\system\Commands\Server\rewrite.php(43): require_once('C:\\xampp\\htdocs...')
#9 {main}
CRITICAL - 2022-05-06 16:30:18 --> Unsupported operand types: string + array
#0 C:\xampp\htdocs\otfonline\backend\ci4\system\View\View.php(210): include()
#1 C:\xampp\htdocs\otfonline\backend\ci4\system\View\View.php(213): CodeIgniter\View\View->CodeIgniter\View\{closure}()
#2 C:\xampp\htdocs\otfonline\backend\ci4\system\Common.php(1089): CodeIgniter\View\View->render('main/signup_use...', Array, true)
#3 C:\xampp\htdocs\otfonline\backend\ci4\app\Controllers\Web\AuthenticationController.php(92): view('main/signup_use...', Array)
#4 C:\xampp\htdocs\otfonline\backend\ci4\system\CodeIgniter.php(838): App\Controllers\Web\AuthenticationController->signup_()
#5 C:\xampp\htdocs\otfonline\backend\ci4\system\CodeIgniter.php(425): CodeIgniter\CodeIgniter->runController(Object(App\Controllers\Web\AuthenticationController))
#6 C:\xampp\htdocs\otfonline\backend\ci4\system\CodeIgniter.php(332): CodeIgniter\CodeIgniter->handleRequest(NULL, Object(Config\Cache), false)
#7 C:\xampp\htdocs\otfonline\backend\ci4\public\index.php(37): CodeIgniter\CodeIgniter->run()
#8 C:\xampp\htdocs\otfonline\backend\ci4\system\Commands\Server\rewrite.php(43): require_once('C:\\xampp\\htdocs...')
#9 {main}
CRITICAL - 2022-05-06 16:31:19 --> Unsupported operand types: string + array
#0 C:\xampp\htdocs\otfonline\backend\ci4\system\View\View.php(210): include()
#1 C:\xampp\htdocs\otfonline\backend\ci4\system\View\View.php(213): CodeIgniter\View\View->CodeIgniter\View\{closure}()
#2 C:\xampp\htdocs\otfonline\backend\ci4\system\Common.php(1089): CodeIgniter\View\View->render('main/signup_use...', Array, true)
#3 C:\xampp\htdocs\otfonline\backend\ci4\app\Controllers\Web\AuthenticationController.php(92): view('main/signup_use...', Array)
#4 C:\xampp\htdocs\otfonline\backend\ci4\system\CodeIgniter.php(838): App\Controllers\Web\AuthenticationController->signup_()
#5 C:\xampp\htdocs\otfonline\backend\ci4\system\CodeIgniter.php(425): CodeIgniter\CodeIgniter->runController(Object(App\Controllers\Web\AuthenticationController))
#6 C:\xampp\htdocs\otfonline\backend\ci4\system\CodeIgniter.php(332): CodeIgniter\CodeIgniter->handleRequest(NULL, Object(Config\Cache), false)
#7 C:\xampp\htdocs\otfonline\backend\ci4\public\index.php(37): CodeIgniter\CodeIgniter->run()
#8 C:\xampp\htdocs\otfonline\backend\ci4\system\Commands\Server\rewrite.php(43): require_once('C:\\xampp\\htdocs...')
#9 {main}
CRITICAL - 2022-05-06 16:33:25 --> Array to string conversion
#0 C:\xampp\htdocs\otfonline\backend\ci4\app\Views\main\signup_user.php(51): CodeIgniter\Debug\Exceptions->errorHandler(2, 'Array to string...', 'C:\\xampp\\htdocs...', 51)
#1 C:\xampp\htdocs\otfonline\backend\ci4\system\View\View.php(210): include('C:\\xampp\\htdocs...')
#2 C:\xampp\htdocs\otfonline\backend\ci4\system\View\View.php(213): CodeIgniter\View\View->CodeIgniter\View\{closure}()
#3 C:\xampp\htdocs\otfonline\backend\ci4\system\Common.php(1089): CodeIgniter\View\View->render('main/signup_use...', Array, true)
#4 C:\xampp\htdocs\otfonline\backend\ci4\app\Controllers\Web\AuthenticationController.php(92): view('main/signup_use...', Array)
#5 C:\xampp\htdocs\otfonline\backend\ci4\system\CodeIgniter.php(838): App\Controllers\Web\AuthenticationController->signup_()
#6 C:\xampp\htdocs\otfonline\backend\ci4\system\CodeIgniter.php(425): CodeIgniter\CodeIgniter->runController(Object(App\Controllers\Web\AuthenticationController))
#7 C:\xampp\htdocs\otfonline\backend\ci4\system\CodeIgniter.php(332): CodeIgniter\CodeIgniter->handleRequest(NULL, Object(Config\Cache), false)
#8 C:\xampp\htdocs\otfonline\backend\ci4\public\index.php(37): CodeIgniter\CodeIgniter->run()
#9 C:\xampp\htdocs\otfonline\backend\ci4\system\Commands\Server\rewrite.php(43): require_once('C:\\xampp\\htdocs...')
#10 {main}
CRITICAL - 2022-05-06 16:34:55 --> Unsupported operand types: string + string
#0 C:\xampp\htdocs\otfonline\backend\ci4\system\View\View.php(210): include()
#1 C:\xampp\htdocs\otfonline\backend\ci4\system\View\View.php(213): CodeIgniter\View\View->CodeIgniter\View\{closure}()
#2 C:\xampp\htdocs\otfonline\backend\ci4\system\Common.php(1089): CodeIgniter\View\View->render('main/signup_use...', Array, true)
#3 C:\xampp\htdocs\otfonline\backend\ci4\app\Controllers\Web\AuthenticationController.php(92): view('main/signup_use...', Array)
#4 C:\xampp\htdocs\otfonline\backend\ci4\system\CodeIgniter.php(838): App\Controllers\Web\AuthenticationController->signup_()
#5 C:\xampp\htdocs\otfonline\backend\ci4\system\CodeIgniter.php(425): CodeIgniter\CodeIgniter->runController(Object(App\Controllers\Web\AuthenticationController))
#6 C:\xampp\htdocs\otfonline\backend\ci4\system\CodeIgniter.php(332): CodeIgniter\CodeIgniter->handleRequest(NULL, Object(Config\Cache), false)
#7 C:\xampp\htdocs\otfonline\backend\ci4\public\index.php(37): CodeIgniter\CodeIgniter->run()
#8 C:\xampp\htdocs\otfonline\backend\ci4\system\Commands\Server\rewrite.php(43): require_once('C:\\xampp\\htdocs...')
#9 {main}
CRITICAL - 2022-05-06 16:37:14 --> Unsupported operand types: string + string
#0 C:\xampp\htdocs\otfonline\backend\ci4\system\View\View.php(210): include()
#1 C:\xampp\htdocs\otfonline\backend\ci4\system\View\View.php(213): CodeIgniter\View\View->CodeIgniter\View\{closure}()
#2 C:\xampp\htdocs\otfonline\backend\ci4\system\Common.php(1089): CodeIgniter\View\View->render('main/signup_use...', Array, true)
#3 C:\xampp\htdocs\otfonline\backend\ci4\app\Controllers\Web\AuthenticationController.php(92): view('main/signup_use...', Array)
#4 C:\xampp\htdocs\otfonline\backend\ci4\system\CodeIgniter.php(838): App\Controllers\Web\AuthenticationController->signup_()
#5 C:\xampp\htdocs\otfonline\backend\ci4\system\CodeIgniter.php(425): CodeIgniter\CodeIgniter->runController(Object(App\Controllers\Web\AuthenticationController))
#6 C:\xampp\htdocs\otfonline\backend\ci4\system\CodeIgniter.php(332): CodeIgniter\CodeIgniter->handleRequest(NULL, Object(Config\Cache), false)
#7 C:\xampp\htdocs\otfonline\backend\ci4\public\index.php(37): CodeIgniter\CodeIgniter->run()
#8 C:\xampp\htdocs\otfonline\backend\ci4\system\Commands\Server\rewrite.php(43): require_once('C:\\xampp\\htdocs...')
#9 {main}
CRITICAL - 2022-05-06 17:02:11 --> Call to undefined function display_error()
#0 C:\xampp\htdocs\otfonline\backend\ci4\system\View\View.php(210): include()
#1 C:\xampp\htdocs\otfonline\backend\ci4\system\View\View.php(213): CodeIgniter\View\View->CodeIgniter\View\{closure}()
#2 C:\xampp\htdocs\otfonline\backend\ci4\system\Common.php(1089): CodeIgniter\View\View->render('main/signup_use...', Array, true)
#3 C:\xampp\htdocs\otfonline\backend\ci4\app\Controllers\Web\AuthenticationController.php(92): view('main/signup_use...', Array)
#4 C:\xampp\htdocs\otfonline\backend\ci4\system\CodeIgniter.php(838): App\Controllers\Web\AuthenticationController->signup_()
#5 C:\xampp\htdocs\otfonline\backend\ci4\system\CodeIgniter.php(425): CodeIgniter\CodeIgniter->runController(Object(App\Controllers\Web\AuthenticationController))
#6 C:\xampp\htdocs\otfonline\backend\ci4\system\CodeIgniter.php(332): CodeIgniter\CodeIgniter->handleRequest(NULL, Object(Config\Cache), false)
#7 C:\xampp\htdocs\otfonline\backend\ci4\public\index.php(37): CodeIgniter\CodeIgniter->run()
#8 C:\xampp\htdocs\otfonline\backend\ci4\system\Commands\Server\rewrite.php(43): require_once('C:\\xampp\\htdocs...')
#9 {main}
