CRITICAL - 2022-07-29 01:36:02 --> Undefined array key "transaction_id"
#0 C:\xampp\htdocs\otfonline\backend\ci4\app\Controllers\Web\UsersController.php(52): CodeIgniter\Debug\Exceptions->errorHandler(2, 'Undefined array...', 'C:\\xampp\\htdocs...', 52)
#1 C:\xampp\htdocs\otfonline\backend\ci4\system\CodeIgniter.php(838): App\Controllers\Web\UsersController->order()
#2 C:\xampp\htdocs\otfonline\backend\ci4\system\CodeIgniter.php(425): CodeIgniter\CodeIgniter->runController(Object(App\Controllers\Web\UsersController))
#3 C:\xampp\htdocs\otfonline\backend\ci4\system\CodeIgniter.php(332): CodeIgniter\CodeIgniter->handleRequest(NULL, Object(Config\Cache), false)
#4 C:\xampp\htdocs\otfonline\backend\ci4\public\index.php(37): CodeIgniter\CodeIgniter->run()
#5 C:\xampp\htdocs\otfonline\backend\ci4\system\Commands\Server\rewrite.php(43): require_once('C:\\xampp\\htdocs...')
#6 {main}
CRITICAL - 2022-07-29 01:50:50 --> Array to string conversion
#0 [internal function]: CodeIgniter\Debug\Exceptions->errorHandler(2, 'Array to string...', 'C:\\xampp\\htdocs...', 1709)
#1 C:\xampp\htdocs\otfonline\backend\ci4\system\Database\BaseBuilder.php(1709): implode(',', Array)
#2 C:\xampp\htdocs\otfonline\backend\ci4\system\Database\BaseBuilder.php(1640): CodeIgniter\Database\BaseBuilder->setInsertBatch(Array, '', true)
#3 C:\xampp\htdocs\otfonline\backend\ci4\system\Model.php(272): CodeIgniter\Database\BaseBuilder->insertBatch(Array, NULL, 100)
#4 C:\xampp\htdocs\otfonline\backend\ci4\system\BaseModel.php(814): CodeIgniter\Model->doInsertBatch(Array, NULL, 100, false)
#5 C:\xampp\htdocs\otfonline\backend\ci4\app\Controllers\Web\UsersController.php(204): CodeIgniter\BaseModel->insertBatch(Array)
#6 C:\xampp\htdocs\otfonline\backend\ci4\system\CodeIgniter.php(838): App\Controllers\Web\UsersController->verifyPayment()
#7 C:\xampp\htdocs\otfonline\backend\ci4\system\CodeIgniter.php(425): CodeIgniter\CodeIgniter->runController(Object(App\Controllers\Web\UsersController))
#8 C:\xampp\htdocs\otfonline\backend\ci4\system\CodeIgniter.php(332): CodeIgniter\CodeIgniter->handleRequest(NULL, Object(Config\Cache), false)
#9 C:\xampp\htdocs\otfonline\backend\ci4\public\index.php(37): CodeIgniter\CodeIgniter->run()
#10 C:\xampp\htdocs\otfonline\backend\ci4\system\Commands\Server\rewrite.php(43): require_once('C:\\xampp\\htdocs...')
#11 {main}
CRITICAL - 2022-07-29 01:53:37 --> Array to string conversion
#0 [internal function]: CodeIgniter\Debug\Exceptions->errorHandler(2, 'Array to string...', 'C:\\xampp\\htdocs...', 1709)
#1 C:\xampp\htdocs\otfonline\backend\ci4\system\Database\BaseBuilder.php(1709): implode(',', Array)
#2 C:\xampp\htdocs\otfonline\backend\ci4\system\Database\BaseBuilder.php(1640): CodeIgniter\Database\BaseBuilder->setInsertBatch(Array, '', true)
#3 C:\xampp\htdocs\otfonline\backend\ci4\system\Model.php(272): CodeIgniter\Database\BaseBuilder->insertBatch(Array, NULL, 100)
#4 C:\xampp\htdocs\otfonline\backend\ci4\system\BaseModel.php(814): CodeIgniter\Model->doInsertBatch(Array, NULL, 100, false)
#5 C:\xampp\htdocs\otfonline\backend\ci4\app\Controllers\Web\UsersController.php(205): CodeIgniter\BaseModel->insertBatch(Array)
#6 C:\xampp\htdocs\otfonline\backend\ci4\system\CodeIgniter.php(838): App\Controllers\Web\UsersController->verifyPayment()
#7 C:\xampp\htdocs\otfonline\backend\ci4\system\CodeIgniter.php(425): CodeIgniter\CodeIgniter->runController(Object(App\Controllers\Web\UsersController))
#8 C:\xampp\htdocs\otfonline\backend\ci4\system\CodeIgniter.php(332): CodeIgniter\CodeIgniter->handleRequest(NULL, Object(Config\Cache), false)
#9 C:\xampp\htdocs\otfonline\backend\ci4\public\index.php(37): CodeIgniter\CodeIgniter->run()
#10 C:\xampp\htdocs\otfonline\backend\ci4\system\Commands\Server\rewrite.php(43): require_once('C:\\xampp\\htdocs...')
#11 {main}
ERROR - 2022-07-29 02:01:03 --> You have an error in your SQL syntax; check the manual that corresponds to your MariaDB server version for the right syntax to use near '), '2022-07-29 02:01:03', '2022-07-29 02:01:03')' at line 1
CRITICAL - 2022-07-29 02:01:03 --> You have an error in your SQL syntax; check the manual that corresponds to your MariaDB server version for the right syntax to use near '), '2022-07-29 02:01:03', '2022-07-29 02:01:03')' at line 1
#0 C:\xampp\htdocs\otfonline\backend\ci4\system\Database\MySQLi\Connection.php(292): mysqli->query('INSERT INTO `or...', 0)
#1 C:\xampp\htdocs\otfonline\backend\ci4\system\Database\BaseConnection.php(670): CodeIgniter\Database\MySQLi\Connection->execute('INSERT INTO `or...')
#2 C:\xampp\htdocs\otfonline\backend\ci4\system\Database\BaseConnection.php(598): CodeIgniter\Database\BaseConnection->simpleQuery('INSERT INTO `or...')
#3 C:\xampp\htdocs\otfonline\backend\ci4\system\Database\BaseBuilder.php(1771): CodeIgniter\Database\BaseConnection->query('INSERT INTO `or...', Array, false)
#4 C:\xampp\htdocs\otfonline\backend\ci4\system\Model.php(239): CodeIgniter\Database\BaseBuilder->insert()
#5 C:\xampp\htdocs\otfonline\backend\ci4\system\BaseModel.php(738): CodeIgniter\Model->doInsert(Array)
#6 C:\xampp\htdocs\otfonline\backend\ci4\system\Model.php(625): CodeIgniter\BaseModel->insert(Array, true)
#7 C:\xampp\htdocs\otfonline\backend\ci4\app\Controllers\Web\UsersController.php(201): CodeIgniter\Model->insert(Array)
#8 C:\xampp\htdocs\otfonline\backend\ci4\system\CodeIgniter.php(838): App\Controllers\Web\UsersController->verifyPayment()
#9 C:\xampp\htdocs\otfonline\backend\ci4\system\CodeIgniter.php(425): CodeIgniter\CodeIgniter->runController(Object(App\Controllers\Web\UsersController))
#10 C:\xampp\htdocs\otfonline\backend\ci4\system\CodeIgniter.php(332): CodeIgniter\CodeIgniter->handleRequest(NULL, Object(Config\Cache), false)
#11 C:\xampp\htdocs\otfonline\backend\ci4\public\index.php(37): CodeIgniter\CodeIgniter->run()
#12 C:\xampp\htdocs\otfonline\backend\ci4\system\Commands\Server\rewrite.php(43): require_once('C:\\xampp\\htdocs...')
#13 {main}
ERROR - 2022-07-29 02:07:10 --> You have an error in your SQL syntax; check the manual that corresponds to your MariaDB server version for the right syntax to use near '), '2022-07-29 02:07:10', '2022-07-29 02:07:10')' at line 1
CRITICAL - 2022-07-29 02:07:10 --> You have an error in your SQL syntax; check the manual that corresponds to your MariaDB server version for the right syntax to use near '), '2022-07-29 02:07:10', '2022-07-29 02:07:10')' at line 1
#0 C:\xampp\htdocs\otfonline\backend\ci4\system\Database\MySQLi\Connection.php(292): mysqli->query('INSERT INTO `or...', 0)
#1 C:\xampp\htdocs\otfonline\backend\ci4\system\Database\BaseConnection.php(670): CodeIgniter\Database\MySQLi\Connection->execute('INSERT INTO `or...')
#2 C:\xampp\htdocs\otfonline\backend\ci4\system\Database\BaseConnection.php(598): CodeIgniter\Database\BaseConnection->simpleQuery('INSERT INTO `or...')
#3 C:\xampp\htdocs\otfonline\backend\ci4\system\Database\BaseBuilder.php(1771): CodeIgniter\Database\BaseConnection->query('INSERT INTO `or...', Array, false)
#4 C:\xampp\htdocs\otfonline\backend\ci4\system\Model.php(239): CodeIgniter\Database\BaseBuilder->insert()
#5 C:\xampp\htdocs\otfonline\backend\ci4\system\BaseModel.php(738): CodeIgniter\Model->doInsert(Array)
#6 C:\xampp\htdocs\otfonline\backend\ci4\system\Model.php(625): CodeIgniter\BaseModel->insert(Array, true)
#7 C:\xampp\htdocs\otfonline\backend\ci4\app\Controllers\Web\UsersController.php(201): CodeIgniter\Model->insert(Array)
#8 C:\xampp\htdocs\otfonline\backend\ci4\system\CodeIgniter.php(838): App\Controllers\Web\UsersController->verifyPayment()
#9 C:\xampp\htdocs\otfonline\backend\ci4\system\CodeIgniter.php(425): CodeIgniter\CodeIgniter->runController(Object(App\Controllers\Web\UsersController))
#10 C:\xampp\htdocs\otfonline\backend\ci4\system\CodeIgniter.php(332): CodeIgniter\CodeIgniter->handleRequest(NULL, Object(Config\Cache), false)
#11 C:\xampp\htdocs\otfonline\backend\ci4\public\index.php(37): CodeIgniter\CodeIgniter->run()
#12 C:\xampp\htdocs\otfonline\backend\ci4\system\Commands\Server\rewrite.php(43): require_once('C:\\xampp\\htdocs...')
#13 {main}
CRITICAL - 2022-07-29 02:16:39 --> Undefined array key "cart_adds"
#0 C:\xampp\htdocs\otfonline\backend\ci4\app\Controllers\Web\UsersController.php(171): CodeIgniter\Debug\Exceptions->errorHandler(2, 'Undefined array...', 'C:\\xampp\\htdocs...', 171)
#1 C:\xampp\htdocs\otfonline\backend\ci4\system\CodeIgniter.php(838): App\Controllers\Web\UsersController->verifyPayment()
#2 C:\xampp\htdocs\otfonline\backend\ci4\system\CodeIgniter.php(425): CodeIgniter\CodeIgniter->runController(Object(App\Controllers\Web\UsersController))
#3 C:\xampp\htdocs\otfonline\backend\ci4\system\CodeIgniter.php(332): CodeIgniter\CodeIgniter->handleRequest(NULL, Object(Config\Cache), false)
#4 C:\xampp\htdocs\otfonline\backend\ci4\public\index.php(37): CodeIgniter\CodeIgniter->run()
#5 C:\xampp\htdocs\otfonline\backend\ci4\system\Commands\Server\rewrite.php(43): require_once('C:\\xampp\\htdocs...')
#6 {main}
CRITICAL - 2022-07-29 02:17:27 --> Undefined array key "cart_adds"
#0 C:\xampp\htdocs\otfonline\backend\ci4\app\Controllers\Web\UsersController.php(171): CodeIgniter\Debug\Exceptions->errorHandler(2, 'Undefined array...', 'C:\\xampp\\htdocs...', 171)
#1 C:\xampp\htdocs\otfonline\backend\ci4\system\CodeIgniter.php(838): App\Controllers\Web\UsersController->verifyPayment()
#2 C:\xampp\htdocs\otfonline\backend\ci4\system\CodeIgniter.php(425): CodeIgniter\CodeIgniter->runController(Object(App\Controllers\Web\UsersController))
#3 C:\xampp\htdocs\otfonline\backend\ci4\system\CodeIgniter.php(332): CodeIgniter\CodeIgniter->handleRequest(NULL, Object(Config\Cache), false)
#4 C:\xampp\htdocs\otfonline\backend\ci4\public\index.php(37): CodeIgniter\CodeIgniter->run()
#5 C:\xampp\htdocs\otfonline\backend\ci4\system\Commands\Server\rewrite.php(43): require_once('C:\\xampp\\htdocs...')
#6 {main}
ERROR - 2022-07-29 02:23:18 --> Cannot add or update a child row: a foreign key constraint fails (`otfonline`.`order_details`, CONSTRAINT `order_details_order_id_foreign` FOREIGN KEY (`order_id`) REFERENCES `orders` (`id`) ON DELETE CASCADE)
CRITICAL - 2022-07-29 02:23:18 --> Cannot add or update a child row: a foreign key constraint fails (`otfonline`.`order_details`, CONSTRAINT `order_details_order_id_foreign` FOREIGN KEY (`order_id`) REFERENCES `orders` (`id`) ON DELETE CASCADE)
#0 C:\xampp\htdocs\otfonline\backend\ci4\system\Database\MySQLi\Connection.php(292): mysqli->query('INSERT INTO `or...', 0)
#1 C:\xampp\htdocs\otfonline\backend\ci4\system\Database\BaseConnection.php(670): CodeIgniter\Database\MySQLi\Connection->execute('INSERT INTO `or...')
#2 C:\xampp\htdocs\otfonline\backend\ci4\system\Database\BaseConnection.php(598): CodeIgniter\Database\BaseConnection->simpleQuery('INSERT INTO `or...')
#3 C:\xampp\htdocs\otfonline\backend\ci4\system\Database\BaseBuilder.php(1771): CodeIgniter\Database\BaseConnection->query('INSERT INTO `or...', Array, false)
#4 C:\xampp\htdocs\otfonline\backend\ci4\system\Model.php(239): CodeIgniter\Database\BaseBuilder->insert()
#5 C:\xampp\htdocs\otfonline\backend\ci4\system\BaseModel.php(738): CodeIgniter\Model->doInsert(Array)
#6 C:\xampp\htdocs\otfonline\backend\ci4\system\Model.php(625): CodeIgniter\BaseModel->insert(Array, true)
#7 C:\xampp\htdocs\otfonline\backend\ci4\app\Controllers\Web\UsersController.php(202): CodeIgniter\Model->insert(Array)
#8 C:\xampp\htdocs\otfonline\backend\ci4\system\CodeIgniter.php(838): App\Controllers\Web\UsersController->verifyPayment()
#9 C:\xampp\htdocs\otfonline\backend\ci4\system\CodeIgniter.php(425): CodeIgniter\CodeIgniter->runController(Object(App\Controllers\Web\UsersController))
#10 C:\xampp\htdocs\otfonline\backend\ci4\system\CodeIgniter.php(332): CodeIgniter\CodeIgniter->handleRequest(NULL, Object(Config\Cache), false)
#11 C:\xampp\htdocs\otfonline\backend\ci4\public\index.php(37): CodeIgniter\CodeIgniter->run()
#12 C:\xampp\htdocs\otfonline\backend\ci4\system\Commands\Server\rewrite.php(43): require_once('C:\\xampp\\htdocs...')
#13 {main}
CRITICAL - 2022-07-29 03:08:09 --> Attempt to read property "fee" on array
#0 C:\xampp\htdocs\otfonline\backend\ci4\app\Controllers\Web\BizController.php(368): CodeIgniter\Debug\Exceptions->errorHandler(2, 'Attempt to read...', 'C:\\xampp\\htdocs...', 368)
#1 C:\xampp\htdocs\otfonline\backend\ci4\system\CodeIgniter.php(838): App\Controllers\Web\BizController->deliveryAddress_()
#2 C:\xampp\htdocs\otfonline\backend\ci4\system\CodeIgniter.php(425): CodeIgniter\CodeIgniter->runController(Object(App\Controllers\Web\BizController))
#3 C:\xampp\htdocs\otfonline\backend\ci4\system\CodeIgniter.php(332): CodeIgniter\CodeIgniter->handleRequest(NULL, Object(Config\Cache), false)
#4 C:\xampp\htdocs\otfonline\backend\ci4\public\index.php(37): CodeIgniter\CodeIgniter->run()
#5 C:\xampp\htdocs\otfonline\backend\ci4\system\Commands\Server\rewrite.php(43): require_once('C:\\xampp\\htdocs...')
#6 {main}
