CRITICAL - 2022-07-05 00:14:24 --> Decrypting: authentication failed.
#0 C:\xampp\htdocs\otfonline\backend\ci4\system\Encryption\Handlers\OpenSSLHandler.php(98): CodeIgniter\Encryption\Exceptions\EncryptionException::forAuthenticationFailed()
#1 C:\xampp\htdocs\otfonline\backend\ci4\app\Controllers\Web\Superadmin\CustomersController.php(152): CodeIgniter\Encryption\Handlers\OpenSSLHandler->decrypt('')
#2 C:\xampp\htdocs\otfonline\backend\ci4\system\CodeIgniter.php(838): App\Controllers\Web\Superadmin\CustomersController->addressEdit('1')
#3 C:\xampp\htdocs\otfonline\backend\ci4\system\CodeIgniter.php(425): CodeIgniter\CodeIgniter->runController(Object(App\Controllers\Web\Superadmin\CustomersController))
#4 C:\xampp\htdocs\otfonline\backend\ci4\system\CodeIgniter.php(332): CodeIgniter\CodeIgniter->handleRequest(NULL, Object(Config\Cache), false)
#5 C:\xampp\htdocs\otfonline\backend\ci4\public\index.php(37): CodeIgniter\CodeIgniter->run()
#6 C:\xampp\htdocs\otfonline\backend\ci4\system\Commands\Server\rewrite.php(43): require_once('C:\\xampp\\htdocs...')
#7 {main}
CRITICAL - 2022-07-05 23:51:36 --> Decrypting: authentication failed.
#0 C:\xampp\htdocs\otfonline\backend\ci4\system\Encryption\Handlers\OpenSSLHandler.php(98): CodeIgniter\Encryption\Exceptions\EncryptionException::forAuthenticationFailed()
#1 C:\xampp\htdocs\otfonline\backend\ci4\app\Controllers\Web\Superadmin\CustomersController.php(152): CodeIgniter\Encryption\Handlers\OpenSSLHandler->decrypt('OFjrihml vqq64G...')
#2 C:\xampp\htdocs\otfonline\backend\ci4\system\CodeIgniter.php(838): App\Controllers\Web\Superadmin\CustomersController->addressEdit('KUSFqLKE7QfwlyA...')
#3 C:\xampp\htdocs\otfonline\backend\ci4\system\CodeIgniter.php(425): CodeIgniter\CodeIgniter->runController(Object(App\Controllers\Web\Superadmin\CustomersController))
#4 C:\xampp\htdocs\otfonline\backend\ci4\system\CodeIgniter.php(332): CodeIgniter\CodeIgniter->handleRequest(NULL, Object(Config\Cache), false)
#5 C:\xampp\htdocs\otfonline\backend\ci4\public\index.php(37): CodeIgniter\CodeIgniter->run()
#6 C:\xampp\htdocs\otfonline\backend\ci4\system\Commands\Server\rewrite.php(43): require_once('C:\\xampp\\htdocs...')
#7 {main}
CRITICAL - 2022-07-05 23:53:19 --> Decrypting: authentication failed.
#0 C:\xampp\htdocs\otfonline\backend\ci4\system\Encryption\Handlers\OpenSSLHandler.php(98): CodeIgniter\Encryption\Exceptions\EncryptionException::forAuthenticationFailed()
#1 C:\xampp\htdocs\otfonline\backend\ci4\app\Controllers\Web\Superadmin\CustomersController.php(152): CodeIgniter\Encryption\Handlers\OpenSSLHandler->decrypt('OFjrihml vqq64G...')
#2 C:\xampp\htdocs\otfonline\backend\ci4\system\CodeIgniter.php(838): App\Controllers\Web\Superadmin\CustomersController->addressEdit('KUSFqLKE7QfwlyA...')
#3 C:\xampp\htdocs\otfonline\backend\ci4\system\CodeIgniter.php(425): CodeIgniter\CodeIgniter->runController(Object(App\Controllers\Web\Superadmin\CustomersController))
#4 C:\xampp\htdocs\otfonline\backend\ci4\system\CodeIgniter.php(332): CodeIgniter\CodeIgniter->handleRequest(NULL, Object(Config\Cache), false)
#5 C:\xampp\htdocs\otfonline\backend\ci4\public\index.php(37): CodeIgniter\CodeIgniter->run()
#6 C:\xampp\htdocs\otfonline\backend\ci4\system\Commands\Server\rewrite.php(43): require_once('C:\\xampp\\htdocs...')
#7 {main}
