CRITICAL - 2022-04-13 18:17:36 --> hex2bin(): Input string must be hexadecimal string
#0 [internal function]: CodeIgniter\Debug\Exceptions->errorHandler(2, 'hex2bin(): Inpu...', 'C:\\xampp\\htdocs...', 77)
#1 C:\xampp\htdocs\otfonline\backend\ci4\system\Config\BaseConfig.php(77): hex2bin('<ac3b50af48230d...')
#2 C:\xampp\htdocs\otfonline\backend\ci4\system\Config\Factories.php(110): CodeIgniter\Config\BaseConfig->__construct()
#3 C:\xampp\htdocs\otfonline\backend\ci4\system\Common.php(198): CodeIgniter\Config\Factories::__callStatic('config', Array)
#4 C:\xampp\htdocs\otfonline\backend\ci4\system\Config\Services.php(212): config('Encryption')
#5 C:\xampp\htdocs\otfonline\backend\ci4\system\Config\BaseService.php(248): CodeIgniter\Config\Services::encrypter()
#6 C:\xampp\htdocs\otfonline\backend\ci4\system\Common.php(929): CodeIgniter\Config\BaseService::__callStatic('encrypter', Array)
#7 C:\xampp\htdocs\otfonline\backend\ci4\app\Controllers\Web\BizController.php(22): service('encrypter')
#8 C:\xampp\htdocs\otfonline\backend\ci4\system\CodeIgniter.php(809): App\Controllers\Web\BizController->__construct()
#9 C:\xampp\htdocs\otfonline\backend\ci4\system\CodeIgniter.php(410): CodeIgniter\CodeIgniter->createController()
#10 C:\xampp\htdocs\otfonline\backend\ci4\system\CodeIgniter.php(326): CodeIgniter\CodeIgniter->handleRequest(NULL, Object(Config\Cache), false)
#11 C:\xampp\htdocs\otfonline\backend\ci4\public\index.php(37): CodeIgniter\CodeIgniter->run()
#12 C:\xampp\htdocs\otfonline\backend\ci4\system\Commands\Server\rewrite.php(43): require_once('C:\\xampp\\htdocs...')
#13 {main}
CRITICAL - 2022-04-13 18:19:32 --> hex2bin(): Input string must be hexadecimal string
#0 [internal function]: CodeIgniter\Debug\Exceptions->errorHandler(2, 'hex2bin(): Inpu...', 'C:\\xampp\\htdocs...', 77)
#1 C:\xampp\htdocs\otfonline\backend\ci4\system\Config\BaseConfig.php(77): hex2bin('<ac3b50af48230d...')
#2 C:\xampp\htdocs\otfonline\backend\ci4\system\Config\Factories.php(110): CodeIgniter\Config\BaseConfig->__construct()
#3 C:\xampp\htdocs\otfonline\backend\ci4\system\Common.php(198): CodeIgniter\Config\Factories::__callStatic('config', Array)
#4 C:\xampp\htdocs\otfonline\backend\ci4\system\Config\Services.php(212): config('Encryption')
#5 C:\xampp\htdocs\otfonline\backend\ci4\system\Config\BaseService.php(248): CodeIgniter\Config\Services::encrypter()
#6 C:\xampp\htdocs\otfonline\backend\ci4\system\Common.php(929): CodeIgniter\Config\BaseService::__callStatic('encrypter', Array)
#7 C:\xampp\htdocs\otfonline\backend\ci4\app\Controllers\Web\BizController.php(22): service('encrypter')
#8 C:\xampp\htdocs\otfonline\backend\ci4\system\CodeIgniter.php(809): App\Controllers\Web\BizController->__construct()
#9 C:\xampp\htdocs\otfonline\backend\ci4\system\CodeIgniter.php(410): CodeIgniter\CodeIgniter->createController()
#10 C:\xampp\htdocs\otfonline\backend\ci4\system\CodeIgniter.php(326): CodeIgniter\CodeIgniter->handleRequest(NULL, Object(Config\Cache), false)
#11 C:\xampp\htdocs\otfonline\backend\ci4\public\index.php(37): CodeIgniter\CodeIgniter->run()
#12 C:\xampp\htdocs\otfonline\backend\ci4\system\Commands\Server\rewrite.php(43): require_once('C:\\xampp\\htdocs...')
#13 {main}
CRITICAL - 2022-04-13 18:20:14 --> hex2bin(): Input string must be hexadecimal string
#0 [internal function]: CodeIgniter\Debug\Exceptions->errorHandler(2, 'hex2bin(): Inpu...', 'C:\\xampp\\htdocs...', 77)
#1 C:\xampp\htdocs\otfonline\backend\ci4\system\Config\BaseConfig.php(77): hex2bin('<ac3b50af48230d...')
#2 C:\xampp\htdocs\otfonline\backend\ci4\system\Config\Factories.php(110): CodeIgniter\Config\BaseConfig->__construct()
#3 C:\xampp\htdocs\otfonline\backend\ci4\system\Common.php(198): CodeIgniter\Config\Factories::__callStatic('config', Array)
#4 C:\xampp\htdocs\otfonline\backend\ci4\system\Config\Services.php(212): config('Encryption')
#5 C:\xampp\htdocs\otfonline\backend\ci4\system\Config\BaseService.php(248): CodeIgniter\Config\Services::encrypter()
#6 C:\xampp\htdocs\otfonline\backend\ci4\system\Common.php(929): CodeIgniter\Config\BaseService::__callStatic('encrypter', Array)
#7 C:\xampp\htdocs\otfonline\backend\ci4\app\Controllers\Web\BizController.php(22): service('encrypter')
#8 C:\xampp\htdocs\otfonline\backend\ci4\system\CodeIgniter.php(809): App\Controllers\Web\BizController->__construct()
#9 C:\xampp\htdocs\otfonline\backend\ci4\system\CodeIgniter.php(410): CodeIgniter\CodeIgniter->createController()
#10 C:\xampp\htdocs\otfonline\backend\ci4\system\CodeIgniter.php(326): CodeIgniter\CodeIgniter->handleRequest(NULL, Object(Config\Cache), false)
#11 C:\xampp\htdocs\otfonline\backend\ci4\public\index.php(37): CodeIgniter\CodeIgniter->run()
#12 C:\xampp\htdocs\otfonline\backend\ci4\system\Commands\Server\rewrite.php(43): require_once('C:\\xampp\\htdocs...')
#13 {main}
CRITICAL - 2022-04-13 19:11:07 --> Call to a member function countAllResults() on array
#0 C:\xampp\htdocs\otfonline\backend\ci4\system\CodeIgniter.php(832): App\Controllers\Web\BizController->index('restaurant')
#1 C:\xampp\htdocs\otfonline\backend\ci4\system\CodeIgniter.php(419): CodeIgniter\CodeIgniter->runController(Object(App\Controllers\Web\BizController))
#2 C:\xampp\htdocs\otfonline\backend\ci4\system\CodeIgniter.php(326): CodeIgniter\CodeIgniter->handleRequest(NULL, Object(Config\Cache), false)
#3 C:\xampp\htdocs\otfonline\backend\ci4\public\index.php(37): CodeIgniter\CodeIgniter->run()
#4 C:\xampp\htdocs\otfonline\backend\ci4\system\Commands\Server\rewrite.php(43): require_once('C:\\xampp\\htdocs...')
#5 {main}
ERROR - 2022-04-13 19:13:22 --> Unknown column 'biz_typee' in 'where clause'
CRITICAL - 2022-04-13 19:13:22 --> Unknown column 'biz_typee' in 'where clause'
#0 C:\xampp\htdocs\otfonline\backend\ci4\system\Database\MySQLi\Connection.php(292): mysqli->query('SELECT COUNT(*)...', 0)
#1 C:\xampp\htdocs\otfonline\backend\ci4\system\Database\BaseConnection.php(670): CodeIgniter\Database\MySQLi\Connection->execute('SELECT COUNT(*)...')
#2 C:\xampp\htdocs\otfonline\backend\ci4\system\Database\BaseConnection.php(598): CodeIgniter\Database\BaseConnection->simpleQuery('SELECT COUNT(*)...')
#3 C:\xampp\htdocs\otfonline\backend\ci4\system\Database\BaseBuilder.php(1539): CodeIgniter\Database\BaseConnection->query('SELECT COUNT(*)...', Array, false)
#4 C:\xampp\htdocs\otfonline\backend\ci4\system\Model.php(509): CodeIgniter\Database\BaseBuilder->countAllResults(false)
#5 C:\xampp\htdocs\otfonline\backend\ci4\system\BaseModel.php(1084): CodeIgniter\Model->countAllResults(false)
#6 C:\xampp\htdocs\otfonline\backend\ci4\app\Controllers\Web\BizController.php(49): CodeIgniter\BaseModel->paginate(20)
#7 C:\xampp\htdocs\otfonline\backend\ci4\system\CodeIgniter.php(832): App\Controllers\Web\BizController->index('party')
#8 C:\xampp\htdocs\otfonline\backend\ci4\system\CodeIgniter.php(419): CodeIgniter\CodeIgniter->runController(Object(App\Controllers\Web\BizController))
#9 C:\xampp\htdocs\otfonline\backend\ci4\system\CodeIgniter.php(326): CodeIgniter\CodeIgniter->handleRequest(NULL, Object(Config\Cache), false)
#10 C:\xampp\htdocs\otfonline\backend\ci4\public\index.php(37): CodeIgniter\CodeIgniter->run()
#11 C:\xampp\htdocs\otfonline\backend\ci4\system\Commands\Server\rewrite.php(43): require_once('C:\\xampp\\htdocs...')
#12 {main}
CRITICAL - 2022-04-13 19:15:33 --> Undefined property: App\Controllers\Web\BizController::$bizs
#0 C:\xampp\htdocs\otfonline\backend\ci4\app\Controllers\Web\BizController.php(52): CodeIgniter\Debug\Exceptions->errorHandler(2, 'Undefined prope...', 'C:\\xampp\\htdocs...', 52)
#1 C:\xampp\htdocs\otfonline\backend\ci4\system\CodeIgniter.php(832): App\Controllers\Web\BizController->index('party')
#2 C:\xampp\htdocs\otfonline\backend\ci4\system\CodeIgniter.php(419): CodeIgniter\CodeIgniter->runController(Object(App\Controllers\Web\BizController))
#3 C:\xampp\htdocs\otfonline\backend\ci4\system\CodeIgniter.php(326): CodeIgniter\CodeIgniter->handleRequest(NULL, Object(Config\Cache), false)
#4 C:\xampp\htdocs\otfonline\backend\ci4\public\index.php(37): CodeIgniter\CodeIgniter->run()
#5 C:\xampp\htdocs\otfonline\backend\ci4\system\Commands\Server\rewrite.php(43): require_once('C:\\xampp\\htdocs...')
#6 {main}
