CRITICAL - 2022-06-10 10:22:39 --> Object of class App\Models\BizModel could not be converted to string
#0 C:\xampp\htdocs\otfonline\backend\ci4\system\View\View.php(210): include()
#1 C:\xampp\htdocs\otfonline\backend\ci4\system\View\View.php(213): CodeIgniter\View\View->CodeIgniter\View\{closure}()
#2 C:\xampp\htdocs\otfonline\backend\ci4\system\Common.php(1089): CodeIgniter\View\View->render('superadmin/vend...', Array, true)
#3 C:\xampp\htdocs\otfonline\backend\ci4\app\Controllers\Web\Superadmin\BizController.php(56): view('superadmin/vend...', Array)
#4 C:\xampp\htdocs\otfonline\backend\ci4\system\CodeIgniter.php(838): App\Controllers\Web\Superadmin\BizController->index()
#5 C:\xampp\htdocs\otfonline\backend\ci4\system\CodeIgniter.php(425): CodeIgniter\CodeIgniter->runController(Object(App\Controllers\Web\Superadmin\BizController))
#6 C:\xampp\htdocs\otfonline\backend\ci4\system\CodeIgniter.php(332): CodeIgniter\CodeIgniter->handleRequest(NULL, Object(Config\Cache), false)
#7 C:\xampp\htdocs\otfonline\backend\ci4\public\index.php(37): CodeIgniter\CodeIgniter->run()
#8 C:\xampp\htdocs\otfonline\backend\ci4\system\Commands\Server\rewrite.php(43): require_once('C:\\xampp\\htdocs...')
#9 {main}
CRITICAL - 2022-06-10 10:23:17 --> Object of class App\Models\BizModel could not be converted to string
#0 C:\xampp\htdocs\otfonline\backend\ci4\system\View\View.php(210): include()
#1 C:\xampp\htdocs\otfonline\backend\ci4\system\View\View.php(213): CodeIgniter\View\View->CodeIgniter\View\{closure}()
#2 C:\xampp\htdocs\otfonline\backend\ci4\system\Common.php(1089): CodeIgniter\View\View->render('superadmin/vend...', Array, true)
#3 C:\xampp\htdocs\otfonline\backend\ci4\app\Controllers\Web\Superadmin\BizController.php(56): view('superadmin/vend...', Array)
#4 C:\xampp\htdocs\otfonline\backend\ci4\system\CodeIgniter.php(838): App\Controllers\Web\Superadmin\BizController->index()
#5 C:\xampp\htdocs\otfonline\backend\ci4\system\CodeIgniter.php(425): CodeIgniter\CodeIgniter->runController(Object(App\Controllers\Web\Superadmin\BizController))
#6 C:\xampp\htdocs\otfonline\backend\ci4\system\CodeIgniter.php(332): CodeIgniter\CodeIgniter->handleRequest(NULL, Object(Config\Cache), false)
#7 C:\xampp\htdocs\otfonline\backend\ci4\public\index.php(37): CodeIgniter\CodeIgniter->run()
#8 C:\xampp\htdocs\otfonline\backend\ci4\system\Commands\Server\rewrite.php(43): require_once('C:\\xampp\\htdocs...')
#9 {main}
CRITICAL - 2022-06-10 10:23:29 --> Object of class App\Models\BizModel could not be converted to string
#0 C:\xampp\htdocs\otfonline\backend\ci4\system\View\View.php(210): include()
#1 C:\xampp\htdocs\otfonline\backend\ci4\system\View\View.php(213): CodeIgniter\View\View->CodeIgniter\View\{closure}()
#2 C:\xampp\htdocs\otfonline\backend\ci4\system\Common.php(1089): CodeIgniter\View\View->render('superadmin/vend...', Array, true)
#3 C:\xampp\htdocs\otfonline\backend\ci4\app\Controllers\Web\Superadmin\BizController.php(56): view('superadmin/vend...', Array)
#4 C:\xampp\htdocs\otfonline\backend\ci4\system\CodeIgniter.php(838): App\Controllers\Web\Superadmin\BizController->index()
#5 C:\xampp\htdocs\otfonline\backend\ci4\system\CodeIgniter.php(425): CodeIgniter\CodeIgniter->runController(Object(App\Controllers\Web\Superadmin\BizController))
#6 C:\xampp\htdocs\otfonline\backend\ci4\system\CodeIgniter.php(332): CodeIgniter\CodeIgniter->handleRequest(NULL, Object(Config\Cache), false)
#7 C:\xampp\htdocs\otfonline\backend\ci4\public\index.php(37): CodeIgniter\CodeIgniter->run()
#8 C:\xampp\htdocs\otfonline\backend\ci4\system\Commands\Server\rewrite.php(43): require_once('C:\\xampp\\htdocs...')
#9 {main}
CRITICAL - 2022-06-10 10:23:40 --> Object of class App\Models\BizModel could not be converted to string
#0 C:\xampp\htdocs\otfonline\backend\ci4\system\View\View.php(210): include()
#1 C:\xampp\htdocs\otfonline\backend\ci4\system\View\View.php(213): CodeIgniter\View\View->CodeIgniter\View\{closure}()
#2 C:\xampp\htdocs\otfonline\backend\ci4\system\Common.php(1089): CodeIgniter\View\View->render('superadmin/vend...', Array, true)
#3 C:\xampp\htdocs\otfonline\backend\ci4\app\Controllers\Web\Superadmin\BizController.php(56): view('superadmin/vend...', Array)
#4 C:\xampp\htdocs\otfonline\backend\ci4\system\CodeIgniter.php(838): App\Controllers\Web\Superadmin\BizController->index()
#5 C:\xampp\htdocs\otfonline\backend\ci4\system\CodeIgniter.php(425): CodeIgniter\CodeIgniter->runController(Object(App\Controllers\Web\Superadmin\BizController))
#6 C:\xampp\htdocs\otfonline\backend\ci4\system\CodeIgniter.php(332): CodeIgniter\CodeIgniter->handleRequest(NULL, Object(Config\Cache), false)
#7 C:\xampp\htdocs\otfonline\backend\ci4\public\index.php(37): CodeIgniter\CodeIgniter->run()
#8 C:\xampp\htdocs\otfonline\backend\ci4\system\Commands\Server\rewrite.php(43): require_once('C:\\xampp\\htdocs...')
#9 {main}
CRITICAL - 2022-06-10 10:23:57 --> Object of class App\Models\BizModel could not be converted to string
#0 C:\xampp\htdocs\otfonline\backend\ci4\system\View\View.php(210): include()
#1 C:\xampp\htdocs\otfonline\backend\ci4\system\View\View.php(213): CodeIgniter\View\View->CodeIgniter\View\{closure}()
#2 C:\xampp\htdocs\otfonline\backend\ci4\system\Common.php(1089): CodeIgniter\View\View->render('superadmin/vend...', Array, true)
#3 C:\xampp\htdocs\otfonline\backend\ci4\app\Controllers\Web\Superadmin\BizController.php(56): view('superadmin/vend...', Array)
#4 C:\xampp\htdocs\otfonline\backend\ci4\system\CodeIgniter.php(838): App\Controllers\Web\Superadmin\BizController->index()
#5 C:\xampp\htdocs\otfonline\backend\ci4\system\CodeIgniter.php(425): CodeIgniter\CodeIgniter->runController(Object(App\Controllers\Web\Superadmin\BizController))
#6 C:\xampp\htdocs\otfonline\backend\ci4\system\CodeIgniter.php(332): CodeIgniter\CodeIgniter->handleRequest(NULL, Object(Config\Cache), false)
#7 C:\xampp\htdocs\otfonline\backend\ci4\public\index.php(37): CodeIgniter\CodeIgniter->run()
#8 C:\xampp\htdocs\otfonline\backend\ci4\system\Commands\Server\rewrite.php(43): require_once('C:\\xampp\\htdocs...')
#9 {main}
CRITICAL - 2022-06-10 10:24:49 --> Object of class App\Models\BizModel could not be converted to string
#0 C:\xampp\htdocs\otfonline\backend\ci4\system\View\View.php(210): include()
#1 C:\xampp\htdocs\otfonline\backend\ci4\system\View\View.php(213): CodeIgniter\View\View->CodeIgniter\View\{closure}()
#2 C:\xampp\htdocs\otfonline\backend\ci4\system\Common.php(1089): CodeIgniter\View\View->render('superadmin/vend...', Array, true)
#3 C:\xampp\htdocs\otfonline\backend\ci4\app\Controllers\Web\Superadmin\BizController.php(56): view('superadmin/vend...', Array)
#4 C:\xampp\htdocs\otfonline\backend\ci4\system\CodeIgniter.php(838): App\Controllers\Web\Superadmin\BizController->index()
#5 C:\xampp\htdocs\otfonline\backend\ci4\system\CodeIgniter.php(425): CodeIgniter\CodeIgniter->runController(Object(App\Controllers\Web\Superadmin\BizController))
#6 C:\xampp\htdocs\otfonline\backend\ci4\system\CodeIgniter.php(332): CodeIgniter\CodeIgniter->handleRequest(NULL, Object(Config\Cache), false)
#7 C:\xampp\htdocs\otfonline\backend\ci4\public\index.php(37): CodeIgniter\CodeIgniter->run()
#8 C:\xampp\htdocs\otfonline\backend\ci4\system\Commands\Server\rewrite.php(43): require_once('C:\\xampp\\htdocs...')
#9 {main}
CRITICAL - 2022-06-10 10:46:26 --> Object of class App\Models\BizModel could not be converted to string
#0 C:\xampp\htdocs\otfonline\backend\ci4\system\View\View.php(210): include()
#1 C:\xampp\htdocs\otfonline\backend\ci4\system\View\View.php(213): CodeIgniter\View\View->CodeIgniter\View\{closure}()
#2 C:\xampp\htdocs\otfonline\backend\ci4\system\Common.php(1089): CodeIgniter\View\View->render('superadmin/vend...', Array, true)
#3 C:\xampp\htdocs\otfonline\backend\ci4\app\Controllers\Web\Superadmin\BizController.php(56): view('superadmin/vend...', Array)
#4 C:\xampp\htdocs\otfonline\backend\ci4\system\CodeIgniter.php(838): App\Controllers\Web\Superadmin\BizController->index()
#5 C:\xampp\htdocs\otfonline\backend\ci4\system\CodeIgniter.php(425): CodeIgniter\CodeIgniter->runController(Object(App\Controllers\Web\Superadmin\BizController))
#6 C:\xampp\htdocs\otfonline\backend\ci4\system\CodeIgniter.php(332): CodeIgniter\CodeIgniter->handleRequest(NULL, Object(Config\Cache), false)
#7 C:\xampp\htdocs\otfonline\backend\ci4\public\index.php(37): CodeIgniter\CodeIgniter->run()
#8 C:\xampp\htdocs\otfonline\backend\ci4\system\Commands\Server\rewrite.php(43): require_once('C:\\xampp\\htdocs...')
#9 {main}
CRITICAL - 2022-06-10 10:50:34 --> syntax error, unexpected token "->"
#0 C:\xampp\htdocs\otfonline\backend\ci4\system\Autoloader\Autoloader.php(241): CodeIgniter\Autoloader\Autoloader->includeFile('C:\\xampp\\htdocs...')
#1 C:\xampp\htdocs\otfonline\backend\ci4\system\Autoloader\Autoloader.php(219): CodeIgniter\Autoloader\Autoloader->loadInNamespace('App\\Controllers...')
#2 [internal function]: CodeIgniter\Autoloader\Autoloader->loadClass('App\\Controllers...')
#3 C:\xampp\htdocs\otfonline\backend\ci4\system\CodeIgniter.php(803): class_exists('\\App\\Controller...', true)
#4 C:\xampp\htdocs\otfonline\backend\ci4\system\CodeIgniter.php(412): CodeIgniter\CodeIgniter->startController()
#5 C:\xampp\htdocs\otfonline\backend\ci4\system\CodeIgniter.php(332): CodeIgniter\CodeIgniter->handleRequest(NULL, Object(Config\Cache), false)
#6 C:\xampp\htdocs\otfonline\backend\ci4\public\index.php(37): CodeIgniter\CodeIgniter->run()
#7 C:\xampp\htdocs\otfonline\backend\ci4\system\Commands\Server\rewrite.php(43): require_once('C:\\xampp\\htdocs...')
#8 {main}
CRITICAL - 2022-06-10 10:51:24 --> Array to string conversion
#0 C:\xampp\htdocs\otfonline\backend\ci4\app\Views\superadmin\vendors.php(164): CodeIgniter\Debug\Exceptions->errorHandler(2, 'Array to string...', 'C:\\xampp\\htdocs...', 164)
#1 C:\xampp\htdocs\otfonline\backend\ci4\system\View\View.php(210): include('C:\\xampp\\htdocs...')
#2 C:\xampp\htdocs\otfonline\backend\ci4\system\View\View.php(213): CodeIgniter\View\View->CodeIgniter\View\{closure}()
#3 C:\xampp\htdocs\otfonline\backend\ci4\system\Common.php(1089): CodeIgniter\View\View->render('superadmin/vend...', Array, true)
#4 C:\xampp\htdocs\otfonline\backend\ci4\app\Controllers\Web\Superadmin\BizController.php(57): view('superadmin/vend...', Array)
#5 C:\xampp\htdocs\otfonline\backend\ci4\system\CodeIgniter.php(838): App\Controllers\Web\Superadmin\BizController->index()
#6 C:\xampp\htdocs\otfonline\backend\ci4\system\CodeIgniter.php(425): CodeIgniter\CodeIgniter->runController(Object(App\Controllers\Web\Superadmin\BizController))
#7 C:\xampp\htdocs\otfonline\backend\ci4\system\CodeIgniter.php(332): CodeIgniter\CodeIgniter->handleRequest(NULL, Object(Config\Cache), false)
#8 C:\xampp\htdocs\otfonline\backend\ci4\public\index.php(37): CodeIgniter\CodeIgniter->run()
#9 C:\xampp\htdocs\otfonline\backend\ci4\system\Commands\Server\rewrite.php(43): require_once('C:\\xampp\\htdocs...')
#10 {main}
