CRITICAL - 2022-06-18 00:55:46 --> syntax error, unexpected token "}"
#0 C:\xampp\htdocs\otfonline\backend\ci4\system\Autoloader\Autoloader.php(241): CodeIgniter\Autoloader\Autoloader->includeFile('C:\\xampp\\htdocs...')
#1 C:\xampp\htdocs\otfonline\backend\ci4\system\Autoloader\Autoloader.php(219): CodeIgniter\Autoloader\Autoloader->loadInNamespace('App\\Controllers...')
#2 [internal function]: CodeIgniter\Autoloader\Autoloader->loadClass('App\\Controllers...')
#3 C:\xampp\htdocs\otfonline\backend\ci4\system\CodeIgniter.php(803): class_exists('\\App\\Controller...', true)
#4 C:\xampp\htdocs\otfonline\backend\ci4\system\CodeIgniter.php(412): CodeIgniter\CodeIgniter->startController()
#5 C:\xampp\htdocs\otfonline\backend\ci4\system\CodeIgniter.php(332): CodeIgniter\CodeIgniter->handleRequest(NULL, Object(Config\Cache), false)
#6 C:\xampp\htdocs\otfonline\backend\ci4\public\index.php(37): CodeIgniter\CodeIgniter->run()
#7 C:\xampp\htdocs\otfonline\backend\ci4\system\Commands\Server\rewrite.php(43): require_once('C:\\xampp\\htdocs...')
#8 {main}
CRITICAL - 2022-06-18 00:56:12 --> Cannot redeclare App\Controllers\Web\Superadmin\BizController::menu()
#0 [internal function]: CodeIgniter\Debug\Exceptions->shutdownHandler()
#1 {main}
CRITICAL - 2022-06-18 00:57:26 --> Cannot redeclare App\Controllers\Web\Superadmin\BizController::menu()
#0 [internal function]: CodeIgniter\Debug\Exceptions->shutdownHandler()
#1 {main}
CRITICAL - 2022-06-18 02:51:10 --> preg_match(): Compilation failed: missing closing parenthesis at offset 33
#0 [internal function]: CodeIgniter\Debug\Exceptions->errorHandler(2, 'preg_match(): C...', 'C:\\xampp\\htdocs...', 1091)
#1 C:\xampp\htdocs\otfonline\backend\ci4\system\Router\RouteCollection.php(1091): preg_match('#^([a-zA-Z0-9_]...', 'oyinmons_bites')
#2 C:\xampp\htdocs\otfonline\backend\ci4\system\Router\RouteCollection.php(971): CodeIgniter\Router\RouteCollection->fillRouteParams('otfadmin/vendor...', Array)
#3 C:\xampp\htdocs\otfonline\backend\ci4\system\Common.php(882): CodeIgniter\Router\RouteCollection->reverseRoute('vendor', 'oyinmons_bites')
#4 C:\xampp\htdocs\otfonline\backend\ci4\app\Controllers\Web\Superadmin\BizController.php(164): route_to('vendor', 'oyinmons_bites')
#5 C:\xampp\htdocs\otfonline\backend\ci4\system\CodeIgniter.php(838): App\Controllers\Web\Superadmin\BizController->menus('oyinmons_bites')
#6 C:\xampp\htdocs\otfonline\backend\ci4\system\CodeIgniter.php(425): CodeIgniter\CodeIgniter->runController(Object(App\Controllers\Web\Superadmin\BizController))
#7 C:\xampp\htdocs\otfonline\backend\ci4\system\CodeIgniter.php(332): CodeIgniter\CodeIgniter->handleRequest(NULL, Object(Config\Cache), false)
#8 C:\xampp\htdocs\otfonline\backend\ci4\public\index.php(37): CodeIgniter\CodeIgniter->run()
#9 C:\xampp\htdocs\otfonline\backend\ci4\system\Commands\Server\rewrite.php(43): require_once('C:\\xampp\\htdocs...')
#10 {main}
CRITICAL - 2022-06-18 02:52:40 --> preg_match(): Compilation failed: missing closing parenthesis at offset 33
#0 [internal function]: CodeIgniter\Debug\Exceptions->errorHandler(2, 'preg_match(): C...', 'C:\\xampp\\htdocs...', 1091)
#1 C:\xampp\htdocs\otfonline\backend\ci4\system\Router\RouteCollection.php(1091): preg_match('#^([a-zA-Z0-9_]...', 'oyinmons_bites')
#2 C:\xampp\htdocs\otfonline\backend\ci4\system\Router\RouteCollection.php(971): CodeIgniter\Router\RouteCollection->fillRouteParams('otfadmin/vendor...', Array)
#3 C:\xampp\htdocs\otfonline\backend\ci4\system\Common.php(882): CodeIgniter\Router\RouteCollection->reverseRoute('vendor', 'oyinmons_bites')
#4 C:\xampp\htdocs\otfonline\backend\ci4\app\Controllers\Web\Superadmin\BizController.php(164): route_to('vendor', 'oyinmons_bites')
#5 C:\xampp\htdocs\otfonline\backend\ci4\system\CodeIgniter.php(838): App\Controllers\Web\Superadmin\BizController->menus('oyinmons_bites')
#6 C:\xampp\htdocs\otfonline\backend\ci4\system\CodeIgniter.php(425): CodeIgniter\CodeIgniter->runController(Object(App\Controllers\Web\Superadmin\BizController))
#7 C:\xampp\htdocs\otfonline\backend\ci4\system\CodeIgniter.php(332): CodeIgniter\CodeIgniter->handleRequest(NULL, Object(Config\Cache), false)
#8 C:\xampp\htdocs\otfonline\backend\ci4\public\index.php(37): CodeIgniter\CodeIgniter->run()
#9 C:\xampp\htdocs\otfonline\backend\ci4\system\Commands\Server\rewrite.php(43): require_once('C:\\xampp\\htdocs...')
#10 {main}
CRITICAL - 2022-06-18 02:54:05 --> Object of class App\Entities\BizEntity could not be converted to string
#0 C:\xampp\htdocs\otfonline\backend\ci4\system\CodeIgniter.php(838): App\Controllers\Web\Superadmin\BizController->menus('oyinmons_bites')
#1 C:\xampp\htdocs\otfonline\backend\ci4\system\CodeIgniter.php(425): CodeIgniter\CodeIgniter->runController(Object(App\Controllers\Web\Superadmin\BizController))
#2 C:\xampp\htdocs\otfonline\backend\ci4\system\CodeIgniter.php(332): CodeIgniter\CodeIgniter->handleRequest(NULL, Object(Config\Cache), false)
#3 C:\xampp\htdocs\otfonline\backend\ci4\public\index.php(37): CodeIgniter\CodeIgniter->run()
#4 C:\xampp\htdocs\otfonline\backend\ci4\system\Commands\Server\rewrite.php(43): require_once('C:\\xampp\\htdocs...')
#5 {main}
CRITICAL - 2022-06-18 02:54:46 --> Object of class App\Entities\BizEntity could not be converted to string
#0 C:\xampp\htdocs\otfonline\backend\ci4\system\CodeIgniter.php(838): App\Controllers\Web\Superadmin\BizController->menus('oyinmons_bites')
#1 C:\xampp\htdocs\otfonline\backend\ci4\system\CodeIgniter.php(425): CodeIgniter\CodeIgniter->runController(Object(App\Controllers\Web\Superadmin\BizController))
#2 C:\xampp\htdocs\otfonline\backend\ci4\system\CodeIgniter.php(332): CodeIgniter\CodeIgniter->handleRequest(NULL, Object(Config\Cache), false)
#3 C:\xampp\htdocs\otfonline\backend\ci4\public\index.php(37): CodeIgniter\CodeIgniter->run()
#4 C:\xampp\htdocs\otfonline\backend\ci4\system\Commands\Server\rewrite.php(43): require_once('C:\\xampp\\htdocs...')
#5 {main}
CRITICAL - 2022-06-18 02:56:04 --> preg_match(): Compilation failed: missing closing parenthesis at offset 33
#0 [internal function]: CodeIgniter\Debug\Exceptions->errorHandler(2, 'preg_match(): C...', 'C:\\xampp\\htdocs...', 1091)
#1 C:\xampp\htdocs\otfonline\backend\ci4\system\Router\RouteCollection.php(1091): preg_match('#^([a-zA-Z0-9_]...', 'oyinmons_bites')
#2 C:\xampp\htdocs\otfonline\backend\ci4\system\Router\RouteCollection.php(971): CodeIgniter\Router\RouteCollection->fillRouteParams('otfadmin/vendor...', Array)
#3 C:\xampp\htdocs\otfonline\backend\ci4\system\Common.php(882): CodeIgniter\Router\RouteCollection->reverseRoute('vendor', 'oyinmons_bites')
#4 C:\xampp\htdocs\otfonline\backend\ci4\app\Controllers\Web\Superadmin\BizController.php(164): route_to('vendor', 'oyinmons_bites')
#5 C:\xampp\htdocs\otfonline\backend\ci4\system\CodeIgniter.php(838): App\Controllers\Web\Superadmin\BizController->menus('oyinmons_bites')
#6 C:\xampp\htdocs\otfonline\backend\ci4\system\CodeIgniter.php(425): CodeIgniter\CodeIgniter->runController(Object(App\Controllers\Web\Superadmin\BizController))
#7 C:\xampp\htdocs\otfonline\backend\ci4\system\CodeIgniter.php(332): CodeIgniter\CodeIgniter->handleRequest(NULL, Object(Config\Cache), false)
#8 C:\xampp\htdocs\otfonline\backend\ci4\public\index.php(37): CodeIgniter\CodeIgniter->run()
#9 C:\xampp\htdocs\otfonline\backend\ci4\system\Commands\Server\rewrite.php(43): require_once('C:\\xampp\\htdocs...')
#10 {main}
CRITICAL - 2022-06-18 02:56:34 --> preg_match(): Compilation failed: missing closing parenthesis at offset 33
#0 [internal function]: CodeIgniter\Debug\Exceptions->errorHandler(2, 'preg_match(): C...', 'C:\\xampp\\htdocs...', 1091)
#1 C:\xampp\htdocs\otfonline\backend\ci4\system\Router\RouteCollection.php(1091): preg_match('#^([a-zA-Z0-9_]...', 'oyinmons_bites')
#2 C:\xampp\htdocs\otfonline\backend\ci4\system\Router\RouteCollection.php(971): CodeIgniter\Router\RouteCollection->fillRouteParams('otfadmin/vendor...', Array)
#3 C:\xampp\htdocs\otfonline\backend\ci4\system\Common.php(882): CodeIgniter\Router\RouteCollection->reverseRoute('vendor', 'oyinmons_bites')
#4 C:\xampp\htdocs\otfonline\backend\ci4\app\Controllers\Web\Superadmin\BizController.php(164): route_to('vendor', 'oyinmons_bites')
#5 C:\xampp\htdocs\otfonline\backend\ci4\system\CodeIgniter.php(838): App\Controllers\Web\Superadmin\BizController->menus('oyinmons_bites')
#6 C:\xampp\htdocs\otfonline\backend\ci4\system\CodeIgniter.php(425): CodeIgniter\CodeIgniter->runController(Object(App\Controllers\Web\Superadmin\BizController))
#7 C:\xampp\htdocs\otfonline\backend\ci4\system\CodeIgniter.php(332): CodeIgniter\CodeIgniter->handleRequest(NULL, Object(Config\Cache), false)
#8 C:\xampp\htdocs\otfonline\backend\ci4\public\index.php(37): CodeIgniter\CodeIgniter->run()
#9 C:\xampp\htdocs\otfonline\backend\ci4\system\Commands\Server\rewrite.php(43): require_once('C:\\xampp\\htdocs...')
#10 {main}
CRITICAL - 2022-06-18 02:57:00 --> preg_match(): Compilation failed: missing closing parenthesis at offset 33
#0 [internal function]: CodeIgniter\Debug\Exceptions->errorHandler(2, 'preg_match(): C...', 'C:\\xampp\\htdocs...', 1091)
#1 C:\xampp\htdocs\otfonline\backend\ci4\system\Router\RouteCollection.php(1091): preg_match('#^([a-zA-Z0-9_]...', 'oyinmons_bites')
#2 C:\xampp\htdocs\otfonline\backend\ci4\system\Router\RouteCollection.php(971): CodeIgniter\Router\RouteCollection->fillRouteParams('otfadmin/vendor...', Array)
#3 C:\xampp\htdocs\otfonline\backend\ci4\system\Common.php(882): CodeIgniter\Router\RouteCollection->reverseRoute('vendor', 'oyinmons_bites')
#4 C:\xampp\htdocs\otfonline\backend\ci4\app\Views\superadmin\vendors_details_menu.php(196): route_to('vendor', 'oyinmons_bites')
#5 C:\xampp\htdocs\otfonline\backend\ci4\system\View\View.php(210): include('C:\\xampp\\htdocs...')
#6 C:\xampp\htdocs\otfonline\backend\ci4\system\View\View.php(213): CodeIgniter\View\View->CodeIgniter\View\{closure}()
#7 C:\xampp\htdocs\otfonline\backend\ci4\system\View\View.php(424): CodeIgniter\View\View->render('superadmin/vend...', NULL, true)
#8 C:\xampp\htdocs\otfonline\backend\ci4\app\Views\superadmin\vendors_overview.php(8): CodeIgniter\View\View->include('superadmin/vend...')
#9 C:\xampp\htdocs\otfonline\backend\ci4\system\View\View.php(210): include('C:\\xampp\\htdocs...')
#10 C:\xampp\htdocs\otfonline\backend\ci4\system\View\View.php(213): CodeIgniter\View\View->CodeIgniter\View\{closure}()
#11 C:\xampp\htdocs\otfonline\backend\ci4\system\Common.php(1089): CodeIgniter\View\View->render('superadmin/vend...', Array, true)
#12 C:\xampp\htdocs\otfonline\backend\ci4\app\Controllers\Web\Superadmin\BizController.php(150): view('superadmin/vend...', Array)
#13 C:\xampp\htdocs\otfonline\backend\ci4\system\CodeIgniter.php(838): App\Controllers\Web\Superadmin\BizController->overview('oyinmons_bites')
#14 C:\xampp\htdocs\otfonline\backend\ci4\system\CodeIgniter.php(425): CodeIgniter\CodeIgniter->runController(Object(App\Controllers\Web\Superadmin\BizController))
#15 C:\xampp\htdocs\otfonline\backend\ci4\system\CodeIgniter.php(332): CodeIgniter\CodeIgniter->handleRequest(NULL, Object(Config\Cache), false)
#16 C:\xampp\htdocs\otfonline\backend\ci4\public\index.php(37): CodeIgniter\CodeIgniter->run()
#17 C:\xampp\htdocs\otfonline\backend\ci4\system\Commands\Server\rewrite.php(43): require_once('C:\\xampp\\htdocs...')
#18 {main}
CRITICAL - 2022-06-18 02:58:42 --> preg_match(): Compilation failed: missing closing parenthesis at offset 33
#0 [internal function]: CodeIgniter\Debug\Exceptions->errorHandler(2, 'preg_match(): C...', 'C:\\xampp\\htdocs...', 1091)
#1 C:\xampp\htdocs\otfonline\backend\ci4\system\Router\RouteCollection.php(1091): preg_match('#^([a-zA-Z0-9_]...', 'oyinmons_bites')
#2 C:\xampp\htdocs\otfonline\backend\ci4\system\Router\RouteCollection.php(971): CodeIgniter\Router\RouteCollection->fillRouteParams('otfadmin/vendor...', Array)
#3 C:\xampp\htdocs\otfonline\backend\ci4\system\Common.php(882): CodeIgniter\Router\RouteCollection->reverseRoute('vendor', 'oyinmons_bites')
#4 C:\xampp\htdocs\otfonline\backend\ci4\app\Views\superadmin\vendors_details_menu.php(196): route_to('vendor', 'oyinmons_bites')
#5 C:\xampp\htdocs\otfonline\backend\ci4\system\View\View.php(210): include('C:\\xampp\\htdocs...')
#6 C:\xampp\htdocs\otfonline\backend\ci4\system\View\View.php(213): CodeIgniter\View\View->CodeIgniter\View\{closure}()
#7 C:\xampp\htdocs\otfonline\backend\ci4\system\View\View.php(424): CodeIgniter\View\View->render('superadmin/vend...', NULL, true)
#8 C:\xampp\htdocs\otfonline\backend\ci4\app\Views\superadmin\vendors_overview.php(8): CodeIgniter\View\View->include('superadmin/vend...')
#9 C:\xampp\htdocs\otfonline\backend\ci4\system\View\View.php(210): include('C:\\xampp\\htdocs...')
#10 C:\xampp\htdocs\otfonline\backend\ci4\system\View\View.php(213): CodeIgniter\View\View->CodeIgniter\View\{closure}()
#11 C:\xampp\htdocs\otfonline\backend\ci4\system\Common.php(1089): CodeIgniter\View\View->render('superadmin/vend...', Array, true)
#12 C:\xampp\htdocs\otfonline\backend\ci4\app\Controllers\Web\Superadmin\BizController.php(150): view('superadmin/vend...', Array)
#13 C:\xampp\htdocs\otfonline\backend\ci4\system\CodeIgniter.php(838): App\Controllers\Web\Superadmin\BizController->overview('oyinmons_bites')
#14 C:\xampp\htdocs\otfonline\backend\ci4\system\CodeIgniter.php(425): CodeIgniter\CodeIgniter->runController(Object(App\Controllers\Web\Superadmin\BizController))
#15 C:\xampp\htdocs\otfonline\backend\ci4\system\CodeIgniter.php(332): CodeIgniter\CodeIgniter->handleRequest(NULL, Object(Config\Cache), false)
#16 C:\xampp\htdocs\otfonline\backend\ci4\public\index.php(37): CodeIgniter\CodeIgniter->run()
#17 C:\xampp\htdocs\otfonline\backend\ci4\system\Commands\Server\rewrite.php(43): require_once('C:\\xampp\\htdocs...')
#18 {main}
CRITICAL - 2022-06-18 02:59:08 --> preg_match(): Compilation failed: missing closing parenthesis at offset 33
#0 [internal function]: CodeIgniter\Debug\Exceptions->errorHandler(2, 'preg_match(): C...', 'C:\\xampp\\htdocs...', 1091)
#1 C:\xampp\htdocs\otfonline\backend\ci4\system\Router\RouteCollection.php(1091): preg_match('#^([a-zA-Z0-9_]...', 'oyinmons_bites')
#2 C:\xampp\htdocs\otfonline\backend\ci4\system\Router\RouteCollection.php(971): CodeIgniter\Router\RouteCollection->fillRouteParams('otfadmin/vendor...', Array)
#3 C:\xampp\htdocs\otfonline\backend\ci4\system\Common.php(882): CodeIgniter\Router\RouteCollection->reverseRoute('vendor', 'oyinmons_bites')
#4 C:\xampp\htdocs\otfonline\backend\ci4\app\Views\superadmin\vendors_details_menu.php(196): route_to('vendor', 'oyinmons_bites')
#5 C:\xampp\htdocs\otfonline\backend\ci4\system\View\View.php(210): include('C:\\xampp\\htdocs...')
#6 C:\xampp\htdocs\otfonline\backend\ci4\system\View\View.php(213): CodeIgniter\View\View->CodeIgniter\View\{closure}()
#7 C:\xampp\htdocs\otfonline\backend\ci4\system\View\View.php(424): CodeIgniter\View\View->render('superadmin/vend...', NULL, true)
#8 C:\xampp\htdocs\otfonline\backend\ci4\app\Views\superadmin\vendors_overview.php(8): CodeIgniter\View\View->include('superadmin/vend...')
#9 C:\xampp\htdocs\otfonline\backend\ci4\system\View\View.php(210): include('C:\\xampp\\htdocs...')
#10 C:\xampp\htdocs\otfonline\backend\ci4\system\View\View.php(213): CodeIgniter\View\View->CodeIgniter\View\{closure}()
#11 C:\xampp\htdocs\otfonline\backend\ci4\system\Common.php(1089): CodeIgniter\View\View->render('superadmin/vend...', Array, true)
#12 C:\xampp\htdocs\otfonline\backend\ci4\app\Controllers\Web\Superadmin\BizController.php(150): view('superadmin/vend...', Array)
#13 C:\xampp\htdocs\otfonline\backend\ci4\system\CodeIgniter.php(838): App\Controllers\Web\Superadmin\BizController->overview('oyinmons_bites')
#14 C:\xampp\htdocs\otfonline\backend\ci4\system\CodeIgniter.php(425): CodeIgniter\CodeIgniter->runController(Object(App\Controllers\Web\Superadmin\BizController))
#15 C:\xampp\htdocs\otfonline\backend\ci4\system\CodeIgniter.php(332): CodeIgniter\CodeIgniter->handleRequest(NULL, Object(Config\Cache), false)
#16 C:\xampp\htdocs\otfonline\backend\ci4\public\index.php(37): CodeIgniter\CodeIgniter->run()
#17 C:\xampp\htdocs\otfonline\backend\ci4\system\Commands\Server\rewrite.php(43): require_once('C:\\xampp\\htdocs...')
#18 {main}
CRITICAL - 2022-06-18 05:48:40 --> Call to a member function getResultArray() on array
#0 C:\xampp\htdocs\otfonline\backend\ci4\system\CodeIgniter.php(838): App\Controllers\Api\BizController->checkBizType()
#1 C:\xampp\htdocs\otfonline\backend\ci4\system\CodeIgniter.php(425): CodeIgniter\CodeIgniter->runController(Object(App\Controllers\Api\BizController))
#2 C:\xampp\htdocs\otfonline\backend\ci4\system\CodeIgniter.php(332): CodeIgniter\CodeIgniter->handleRequest(NULL, Object(Config\Cache), false)
#3 C:\xampp\htdocs\otfonline\backend\ci4\public\index.php(37): CodeIgniter\CodeIgniter->run()
#4 C:\xampp\htdocs\otfonline\backend\ci4\system\Commands\Server\rewrite.php(43): require_once('C:\\xampp\\htdocs...')
#5 {main}
CRITICAL - 2022-06-18 05:48:51 --> Call to undefined method App\Models\BizModel::getResultArray
#0 C:\xampp\htdocs\otfonline\backend\ci4\app\Controllers\Api\BizController.php(239): CodeIgniter\Model->__call('getResultArray', Array)
#1 C:\xampp\htdocs\otfonline\backend\ci4\system\CodeIgniter.php(838): App\Controllers\Api\BizController->checkBizType()
#2 C:\xampp\htdocs\otfonline\backend\ci4\system\CodeIgniter.php(425): CodeIgniter\CodeIgniter->runController(Object(App\Controllers\Api\BizController))
#3 C:\xampp\htdocs\otfonline\backend\ci4\system\CodeIgniter.php(332): CodeIgniter\CodeIgniter->handleRequest(NULL, Object(Config\Cache), false)
#4 C:\xampp\htdocs\otfonline\backend\ci4\public\index.php(37): CodeIgniter\CodeIgniter->run()
#5 C:\xampp\htdocs\otfonline\backend\ci4\system\Commands\Server\rewrite.php(43): require_once('C:\\xampp\\htdocs...')
#6 {main}
