CRITICAL - 2022-05-05 09:22:15 --> The action you requested is not allowed.
#0 C:\xampp\htdocs\otfonline\backend\ci4\system\HTTP\ResponseTrait.php(709): CodeIgniter\Security\Exceptions\SecurityException::forDisallowedAction()
#1 C:\xampp\htdocs\otfonline\backend\ci4\system\HTTP\ResponseTrait.php(699): CodeIgniter\HTTP\Response->dispatchCookies()
#2 C:\xampp\htdocs\otfonline\backend\ci4\system\HTTP\ResponseTrait.php(443): CodeIgniter\HTTP\Response->sendCookies()
#3 C:\xampp\htdocs\otfonline\backend\ci4\system\CodeIgniter.php(1004): CodeIgniter\HTTP\Response->send()
#4 C:\xampp\htdocs\otfonline\backend\ci4\system\CodeIgniter.php(464): CodeIgniter\CodeIgniter->sendResponse()
#5 C:\xampp\htdocs\otfonline\backend\ci4\system\CodeIgniter.php(332): CodeIgniter\CodeIgniter->handleRequest(NULL, Object(Config\Cache), false)
#6 C:\xampp\htdocs\otfonline\backend\ci4\public\index.php(37): CodeIgniter\CodeIgniter->run()
#7 C:\xampp\htdocs\otfonline\backend\ci4\system\Commands\Server\rewrite.php(43): require_once('C:\\xampp\\htdocs...')
#8 {main}
CRITICAL - 2022-05-05 09:23:10 --> The action you requested is not allowed.
#0 C:\xampp\htdocs\otfonline\backend\ci4\system\HTTP\ResponseTrait.php(709): CodeIgniter\Security\Exceptions\SecurityException::forDisallowedAction()
#1 C:\xampp\htdocs\otfonline\backend\ci4\system\HTTP\ResponseTrait.php(699): CodeIgniter\HTTP\Response->dispatchCookies()
#2 C:\xampp\htdocs\otfonline\backend\ci4\system\HTTP\ResponseTrait.php(443): CodeIgniter\HTTP\Response->sendCookies()
#3 C:\xampp\htdocs\otfonline\backend\ci4\system\CodeIgniter.php(1004): CodeIgniter\HTTP\Response->send()
#4 C:\xampp\htdocs\otfonline\backend\ci4\system\CodeIgniter.php(464): CodeIgniter\CodeIgniter->sendResponse()
#5 C:\xampp\htdocs\otfonline\backend\ci4\system\CodeIgniter.php(332): CodeIgniter\CodeIgniter->handleRequest(NULL, Object(Config\Cache), false)
#6 C:\xampp\htdocs\otfonline\backend\ci4\public\index.php(37): CodeIgniter\CodeIgniter->run()
#7 C:\xampp\htdocs\otfonline\backend\ci4\system\Commands\Server\rewrite.php(43): require_once('C:\\xampp\\htdocs...')
#8 {main}
CRITICAL - 2022-05-05 09:35:52 --> The action you requested is not allowed.
#0 C:\xampp\htdocs\otfonline\backend\ci4\system\HTTP\ResponseTrait.php(709): CodeIgniter\Security\Exceptions\SecurityException::forDisallowedAction()
#1 C:\xampp\htdocs\otfonline\backend\ci4\system\HTTP\ResponseTrait.php(699): CodeIgniter\HTTP\Response->dispatchCookies()
#2 C:\xampp\htdocs\otfonline\backend\ci4\system\HTTP\ResponseTrait.php(443): CodeIgniter\HTTP\Response->sendCookies()
#3 C:\xampp\htdocs\otfonline\backend\ci4\system\CodeIgniter.php(1004): CodeIgniter\HTTP\Response->send()
#4 C:\xampp\htdocs\otfonline\backend\ci4\system\CodeIgniter.php(464): CodeIgniter\CodeIgniter->sendResponse()
#5 C:\xampp\htdocs\otfonline\backend\ci4\system\CodeIgniter.php(332): CodeIgniter\CodeIgniter->handleRequest(NULL, Object(Config\Cache), false)
#6 C:\xampp\htdocs\otfonline\backend\ci4\public\index.php(37): CodeIgniter\CodeIgniter->run()
#7 C:\xampp\htdocs\otfonline\backend\ci4\system\Commands\Server\rewrite.php(43): require_once('C:\\xampp\\htdocs...')
#8 {main}
CRITICAL - 2022-05-05 09:35:59 --> The action you requested is not allowed.
#0 C:\xampp\htdocs\otfonline\backend\ci4\system\HTTP\ResponseTrait.php(709): CodeIgniter\Security\Exceptions\SecurityException::forDisallowedAction()
#1 C:\xampp\htdocs\otfonline\backend\ci4\system\HTTP\ResponseTrait.php(699): CodeIgniter\HTTP\Response->dispatchCookies()
#2 C:\xampp\htdocs\otfonline\backend\ci4\system\HTTP\ResponseTrait.php(443): CodeIgniter\HTTP\Response->sendCookies()
#3 C:\xampp\htdocs\otfonline\backend\ci4\system\CodeIgniter.php(1004): CodeIgniter\HTTP\Response->send()
#4 C:\xampp\htdocs\otfonline\backend\ci4\system\CodeIgniter.php(464): CodeIgniter\CodeIgniter->sendResponse()
#5 C:\xampp\htdocs\otfonline\backend\ci4\system\CodeIgniter.php(332): CodeIgniter\CodeIgniter->handleRequest(NULL, Object(Config\Cache), false)
#6 C:\xampp\htdocs\otfonline\backend\ci4\public\index.php(37): CodeIgniter\CodeIgniter->run()
#7 C:\xampp\htdocs\otfonline\backend\ci4\system\Commands\Server\rewrite.php(43): require_once('C:\\xampp\\htdocs...')
#8 {main}
CRITICAL - 2022-05-05 09:37:12 --> The action you requested is not allowed.
#0 C:\xampp\htdocs\otfonline\backend\ci4\system\HTTP\ResponseTrait.php(709): CodeIgniter\Security\Exceptions\SecurityException::forDisallowedAction()
#1 C:\xampp\htdocs\otfonline\backend\ci4\system\HTTP\ResponseTrait.php(699): CodeIgniter\HTTP\Response->dispatchCookies()
#2 C:\xampp\htdocs\otfonline\backend\ci4\system\HTTP\ResponseTrait.php(443): CodeIgniter\HTTP\Response->sendCookies()
#3 C:\xampp\htdocs\otfonline\backend\ci4\system\CodeIgniter.php(1004): CodeIgniter\HTTP\Response->send()
#4 C:\xampp\htdocs\otfonline\backend\ci4\system\CodeIgniter.php(464): CodeIgniter\CodeIgniter->sendResponse()
#5 C:\xampp\htdocs\otfonline\backend\ci4\system\CodeIgniter.php(332): CodeIgniter\CodeIgniter->handleRequest(NULL, Object(Config\Cache), false)
#6 C:\xampp\htdocs\otfonline\backend\ci4\public\index.php(37): CodeIgniter\CodeIgniter->run()
#7 C:\xampp\htdocs\otfonline\backend\ci4\system\Commands\Server\rewrite.php(43): require_once('C:\\xampp\\htdocs...')
#8 {main}
CRITICAL - 2022-05-05 09:40:31 --> The action you requested is not allowed.
#0 C:\xampp\htdocs\otfonline\backend\ci4\system\HTTP\ResponseTrait.php(709): CodeIgniter\Security\Exceptions\SecurityException::forDisallowedAction()
#1 C:\xampp\htdocs\otfonline\backend\ci4\system\HTTP\ResponseTrait.php(699): CodeIgniter\HTTP\Response->dispatchCookies()
#2 C:\xampp\htdocs\otfonline\backend\ci4\system\HTTP\ResponseTrait.php(443): CodeIgniter\HTTP\Response->sendCookies()
#3 C:\xampp\htdocs\otfonline\backend\ci4\system\CodeIgniter.php(1004): CodeIgniter\HTTP\Response->send()
#4 C:\xampp\htdocs\otfonline\backend\ci4\system\CodeIgniter.php(464): CodeIgniter\CodeIgniter->sendResponse()
#5 C:\xampp\htdocs\otfonline\backend\ci4\system\CodeIgniter.php(332): CodeIgniter\CodeIgniter->handleRequest(NULL, Object(Config\Cache), false)
#6 C:\xampp\htdocs\otfonline\backend\ci4\public\index.php(37): CodeIgniter\CodeIgniter->run()
#7 C:\xampp\htdocs\otfonline\backend\ci4\system\Commands\Server\rewrite.php(43): require_once('C:\\xampp\\htdocs...')
#8 {main}
CRITICAL - 2022-05-05 09:42:20 --> The action you requested is not allowed.
#0 C:\xampp\htdocs\otfonline\backend\ci4\system\HTTP\ResponseTrait.php(709): CodeIgniter\Security\Exceptions\SecurityException::forDisallowedAction()
#1 C:\xampp\htdocs\otfonline\backend\ci4\system\HTTP\ResponseTrait.php(699): CodeIgniter\HTTP\Response->dispatchCookies()
#2 C:\xampp\htdocs\otfonline\backend\ci4\system\HTTP\ResponseTrait.php(443): CodeIgniter\HTTP\Response->sendCookies()
#3 C:\xampp\htdocs\otfonline\backend\ci4\system\CodeIgniter.php(1004): CodeIgniter\HTTP\Response->send()
#4 C:\xampp\htdocs\otfonline\backend\ci4\system\CodeIgniter.php(464): CodeIgniter\CodeIgniter->sendResponse()
#5 C:\xampp\htdocs\otfonline\backend\ci4\system\CodeIgniter.php(332): CodeIgniter\CodeIgniter->handleRequest(NULL, Object(Config\Cache), false)
#6 C:\xampp\htdocs\otfonline\backend\ci4\public\index.php(37): CodeIgniter\CodeIgniter->run()
#7 C:\xampp\htdocs\otfonline\backend\ci4\system\Commands\Server\rewrite.php(43): require_once('C:\\xampp\\htdocs...')
#8 {main}
CRITICAL - 2022-05-05 09:45:03 --> The action you requested is not allowed.
#0 C:\xampp\htdocs\otfonline\backend\ci4\system\HTTP\ResponseTrait.php(709): CodeIgniter\Security\Exceptions\SecurityException::forDisallowedAction()
#1 C:\xampp\htdocs\otfonline\backend\ci4\system\HTTP\ResponseTrait.php(699): CodeIgniter\HTTP\Response->dispatchCookies()
#2 C:\xampp\htdocs\otfonline\backend\ci4\system\HTTP\ResponseTrait.php(443): CodeIgniter\HTTP\Response->sendCookies()
#3 C:\xampp\htdocs\otfonline\backend\ci4\system\CodeIgniter.php(1004): CodeIgniter\HTTP\Response->send()
#4 C:\xampp\htdocs\otfonline\backend\ci4\system\CodeIgniter.php(464): CodeIgniter\CodeIgniter->sendResponse()
#5 C:\xampp\htdocs\otfonline\backend\ci4\system\CodeIgniter.php(332): CodeIgniter\CodeIgniter->handleRequest(NULL, Object(Config\Cache), false)
#6 C:\xampp\htdocs\otfonline\backend\ci4\public\index.php(37): CodeIgniter\CodeIgniter->run()
#7 C:\xampp\htdocs\otfonline\backend\ci4\system\Commands\Server\rewrite.php(43): require_once('C:\\xampp\\htdocs...')
#8 {main}
CRITICAL - 2022-05-05 09:50:06 --> The action you requested is not allowed.
#0 C:\xampp\htdocs\otfonline\backend\ci4\system\HTTP\ResponseTrait.php(709): CodeIgniter\Security\Exceptions\SecurityException::forDisallowedAction()
#1 C:\xampp\htdocs\otfonline\backend\ci4\system\HTTP\ResponseTrait.php(699): CodeIgniter\HTTP\Response->dispatchCookies()
#2 C:\xampp\htdocs\otfonline\backend\ci4\system\HTTP\ResponseTrait.php(443): CodeIgniter\HTTP\Response->sendCookies()
#3 C:\xampp\htdocs\otfonline\backend\ci4\system\CodeIgniter.php(1004): CodeIgniter\HTTP\Response->send()
#4 C:\xampp\htdocs\otfonline\backend\ci4\system\CodeIgniter.php(464): CodeIgniter\CodeIgniter->sendResponse()
#5 C:\xampp\htdocs\otfonline\backend\ci4\system\CodeIgniter.php(332): CodeIgniter\CodeIgniter->handleRequest(NULL, Object(Config\Cache), false)
#6 C:\xampp\htdocs\otfonline\backend\ci4\public\index.php(37): CodeIgniter\CodeIgniter->run()
#7 C:\xampp\htdocs\otfonline\backend\ci4\system\Commands\Server\rewrite.php(43): require_once('C:\\xampp\\htdocs...')
#8 {main}
CRITICAL - 2022-05-05 09:50:11 --> The action you requested is not allowed.
#0 C:\xampp\htdocs\otfonline\backend\ci4\system\HTTP\ResponseTrait.php(709): CodeIgniter\Security\Exceptions\SecurityException::forDisallowedAction()
#1 C:\xampp\htdocs\otfonline\backend\ci4\system\HTTP\ResponseTrait.php(699): CodeIgniter\HTTP\Response->dispatchCookies()
#2 C:\xampp\htdocs\otfonline\backend\ci4\system\HTTP\ResponseTrait.php(443): CodeIgniter\HTTP\Response->sendCookies()
#3 C:\xampp\htdocs\otfonline\backend\ci4\system\CodeIgniter.php(1004): CodeIgniter\HTTP\Response->send()
#4 C:\xampp\htdocs\otfonline\backend\ci4\system\CodeIgniter.php(464): CodeIgniter\CodeIgniter->sendResponse()
#5 C:\xampp\htdocs\otfonline\backend\ci4\system\CodeIgniter.php(332): CodeIgniter\CodeIgniter->handleRequest(NULL, Object(Config\Cache), false)
#6 C:\xampp\htdocs\otfonline\backend\ci4\public\index.php(37): CodeIgniter\CodeIgniter->run()
#7 C:\xampp\htdocs\otfonline\backend\ci4\system\Commands\Server\rewrite.php(43): require_once('C:\\xampp\\htdocs...')
#8 {main}
CRITICAL - 2022-05-05 09:50:36 --> The action you requested is not allowed.
#0 C:\xampp\htdocs\otfonline\backend\ci4\system\HTTP\ResponseTrait.php(709): CodeIgniter\Security\Exceptions\SecurityException::forDisallowedAction()
#1 C:\xampp\htdocs\otfonline\backend\ci4\system\HTTP\ResponseTrait.php(699): CodeIgniter\HTTP\Response->dispatchCookies()
#2 C:\xampp\htdocs\otfonline\backend\ci4\system\HTTP\ResponseTrait.php(443): CodeIgniter\HTTP\Response->sendCookies()
#3 C:\xampp\htdocs\otfonline\backend\ci4\system\CodeIgniter.php(1004): CodeIgniter\HTTP\Response->send()
#4 C:\xampp\htdocs\otfonline\backend\ci4\system\CodeIgniter.php(464): CodeIgniter\CodeIgniter->sendResponse()
#5 C:\xampp\htdocs\otfonline\backend\ci4\system\CodeIgniter.php(332): CodeIgniter\CodeIgniter->handleRequest(NULL, Object(Config\Cache), false)
#6 C:\xampp\htdocs\otfonline\backend\ci4\public\index.php(37): CodeIgniter\CodeIgniter->run()
#7 C:\xampp\htdocs\otfonline\backend\ci4\system\Commands\Server\rewrite.php(43): require_once('C:\\xampp\\htdocs...')
#8 {main}
CRITICAL - 2022-05-05 09:51:33 --> The action you requested is not allowed.
#0 C:\xampp\htdocs\otfonline\backend\ci4\system\HTTP\ResponseTrait.php(709): CodeIgniter\Security\Exceptions\SecurityException::forDisallowedAction()
#1 C:\xampp\htdocs\otfonline\backend\ci4\system\HTTP\ResponseTrait.php(699): CodeIgniter\HTTP\Response->dispatchCookies()
#2 C:\xampp\htdocs\otfonline\backend\ci4\system\HTTP\ResponseTrait.php(443): CodeIgniter\HTTP\Response->sendCookies()
#3 C:\xampp\htdocs\otfonline\backend\ci4\system\CodeIgniter.php(1004): CodeIgniter\HTTP\Response->send()
#4 C:\xampp\htdocs\otfonline\backend\ci4\system\CodeIgniter.php(464): CodeIgniter\CodeIgniter->sendResponse()
#5 C:\xampp\htdocs\otfonline\backend\ci4\system\CodeIgniter.php(332): CodeIgniter\CodeIgniter->handleRequest(NULL, Object(Config\Cache), false)
#6 C:\xampp\htdocs\otfonline\backend\ci4\public\index.php(37): CodeIgniter\CodeIgniter->run()
#7 C:\xampp\htdocs\otfonline\backend\ci4\system\Commands\Server\rewrite.php(43): require_once('C:\\xampp\\htdocs...')
#8 {main}
CRITICAL - 2022-05-05 09:53:13 --> The action you requested is not allowed.
#0 C:\xampp\htdocs\otfonline\backend\ci4\system\HTTP\ResponseTrait.php(709): CodeIgniter\Security\Exceptions\SecurityException::forDisallowedAction()
#1 C:\xampp\htdocs\otfonline\backend\ci4\system\HTTP\ResponseTrait.php(699): CodeIgniter\HTTP\Response->dispatchCookies()
#2 C:\xampp\htdocs\otfonline\backend\ci4\system\HTTP\ResponseTrait.php(443): CodeIgniter\HTTP\Response->sendCookies()
#3 C:\xampp\htdocs\otfonline\backend\ci4\system\CodeIgniter.php(1004): CodeIgniter\HTTP\Response->send()
#4 C:\xampp\htdocs\otfonline\backend\ci4\system\CodeIgniter.php(464): CodeIgniter\CodeIgniter->sendResponse()
#5 C:\xampp\htdocs\otfonline\backend\ci4\system\CodeIgniter.php(332): CodeIgniter\CodeIgniter->handleRequest(NULL, Object(Config\Cache), false)
#6 C:\xampp\htdocs\otfonline\backend\ci4\public\index.php(37): CodeIgniter\CodeIgniter->run()
#7 C:\xampp\htdocs\otfonline\backend\ci4\system\Commands\Server\rewrite.php(43): require_once('C:\\xampp\\htdocs...')
#8 {main}
CRITICAL - 2022-05-05 09:53:30 --> syntax error, unexpected token ";"
#0 C:\xampp\htdocs\otfonline\backend\ci4\system\View\View.php(213): CodeIgniter\View\View->CodeIgniter\View\{closure}()
#1 C:\xampp\htdocs\otfonline\backend\ci4\system\Common.php(1089): CodeIgniter\View\View->render('main/signup_use...', Array, true)
#2 C:\xampp\htdocs\otfonline\backend\ci4\app\Controllers\Web\AuthenticationController.php(30): view('main/signup_use...', Array)
#3 C:\xampp\htdocs\otfonline\backend\ci4\system\CodeIgniter.php(838): App\Controllers\Web\AuthenticationController->signup()
#4 C:\xampp\htdocs\otfonline\backend\ci4\system\CodeIgniter.php(425): CodeIgniter\CodeIgniter->runController(Object(App\Controllers\Web\AuthenticationController))
#5 C:\xampp\htdocs\otfonline\backend\ci4\system\CodeIgniter.php(332): CodeIgniter\CodeIgniter->handleRequest(NULL, Object(Config\Cache), false)
#6 C:\xampp\htdocs\otfonline\backend\ci4\public\index.php(37): CodeIgniter\CodeIgniter->run()
#7 C:\xampp\htdocs\otfonline\backend\ci4\system\Commands\Server\rewrite.php(43): require_once('C:\\xampp\\htdocs...')
#8 {main}
CRITICAL - 2022-05-05 10:02:20 --> The action you requested is not allowed.
#0 C:\xampp\htdocs\otfonline\backend\ci4\system\HTTP\ResponseTrait.php(709): CodeIgniter\Security\Exceptions\SecurityException::forDisallowedAction()
#1 C:\xampp\htdocs\otfonline\backend\ci4\system\HTTP\ResponseTrait.php(699): CodeIgniter\HTTP\Response->dispatchCookies()
#2 C:\xampp\htdocs\otfonline\backend\ci4\system\HTTP\ResponseTrait.php(443): CodeIgniter\HTTP\Response->sendCookies()
#3 C:\xampp\htdocs\otfonline\backend\ci4\system\CodeIgniter.php(1004): CodeIgniter\HTTP\Response->send()
#4 C:\xampp\htdocs\otfonline\backend\ci4\system\CodeIgniter.php(464): CodeIgniter\CodeIgniter->sendResponse()
#5 C:\xampp\htdocs\otfonline\backend\ci4\system\CodeIgniter.php(332): CodeIgniter\CodeIgniter->handleRequest(NULL, Object(Config\Cache), false)
#6 C:\xampp\htdocs\otfonline\backend\ci4\public\index.php(37): CodeIgniter\CodeIgniter->run()
#7 C:\xampp\htdocs\otfonline\backend\ci4\system\Commands\Server\rewrite.php(43): require_once('C:\\xampp\\htdocs...')
#8 {main}
CRITICAL - 2022-05-05 10:03:01 --> The action you requested is not allowed.
#0 C:\xampp\htdocs\otfonline\backend\ci4\system\HTTP\ResponseTrait.php(709): CodeIgniter\Security\Exceptions\SecurityException::forDisallowedAction()
#1 C:\xampp\htdocs\otfonline\backend\ci4\system\HTTP\ResponseTrait.php(699): CodeIgniter\HTTP\Response->dispatchCookies()
#2 C:\xampp\htdocs\otfonline\backend\ci4\system\HTTP\ResponseTrait.php(443): CodeIgniter\HTTP\Response->sendCookies()
#3 C:\xampp\htdocs\otfonline\backend\ci4\system\CodeIgniter.php(1004): CodeIgniter\HTTP\Response->send()
#4 C:\xampp\htdocs\otfonline\backend\ci4\system\CodeIgniter.php(464): CodeIgniter\CodeIgniter->sendResponse()
#5 C:\xampp\htdocs\otfonline\backend\ci4\system\CodeIgniter.php(332): CodeIgniter\CodeIgniter->handleRequest(NULL, Object(Config\Cache), false)
#6 C:\xampp\htdocs\otfonline\backend\ci4\public\index.php(37): CodeIgniter\CodeIgniter->run()
#7 C:\xampp\htdocs\otfonline\backend\ci4\system\Commands\Server\rewrite.php(43): require_once('C:\\xampp\\htdocs...')
#8 {main}
CRITICAL - 2022-05-05 10:03:06 --> The action you requested is not allowed.
#0 C:\xampp\htdocs\otfonline\backend\ci4\system\HTTP\ResponseTrait.php(709): CodeIgniter\Security\Exceptions\SecurityException::forDisallowedAction()
#1 C:\xampp\htdocs\otfonline\backend\ci4\system\HTTP\ResponseTrait.php(699): CodeIgniter\HTTP\Response->dispatchCookies()
#2 C:\xampp\htdocs\otfonline\backend\ci4\system\HTTP\ResponseTrait.php(443): CodeIgniter\HTTP\Response->sendCookies()
#3 C:\xampp\htdocs\otfonline\backend\ci4\system\CodeIgniter.php(1004): CodeIgniter\HTTP\Response->send()
#4 C:\xampp\htdocs\otfonline\backend\ci4\system\CodeIgniter.php(464): CodeIgniter\CodeIgniter->sendResponse()
#5 C:\xampp\htdocs\otfonline\backend\ci4\system\CodeIgniter.php(332): CodeIgniter\CodeIgniter->handleRequest(NULL, Object(Config\Cache), false)
#6 C:\xampp\htdocs\otfonline\backend\ci4\public\index.php(37): CodeIgniter\CodeIgniter->run()
#7 C:\xampp\htdocs\otfonline\backend\ci4\system\Commands\Server\rewrite.php(43): require_once('C:\\xampp\\htdocs...')
#8 {main}
CRITICAL - 2022-05-05 10:06:40 --> The action you requested is not allowed.
#0 C:\xampp\htdocs\otfonline\backend\ci4\system\HTTP\ResponseTrait.php(709): CodeIgniter\Security\Exceptions\SecurityException::forDisallowedAction()
#1 C:\xampp\htdocs\otfonline\backend\ci4\system\HTTP\ResponseTrait.php(699): CodeIgniter\HTTP\Response->dispatchCookies()
#2 C:\xampp\htdocs\otfonline\backend\ci4\system\HTTP\ResponseTrait.php(443): CodeIgniter\HTTP\Response->sendCookies()
#3 C:\xampp\htdocs\otfonline\backend\ci4\system\CodeIgniter.php(1004): CodeIgniter\HTTP\Response->send()
#4 C:\xampp\htdocs\otfonline\backend\ci4\system\CodeIgniter.php(464): CodeIgniter\CodeIgniter->sendResponse()
#5 C:\xampp\htdocs\otfonline\backend\ci4\system\CodeIgniter.php(332): CodeIgniter\CodeIgniter->handleRequest(NULL, Object(Config\Cache), false)
#6 C:\xampp\htdocs\otfonline\backend\ci4\public\index.php(37): CodeIgniter\CodeIgniter->run()
#7 C:\xampp\htdocs\otfonline\backend\ci4\system\Commands\Server\rewrite.php(43): require_once('C:\\xampp\\htdocs...')
#8 {main}
CRITICAL - 2022-05-05 10:06:52 --> The action you requested is not allowed.
#0 C:\xampp\htdocs\otfonline\backend\ci4\system\HTTP\ResponseTrait.php(709): CodeIgniter\Security\Exceptions\SecurityException::forDisallowedAction()
#1 C:\xampp\htdocs\otfonline\backend\ci4\system\HTTP\ResponseTrait.php(699): CodeIgniter\HTTP\Response->dispatchCookies()
#2 C:\xampp\htdocs\otfonline\backend\ci4\system\HTTP\ResponseTrait.php(443): CodeIgniter\HTTP\Response->sendCookies()
#3 C:\xampp\htdocs\otfonline\backend\ci4\system\CodeIgniter.php(1004): CodeIgniter\HTTP\Response->send()
#4 C:\xampp\htdocs\otfonline\backend\ci4\system\CodeIgniter.php(464): CodeIgniter\CodeIgniter->sendResponse()
#5 C:\xampp\htdocs\otfonline\backend\ci4\system\CodeIgniter.php(332): CodeIgniter\CodeIgniter->handleRequest(NULL, Object(Config\Cache), false)
#6 C:\xampp\htdocs\otfonline\backend\ci4\public\index.php(37): CodeIgniter\CodeIgniter->run()
#7 C:\xampp\htdocs\otfonline\backend\ci4\system\Commands\Server\rewrite.php(43): require_once('C:\\xampp\\htdocs...')
#8 {main}
CRITICAL - 2022-05-05 10:07:57 --> syntax error, unexpected token ";"
#0 C:\xampp\htdocs\otfonline\backend\ci4\system\View\View.php(213): CodeIgniter\View\View->CodeIgniter\View\{closure}()
#1 C:\xampp\htdocs\otfonline\backend\ci4\system\Common.php(1089): CodeIgniter\View\View->render('main/signup_use...', Array, true)
#2 C:\xampp\htdocs\otfonline\backend\ci4\app\Controllers\Web\AuthenticationController.php(30): view('main/signup_use...', Array)
#3 C:\xampp\htdocs\otfonline\backend\ci4\system\CodeIgniter.php(838): App\Controllers\Web\AuthenticationController->signup()
#4 C:\xampp\htdocs\otfonline\backend\ci4\system\CodeIgniter.php(425): CodeIgniter\CodeIgniter->runController(Object(App\Controllers\Web\AuthenticationController))
#5 C:\xampp\htdocs\otfonline\backend\ci4\system\CodeIgniter.php(332): CodeIgniter\CodeIgniter->handleRequest(NULL, Object(Config\Cache), false)
#6 C:\xampp\htdocs\otfonline\backend\ci4\public\index.php(37): CodeIgniter\CodeIgniter->run()
#7 C:\xampp\htdocs\otfonline\backend\ci4\system\Commands\Server\rewrite.php(43): require_once('C:\\xampp\\htdocs...')
#8 {main}
CRITICAL - 2022-05-05 10:08:09 --> syntax error, unexpected token ";"
#0 C:\xampp\htdocs\otfonline\backend\ci4\system\View\View.php(213): CodeIgniter\View\View->CodeIgniter\View\{closure}()
#1 C:\xampp\htdocs\otfonline\backend\ci4\system\Common.php(1089): CodeIgniter\View\View->render('main/signup_use...', Array, true)
#2 C:\xampp\htdocs\otfonline\backend\ci4\app\Controllers\Web\AuthenticationController.php(30): view('main/signup_use...', Array)
#3 C:\xampp\htdocs\otfonline\backend\ci4\system\CodeIgniter.php(838): App\Controllers\Web\AuthenticationController->signup()
#4 C:\xampp\htdocs\otfonline\backend\ci4\system\CodeIgniter.php(425): CodeIgniter\CodeIgniter->runController(Object(App\Controllers\Web\AuthenticationController))
#5 C:\xampp\htdocs\otfonline\backend\ci4\system\CodeIgniter.php(332): CodeIgniter\CodeIgniter->handleRequest(NULL, Object(Config\Cache), false)
#6 C:\xampp\htdocs\otfonline\backend\ci4\public\index.php(37): CodeIgniter\CodeIgniter->run()
#7 C:\xampp\htdocs\otfonline\backend\ci4\system\Commands\Server\rewrite.php(43): require_once('C:\\xampp\\htdocs...')
#8 {main}
CRITICAL - 2022-05-05 10:08:17 --> syntax error, unexpected token ";"
#0 C:\xampp\htdocs\otfonline\backend\ci4\system\View\View.php(213): CodeIgniter\View\View->CodeIgniter\View\{closure}()
#1 C:\xampp\htdocs\otfonline\backend\ci4\system\Common.php(1089): CodeIgniter\View\View->render('main/signup_use...', Array, true)
#2 C:\xampp\htdocs\otfonline\backend\ci4\app\Controllers\Web\AuthenticationController.php(30): view('main/signup_use...', Array)
#3 C:\xampp\htdocs\otfonline\backend\ci4\system\CodeIgniter.php(838): App\Controllers\Web\AuthenticationController->signup()
#4 C:\xampp\htdocs\otfonline\backend\ci4\system\CodeIgniter.php(425): CodeIgniter\CodeIgniter->runController(Object(App\Controllers\Web\AuthenticationController))
#5 C:\xampp\htdocs\otfonline\backend\ci4\system\CodeIgniter.php(332): CodeIgniter\CodeIgniter->handleRequest(NULL, Object(Config\Cache), false)
#6 C:\xampp\htdocs\otfonline\backend\ci4\public\index.php(37): CodeIgniter\CodeIgniter->run()
#7 C:\xampp\htdocs\otfonline\backend\ci4\system\Commands\Server\rewrite.php(43): require_once('C:\\xampp\\htdocs...')
#8 {main}
CRITICAL - 2022-05-05 10:08:27 --> syntax error, unexpected token ";"
#0 C:\xampp\htdocs\otfonline\backend\ci4\system\View\View.php(213): CodeIgniter\View\View->CodeIgniter\View\{closure}()
#1 C:\xampp\htdocs\otfonline\backend\ci4\system\Common.php(1089): CodeIgniter\View\View->render('main/signup_use...', Array, true)
#2 C:\xampp\htdocs\otfonline\backend\ci4\app\Controllers\Web\AuthenticationController.php(30): view('main/signup_use...', Array)
#3 C:\xampp\htdocs\otfonline\backend\ci4\system\CodeIgniter.php(838): App\Controllers\Web\AuthenticationController->signup()
#4 C:\xampp\htdocs\otfonline\backend\ci4\system\CodeIgniter.php(425): CodeIgniter\CodeIgniter->runController(Object(App\Controllers\Web\AuthenticationController))
#5 C:\xampp\htdocs\otfonline\backend\ci4\system\CodeIgniter.php(332): CodeIgniter\CodeIgniter->handleRequest(NULL, Object(Config\Cache), false)
#6 C:\xampp\htdocs\otfonline\backend\ci4\public\index.php(37): CodeIgniter\CodeIgniter->run()
#7 C:\xampp\htdocs\otfonline\backend\ci4\system\Commands\Server\rewrite.php(43): require_once('C:\\xampp\\htdocs...')
#8 {main}
CRITICAL - 2022-05-05 11:31:03 --> Undefined variable $title
#0 C:\xampp\htdocs\otfonline\backend\ci4\app\Views\main\signup_user.php(10): CodeIgniter\Debug\Exceptions->errorHandler(2, 'Undefined varia...', 'C:\\xampp\\htdocs...', 10)
#1 C:\xampp\htdocs\otfonline\backend\ci4\system\View\View.php(210): include('C:\\xampp\\htdocs...')
#2 C:\xampp\htdocs\otfonline\backend\ci4\system\View\View.php(213): CodeIgniter\View\View->CodeIgniter\View\{closure}()
#3 C:\xampp\htdocs\otfonline\backend\ci4\system\Common.php(1089): CodeIgniter\View\View->render('main/signup_use...', Array, true)
#4 C:\xampp\htdocs\otfonline\backend\ci4\app\Controllers\Web\AuthenticationController.php(88): view('main/signup_use...', Array)
#5 C:\xampp\htdocs\otfonline\backend\ci4\system\CodeIgniter.php(838): App\Controllers\Web\AuthenticationController->signup_()
#6 C:\xampp\htdocs\otfonline\backend\ci4\system\CodeIgniter.php(425): CodeIgniter\CodeIgniter->runController(Object(App\Controllers\Web\AuthenticationController))
#7 C:\xampp\htdocs\otfonline\backend\ci4\system\CodeIgniter.php(332): CodeIgniter\CodeIgniter->handleRequest(NULL, Object(Config\Cache), false)
#8 C:\xampp\htdocs\otfonline\backend\ci4\public\index.php(37): CodeIgniter\CodeIgniter->run()
#9 C:\xampp\htdocs\otfonline\backend\ci4\system\Commands\Server\rewrite.php(43): require_once('C:\\xampp\\htdocs...')
#10 {main}
CRITICAL - 2022-05-05 11:31:30 --> CodeIgniter\HTTP\RedirectResponse::back(): Argument #1 ($code) must be of type ?int, array given, called in C:\xampp\htdocs\otfonline\backend\ci4\app\Controllers\Web\AuthenticationController.php on line 88
#0 C:\xampp\htdocs\otfonline\backend\ci4\app\Controllers\Web\AuthenticationController.php(88): CodeIgniter\HTTP\RedirectResponse->back(Array)
#1 C:\xampp\htdocs\otfonline\backend\ci4\system\CodeIgniter.php(838): App\Controllers\Web\AuthenticationController->signup_()
#2 C:\xampp\htdocs\otfonline\backend\ci4\system\CodeIgniter.php(425): CodeIgniter\CodeIgniter->runController(Object(App\Controllers\Web\AuthenticationController))
#3 C:\xampp\htdocs\otfonline\backend\ci4\system\CodeIgniter.php(332): CodeIgniter\CodeIgniter->handleRequest(NULL, Object(Config\Cache), false)
#4 C:\xampp\htdocs\otfonline\backend\ci4\public\index.php(37): CodeIgniter\CodeIgniter->run()
#5 C:\xampp\htdocs\otfonline\backend\ci4\system\Commands\Server\rewrite.php(43): require_once('C:\\xampp\\htdocs...')
#6 {main}
CRITICAL - 2022-05-05 11:36:25 --> Undefined variable $validation
#0 C:\xampp\htdocs\otfonline\backend\ci4\app\Views\main\signup_user.php(33): CodeIgniter\Debug\Exceptions->errorHandler(2, 'Undefined varia...', 'C:\\xampp\\htdocs...', 33)
#1 C:\xampp\htdocs\otfonline\backend\ci4\system\View\View.php(210): include('C:\\xampp\\htdocs...')
#2 C:\xampp\htdocs\otfonline\backend\ci4\system\View\View.php(213): CodeIgniter\View\View->CodeIgniter\View\{closure}()
#3 C:\xampp\htdocs\otfonline\backend\ci4\system\Common.php(1089): CodeIgniter\View\View->render('main/signup_use...', Array, true)
#4 C:\xampp\htdocs\otfonline\backend\ci4\app\Controllers\Web\AuthenticationController.php(30): view('main/signup_use...', Array)
#5 C:\xampp\htdocs\otfonline\backend\ci4\system\CodeIgniter.php(838): App\Controllers\Web\AuthenticationController->signup()
#6 C:\xampp\htdocs\otfonline\backend\ci4\system\CodeIgniter.php(425): CodeIgniter\CodeIgniter->runController(Object(App\Controllers\Web\AuthenticationController))
#7 C:\xampp\htdocs\otfonline\backend\ci4\system\CodeIgniter.php(332): CodeIgniter\CodeIgniter->handleRequest(NULL, Object(Config\Cache), false)
#8 C:\xampp\htdocs\otfonline\backend\ci4\public\index.php(37): CodeIgniter\CodeIgniter->run()
#9 C:\xampp\htdocs\otfonline\backend\ci4\system\Commands\Server\rewrite.php(43): require_once('C:\\xampp\\htdocs...')
#10 {main}
CRITICAL - 2022-05-05 11:39:17 --> Array to string conversion
#0 C:\xampp\htdocs\otfonline\backend\ci4\app\Views\main\signup_user.php(33): CodeIgniter\Debug\Exceptions->errorHandler(2, 'Array to string...', 'C:\\xampp\\htdocs...', 33)
#1 C:\xampp\htdocs\otfonline\backend\ci4\system\View\View.php(210): include('C:\\xampp\\htdocs...')
#2 C:\xampp\htdocs\otfonline\backend\ci4\system\View\View.php(213): CodeIgniter\View\View->CodeIgniter\View\{closure}()
#3 C:\xampp\htdocs\otfonline\backend\ci4\system\Common.php(1089): CodeIgniter\View\View->render('main/signup_use...', Array, true)
#4 C:\xampp\htdocs\otfonline\backend\ci4\app\Controllers\Web\AuthenticationController.php(30): view('main/signup_use...', Array)
#5 C:\xampp\htdocs\otfonline\backend\ci4\system\CodeIgniter.php(838): App\Controllers\Web\AuthenticationController->signup()
#6 C:\xampp\htdocs\otfonline\backend\ci4\system\CodeIgniter.php(425): CodeIgniter\CodeIgniter->runController(Object(App\Controllers\Web\AuthenticationController))
#7 C:\xampp\htdocs\otfonline\backend\ci4\system\CodeIgniter.php(332): CodeIgniter\CodeIgniter->handleRequest(NULL, Object(Config\Cache), false)
#8 C:\xampp\htdocs\otfonline\backend\ci4\public\index.php(37): CodeIgniter\CodeIgniter->run()
#9 C:\xampp\htdocs\otfonline\backend\ci4\system\Commands\Server\rewrite.php(43): require_once('C:\\xampp\\htdocs...')
#10 {main}
CRITICAL - 2022-05-05 11:39:38 --> Array to string conversion
#0 C:\xampp\htdocs\otfonline\backend\ci4\app\Views\main\signup_user.php(33): CodeIgniter\Debug\Exceptions->errorHandler(2, 'Array to string...', 'C:\\xampp\\htdocs...', 33)
#1 C:\xampp\htdocs\otfonline\backend\ci4\system\View\View.php(210): include('C:\\xampp\\htdocs...')
#2 C:\xampp\htdocs\otfonline\backend\ci4\system\View\View.php(213): CodeIgniter\View\View->CodeIgniter\View\{closure}()
#3 C:\xampp\htdocs\otfonline\backend\ci4\system\Common.php(1089): CodeIgniter\View\View->render('main/signup_use...', Array, true)
#4 C:\xampp\htdocs\otfonline\backend\ci4\app\Controllers\Web\AuthenticationController.php(30): view('main/signup_use...', Array)
#5 C:\xampp\htdocs\otfonline\backend\ci4\system\CodeIgniter.php(838): App\Controllers\Web\AuthenticationController->signup()
#6 C:\xampp\htdocs\otfonline\backend\ci4\system\CodeIgniter.php(425): CodeIgniter\CodeIgniter->runController(Object(App\Controllers\Web\AuthenticationController))
#7 C:\xampp\htdocs\otfonline\backend\ci4\system\CodeIgniter.php(332): CodeIgniter\CodeIgniter->handleRequest(NULL, Object(Config\Cache), false)
#8 C:\xampp\htdocs\otfonline\backend\ci4\public\index.php(37): CodeIgniter\CodeIgniter->run()
#9 C:\xampp\htdocs\otfonline\backend\ci4\system\Commands\Server\rewrite.php(43): require_once('C:\\xampp\\htdocs...')
#10 {main}
CRITICAL - 2022-05-05 11:39:55 --> Array to string conversion
#0 C:\xampp\htdocs\otfonline\backend\ci4\app\Views\main\signup_user.php(33): CodeIgniter\Debug\Exceptions->errorHandler(2, 'Array to string...', 'C:\\xampp\\htdocs...', 33)
#1 C:\xampp\htdocs\otfonline\backend\ci4\system\View\View.php(210): include('C:\\xampp\\htdocs...')
#2 C:\xampp\htdocs\otfonline\backend\ci4\system\View\View.php(213): CodeIgniter\View\View->CodeIgniter\View\{closure}()
#3 C:\xampp\htdocs\otfonline\backend\ci4\system\Common.php(1089): CodeIgniter\View\View->render('main/signup_use...', Array, true)
#4 C:\xampp\htdocs\otfonline\backend\ci4\app\Controllers\Web\AuthenticationController.php(30): view('main/signup_use...', Array)
#5 C:\xampp\htdocs\otfonline\backend\ci4\system\CodeIgniter.php(838): App\Controllers\Web\AuthenticationController->signup()
#6 C:\xampp\htdocs\otfonline\backend\ci4\system\CodeIgniter.php(425): CodeIgniter\CodeIgniter->runController(Object(App\Controllers\Web\AuthenticationController))
#7 C:\xampp\htdocs\otfonline\backend\ci4\system\CodeIgniter.php(332): CodeIgniter\CodeIgniter->handleRequest(NULL, Object(Config\Cache), false)
#8 C:\xampp\htdocs\otfonline\backend\ci4\public\index.php(37): CodeIgniter\CodeIgniter->run()
#9 C:\xampp\htdocs\otfonline\backend\ci4\system\Commands\Server\rewrite.php(43): require_once('C:\\xampp\\htdocs...')
#10 {main}
CRITICAL - 2022-05-05 11:40:10 --> Call to a member function hasError() on string
#0 C:\xampp\htdocs\otfonline\backend\ci4\system\View\View.php(210): include()
#1 C:\xampp\htdocs\otfonline\backend\ci4\system\View\View.php(213): CodeIgniter\View\View->CodeIgniter\View\{closure}()
#2 C:\xampp\htdocs\otfonline\backend\ci4\system\Common.php(1089): CodeIgniter\View\View->render('main/signup_use...', Array, true)
#3 C:\xampp\htdocs\otfonline\backend\ci4\app\Controllers\Web\AuthenticationController.php(30): view('main/signup_use...', Array)
#4 C:\xampp\htdocs\otfonline\backend\ci4\system\CodeIgniter.php(838): App\Controllers\Web\AuthenticationController->signup()
#5 C:\xampp\htdocs\otfonline\backend\ci4\system\CodeIgniter.php(425): CodeIgniter\CodeIgniter->runController(Object(App\Controllers\Web\AuthenticationController))
#6 C:\xampp\htdocs\otfonline\backend\ci4\system\CodeIgniter.php(332): CodeIgniter\CodeIgniter->handleRequest(NULL, Object(Config\Cache), false)
#7 C:\xampp\htdocs\otfonline\backend\ci4\public\index.php(37): CodeIgniter\CodeIgniter->run()
#8 C:\xampp\htdocs\otfonline\backend\ci4\system\Commands\Server\rewrite.php(43): require_once('C:\\xampp\\htdocs...')
#9 {main}
CRITICAL - 2022-05-05 11:40:45 --> Object of class CodeIgniter\Validation\Validation could not be converted to string
#0 C:\xampp\htdocs\otfonline\backend\ci4\system\View\View.php(210): include()
#1 C:\xampp\htdocs\otfonline\backend\ci4\system\View\View.php(213): CodeIgniter\View\View->CodeIgniter\View\{closure}()
#2 C:\xampp\htdocs\otfonline\backend\ci4\system\Common.php(1089): CodeIgniter\View\View->render('main/signup_use...', Array, true)
#3 C:\xampp\htdocs\otfonline\backend\ci4\app\Controllers\Web\AuthenticationController.php(30): view('main/signup_use...', Array)
#4 C:\xampp\htdocs\otfonline\backend\ci4\system\CodeIgniter.php(838): App\Controllers\Web\AuthenticationController->signup()
#5 C:\xampp\htdocs\otfonline\backend\ci4\system\CodeIgniter.php(425): CodeIgniter\CodeIgniter->runController(Object(App\Controllers\Web\AuthenticationController))
#6 C:\xampp\htdocs\otfonline\backend\ci4\system\CodeIgniter.php(332): CodeIgniter\CodeIgniter->handleRequest(NULL, Object(Config\Cache), false)
#7 C:\xampp\htdocs\otfonline\backend\ci4\public\index.php(37): CodeIgniter\CodeIgniter->run()
#8 C:\xampp\htdocs\otfonline\backend\ci4\system\Commands\Server\rewrite.php(43): require_once('C:\\xampp\\htdocs...')
#9 {main}
CRITICAL - 2022-05-05 11:42:15 --> Object of class CodeIgniter\Validation\Validation could not be converted to string
#0 C:\xampp\htdocs\otfonline\backend\ci4\system\View\View.php(210): include()
#1 C:\xampp\htdocs\otfonline\backend\ci4\system\View\View.php(213): CodeIgniter\View\View->CodeIgniter\View\{closure}()
#2 C:\xampp\htdocs\otfonline\backend\ci4\system\Common.php(1089): CodeIgniter\View\View->render('main/signup_use...', Array, true)
#3 C:\xampp\htdocs\otfonline\backend\ci4\app\Controllers\Web\AuthenticationController.php(30): view('main/signup_use...', Array)
#4 C:\xampp\htdocs\otfonline\backend\ci4\system\CodeIgniter.php(838): App\Controllers\Web\AuthenticationController->signup()
#5 C:\xampp\htdocs\otfonline\backend\ci4\system\CodeIgniter.php(425): CodeIgniter\CodeIgniter->runController(Object(App\Controllers\Web\AuthenticationController))
#6 C:\xampp\htdocs\otfonline\backend\ci4\system\CodeIgniter.php(332): CodeIgniter\CodeIgniter->handleRequest(NULL, Object(Config\Cache), false)
#7 C:\xampp\htdocs\otfonline\backend\ci4\public\index.php(37): CodeIgniter\CodeIgniter->run()
#8 C:\xampp\htdocs\otfonline\backend\ci4\system\Commands\Server\rewrite.php(43): require_once('C:\\xampp\\htdocs...')
#9 {main}
CRITICAL - 2022-05-05 11:42:58 --> Object of class CodeIgniter\Validation\Validation could not be converted to string
#0 C:\xampp\htdocs\otfonline\backend\ci4\system\View\View.php(210): include()
#1 C:\xampp\htdocs\otfonline\backend\ci4\system\View\View.php(213): CodeIgniter\View\View->CodeIgniter\View\{closure}()
#2 C:\xampp\htdocs\otfonline\backend\ci4\system\Common.php(1089): CodeIgniter\View\View->render('main/signup_use...', Array, true)
#3 C:\xampp\htdocs\otfonline\backend\ci4\app\Controllers\Web\AuthenticationController.php(30): view('main/signup_use...', Array)
#4 C:\xampp\htdocs\otfonline\backend\ci4\system\CodeIgniter.php(838): App\Controllers\Web\AuthenticationController->signup()
#5 C:\xampp\htdocs\otfonline\backend\ci4\system\CodeIgniter.php(425): CodeIgniter\CodeIgniter->runController(Object(App\Controllers\Web\AuthenticationController))
#6 C:\xampp\htdocs\otfonline\backend\ci4\system\CodeIgniter.php(332): CodeIgniter\CodeIgniter->handleRequest(NULL, Object(Config\Cache), false)
#7 C:\xampp\htdocs\otfonline\backend\ci4\public\index.php(37): CodeIgniter\CodeIgniter->run()
#8 C:\xampp\htdocs\otfonline\backend\ci4\system\Commands\Server\rewrite.php(43): require_once('C:\\xampp\\htdocs...')
#9 {main}
CRITICAL - 2022-05-05 11:48:36 --> Call to a member function hasError() on array
#0 C:\xampp\htdocs\otfonline\backend\ci4\system\View\View.php(210): include()
#1 C:\xampp\htdocs\otfonline\backend\ci4\system\View\View.php(213): CodeIgniter\View\View->CodeIgniter\View\{closure}()
#2 C:\xampp\htdocs\otfonline\backend\ci4\system\Common.php(1089): CodeIgniter\View\View->render('main/signup_use...', Array, true)
#3 C:\xampp\htdocs\otfonline\backend\ci4\app\Controllers\Web\AuthenticationController.php(92): view('main/signup_use...', Array)
#4 C:\xampp\htdocs\otfonline\backend\ci4\system\CodeIgniter.php(838): App\Controllers\Web\AuthenticationController->signup_()
#5 C:\xampp\htdocs\otfonline\backend\ci4\system\CodeIgniter.php(425): CodeIgniter\CodeIgniter->runController(Object(App\Controllers\Web\AuthenticationController))
#6 C:\xampp\htdocs\otfonline\backend\ci4\system\CodeIgniter.php(332): CodeIgniter\CodeIgniter->handleRequest(NULL, Object(Config\Cache), false)
#7 C:\xampp\htdocs\otfonline\backend\ci4\public\index.php(37): CodeIgniter\CodeIgniter->run()
#8 C:\xampp\htdocs\otfonline\backend\ci4\system\Commands\Server\rewrite.php(43): require_once('C:\\xampp\\htdocs...')
#9 {main}
CRITICAL - 2022-05-05 11:49:34 --> Unsupported operand types: string + array
#0 C:\xampp\htdocs\otfonline\backend\ci4\system\View\View.php(210): include()
#1 C:\xampp\htdocs\otfonline\backend\ci4\system\View\View.php(213): CodeIgniter\View\View->CodeIgniter\View\{closure}()
#2 C:\xampp\htdocs\otfonline\backend\ci4\system\Common.php(1089): CodeIgniter\View\View->render('main/signup_use...', Array, true)
#3 C:\xampp\htdocs\otfonline\backend\ci4\app\Controllers\Web\AuthenticationController.php(92): view('main/signup_use...', Array)
#4 C:\xampp\htdocs\otfonline\backend\ci4\system\CodeIgniter.php(838): App\Controllers\Web\AuthenticationController->signup_()
#5 C:\xampp\htdocs\otfonline\backend\ci4\system\CodeIgniter.php(425): CodeIgniter\CodeIgniter->runController(Object(App\Controllers\Web\AuthenticationController))
#6 C:\xampp\htdocs\otfonline\backend\ci4\system\CodeIgniter.php(332): CodeIgniter\CodeIgniter->handleRequest(NULL, Object(Config\Cache), false)
#7 C:\xampp\htdocs\otfonline\backend\ci4\public\index.php(37): CodeIgniter\CodeIgniter->run()
#8 C:\xampp\htdocs\otfonline\backend\ci4\system\Commands\Server\rewrite.php(43): require_once('C:\\xampp\\htdocs...')
#9 {main}
CRITICAL - 2022-05-05 11:50:59 --> Unsupported operand types: string + array
#0 C:\xampp\htdocs\otfonline\backend\ci4\system\View\View.php(210): include()
#1 C:\xampp\htdocs\otfonline\backend\ci4\system\View\View.php(213): CodeIgniter\View\View->CodeIgniter\View\{closure}()
#2 C:\xampp\htdocs\otfonline\backend\ci4\system\Common.php(1089): CodeIgniter\View\View->render('main/signup_use...', Array, true)
#3 C:\xampp\htdocs\otfonline\backend\ci4\app\Controllers\Web\AuthenticationController.php(92): view('main/signup_use...', Array)
#4 C:\xampp\htdocs\otfonline\backend\ci4\system\CodeIgniter.php(838): App\Controllers\Web\AuthenticationController->signup_()
#5 C:\xampp\htdocs\otfonline\backend\ci4\system\CodeIgniter.php(425): CodeIgniter\CodeIgniter->runController(Object(App\Controllers\Web\AuthenticationController))
#6 C:\xampp\htdocs\otfonline\backend\ci4\system\CodeIgniter.php(332): CodeIgniter\CodeIgniter->handleRequest(NULL, Object(Config\Cache), false)
#7 C:\xampp\htdocs\otfonline\backend\ci4\public\index.php(37): CodeIgniter\CodeIgniter->run()
#8 C:\xampp\htdocs\otfonline\backend\ci4\system\Commands\Server\rewrite.php(43): require_once('C:\\xampp\\htdocs...')
#9 {main}
CRITICAL - 2022-05-05 11:52:02 --> Unsupported operand types: string + array
#0 C:\xampp\htdocs\otfonline\backend\ci4\system\View\View.php(210): include()
#1 C:\xampp\htdocs\otfonline\backend\ci4\system\View\View.php(213): CodeIgniter\View\View->CodeIgniter\View\{closure}()
#2 C:\xampp\htdocs\otfonline\backend\ci4\system\Common.php(1089): CodeIgniter\View\View->render('main/signup_use...', Array, true)
#3 C:\xampp\htdocs\otfonline\backend\ci4\app\Controllers\Web\AuthenticationController.php(92): view('main/signup_use...', Array)
#4 C:\xampp\htdocs\otfonline\backend\ci4\system\CodeIgniter.php(838): App\Controllers\Web\AuthenticationController->signup_()
#5 C:\xampp\htdocs\otfonline\backend\ci4\system\CodeIgniter.php(425): CodeIgniter\CodeIgniter->runController(Object(App\Controllers\Web\AuthenticationController))
#6 C:\xampp\htdocs\otfonline\backend\ci4\system\CodeIgniter.php(332): CodeIgniter\CodeIgniter->handleRequest(NULL, Object(Config\Cache), false)
#7 C:\xampp\htdocs\otfonline\backend\ci4\public\index.php(37): CodeIgniter\CodeIgniter->run()
#8 C:\xampp\htdocs\otfonline\backend\ci4\system\Commands\Server\rewrite.php(43): require_once('C:\\xampp\\htdocs...')
#9 {main}
CRITICAL - 2022-05-05 11:52:14 --> Unsupported operand types: string + array
#0 C:\xampp\htdocs\otfonline\backend\ci4\system\View\View.php(210): include()
#1 C:\xampp\htdocs\otfonline\backend\ci4\system\View\View.php(213): CodeIgniter\View\View->CodeIgniter\View\{closure}()
#2 C:\xampp\htdocs\otfonline\backend\ci4\system\Common.php(1089): CodeIgniter\View\View->render('main/signup_use...', Array, true)
#3 C:\xampp\htdocs\otfonline\backend\ci4\app\Controllers\Web\AuthenticationController.php(92): view('main/signup_use...', Array)
#4 C:\xampp\htdocs\otfonline\backend\ci4\system\CodeIgniter.php(838): App\Controllers\Web\AuthenticationController->signup_()
#5 C:\xampp\htdocs\otfonline\backend\ci4\system\CodeIgniter.php(425): CodeIgniter\CodeIgniter->runController(Object(App\Controllers\Web\AuthenticationController))
#6 C:\xampp\htdocs\otfonline\backend\ci4\system\CodeIgniter.php(332): CodeIgniter\CodeIgniter->handleRequest(NULL, Object(Config\Cache), false)
#7 C:\xampp\htdocs\otfonline\backend\ci4\public\index.php(37): CodeIgniter\CodeIgniter->run()
#8 C:\xampp\htdocs\otfonline\backend\ci4\system\Commands\Server\rewrite.php(43): require_once('C:\\xampp\\htdocs...')
#9 {main}
