CRITICAL - 2022-04-19 11:58:00 --> syntax error, unexpected token "if"
#0 C:\xampp\htdocs\otfonline\backend\ci4\system\View\View.php(213): CodeIgniter\View\View->CodeIgniter\View\{closure}()
#1 C:\xampp\htdocs\otfonline\backend\ci4\system\View\View.php(424): CodeIgniter\View\View->render('main/header', NULL, true)
#2 C:\xampp\htdocs\otfonline\backend\ci4\app\Views\Main\layout.php(28): CodeIgniter\View\View->include('main/header')
#3 C:\xampp\htdocs\otfonline\backend\ci4\system\View\View.php(210): include('C:\\xampp\\htdocs...')
#4 C:\xampp\htdocs\otfonline\backend\ci4\system\View\View.php(213): CodeIgniter\View\View->CodeIgniter\View\{closure}()
#5 C:\xampp\htdocs\otfonline\backend\ci4\system\View\View.php(226): CodeIgniter\View\View->render('main/layout', Array, true)
#6 C:\xampp\htdocs\otfonline\backend\ci4\system\Common.php(1089): CodeIgniter\View\View->render('main/biz', Array, true)
#7 C:\xampp\htdocs\otfonline\backend\ci4\app\Controllers\Web\BizController.php(58): view('main/biz', Array)
#8 C:\xampp\htdocs\otfonline\backend\ci4\system\CodeIgniter.php(832): App\Controllers\Web\BizController->index('restaurant')
#9 C:\xampp\htdocs\otfonline\backend\ci4\system\CodeIgniter.php(419): CodeIgniter\CodeIgniter->runController(Object(App\Controllers\Web\BizController))
#10 C:\xampp\htdocs\otfonline\backend\ci4\system\CodeIgniter.php(326): CodeIgniter\CodeIgniter->handleRequest(NULL, Object(Config\Cache), false)
#11 C:\xampp\htdocs\otfonline\backend\ci4\public\index.php(37): CodeIgniter\CodeIgniter->run()
#12 C:\xampp\htdocs\otfonline\backend\ci4\system\Commands\Server\rewrite.php(43): require_once('C:\\xampp\\htdocs...')
#13 {main}
CRITICAL - 2022-04-19 11:58:29 --> syntax error, unexpected token "if"
#0 C:\xampp\htdocs\otfonline\backend\ci4\system\View\View.php(213): CodeIgniter\View\View->CodeIgniter\View\{closure}()
#1 C:\xampp\htdocs\otfonline\backend\ci4\system\View\View.php(424): CodeIgniter\View\View->render('main/header', NULL, true)
#2 C:\xampp\htdocs\otfonline\backend\ci4\app\Views\Main\layout.php(28): CodeIgniter\View\View->include('main/header')
#3 C:\xampp\htdocs\otfonline\backend\ci4\system\View\View.php(210): include('C:\\xampp\\htdocs...')
#4 C:\xampp\htdocs\otfonline\backend\ci4\system\View\View.php(213): CodeIgniter\View\View->CodeIgniter\View\{closure}()
#5 C:\xampp\htdocs\otfonline\backend\ci4\system\View\View.php(226): CodeIgniter\View\View->render('main/layout', Array, true)
#6 C:\xampp\htdocs\otfonline\backend\ci4\system\Common.php(1089): CodeIgniter\View\View->render('main/biz', Array, true)
#7 C:\xampp\htdocs\otfonline\backend\ci4\app\Controllers\Web\BizController.php(58): view('main/biz', Array)
#8 C:\xampp\htdocs\otfonline\backend\ci4\system\CodeIgniter.php(832): App\Controllers\Web\BizController->index('restaurant')
#9 C:\xampp\htdocs\otfonline\backend\ci4\system\CodeIgniter.php(419): CodeIgniter\CodeIgniter->runController(Object(App\Controllers\Web\BizController))
#10 C:\xampp\htdocs\otfonline\backend\ci4\system\CodeIgniter.php(326): CodeIgniter\CodeIgniter->handleRequest(NULL, Object(Config\Cache), false)
#11 C:\xampp\htdocs\otfonline\backend\ci4\public\index.php(37): CodeIgniter\CodeIgniter->run()
#12 C:\xampp\htdocs\otfonline\backend\ci4\system\Commands\Server\rewrite.php(43): require_once('C:\\xampp\\htdocs...')
#13 {main}
CRITICAL - 2022-04-19 12:01:22 --> syntax error, unexpected token "if"
#0 C:\xampp\htdocs\otfonline\backend\ci4\system\View\View.php(213): CodeIgniter\View\View->CodeIgniter\View\{closure}()
#1 C:\xampp\htdocs\otfonline\backend\ci4\system\View\View.php(424): CodeIgniter\View\View->render('main/header', NULL, true)
#2 C:\xampp\htdocs\otfonline\backend\ci4\app\Views\Main\layout.php(28): CodeIgniter\View\View->include('main/header')
#3 C:\xampp\htdocs\otfonline\backend\ci4\system\View\View.php(210): include('C:\\xampp\\htdocs...')
#4 C:\xampp\htdocs\otfonline\backend\ci4\system\View\View.php(213): CodeIgniter\View\View->CodeIgniter\View\{closure}()
#5 C:\xampp\htdocs\otfonline\backend\ci4\system\View\View.php(226): CodeIgniter\View\View->render('main/layout', Array, true)
#6 C:\xampp\htdocs\otfonline\backend\ci4\system\Common.php(1089): CodeIgniter\View\View->render('main/biz', Array, true)
#7 C:\xampp\htdocs\otfonline\backend\ci4\app\Controllers\Web\BizController.php(58): view('main/biz', Array)
#8 C:\xampp\htdocs\otfonline\backend\ci4\system\CodeIgniter.php(832): App\Controllers\Web\BizController->index('restaurant')
#9 C:\xampp\htdocs\otfonline\backend\ci4\system\CodeIgniter.php(419): CodeIgniter\CodeIgniter->runController(Object(App\Controllers\Web\BizController))
#10 C:\xampp\htdocs\otfonline\backend\ci4\system\CodeIgniter.php(326): CodeIgniter\CodeIgniter->handleRequest(NULL, Object(Config\Cache), false)
#11 C:\xampp\htdocs\otfonline\backend\ci4\public\index.php(37): CodeIgniter\CodeIgniter->run()
#12 C:\xampp\htdocs\otfonline\backend\ci4\system\Commands\Server\rewrite.php(43): require_once('C:\\xampp\\htdocs...')
#13 {main}
CRITICAL - 2022-04-19 12:06:11 --> syntax error, unexpected token "if"
#0 C:\xampp\htdocs\otfonline\backend\ci4\system\View\View.php(213): CodeIgniter\View\View->CodeIgniter\View\{closure}()
#1 C:\xampp\htdocs\otfonline\backend\ci4\system\View\View.php(424): CodeIgniter\View\View->render('main/header', NULL, true)
#2 C:\xampp\htdocs\otfonline\backend\ci4\app\Views\Main\layout.php(28): CodeIgniter\View\View->include('main/header')
#3 C:\xampp\htdocs\otfonline\backend\ci4\system\View\View.php(210): include('C:\\xampp\\htdocs...')
#4 C:\xampp\htdocs\otfonline\backend\ci4\system\View\View.php(213): CodeIgniter\View\View->CodeIgniter\View\{closure}()
#5 C:\xampp\htdocs\otfonline\backend\ci4\system\View\View.php(226): CodeIgniter\View\View->render('main/layout', Array, true)
#6 C:\xampp\htdocs\otfonline\backend\ci4\system\Common.php(1089): CodeIgniter\View\View->render('main/biz', Array, true)
#7 C:\xampp\htdocs\otfonline\backend\ci4\app\Controllers\Web\BizController.php(59): view('main/biz', Array)
#8 C:\xampp\htdocs\otfonline\backend\ci4\system\CodeIgniter.php(832): App\Controllers\Web\BizController->index('restaurant')
#9 C:\xampp\htdocs\otfonline\backend\ci4\system\CodeIgniter.php(419): CodeIgniter\CodeIgniter->runController(Object(App\Controllers\Web\BizController))
#10 C:\xampp\htdocs\otfonline\backend\ci4\system\CodeIgniter.php(326): CodeIgniter\CodeIgniter->handleRequest(NULL, Object(Config\Cache), false)
#11 C:\xampp\htdocs\otfonline\backend\ci4\public\index.php(37): CodeIgniter\CodeIgniter->run()
#12 C:\xampp\htdocs\otfonline\backend\ci4\system\Commands\Server\rewrite.php(43): require_once('C:\\xampp\\htdocs...')
#13 {main}
CRITICAL - 2022-04-19 12:06:25 --> syntax error, unexpected token "if"
#0 C:\xampp\htdocs\otfonline\backend\ci4\system\View\View.php(213): CodeIgniter\View\View->CodeIgniter\View\{closure}()
#1 C:\xampp\htdocs\otfonline\backend\ci4\system\View\View.php(424): CodeIgniter\View\View->render('main/header', NULL, true)
#2 C:\xampp\htdocs\otfonline\backend\ci4\app\Views\Main\layout.php(28): CodeIgniter\View\View->include('main/header')
#3 C:\xampp\htdocs\otfonline\backend\ci4\system\View\View.php(210): include('C:\\xampp\\htdocs...')
#4 C:\xampp\htdocs\otfonline\backend\ci4\system\View\View.php(213): CodeIgniter\View\View->CodeIgniter\View\{closure}()
#5 C:\xampp\htdocs\otfonline\backend\ci4\system\View\View.php(226): CodeIgniter\View\View->render('main/layout', Array, true)
#6 C:\xampp\htdocs\otfonline\backend\ci4\system\Common.php(1089): CodeIgniter\View\View->render('main/biz', Array, true)
#7 C:\xampp\htdocs\otfonline\backend\ci4\app\Controllers\Web\BizController.php(59): view('main/biz', Array)
#8 C:\xampp\htdocs\otfonline\backend\ci4\system\CodeIgniter.php(832): App\Controllers\Web\BizController->index('restaurant')
#9 C:\xampp\htdocs\otfonline\backend\ci4\system\CodeIgniter.php(419): CodeIgniter\CodeIgniter->runController(Object(App\Controllers\Web\BizController))
#10 C:\xampp\htdocs\otfonline\backend\ci4\system\CodeIgniter.php(326): CodeIgniter\CodeIgniter->handleRequest(NULL, Object(Config\Cache), false)
#11 C:\xampp\htdocs\otfonline\backend\ci4\public\index.php(37): CodeIgniter\CodeIgniter->run()
#12 C:\xampp\htdocs\otfonline\backend\ci4\system\Commands\Server\rewrite.php(43): require_once('C:\\xampp\\htdocs...')
#13 {main}
CRITICAL - 2022-04-19 12:07:24 --> syntax error, unexpected token "if"
#0 C:\xampp\htdocs\otfonline\backend\ci4\system\View\View.php(213): CodeIgniter\View\View->CodeIgniter\View\{closure}()
#1 C:\xampp\htdocs\otfonline\backend\ci4\system\View\View.php(424): CodeIgniter\View\View->render('main/header', NULL, true)
#2 C:\xampp\htdocs\otfonline\backend\ci4\app\Views\Main\layout.php(28): CodeIgniter\View\View->include('main/header')
#3 C:\xampp\htdocs\otfonline\backend\ci4\system\View\View.php(210): include('C:\\xampp\\htdocs...')
#4 C:\xampp\htdocs\otfonline\backend\ci4\system\View\View.php(213): CodeIgniter\View\View->CodeIgniter\View\{closure}()
#5 C:\xampp\htdocs\otfonline\backend\ci4\system\View\View.php(226): CodeIgniter\View\View->render('main/layout', Array, true)
#6 C:\xampp\htdocs\otfonline\backend\ci4\system\Common.php(1089): CodeIgniter\View\View->render('main/biz', Array, true)
#7 C:\xampp\htdocs\otfonline\backend\ci4\app\Controllers\Web\BizController.php(59): view('main/biz', Array)
#8 C:\xampp\htdocs\otfonline\backend\ci4\system\CodeIgniter.php(832): App\Controllers\Web\BizController->index('restaurant')
#9 C:\xampp\htdocs\otfonline\backend\ci4\system\CodeIgniter.php(419): CodeIgniter\CodeIgniter->runController(Object(App\Controllers\Web\BizController))
#10 C:\xampp\htdocs\otfonline\backend\ci4\system\CodeIgniter.php(326): CodeIgniter\CodeIgniter->handleRequest(NULL, Object(Config\Cache), false)
#11 C:\xampp\htdocs\otfonline\backend\ci4\public\index.php(37): CodeIgniter\CodeIgniter->run()
#12 C:\xampp\htdocs\otfonline\backend\ci4\system\Commands\Server\rewrite.php(43): require_once('C:\\xampp\\htdocs...')
#13 {main}
CRITICAL - 2022-04-19 12:11:05 --> syntax error, unexpected token "if"
#0 C:\xampp\htdocs\otfonline\backend\ci4\system\View\View.php(213): CodeIgniter\View\View->CodeIgniter\View\{closure}()
#1 C:\xampp\htdocs\otfonline\backend\ci4\system\View\View.php(424): CodeIgniter\View\View->render('main/header', NULL, true)
#2 C:\xampp\htdocs\otfonline\backend\ci4\app\Views\Main\layout.php(28): CodeIgniter\View\View->include('main/header')
#3 C:\xampp\htdocs\otfonline\backend\ci4\system\View\View.php(210): include('C:\\xampp\\htdocs...')
#4 C:\xampp\htdocs\otfonline\backend\ci4\system\View\View.php(213): CodeIgniter\View\View->CodeIgniter\View\{closure}()
#5 C:\xampp\htdocs\otfonline\backend\ci4\system\View\View.php(226): CodeIgniter\View\View->render('main/layout', Array, true)
#6 C:\xampp\htdocs\otfonline\backend\ci4\system\Common.php(1089): CodeIgniter\View\View->render('main/biz', Array, true)
#7 C:\xampp\htdocs\otfonline\backend\ci4\app\Controllers\Web\BizController.php(59): view('main/biz', Array)
#8 C:\xampp\htdocs\otfonline\backend\ci4\system\CodeIgniter.php(832): App\Controllers\Web\BizController->index('restaurant')
#9 C:\xampp\htdocs\otfonline\backend\ci4\system\CodeIgniter.php(419): CodeIgniter\CodeIgniter->runController(Object(App\Controllers\Web\BizController))
#10 C:\xampp\htdocs\otfonline\backend\ci4\system\CodeIgniter.php(326): CodeIgniter\CodeIgniter->handleRequest(NULL, Object(Config\Cache), false)
#11 C:\xampp\htdocs\otfonline\backend\ci4\public\index.php(37): CodeIgniter\CodeIgniter->run()
#12 C:\xampp\htdocs\otfonline\backend\ci4\system\Commands\Server\rewrite.php(43): require_once('C:\\xampp\\htdocs...')
#13 {main}
CRITICAL - 2022-04-19 12:54:39 --> syntax error, unexpected variable "$bizs", expecting ")"
#0 C:\xampp\htdocs\otfonline\backend\ci4\system\View\View.php(213): CodeIgniter\View\View->CodeIgniter\View\{closure}()
#1 C:\xampp\htdocs\otfonline\backend\ci4\system\Common.php(1089): CodeIgniter\View\View->render('main/biz', Array, true)
#2 C:\xampp\htdocs\otfonline\backend\ci4\app\Controllers\Web\BizController.php(59): view('main/biz', Array)
#3 C:\xampp\htdocs\otfonline\backend\ci4\system\CodeIgniter.php(832): App\Controllers\Web\BizController->index('restaurant')
#4 C:\xampp\htdocs\otfonline\backend\ci4\system\CodeIgniter.php(419): CodeIgniter\CodeIgniter->runController(Object(App\Controllers\Web\BizController))
#5 C:\xampp\htdocs\otfonline\backend\ci4\system\CodeIgniter.php(326): CodeIgniter\CodeIgniter->handleRequest(NULL, Object(Config\Cache), false)
#6 C:\xampp\htdocs\otfonline\backend\ci4\public\index.php(37): CodeIgniter\CodeIgniter->run()
#7 C:\xampp\htdocs\otfonline\backend\ci4\system\Commands\Server\rewrite.php(43): require_once('C:\\xampp\\htdocs...')
#8 {main}
CRITICAL - 2022-04-19 12:54:58 --> syntax error, unexpected variable "$bizs", expecting ")"
#0 C:\xampp\htdocs\otfonline\backend\ci4\system\View\View.php(213): CodeIgniter\View\View->CodeIgniter\View\{closure}()
#1 C:\xampp\htdocs\otfonline\backend\ci4\system\Common.php(1089): CodeIgniter\View\View->render('main/biz', Array, true)
#2 C:\xampp\htdocs\otfonline\backend\ci4\app\Controllers\Web\BizController.php(59): view('main/biz', Array)
#3 C:\xampp\htdocs\otfonline\backend\ci4\system\CodeIgniter.php(832): App\Controllers\Web\BizController->index('restaurant')
#4 C:\xampp\htdocs\otfonline\backend\ci4\system\CodeIgniter.php(419): CodeIgniter\CodeIgniter->runController(Object(App\Controllers\Web\BizController))
#5 C:\xampp\htdocs\otfonline\backend\ci4\system\CodeIgniter.php(326): CodeIgniter\CodeIgniter->handleRequest(NULL, Object(Config\Cache), false)
#6 C:\xampp\htdocs\otfonline\backend\ci4\public\index.php(37): CodeIgniter\CodeIgniter->run()
#7 C:\xampp\htdocs\otfonline\backend\ci4\system\Commands\Server\rewrite.php(43): require_once('C:\\xampp\\htdocs...')
#8 {main}
CRITICAL - 2022-04-19 12:55:09 --> syntax error, unexpected variable "$bizs", expecting ")"
#0 C:\xampp\htdocs\otfonline\backend\ci4\system\View\View.php(213): CodeIgniter\View\View->CodeIgniter\View\{closure}()
#1 C:\xampp\htdocs\otfonline\backend\ci4\system\Common.php(1089): CodeIgniter\View\View->render('main/biz', Array, true)
#2 C:\xampp\htdocs\otfonline\backend\ci4\app\Controllers\Web\BizController.php(59): view('main/biz', Array)
#3 C:\xampp\htdocs\otfonline\backend\ci4\system\CodeIgniter.php(832): App\Controllers\Web\BizController->index('restaurant')
#4 C:\xampp\htdocs\otfonline\backend\ci4\system\CodeIgniter.php(419): CodeIgniter\CodeIgniter->runController(Object(App\Controllers\Web\BizController))
#5 C:\xampp\htdocs\otfonline\backend\ci4\system\CodeIgniter.php(326): CodeIgniter\CodeIgniter->handleRequest(NULL, Object(Config\Cache), false)
#6 C:\xampp\htdocs\otfonline\backend\ci4\public\index.php(37): CodeIgniter\CodeIgniter->run()
#7 C:\xampp\htdocs\otfonline\backend\ci4\system\Commands\Server\rewrite.php(43): require_once('C:\\xampp\\htdocs...')
#8 {main}
CRITICAL - 2022-04-19 12:55:34 --> Undefined constant "id"
#0 C:\xampp\htdocs\otfonline\backend\ci4\system\View\View.php(210): include()
#1 C:\xampp\htdocs\otfonline\backend\ci4\system\View\View.php(213): CodeIgniter\View\View->CodeIgniter\View\{closure}()
#2 C:\xampp\htdocs\otfonline\backend\ci4\system\Common.php(1089): CodeIgniter\View\View->render('main/biz', Array, true)
#3 C:\xampp\htdocs\otfonline\backend\ci4\app\Controllers\Web\BizController.php(59): view('main/biz', Array)
#4 C:\xampp\htdocs\otfonline\backend\ci4\system\CodeIgniter.php(832): App\Controllers\Web\BizController->index('restaurant')
#5 C:\xampp\htdocs\otfonline\backend\ci4\system\CodeIgniter.php(419): CodeIgniter\CodeIgniter->runController(Object(App\Controllers\Web\BizController))
#6 C:\xampp\htdocs\otfonline\backend\ci4\system\CodeIgniter.php(326): CodeIgniter\CodeIgniter->handleRequest(NULL, Object(Config\Cache), false)
#7 C:\xampp\htdocs\otfonline\backend\ci4\public\index.php(37): CodeIgniter\CodeIgniter->run()
#8 C:\xampp\htdocs\otfonline\backend\ci4\system\Commands\Server\rewrite.php(43): require_once('C:\\xampp\\htdocs...')
#9 {main}
CRITICAL - 2022-04-19 12:55:43 --> Undefined constant "id"
#0 C:\xampp\htdocs\otfonline\backend\ci4\system\View\View.php(210): include()
#1 C:\xampp\htdocs\otfonline\backend\ci4\system\View\View.php(213): CodeIgniter\View\View->CodeIgniter\View\{closure}()
#2 C:\xampp\htdocs\otfonline\backend\ci4\system\Common.php(1089): CodeIgniter\View\View->render('main/biz', Array, true)
#3 C:\xampp\htdocs\otfonline\backend\ci4\app\Controllers\Web\BizController.php(59): view('main/biz', Array)
#4 C:\xampp\htdocs\otfonline\backend\ci4\system\CodeIgniter.php(832): App\Controllers\Web\BizController->index('restaurant')
#5 C:\xampp\htdocs\otfonline\backend\ci4\system\CodeIgniter.php(419): CodeIgniter\CodeIgniter->runController(Object(App\Controllers\Web\BizController))
#6 C:\xampp\htdocs\otfonline\backend\ci4\system\CodeIgniter.php(326): CodeIgniter\CodeIgniter->handleRequest(NULL, Object(Config\Cache), false)
#7 C:\xampp\htdocs\otfonline\backend\ci4\public\index.php(37): CodeIgniter\CodeIgniter->run()
#8 C:\xampp\htdocs\otfonline\backend\ci4\system\Commands\Server\rewrite.php(43): require_once('C:\\xampp\\htdocs...')
#9 {main}
CRITICAL - 2022-04-19 12:55:57 --> Undefined constant "id"
#0 C:\xampp\htdocs\otfonline\backend\ci4\system\View\View.php(210): include()
#1 C:\xampp\htdocs\otfonline\backend\ci4\system\View\View.php(213): CodeIgniter\View\View->CodeIgniter\View\{closure}()
#2 C:\xampp\htdocs\otfonline\backend\ci4\system\Common.php(1089): CodeIgniter\View\View->render('main/biz', Array, true)
#3 C:\xampp\htdocs\otfonline\backend\ci4\app\Controllers\Web\BizController.php(59): view('main/biz', Array)
#4 C:\xampp\htdocs\otfonline\backend\ci4\system\CodeIgniter.php(832): App\Controllers\Web\BizController->index('restaurant')
#5 C:\xampp\htdocs\otfonline\backend\ci4\system\CodeIgniter.php(419): CodeIgniter\CodeIgniter->runController(Object(App\Controllers\Web\BizController))
#6 C:\xampp\htdocs\otfonline\backend\ci4\system\CodeIgniter.php(326): CodeIgniter\CodeIgniter->handleRequest(NULL, Object(Config\Cache), false)
#7 C:\xampp\htdocs\otfonline\backend\ci4\public\index.php(37): CodeIgniter\CodeIgniter->run()
#8 C:\xampp\htdocs\otfonline\backend\ci4\system\Commands\Server\rewrite.php(43): require_once('C:\\xampp\\htdocs...')
#9 {main}
CRITICAL - 2022-04-19 12:56:03 --> Cannot use object of type App\Entities\BizEntity as array
#0 C:\xampp\htdocs\otfonline\backend\ci4\system\View\View.php(210): include()
#1 C:\xampp\htdocs\otfonline\backend\ci4\system\View\View.php(213): CodeIgniter\View\View->CodeIgniter\View\{closure}()
#2 C:\xampp\htdocs\otfonline\backend\ci4\system\Common.php(1089): CodeIgniter\View\View->render('main/biz', Array, true)
#3 C:\xampp\htdocs\otfonline\backend\ci4\app\Controllers\Web\BizController.php(59): view('main/biz', Array)
#4 C:\xampp\htdocs\otfonline\backend\ci4\system\CodeIgniter.php(832): App\Controllers\Web\BizController->index('restaurant')
#5 C:\xampp\htdocs\otfonline\backend\ci4\system\CodeIgniter.php(419): CodeIgniter\CodeIgniter->runController(Object(App\Controllers\Web\BizController))
#6 C:\xampp\htdocs\otfonline\backend\ci4\system\CodeIgniter.php(326): CodeIgniter\CodeIgniter->handleRequest(NULL, Object(Config\Cache), false)
#7 C:\xampp\htdocs\otfonline\backend\ci4\public\index.php(37): CodeIgniter\CodeIgniter->run()
#8 C:\xampp\htdocs\otfonline\backend\ci4\system\Commands\Server\rewrite.php(43): require_once('C:\\xampp\\htdocs...')
#9 {main}
CRITICAL - 2022-04-19 12:56:28 --> Cannot use object of type App\Entities\BizEntity as array
#0 C:\xampp\htdocs\otfonline\backend\ci4\system\View\View.php(210): include()
#1 C:\xampp\htdocs\otfonline\backend\ci4\system\View\View.php(213): CodeIgniter\View\View->CodeIgniter\View\{closure}()
#2 C:\xampp\htdocs\otfonline\backend\ci4\system\Common.php(1089): CodeIgniter\View\View->render('main/biz', Array, true)
#3 C:\xampp\htdocs\otfonline\backend\ci4\app\Controllers\Web\BizController.php(59): view('main/biz', Array)
#4 C:\xampp\htdocs\otfonline\backend\ci4\system\CodeIgniter.php(832): App\Controllers\Web\BizController->index('restaurant')
#5 C:\xampp\htdocs\otfonline\backend\ci4\system\CodeIgniter.php(419): CodeIgniter\CodeIgniter->runController(Object(App\Controllers\Web\BizController))
#6 C:\xampp\htdocs\otfonline\backend\ci4\system\CodeIgniter.php(326): CodeIgniter\CodeIgniter->handleRequest(NULL, Object(Config\Cache), false)
#7 C:\xampp\htdocs\otfonline\backend\ci4\public\index.php(37): CodeIgniter\CodeIgniter->run()
#8 C:\xampp\htdocs\otfonline\backend\ci4\system\Commands\Server\rewrite.php(43): require_once('C:\\xampp\\htdocs...')
#9 {main}
CRITICAL - 2022-04-19 12:56:33 --> Cannot use object of type App\Entities\BizEntity as array
#0 C:\xampp\htdocs\otfonline\backend\ci4\system\View\View.php(210): include()
#1 C:\xampp\htdocs\otfonline\backend\ci4\system\View\View.php(213): CodeIgniter\View\View->CodeIgniter\View\{closure}()
#2 C:\xampp\htdocs\otfonline\backend\ci4\system\Common.php(1089): CodeIgniter\View\View->render('main/biz', Array, true)
#3 C:\xampp\htdocs\otfonline\backend\ci4\app\Controllers\Web\BizController.php(59): view('main/biz', Array)
#4 C:\xampp\htdocs\otfonline\backend\ci4\system\CodeIgniter.php(832): App\Controllers\Web\BizController->index('restaurant')
#5 C:\xampp\htdocs\otfonline\backend\ci4\system\CodeIgniter.php(419): CodeIgniter\CodeIgniter->runController(Object(App\Controllers\Web\BizController))
#6 C:\xampp\htdocs\otfonline\backend\ci4\system\CodeIgniter.php(326): CodeIgniter\CodeIgniter->handleRequest(NULL, Object(Config\Cache), false)
#7 C:\xampp\htdocs\otfonline\backend\ci4\public\index.php(37): CodeIgniter\CodeIgniter->run()
#8 C:\xampp\htdocs\otfonline\backend\ci4\system\Commands\Server\rewrite.php(43): require_once('C:\\xampp\\htdocs...')
#9 {main}
CRITICAL - 2022-04-19 12:59:05 --> syntax error, unexpected variable "$bizs", expecting ")"
#0 C:\xampp\htdocs\otfonline\backend\ci4\system\View\View.php(213): CodeIgniter\View\View->CodeIgniter\View\{closure}()
#1 C:\xampp\htdocs\otfonline\backend\ci4\system\Common.php(1089): CodeIgniter\View\View->render('main/biz', Array, true)
#2 C:\xampp\htdocs\otfonline\backend\ci4\app\Controllers\Web\BizController.php(59): view('main/biz', Array)
#3 C:\xampp\htdocs\otfonline\backend\ci4\system\CodeIgniter.php(832): App\Controllers\Web\BizController->index('restaurant')
#4 C:\xampp\htdocs\otfonline\backend\ci4\system\CodeIgniter.php(419): CodeIgniter\CodeIgniter->runController(Object(App\Controllers\Web\BizController))
#5 C:\xampp\htdocs\otfonline\backend\ci4\system\CodeIgniter.php(326): CodeIgniter\CodeIgniter->handleRequest(NULL, Object(Config\Cache), false)
#6 C:\xampp\htdocs\otfonline\backend\ci4\public\index.php(37): CodeIgniter\CodeIgniter->run()
#7 C:\xampp\htdocs\otfonline\backend\ci4\system\Commands\Server\rewrite.php(43): require_once('C:\\xampp\\htdocs...')
#8 {main}
CRITICAL - 2022-04-19 13:02:18 --> syntax error, unexpected double-quoted string ">", expecting "," or ";"
#0 C:\xampp\htdocs\otfonline\backend\ci4\system\View\View.php(213): CodeIgniter\View\View->CodeIgniter\View\{closure}()
#1 C:\xampp\htdocs\otfonline\backend\ci4\system\Common.php(1089): CodeIgniter\View\View->render('main/biz', Array, true)
#2 C:\xampp\htdocs\otfonline\backend\ci4\app\Controllers\Web\BizController.php(59): view('main/biz', Array)
#3 C:\xampp\htdocs\otfonline\backend\ci4\system\CodeIgniter.php(832): App\Controllers\Web\BizController->index('restaurant')
#4 C:\xampp\htdocs\otfonline\backend\ci4\system\CodeIgniter.php(419): CodeIgniter\CodeIgniter->runController(Object(App\Controllers\Web\BizController))
#5 C:\xampp\htdocs\otfonline\backend\ci4\system\CodeIgniter.php(326): CodeIgniter\CodeIgniter->handleRequest(NULL, Object(Config\Cache), false)
#6 C:\xampp\htdocs\otfonline\backend\ci4\public\index.php(37): CodeIgniter\CodeIgniter->run()
#7 C:\xampp\htdocs\otfonline\backend\ci4\system\Commands\Server\rewrite.php(43): require_once('C:\\xampp\\htdocs...')
#8 {main}
CRITICAL - 2022-04-19 13:04:37 --> Invalid file: main/bizcategorymenu.php
#0 C:\xampp\htdocs\otfonline\backend\ci4\system\View\View.php(198): CodeIgniter\Exceptions\FrameworkException::forInvalidFile('main/bizcategor...')
#1 C:\xampp\htdocs\otfonline\backend\ci4\system\Common.php(1089): CodeIgniter\View\View->render('main/bizcategor...', Array, true)
#2 C:\xampp\htdocs\otfonline\backend\ci4\app\Controllers\Web\BizController.php(88): view('main/bizcategor...', Array)
#3 C:\xampp\htdocs\otfonline\backend\ci4\system\CodeIgniter.php(832): App\Controllers\Web\BizController->bizCategoryMenu('oyinmons_bites')
#4 C:\xampp\htdocs\otfonline\backend\ci4\system\CodeIgniter.php(419): CodeIgniter\CodeIgniter->runController(Object(App\Controllers\Web\BizController))
#5 C:\xampp\htdocs\otfonline\backend\ci4\system\CodeIgniter.php(326): CodeIgniter\CodeIgniter->handleRequest(NULL, Object(Config\Cache), false)
#6 C:\xampp\htdocs\otfonline\backend\ci4\public\index.php(37): CodeIgniter\CodeIgniter->run()
#7 C:\xampp\htdocs\otfonline\backend\ci4\system\Commands\Server\rewrite.php(43): require_once('C:\\xampp\\htdocs...')
#8 {main}
CRITICAL - 2022-04-19 13:05:03 --> Invalid file: main/bizcategorymenu.php
#0 C:\xampp\htdocs\otfonline\backend\ci4\system\View\View.php(198): CodeIgniter\Exceptions\FrameworkException::forInvalidFile('main/bizcategor...')
#1 C:\xampp\htdocs\otfonline\backend\ci4\system\Common.php(1089): CodeIgniter\View\View->render('main/bizcategor...', Array, true)
#2 C:\xampp\htdocs\otfonline\backend\ci4\app\Controllers\Web\BizController.php(88): view('main/bizcategor...', Array)
#3 C:\xampp\htdocs\otfonline\backend\ci4\system\CodeIgniter.php(832): App\Controllers\Web\BizController->bizCategoryMenu('pinkberry')
#4 C:\xampp\htdocs\otfonline\backend\ci4\system\CodeIgniter.php(419): CodeIgniter\CodeIgniter->runController(Object(App\Controllers\Web\BizController))
#5 C:\xampp\htdocs\otfonline\backend\ci4\system\CodeIgniter.php(326): CodeIgniter\CodeIgniter->handleRequest(NULL, Object(Config\Cache), false)
#6 C:\xampp\htdocs\otfonline\backend\ci4\public\index.php(37): CodeIgniter\CodeIgniter->run()
#7 C:\xampp\htdocs\otfonline\backend\ci4\system\Commands\Server\rewrite.php(43): require_once('C:\\xampp\\htdocs...')
#8 {main}
CRITICAL - 2022-04-19 13:05:56 --> Invalid file: main/bizcategorymenu.php
#0 C:\xampp\htdocs\otfonline\backend\ci4\system\View\View.php(198): CodeIgniter\Exceptions\FrameworkException::forInvalidFile('main/bizcategor...')
#1 C:\xampp\htdocs\otfonline\backend\ci4\system\Common.php(1089): CodeIgniter\View\View->render('main/bizcategor...', Array, true)
#2 C:\xampp\htdocs\otfonline\backend\ci4\app\Controllers\Web\BizController.php(88): view('main/bizcategor...', Array)
#3 C:\xampp\htdocs\otfonline\backend\ci4\system\CodeIgniter.php(832): App\Controllers\Web\BizController->bizCategoryMenu('pinkberry')
#4 C:\xampp\htdocs\otfonline\backend\ci4\system\CodeIgniter.php(419): CodeIgniter\CodeIgniter->runController(Object(App\Controllers\Web\BizController))
#5 C:\xampp\htdocs\otfonline\backend\ci4\system\CodeIgniter.php(326): CodeIgniter\CodeIgniter->handleRequest(NULL, Object(Config\Cache), false)
#6 C:\xampp\htdocs\otfonline\backend\ci4\public\index.php(37): CodeIgniter\CodeIgniter->run()
#7 C:\xampp\htdocs\otfonline\backend\ci4\system\Commands\Server\rewrite.php(43): require_once('C:\\xampp\\htdocs...')
#8 {main}
CRITICAL - 2022-04-19 14:48:37 --> Attempt to read property "pager" on array
#0 C:\xampp\htdocs\otfonline\backend\ci4\app\Controllers\Web\BizController.php(55): CodeIgniter\Debug\Exceptions->errorHandler(2, 'Attempt to read...', 'C:\\xampp\\htdocs...', 55)
#1 C:\xampp\htdocs\otfonline\backend\ci4\system\CodeIgniter.php(832): App\Controllers\Web\BizController->index('restaurant')
#2 C:\xampp\htdocs\otfonline\backend\ci4\system\CodeIgniter.php(419): CodeIgniter\CodeIgniter->runController(Object(App\Controllers\Web\BizController))
#3 C:\xampp\htdocs\otfonline\backend\ci4\system\CodeIgniter.php(326): CodeIgniter\CodeIgniter->handleRequest(NULL, Object(Config\Cache), false)
#4 C:\xampp\htdocs\otfonline\backend\ci4\public\index.php(37): CodeIgniter\CodeIgniter->run()
#5 C:\xampp\htdocs\otfonline\backend\ci4\system\Commands\Server\rewrite.php(43): require_once('C:\\xampp\\htdocs...')
#6 {main}
CRITICAL - 2022-04-19 14:49:45 --> Undefined property: App\Controllers\Web\BizController::$bizs
#0 C:\xampp\htdocs\otfonline\backend\ci4\app\Controllers\Web\BizController.php(55): CodeIgniter\Debug\Exceptions->errorHandler(2, 'Undefined prope...', 'C:\\xampp\\htdocs...', 55)
#1 C:\xampp\htdocs\otfonline\backend\ci4\system\CodeIgniter.php(832): App\Controllers\Web\BizController->index('restaurant')
#2 C:\xampp\htdocs\otfonline\backend\ci4\system\CodeIgniter.php(419): CodeIgniter\CodeIgniter->runController(Object(App\Controllers\Web\BizController))
#3 C:\xampp\htdocs\otfonline\backend\ci4\system\CodeIgniter.php(326): CodeIgniter\CodeIgniter->handleRequest(NULL, Object(Config\Cache), false)
#4 C:\xampp\htdocs\otfonline\backend\ci4\public\index.php(37): CodeIgniter\CodeIgniter->run()
#5 C:\xampp\htdocs\otfonline\backend\ci4\system\Commands\Server\rewrite.php(43): require_once('C:\\xampp\\htdocs...')
#6 {main}
CRITICAL - 2022-04-19 14:54:55 --> syntax error, unexpected token "if"
#0 C:\xampp\htdocs\otfonline\backend\ci4\system\View\View.php(213): CodeIgniter\View\View->CodeIgniter\View\{closure}()
#1 C:\xampp\htdocs\otfonline\backend\ci4\system\Common.php(1089): CodeIgniter\View\View->render('main/biz', Array, true)
#2 C:\xampp\htdocs\otfonline\backend\ci4\app\Controllers\Web\BizController.php(60): view('main/biz', Array)
#3 C:\xampp\htdocs\otfonline\backend\ci4\system\CodeIgniter.php(832): App\Controllers\Web\BizController->index('restaurant')
#4 C:\xampp\htdocs\otfonline\backend\ci4\system\CodeIgniter.php(419): CodeIgniter\CodeIgniter->runController(Object(App\Controllers\Web\BizController))
#5 C:\xampp\htdocs\otfonline\backend\ci4\system\CodeIgniter.php(326): CodeIgniter\CodeIgniter->handleRequest(NULL, Object(Config\Cache), false)
#6 C:\xampp\htdocs\otfonline\backend\ci4\public\index.php(37): CodeIgniter\CodeIgniter->run()
#7 C:\xampp\htdocs\otfonline\backend\ci4\system\Commands\Server\rewrite.php(43): require_once('C:\\xampp\\htdocs...')
#8 {main}
CRITICAL - 2022-04-19 15:03:51 --> Undefined property: CodeIgniter\Pager\Pager::$pageCount
#0 C:\xampp\htdocs\otfonline\backend\ci4\app\Views\Main\biz.php(61): CodeIgniter\Debug\Exceptions->errorHandler(2, 'Undefined prope...', 'C:\\xampp\\htdocs...', 61)
#1 C:\xampp\htdocs\otfonline\backend\ci4\system\View\View.php(210): include('C:\\xampp\\htdocs...')
#2 C:\xampp\htdocs\otfonline\backend\ci4\system\View\View.php(213): CodeIgniter\View\View->CodeIgniter\View\{closure}()
#3 C:\xampp\htdocs\otfonline\backend\ci4\system\Common.php(1089): CodeIgniter\View\View->render('main/biz', Array, true)
#4 C:\xampp\htdocs\otfonline\backend\ci4\app\Controllers\Web\BizController.php(60): view('main/biz', Array)
#5 C:\xampp\htdocs\otfonline\backend\ci4\system\CodeIgniter.php(832): App\Controllers\Web\BizController->index('restaurant')
#6 C:\xampp\htdocs\otfonline\backend\ci4\system\CodeIgniter.php(419): CodeIgniter\CodeIgniter->runController(Object(App\Controllers\Web\BizController))
#7 C:\xampp\htdocs\otfonline\backend\ci4\system\CodeIgniter.php(326): CodeIgniter\CodeIgniter->handleRequest(NULL, Object(Config\Cache), false)
#8 C:\xampp\htdocs\otfonline\backend\ci4\public\index.php(37): CodeIgniter\CodeIgniter->run()
#9 C:\xampp\htdocs\otfonline\backend\ci4\system\Commands\Server\rewrite.php(43): require_once('C:\\xampp\\htdocs...')
#10 {main}
CRITICAL - 2022-04-19 15:13:57 --> Undefined property: CodeIgniter\Pager\Pager::$pageCount
#0 C:\xampp\htdocs\otfonline\backend\ci4\app\Views\Main\biz.php(63): CodeIgniter\Debug\Exceptions->errorHandler(2, 'Undefined prope...', 'C:\\xampp\\htdocs...', 63)
#1 C:\xampp\htdocs\otfonline\backend\ci4\system\View\View.php(210): include('C:\\xampp\\htdocs...')
#2 C:\xampp\htdocs\otfonline\backend\ci4\system\View\View.php(213): CodeIgniter\View\View->CodeIgniter\View\{closure}()
#3 C:\xampp\htdocs\otfonline\backend\ci4\system\Common.php(1089): CodeIgniter\View\View->render('main/biz', Array, true)
#4 C:\xampp\htdocs\otfonline\backend\ci4\app\Controllers\Web\BizController.php(60): view('main/biz', Array)
#5 C:\xampp\htdocs\otfonline\backend\ci4\system\CodeIgniter.php(832): App\Controllers\Web\BizController->index('restaurant')
#6 C:\xampp\htdocs\otfonline\backend\ci4\system\CodeIgniter.php(419): CodeIgniter\CodeIgniter->runController(Object(App\Controllers\Web\BizController))
#7 C:\xampp\htdocs\otfonline\backend\ci4\system\CodeIgniter.php(326): CodeIgniter\CodeIgniter->handleRequest(NULL, Object(Config\Cache), false)
#8 C:\xampp\htdocs\otfonline\backend\ci4\public\index.php(37): CodeIgniter\CodeIgniter->run()
#9 C:\xampp\htdocs\otfonline\backend\ci4\system\Commands\Server\rewrite.php(43): require_once('C:\\xampp\\htdocs...')
#10 {main}
CRITICAL - 2022-04-19 15:14:17 --> Cannot use object of type CodeIgniter\Pager\Pager as array
#0 C:\xampp\htdocs\otfonline\backend\ci4\system\View\View.php(210): include()
#1 C:\xampp\htdocs\otfonline\backend\ci4\system\View\View.php(213): CodeIgniter\View\View->CodeIgniter\View\{closure}()
#2 C:\xampp\htdocs\otfonline\backend\ci4\system\Common.php(1089): CodeIgniter\View\View->render('main/biz', Array, true)
#3 C:\xampp\htdocs\otfonline\backend\ci4\app\Controllers\Web\BizController.php(60): view('main/biz', Array)
#4 C:\xampp\htdocs\otfonline\backend\ci4\system\CodeIgniter.php(832): App\Controllers\Web\BizController->index('restaurant')
#5 C:\xampp\htdocs\otfonline\backend\ci4\system\CodeIgniter.php(419): CodeIgniter\CodeIgniter->runController(Object(App\Controllers\Web\BizController))
#6 C:\xampp\htdocs\otfonline\backend\ci4\system\CodeIgniter.php(326): CodeIgniter\CodeIgniter->handleRequest(NULL, Object(Config\Cache), false)
#7 C:\xampp\htdocs\otfonline\backend\ci4\public\index.php(37): CodeIgniter\CodeIgniter->run()
#8 C:\xampp\htdocs\otfonline\backend\ci4\system\Commands\Server\rewrite.php(43): require_once('C:\\xampp\\htdocs...')
#9 {main}
CRITICAL - 2022-04-19 15:53:04 --> Attempt to read property "city_name" on array
#0 C:\xampp\htdocs\otfonline\backend\ci4\app\Views\Main\bizcategorymenu.php(16): CodeIgniter\Debug\Exceptions->errorHandler(2, 'Attempt to read...', 'C:\\xampp\\htdocs...', 16)
#1 C:\xampp\htdocs\otfonline\backend\ci4\system\View\View.php(210): include('C:\\xampp\\htdocs...')
#2 C:\xampp\htdocs\otfonline\backend\ci4\system\View\View.php(213): CodeIgniter\View\View->CodeIgniter\View\{closure}()
#3 C:\xampp\htdocs\otfonline\backend\ci4\system\Common.php(1089): CodeIgniter\View\View->render('main/bizcategor...', Array, true)
#4 C:\xampp\htdocs\otfonline\backend\ci4\app\Controllers\Web\BizController.php(89): view('main/bizcategor...', Array)
#5 C:\xampp\htdocs\otfonline\backend\ci4\system\CodeIgniter.php(832): App\Controllers\Web\BizController->bizCategoryMenu('oyinmons_bites')
#6 C:\xampp\htdocs\otfonline\backend\ci4\system\CodeIgniter.php(419): CodeIgniter\CodeIgniter->runController(Object(App\Controllers\Web\BizController))
#7 C:\xampp\htdocs\otfonline\backend\ci4\system\CodeIgniter.php(326): CodeIgniter\CodeIgniter->handleRequest(NULL, Object(Config\Cache), false)
#8 C:\xampp\htdocs\otfonline\backend\ci4\public\index.php(37): CodeIgniter\CodeIgniter->run()
#9 C:\xampp\htdocs\otfonline\backend\ci4\system\Commands\Server\rewrite.php(43): require_once('C:\\xampp\\htdocs...')
#10 {main}
CRITICAL - 2022-04-19 15:53:25 --> Attempt to read property "state_name" on array
#0 C:\xampp\htdocs\otfonline\backend\ci4\app\Views\Main\bizcategorymenu.php(16): CodeIgniter\Debug\Exceptions->errorHandler(2, 'Attempt to read...', 'C:\\xampp\\htdocs...', 16)
#1 C:\xampp\htdocs\otfonline\backend\ci4\system\View\View.php(210): include('C:\\xampp\\htdocs...')
#2 C:\xampp\htdocs\otfonline\backend\ci4\system\View\View.php(213): CodeIgniter\View\View->CodeIgniter\View\{closure}()
#3 C:\xampp\htdocs\otfonline\backend\ci4\system\Common.php(1089): CodeIgniter\View\View->render('main/bizcategor...', Array, true)
#4 C:\xampp\htdocs\otfonline\backend\ci4\app\Controllers\Web\BizController.php(89): view('main/bizcategor...', Array)
#5 C:\xampp\htdocs\otfonline\backend\ci4\system\CodeIgniter.php(832): App\Controllers\Web\BizController->bizCategoryMenu('oyinmons_bites')
#6 C:\xampp\htdocs\otfonline\backend\ci4\system\CodeIgniter.php(419): CodeIgniter\CodeIgniter->runController(Object(App\Controllers\Web\BizController))
#7 C:\xampp\htdocs\otfonline\backend\ci4\system\CodeIgniter.php(326): CodeIgniter\CodeIgniter->handleRequest(NULL, Object(Config\Cache), false)
#8 C:\xampp\htdocs\otfonline\backend\ci4\public\index.php(37): CodeIgniter\CodeIgniter->run()
#9 C:\xampp\htdocs\otfonline\backend\ci4\system\Commands\Server\rewrite.php(43): require_once('C:\\xampp\\htdocs...')
#10 {main}
CRITICAL - 2022-04-19 18:03:50 --> Attempt to read property "name" on array
#0 C:\xampp\htdocs\otfonline\backend\ci4\app\Views\Main\bizcategorymenu.php(80): CodeIgniter\Debug\Exceptions->errorHandler(2, 'Attempt to read...', 'C:\\xampp\\htdocs...', 80)
#1 C:\xampp\htdocs\otfonline\backend\ci4\system\View\View.php(210): include('C:\\xampp\\htdocs...')
#2 C:\xampp\htdocs\otfonline\backend\ci4\system\View\View.php(213): CodeIgniter\View\View->CodeIgniter\View\{closure}()
#3 C:\xampp\htdocs\otfonline\backend\ci4\system\Common.php(1089): CodeIgniter\View\View->render('main/bizcategor...', Array, true)
#4 C:\xampp\htdocs\otfonline\backend\ci4\app\Controllers\Web\BizController.php(89): view('main/bizcategor...', Array)
#5 C:\xampp\htdocs\otfonline\backend\ci4\system\CodeIgniter.php(832): App\Controllers\Web\BizController->bizCategoryMenu('the_place')
#6 C:\xampp\htdocs\otfonline\backend\ci4\system\CodeIgniter.php(419): CodeIgniter\CodeIgniter->runController(Object(App\Controllers\Web\BizController))
#7 C:\xampp\htdocs\otfonline\backend\ci4\system\CodeIgniter.php(326): CodeIgniter\CodeIgniter->handleRequest(NULL, Object(Config\Cache), false)
#8 C:\xampp\htdocs\otfonline\backend\ci4\public\index.php(37): CodeIgniter\CodeIgniter->run()
#9 C:\xampp\htdocs\otfonline\backend\ci4\system\Commands\Server\rewrite.php(43): require_once('C:\\xampp\\htdocs...')
#10 {main}
CRITICAL - 2022-04-19 18:06:57 --> syntax error, unexpected token "foreach"
#0 C:\xampp\htdocs\otfonline\backend\ci4\system\View\View.php(213): CodeIgniter\View\View->CodeIgniter\View\{closure}()
#1 C:\xampp\htdocs\otfonline\backend\ci4\system\Common.php(1089): CodeIgniter\View\View->render('main/bizcategor...', Array, true)
#2 C:\xampp\htdocs\otfonline\backend\ci4\app\Controllers\Web\BizController.php(89): view('main/bizcategor...', Array)
#3 C:\xampp\htdocs\otfonline\backend\ci4\system\CodeIgniter.php(832): App\Controllers\Web\BizController->bizCategoryMenu('the_place')
#4 C:\xampp\htdocs\otfonline\backend\ci4\system\CodeIgniter.php(419): CodeIgniter\CodeIgniter->runController(Object(App\Controllers\Web\BizController))
#5 C:\xampp\htdocs\otfonline\backend\ci4\system\CodeIgniter.php(326): CodeIgniter\CodeIgniter->handleRequest(NULL, Object(Config\Cache), false)
#6 C:\xampp\htdocs\otfonline\backend\ci4\public\index.php(37): CodeIgniter\CodeIgniter->run()
#7 C:\xampp\htdocs\otfonline\backend\ci4\system\Commands\Server\rewrite.php(43): require_once('C:\\xampp\\htdocs...')
#8 {main}
CRITICAL - 2022-04-19 18:20:14 --> Cannot use object of type App\Entities\BizMenuEntity as array
#0 C:\xampp\htdocs\otfonline\backend\ci4\system\View\View.php(210): include()
#1 C:\xampp\htdocs\otfonline\backend\ci4\system\View\View.php(213): CodeIgniter\View\View->CodeIgniter\View\{closure}()
#2 C:\xampp\htdocs\otfonline\backend\ci4\system\Common.php(1089): CodeIgniter\View\View->render('main/bizcategor...', Array, true)
#3 C:\xampp\htdocs\otfonline\backend\ci4\app\Controllers\Web\BizController.php(89): view('main/bizcategor...', Array)
#4 C:\xampp\htdocs\otfonline\backend\ci4\system\CodeIgniter.php(832): App\Controllers\Web\BizController->bizCategoryMenu('the_place')
#5 C:\xampp\htdocs\otfonline\backend\ci4\system\CodeIgniter.php(419): CodeIgniter\CodeIgniter->runController(Object(App\Controllers\Web\BizController))
#6 C:\xampp\htdocs\otfonline\backend\ci4\system\CodeIgniter.php(326): CodeIgniter\CodeIgniter->handleRequest(NULL, Object(Config\Cache), false)
#7 C:\xampp\htdocs\otfonline\backend\ci4\public\index.php(37): CodeIgniter\CodeIgniter->run()
#8 C:\xampp\htdocs\otfonline\backend\ci4\system\Commands\Server\rewrite.php(43): require_once('C:\\xampp\\htdocs...')
#9 {main}
