ERROR - 2022-06-23 17:29:32 --> Unknown column 'biz_menu_addups' in 'field list'
CRITICAL - 2022-06-23 17:29:32 --> Unknown column 'biz_menu_addups' in 'field list'
#0 C:\xampp\htdocs\otfonline\backend\ci4\system\Database\MySQLi\Connection.php(292): mysqli->query('SELECT `biz_men...', 0)
#1 C:\xampp\htdocs\otfonline\backend\ci4\system\Database\BaseConnection.php(670): CodeIgniter\Database\MySQLi\Connection->execute('SELECT `biz_men...')
#2 C:\xampp\htdocs\otfonline\backend\ci4\system\Database\BaseConnection.php(598): CodeIgniter\Database\BaseConnection->simpleQuery('SELECT `biz_men...')
#3 C:\xampp\htdocs\otfonline\backend\ci4\system\Database\BaseBuilder.php(1455): CodeIgniter\Database\BaseConnection->query('SELECT `biz_men...', Array, false)
#4 C:\xampp\htdocs\otfonline\backend\ci4\system\Model.php(183): CodeIgniter\Database\BaseBuilder->get()
#5 C:\xampp\htdocs\otfonline\backend\ci4\system\BaseModel.php(584): CodeIgniter\Model->doFindAll(0, 0)
#6 C:\xampp\htdocs\otfonline\backend\ci4\app\Entities\BizEntity.php(69): CodeIgniter\BaseModel->findAll()
#7 C:\xampp\htdocs\otfonline\backend\ci4\app\Entities\BizEntity.php(80): App\Entities\BizEntity->setaddMenusJoin('53')
#8 C:\xampp\htdocs\otfonline\backend\ci4\system\Entity\Entity.php(490): App\Entities\BizEntity->getMenuAndAddupMenus()
#9 C:\xampp\htdocs\otfonline\backend\ci4\app\Controllers\Web\Superadmin\BizController.php(192): CodeIgniter\Entity\Entity->__get('MenuAndAddupMen...')
#10 C:\xampp\htdocs\otfonline\backend\ci4\system\CodeIgniter.php(838): App\Controllers\Web\Superadmin\BizController->menus('the_place')
#11 C:\xampp\htdocs\otfonline\backend\ci4\system\CodeIgniter.php(425): CodeIgniter\CodeIgniter->runController(Object(App\Controllers\Web\Superadmin\BizController))
#12 C:\xampp\htdocs\otfonline\backend\ci4\system\CodeIgniter.php(332): CodeIgniter\CodeIgniter->handleRequest(NULL, Object(Config\Cache), false)
#13 C:\xampp\htdocs\otfonline\backend\ci4\public\index.php(37): CodeIgniter\CodeIgniter->run()
#14 C:\xampp\htdocs\otfonline\backend\ci4\system\Commands\Server\rewrite.php(43): require_once('C:\\xampp\\htdocs...')
#15 {main}
ERROR - 2022-06-23 17:30:06 --> You have an error in your SQL syntax; check the manual that corresponds to your MariaDB server version for the right syntax to use near '*) as counts, `biz_menu_addup_categories`.`name` as `addup_category_name`, `b...' at line 1
CRITICAL - 2022-06-23 17:30:06 --> You have an error in your SQL syntax; check the manual that corresponds to your MariaDB server version for the right syntax to use near '*) as counts, `biz_menu_addup_categories`.`name` as `addup_category_name`, `b...' at line 1
#0 C:\xampp\htdocs\otfonline\backend\ci4\system\Database\MySQLi\Connection.php(292): mysqli->query('SELECT `biz_men...', 0)
#1 C:\xampp\htdocs\otfonline\backend\ci4\system\Database\BaseConnection.php(670): CodeIgniter\Database\MySQLi\Connection->execute('SELECT `biz_men...')
#2 C:\xampp\htdocs\otfonline\backend\ci4\system\Database\BaseConnection.php(598): CodeIgniter\Database\BaseConnection->simpleQuery('SELECT `biz_men...')
#3 C:\xampp\htdocs\otfonline\backend\ci4\system\Database\BaseBuilder.php(1455): CodeIgniter\Database\BaseConnection->query('SELECT `biz_men...', Array, false)
#4 C:\xampp\htdocs\otfonline\backend\ci4\system\Model.php(183): CodeIgniter\Database\BaseBuilder->get()
#5 C:\xampp\htdocs\otfonline\backend\ci4\system\BaseModel.php(584): CodeIgniter\Model->doFindAll(0, 0)
#6 C:\xampp\htdocs\otfonline\backend\ci4\app\Entities\BizEntity.php(69): CodeIgniter\BaseModel->findAll()
#7 C:\xampp\htdocs\otfonline\backend\ci4\app\Entities\BizEntity.php(80): App\Entities\BizEntity->setaddMenusJoin('53')
#8 C:\xampp\htdocs\otfonline\backend\ci4\system\Entity\Entity.php(490): App\Entities\BizEntity->getMenuAndAddupMenus()
#9 C:\xampp\htdocs\otfonline\backend\ci4\app\Controllers\Web\Superadmin\BizController.php(192): CodeIgniter\Entity\Entity->__get('MenuAndAddupMen...')
#10 C:\xampp\htdocs\otfonline\backend\ci4\system\CodeIgniter.php(838): App\Controllers\Web\Superadmin\BizController->menus('the_place')
#11 C:\xampp\htdocs\otfonline\backend\ci4\system\CodeIgniter.php(425): CodeIgniter\CodeIgniter->runController(Object(App\Controllers\Web\Superadmin\BizController))
#12 C:\xampp\htdocs\otfonline\backend\ci4\system\CodeIgniter.php(332): CodeIgniter\CodeIgniter->handleRequest(NULL, Object(Config\Cache), false)
#13 C:\xampp\htdocs\otfonline\backend\ci4\public\index.php(37): CodeIgniter\CodeIgniter->run()
#14 C:\xampp\htdocs\otfonline\backend\ci4\system\Commands\Server\rewrite.php(43): require_once('C:\\xampp\\htdocs...')
#15 {main}
ERROR - 2022-06-23 17:30:46 --> You have an error in your SQL syntax; check the manual that corresponds to your MariaDB server version for the right syntax to use near '*) as counts_menu, `biz_menu_addup_categories`.`name` as `addup_category_name...' at line 1
CRITICAL - 2022-06-23 17:30:46 --> You have an error in your SQL syntax; check the manual that corresponds to your MariaDB server version for the right syntax to use near '*) as counts_menu, `biz_menu_addup_categories`.`name` as `addup_category_name...' at line 1
#0 C:\xampp\htdocs\otfonline\backend\ci4\system\Database\MySQLi\Connection.php(292): mysqli->query('SELECT `biz_men...', 0)
#1 C:\xampp\htdocs\otfonline\backend\ci4\system\Database\BaseConnection.php(670): CodeIgniter\Database\MySQLi\Connection->execute('SELECT `biz_men...')
#2 C:\xampp\htdocs\otfonline\backend\ci4\system\Database\BaseConnection.php(598): CodeIgniter\Database\BaseConnection->simpleQuery('SELECT `biz_men...')
#3 C:\xampp\htdocs\otfonline\backend\ci4\system\Database\BaseBuilder.php(1455): CodeIgniter\Database\BaseConnection->query('SELECT `biz_men...', Array, false)
#4 C:\xampp\htdocs\otfonline\backend\ci4\system\Model.php(183): CodeIgniter\Database\BaseBuilder->get()
#5 C:\xampp\htdocs\otfonline\backend\ci4\system\BaseModel.php(584): CodeIgniter\Model->doFindAll(0, 0)
#6 C:\xampp\htdocs\otfonline\backend\ci4\app\Entities\BizEntity.php(69): CodeIgniter\BaseModel->findAll()
#7 C:\xampp\htdocs\otfonline\backend\ci4\app\Entities\BizEntity.php(80): App\Entities\BizEntity->setaddMenusJoin('53')
#8 C:\xampp\htdocs\otfonline\backend\ci4\system\Entity\Entity.php(490): App\Entities\BizEntity->getMenuAndAddupMenus()
#9 C:\xampp\htdocs\otfonline\backend\ci4\app\Controllers\Web\Superadmin\BizController.php(192): CodeIgniter\Entity\Entity->__get('MenuAndAddupMen...')
#10 C:\xampp\htdocs\otfonline\backend\ci4\system\CodeIgniter.php(838): App\Controllers\Web\Superadmin\BizController->menus('the_place')
#11 C:\xampp\htdocs\otfonline\backend\ci4\system\CodeIgniter.php(425): CodeIgniter\CodeIgniter->runController(Object(App\Controllers\Web\Superadmin\BizController))
#12 C:\xampp\htdocs\otfonline\backend\ci4\system\CodeIgniter.php(332): CodeIgniter\CodeIgniter->handleRequest(NULL, Object(Config\Cache), false)
#13 C:\xampp\htdocs\otfonline\backend\ci4\public\index.php(37): CodeIgniter\CodeIgniter->run()
#14 C:\xampp\htdocs\otfonline\backend\ci4\system\Commands\Server\rewrite.php(43): require_once('C:\\xampp\\htdocs...')
#15 {main}
