ALERT - 2022-07-23 13:39:27 --> SELECT *
FROM `admins`
WHERE `email` = 'admin@otfonline.com.ng'
AND `admins`.`deleted_at` IS NULL
 LIMIT 1
ALERT - 2022-07-23 13:39:29 --> SELECT `delivery_locations`.*, `state_cities`.`city_name`, `states`.`state_name`
FROM `delivery_locations`
LEFT JOIN `state_cities` ON `delivery_locations`.`city_id` = `state_cities`.`id`
LEFT JOIN `states` ON `delivery_locations`.`state_id` = `states`.`id`
WHERE `delivery_locations`.`deleted_at` IS NULL
ORDER BY `state_name` ASC, `city_name` ASC
ALERT - 2022-07-23 13:44:49 --> SELECT *
FROM `bizs`
WHERE `isdeleted` = 0
AND `slug` = 'the_place'
AND `bizs`.`deleted_at` IS NULL
 LIMIT 1
ALERT - 2022-07-23 13:44:49 --> SELECT *
FROM `states`
WHERE `states`.`id` = '32'
ALERT - 2022-07-23 13:44:49 --> SELECT *
FROM `state_cities`
WHERE `state_cities`.`id` = '637'
ALERT - 2022-07-23 13:44:49 --> SELECT COUNT(*) AS `numrows`
FROM `biz_menus`
WHERE `biz_menus`.`biz_id` = '3'
AND `biz_menus`.`isdeleted` = 0
AND `biz_menus`.`deleted_at` IS NULL
ALERT - 2022-07-23 13:44:49 --> SELECT *
FROM `biz_menu_categories`
WHERE `menu_parent_id` = 0
AND `status` = 1
AND `isdeleted` = 0
AND `biz_id` = '3'
AND `biz_menu_categories`.`deleted_at` IS NULL
ORDER BY `sort` ASC
ALERT - 2022-07-23 13:44:49 --> SELECT COUNT(*) AS `numrows`
FROM `biz_menus`
WHERE `biz_id` = '3'
AND `biz_menu_category_id` = '11'
AND `biz_menus`.`deleted_at` IS NULL
ALERT - 2022-07-23 13:44:49 --> SELECT COUNT(*) AS `numrows`
FROM `biz_menu_categories`
WHERE `biz_id` = '3'
AND `menu_parent_id` = '11'
AND `biz_menu_categories`.`deleted_at` IS NULL
ALERT - 2022-07-23 13:44:49 --> SELECT *
FROM `biz_menu_categories`
WHERE `menu_parent_id` = '11'
AND `status` = 1
AND `isdeleted` = 0
AND `biz_id` = '3'
AND `biz_menu_categories`.`deleted_at` IS NULL
ORDER BY `sort` ASC
ALERT - 2022-07-23 13:44:49 --> SELECT COUNT(*) AS `numrows`
FROM `biz_menus`
WHERE `biz_id` = '3'
AND `biz_menu_category_id` = '12'
AND `biz_menus`.`deleted_at` IS NULL
ALERT - 2022-07-23 13:44:49 --> SELECT COUNT(*) AS `numrows`
FROM `biz_menu_categories`
WHERE `biz_id` = '3'
AND `menu_parent_id` = '12'
AND `biz_menu_categories`.`deleted_at` IS NULL
ALERT - 2022-07-23 13:44:49 --> SELECT *
FROM `biz_menu_categories`
WHERE `menu_parent_id` = '12'
AND `status` = 1
AND `isdeleted` = 0
AND `biz_id` = '3'
AND `biz_menu_categories`.`deleted_at` IS NULL
ORDER BY `sort` ASC
ALERT - 2022-07-23 13:44:49 --> SELECT COUNT(*) AS `numrows`
FROM `biz_menus`
WHERE `biz_id` = '3'
AND `biz_menu_category_id` = '13'
AND `biz_menus`.`deleted_at` IS NULL
ALERT - 2022-07-23 13:44:49 --> SELECT COUNT(*) AS `numrows`
FROM `biz_menu_categories`
WHERE `biz_id` = '3'
AND `menu_parent_id` = '13'
AND `biz_menu_categories`.`deleted_at` IS NULL
ALERT - 2022-07-23 13:44:49 --> SELECT *
FROM `biz_menu_categories`
WHERE `menu_parent_id` = '13'
AND `status` = 1
AND `isdeleted` = 0
AND `biz_id` = '3'
AND `biz_menu_categories`.`deleted_at` IS NULL
ORDER BY `sort` ASC
ALERT - 2022-07-23 13:46:07 --> SELECT *
FROM `bizs`
WHERE `isdeleted` = 0
AND `slug` = 'the_place'
AND `bizs`.`deleted_at` IS NULL
 LIMIT 1
ALERT - 2022-07-23 13:46:07 --> SELECT *
FROM `states`
WHERE `states`.`id` = '32'
ALERT - 2022-07-23 13:46:07 --> SELECT *
FROM `state_cities`
WHERE `state_cities`.`id` = '637'
ALERT - 2022-07-23 13:46:07 --> SELECT COUNT(*) AS `numrows`
FROM `biz_menus`
WHERE `biz_menus`.`biz_id` = '3'
AND `biz_menus`.`isdeleted` = 0
AND `biz_menus`.`deleted_at` IS NULL
ALERT - 2022-07-23 13:46:07 --> SELECT *
FROM `biz_menu_categories`
WHERE `menu_parent_id` = 0
AND `status` = 1
AND `isdeleted` = 0
AND `biz_id` = '3'
AND `biz_menu_categories`.`deleted_at` IS NULL
ORDER BY `sort` ASC
ALERT - 2022-07-23 13:46:07 --> SELECT COUNT(*) AS `numrows`
FROM `biz_menus`
WHERE `biz_id` = '3'
AND `biz_menu_category_id` = '11'
AND `biz_menus`.`deleted_at` IS NULL
ALERT - 2022-07-23 13:46:07 --> SELECT COUNT(*) AS `numrows`
FROM `biz_menu_categories`
WHERE `biz_id` = '3'
AND `menu_parent_id` = '11'
AND `biz_menu_categories`.`deleted_at` IS NULL
ALERT - 2022-07-23 13:46:07 --> SELECT *
FROM `biz_menu_categories`
WHERE `menu_parent_id` = '11'
AND `status` = 1
AND `isdeleted` = 0
AND `biz_id` = '3'
AND `biz_menu_categories`.`deleted_at` IS NULL
ORDER BY `sort` ASC
ALERT - 2022-07-23 13:46:07 --> SELECT COUNT(*) AS `numrows`
FROM `biz_menus`
WHERE `biz_id` = '3'
AND `biz_menu_category_id` = '12'
AND `biz_menus`.`deleted_at` IS NULL
ALERT - 2022-07-23 13:46:07 --> SELECT COUNT(*) AS `numrows`
FROM `biz_menu_categories`
WHERE `biz_id` = '3'
AND `menu_parent_id` = '12'
AND `biz_menu_categories`.`deleted_at` IS NULL
ALERT - 2022-07-23 13:46:07 --> SELECT *
FROM `biz_menu_categories`
WHERE `menu_parent_id` = '12'
AND `status` = 1
AND `isdeleted` = 0
AND `biz_id` = '3'
AND `biz_menu_categories`.`deleted_at` IS NULL
ORDER BY `sort` ASC
ALERT - 2022-07-23 13:46:07 --> SELECT COUNT(*) AS `numrows`
FROM `biz_menus`
WHERE `biz_id` = '3'
AND `biz_menu_category_id` = '13'
AND `biz_menus`.`deleted_at` IS NULL
ALERT - 2022-07-23 13:46:07 --> SELECT COUNT(*) AS `numrows`
FROM `biz_menu_categories`
WHERE `biz_id` = '3'
AND `menu_parent_id` = '13'
AND `biz_menu_categories`.`deleted_at` IS NULL
ALERT - 2022-07-23 13:46:07 --> SELECT *
FROM `biz_menu_categories`
WHERE `menu_parent_id` = '13'
AND `status` = 1
AND `isdeleted` = 0
AND `biz_id` = '3'
AND `biz_menu_categories`.`deleted_at` IS NULL
ORDER BY `sort` ASC
ALERT - 2022-07-23 13:46:56 --> SELECT *
FROM `bizs`
WHERE `isdeleted` = 0
AND `slug` = 'the_place'
AND `bizs`.`deleted_at` IS NULL
 LIMIT 1
ALERT - 2022-07-23 13:46:56 --> SELECT *
FROM `states`
WHERE `states`.`id` = '32'
ALERT - 2022-07-23 13:46:56 --> SELECT *
FROM `state_cities`
WHERE `state_cities`.`id` = '637'
ALERT - 2022-07-23 13:46:56 --> SELECT COUNT(*) AS `numrows`
FROM `biz_menus`
WHERE `biz_menus`.`biz_id` = '3'
AND `biz_menus`.`isdeleted` = 0
AND `biz_menus`.`deleted_at` IS NULL
ALERT - 2022-07-23 13:46:56 --> SELECT *
FROM `biz_menu_categories`
WHERE `menu_parent_id` = 0
AND `status` = 1
AND `isdeleted` = 0
AND `biz_id` = '3'
AND `biz_menu_categories`.`deleted_at` IS NULL
ORDER BY `sort` ASC
ALERT - 2022-07-23 13:46:56 --> SELECT COUNT(*) AS `numrows`
FROM `biz_menus`
WHERE `biz_id` = '3'
AND `biz_menu_category_id` = '11'
AND `biz_menus`.`deleted_at` IS NULL
ALERT - 2022-07-23 13:46:56 --> SELECT COUNT(*) AS `numrows`
FROM `biz_menu_categories`
WHERE `biz_id` = '3'
AND `menu_parent_id` = '11'
AND `biz_menu_categories`.`deleted_at` IS NULL
ALERT - 2022-07-23 13:46:56 --> SELECT *
FROM `biz_menu_categories`
WHERE `menu_parent_id` = '11'
AND `status` = 1
AND `isdeleted` = 0
AND `biz_id` = '3'
AND `biz_menu_categories`.`deleted_at` IS NULL
ORDER BY `sort` ASC
ALERT - 2022-07-23 13:46:56 --> SELECT COUNT(*) AS `numrows`
FROM `biz_menus`
WHERE `biz_id` = '3'
AND `biz_menu_category_id` = '12'
AND `biz_menus`.`deleted_at` IS NULL
ALERT - 2022-07-23 13:46:56 --> SELECT COUNT(*) AS `numrows`
FROM `biz_menu_categories`
WHERE `biz_id` = '3'
AND `menu_parent_id` = '12'
AND `biz_menu_categories`.`deleted_at` IS NULL
ALERT - 2022-07-23 13:46:56 --> SELECT *
FROM `biz_menu_categories`
WHERE `menu_parent_id` = '12'
AND `status` = 1
AND `isdeleted` = 0
AND `biz_id` = '3'
AND `biz_menu_categories`.`deleted_at` IS NULL
ORDER BY `sort` ASC
ALERT - 2022-07-23 13:46:56 --> SELECT COUNT(*) AS `numrows`
FROM `biz_menus`
WHERE `biz_id` = '3'
AND `biz_menu_category_id` = '13'
AND `biz_menus`.`deleted_at` IS NULL
ALERT - 2022-07-23 13:46:56 --> SELECT COUNT(*) AS `numrows`
FROM `biz_menu_categories`
WHERE `biz_id` = '3'
AND `menu_parent_id` = '13'
AND `biz_menu_categories`.`deleted_at` IS NULL
ALERT - 2022-07-23 13:46:56 --> SELECT *
FROM `biz_menu_categories`
WHERE `menu_parent_id` = '13'
AND `status` = 1
AND `isdeleted` = 0
AND `biz_id` = '3'
AND `biz_menu_categories`.`deleted_at` IS NULL
ORDER BY `sort` ASC
ALERT - 2022-07-23 13:47:22 --> SELECT *
FROM `bizs`
WHERE `isdeleted` = 0
AND `slug` = 'the_place'
AND `bizs`.`deleted_at` IS NULL
 LIMIT 1
ALERT - 2022-07-23 13:47:22 --> SELECT *
FROM `states`
WHERE `states`.`id` = '32'
ALERT - 2022-07-23 13:47:22 --> SELECT *
FROM `state_cities`
WHERE `state_cities`.`id` = '637'
ALERT - 2022-07-23 13:47:22 --> SELECT COUNT(*) AS `numrows`
FROM `biz_menus`
WHERE `biz_menus`.`biz_id` = '3'
AND `biz_menus`.`isdeleted` = 0
AND `biz_menus`.`deleted_at` IS NULL
ALERT - 2022-07-23 13:47:22 --> SELECT *
FROM `biz_menu_categories`
WHERE `menu_parent_id` = 0
AND `status` = 1
AND `isdeleted` = 0
AND `biz_id` = '3'
AND `biz_menu_categories`.`deleted_at` IS NULL
ORDER BY `sort` ASC
ALERT - 2022-07-23 13:47:22 --> SELECT COUNT(*) AS `numrows`
FROM `biz_menus`
WHERE `biz_id` = '3'
AND `biz_menu_category_id` = '11'
AND `biz_menus`.`deleted_at` IS NULL
ALERT - 2022-07-23 13:47:22 --> SELECT COUNT(*) AS `numrows`
FROM `biz_menu_categories`
WHERE `biz_id` = '3'
AND `menu_parent_id` = '11'
AND `biz_menu_categories`.`deleted_at` IS NULL
ALERT - 2022-07-23 13:47:22 --> SELECT *
FROM `biz_menu_categories`
WHERE `menu_parent_id` = '11'
AND `status` = 1
AND `isdeleted` = 0
AND `biz_id` = '3'
AND `biz_menu_categories`.`deleted_at` IS NULL
ORDER BY `sort` ASC
ALERT - 2022-07-23 13:47:22 --> SELECT COUNT(*) AS `numrows`
FROM `biz_menus`
WHERE `biz_id` = '3'
AND `biz_menu_category_id` = '12'
AND `biz_menus`.`deleted_at` IS NULL
ALERT - 2022-07-23 13:47:22 --> SELECT COUNT(*) AS `numrows`
FROM `biz_menu_categories`
WHERE `biz_id` = '3'
AND `menu_parent_id` = '12'
AND `biz_menu_categories`.`deleted_at` IS NULL
ALERT - 2022-07-23 13:47:22 --> SELECT *
FROM `biz_menu_categories`
WHERE `menu_parent_id` = '12'
AND `status` = 1
AND `isdeleted` = 0
AND `biz_id` = '3'
AND `biz_menu_categories`.`deleted_at` IS NULL
ORDER BY `sort` ASC
ALERT - 2022-07-23 13:47:22 --> SELECT COUNT(*) AS `numrows`
FROM `biz_menus`
WHERE `biz_id` = '3'
AND `biz_menu_category_id` = '13'
AND `biz_menus`.`deleted_at` IS NULL
ALERT - 2022-07-23 13:47:22 --> SELECT COUNT(*) AS `numrows`
FROM `biz_menu_categories`
WHERE `biz_id` = '3'
AND `menu_parent_id` = '13'
AND `biz_menu_categories`.`deleted_at` IS NULL
ALERT - 2022-07-23 13:47:22 --> SELECT *
FROM `biz_menu_categories`
WHERE `menu_parent_id` = '13'
AND `status` = 1
AND `isdeleted` = 0
AND `biz_id` = '3'
AND `biz_menu_categories`.`deleted_at` IS NULL
ORDER BY `sort` ASC
ALERT - 2022-07-23 13:48:28 --> SELECT *
FROM `bizs`
WHERE `isdeleted` = 0
AND `slug` = 'the_place'
AND `bizs`.`deleted_at` IS NULL
 LIMIT 1
ALERT - 2022-07-23 13:48:28 --> SELECT *
FROM `states`
WHERE `states`.`id` = '32'
ALERT - 2022-07-23 13:48:28 --> SELECT *
FROM `state_cities`
WHERE `state_cities`.`id` = '637'
ALERT - 2022-07-23 13:48:28 --> SELECT COUNT(*) AS `numrows`
FROM `biz_menus`
WHERE `biz_menus`.`biz_id` = '3'
AND `biz_menus`.`isdeleted` = 0
AND `biz_menus`.`deleted_at` IS NULL
ALERT - 2022-07-23 13:48:28 --> SELECT *
FROM `biz_menu_categories`
WHERE `menu_parent_id` = 0
AND `status` = 1
AND `isdeleted` = 0
AND `biz_id` = '3'
AND `biz_menu_categories`.`deleted_at` IS NULL
ORDER BY `sort` ASC
ALERT - 2022-07-23 13:48:28 --> SELECT COUNT(*) AS `numrows`
FROM `biz_menus`
WHERE `biz_id` = '3'
AND `biz_menu_category_id` = '11'
AND `biz_menus`.`deleted_at` IS NULL
ALERT - 2022-07-23 13:48:28 --> SELECT COUNT(*) AS `numrows`
FROM `biz_menu_categories`
WHERE `biz_id` = '3'
AND `menu_parent_id` = '11'
AND `biz_menu_categories`.`deleted_at` IS NULL
ALERT - 2022-07-23 13:48:28 --> SELECT *
FROM `biz_menu_categories`
WHERE `menu_parent_id` = '11'
AND `status` = 1
AND `isdeleted` = 0
AND `biz_id` = '3'
AND `biz_menu_categories`.`deleted_at` IS NULL
ORDER BY `sort` ASC
ALERT - 2022-07-23 13:48:28 --> SELECT COUNT(*) AS `numrows`
FROM `biz_menus`
WHERE `biz_id` = '3'
AND `biz_menu_category_id` = '12'
AND `biz_menus`.`deleted_at` IS NULL
ALERT - 2022-07-23 13:48:28 --> SELECT COUNT(*) AS `numrows`
FROM `biz_menu_categories`
WHERE `biz_id` = '3'
AND `menu_parent_id` = '12'
AND `biz_menu_categories`.`deleted_at` IS NULL
ALERT - 2022-07-23 13:48:28 --> SELECT *
FROM `biz_menu_categories`
WHERE `menu_parent_id` = '12'
AND `status` = 1
AND `isdeleted` = 0
AND `biz_id` = '3'
AND `biz_menu_categories`.`deleted_at` IS NULL
ORDER BY `sort` ASC
ALERT - 2022-07-23 13:48:28 --> SELECT COUNT(*) AS `numrows`
FROM `biz_menus`
WHERE `biz_id` = '3'
AND `biz_menu_category_id` = '13'
AND `biz_menus`.`deleted_at` IS NULL
ALERT - 2022-07-23 13:48:28 --> SELECT COUNT(*) AS `numrows`
FROM `biz_menu_categories`
WHERE `biz_id` = '3'
AND `menu_parent_id` = '13'
AND `biz_menu_categories`.`deleted_at` IS NULL
ALERT - 2022-07-23 13:48:28 --> SELECT *
FROM `biz_menu_categories`
WHERE `menu_parent_id` = '13'
AND `status` = 1
AND `isdeleted` = 0
AND `biz_id` = '3'
AND `biz_menu_categories`.`deleted_at` IS NULL
ORDER BY `sort` ASC
ALERT - 2022-07-23 13:50:27 --> SELECT *
FROM `bizs`
WHERE `isdeleted` = 0
AND `slug` = 'the_place'
AND `bizs`.`deleted_at` IS NULL
 LIMIT 1
ALERT - 2022-07-23 13:50:27 --> SELECT *
FROM `states`
WHERE `states`.`id` = '32'
ALERT - 2022-07-23 13:50:27 --> SELECT *
FROM `state_cities`
WHERE `state_cities`.`id` = '637'
ALERT - 2022-07-23 13:50:27 --> SELECT COUNT(*) AS `numrows`
FROM `biz_menus`
WHERE `biz_menus`.`biz_id` = '3'
AND `biz_menus`.`isdeleted` = 0
AND `biz_menus`.`deleted_at` IS NULL
ALERT - 2022-07-23 13:50:27 --> SELECT *
FROM `biz_menu_categories`
WHERE `menu_parent_id` = 0
AND `status` = 1
AND `isdeleted` = 0
AND `biz_id` = '3'
AND `biz_menu_categories`.`deleted_at` IS NULL
ORDER BY `sort` ASC
ALERT - 2022-07-23 13:50:27 --> SELECT COUNT(*) AS `numrows`
FROM `biz_menus`
WHERE `biz_id` = '3'
AND `biz_menu_category_id` = '11'
AND `biz_menus`.`deleted_at` IS NULL
ALERT - 2022-07-23 13:50:27 --> SELECT COUNT(*) AS `numrows`
FROM `biz_menu_categories`
WHERE `biz_id` = '3'
AND `menu_parent_id` = '11'
AND `biz_menu_categories`.`deleted_at` IS NULL
ALERT - 2022-07-23 13:50:27 --> SELECT *
FROM `biz_menu_categories`
WHERE `menu_parent_id` = '11'
AND `status` = 1
AND `isdeleted` = 0
AND `biz_id` = '3'
AND `biz_menu_categories`.`deleted_at` IS NULL
ORDER BY `sort` ASC
ALERT - 2022-07-23 13:50:27 --> SELECT COUNT(*) AS `numrows`
FROM `biz_menus`
WHERE `biz_id` = '3'
AND `biz_menu_category_id` = '12'
AND `biz_menus`.`deleted_at` IS NULL
ALERT - 2022-07-23 13:50:27 --> SELECT COUNT(*) AS `numrows`
FROM `biz_menu_categories`
WHERE `biz_id` = '3'
AND `menu_parent_id` = '12'
AND `biz_menu_categories`.`deleted_at` IS NULL
ALERT - 2022-07-23 13:50:27 --> SELECT *
FROM `biz_menu_categories`
WHERE `menu_parent_id` = '12'
AND `status` = 1
AND `isdeleted` = 0
AND `biz_id` = '3'
AND `biz_menu_categories`.`deleted_at` IS NULL
ORDER BY `sort` ASC
ALERT - 2022-07-23 13:50:27 --> SELECT COUNT(*) AS `numrows`
FROM `biz_menus`
WHERE `biz_id` = '3'
AND `biz_menu_category_id` = '13'
AND `biz_menus`.`deleted_at` IS NULL
ALERT - 2022-07-23 13:50:27 --> SELECT COUNT(*) AS `numrows`
FROM `biz_menu_categories`
WHERE `biz_id` = '3'
AND `menu_parent_id` = '13'
AND `biz_menu_categories`.`deleted_at` IS NULL
ALERT - 2022-07-23 13:50:27 --> SELECT *
FROM `biz_menu_categories`
WHERE `menu_parent_id` = '13'
AND `status` = 1
AND `isdeleted` = 0
AND `biz_id` = '3'
AND `biz_menu_categories`.`deleted_at` IS NULL
ORDER BY `sort` ASC
ALERT - 2022-07-23 13:50:49 --> SELECT *
FROM `bizs`
WHERE `isdeleted` = 0
AND `slug` = 'the_place'
AND `bizs`.`deleted_at` IS NULL
 LIMIT 1
ALERT - 2022-07-23 13:50:49 --> SELECT *
FROM `states`
WHERE `states`.`id` = '32'
ALERT - 2022-07-23 13:50:49 --> SELECT *
FROM `state_cities`
WHERE `state_cities`.`id` = '637'
ALERT - 2022-07-23 13:50:49 --> SELECT COUNT(*) AS `numrows`
FROM `biz_menus`
WHERE `biz_menus`.`biz_id` = '3'
AND `biz_menus`.`isdeleted` = 0
AND `biz_menus`.`deleted_at` IS NULL
ALERT - 2022-07-23 13:50:49 --> SELECT *
FROM `biz_menu_categories`
WHERE `menu_parent_id` = 0
AND `status` = 1
AND `isdeleted` = 0
AND `biz_id` = '3'
AND `biz_menu_categories`.`deleted_at` IS NULL
ORDER BY `sort` ASC
ALERT - 2022-07-23 13:50:49 --> SELECT COUNT(*) AS `numrows`
FROM `biz_menus`
WHERE `biz_id` = '3'
AND `biz_menu_category_id` = '11'
AND `biz_menus`.`deleted_at` IS NULL
ALERT - 2022-07-23 13:50:49 --> SELECT COUNT(*) AS `numrows`
FROM `biz_menu_categories`
WHERE `biz_id` = '3'
AND `menu_parent_id` = '11'
AND `biz_menu_categories`.`deleted_at` IS NULL
ALERT - 2022-07-23 13:50:49 --> SELECT *
FROM `biz_menu_categories`
WHERE `menu_parent_id` = '11'
AND `status` = 1
AND `isdeleted` = 0
AND `biz_id` = '3'
AND `biz_menu_categories`.`deleted_at` IS NULL
ORDER BY `sort` ASC
ALERT - 2022-07-23 13:50:49 --> SELECT COUNT(*) AS `numrows`
FROM `biz_menus`
WHERE `biz_id` = '3'
AND `biz_menu_category_id` = '12'
AND `biz_menus`.`deleted_at` IS NULL
ALERT - 2022-07-23 13:50:49 --> SELECT COUNT(*) AS `numrows`
FROM `biz_menu_categories`
WHERE `biz_id` = '3'
AND `menu_parent_id` = '12'
AND `biz_menu_categories`.`deleted_at` IS NULL
ALERT - 2022-07-23 13:50:49 --> SELECT *
FROM `biz_menu_categories`
WHERE `menu_parent_id` = '12'
AND `status` = 1
AND `isdeleted` = 0
AND `biz_id` = '3'
AND `biz_menu_categories`.`deleted_at` IS NULL
ORDER BY `sort` ASC
ALERT - 2022-07-23 13:50:49 --> SELECT COUNT(*) AS `numrows`
FROM `biz_menus`
WHERE `biz_id` = '3'
AND `biz_menu_category_id` = '13'
AND `biz_menus`.`deleted_at` IS NULL
ALERT - 2022-07-23 13:50:49 --> SELECT COUNT(*) AS `numrows`
FROM `biz_menu_categories`
WHERE `biz_id` = '3'
AND `menu_parent_id` = '13'
AND `biz_menu_categories`.`deleted_at` IS NULL
ALERT - 2022-07-23 13:50:49 --> SELECT *
FROM `biz_menu_categories`
WHERE `menu_parent_id` = '13'
AND `status` = 1
AND `isdeleted` = 0
AND `biz_id` = '3'
AND `biz_menu_categories`.`deleted_at` IS NULL
ORDER BY `sort` ASC
ALERT - 2022-07-23 13:51:10 --> SELECT *
FROM `bizs`
WHERE `isdeleted` = 0
AND `slug` = 'the_place'
AND `bizs`.`deleted_at` IS NULL
 LIMIT 1
ALERT - 2022-07-23 13:51:10 --> SELECT *
FROM `states`
WHERE `states`.`id` = '32'
ALERT - 2022-07-23 13:51:10 --> SELECT *
FROM `state_cities`
WHERE `state_cities`.`id` = '637'
ALERT - 2022-07-23 13:51:10 --> SELECT COUNT(*) AS `numrows`
FROM `biz_menus`
WHERE `biz_menus`.`biz_id` = '3'
AND `biz_menus`.`isdeleted` = 0
AND `biz_menus`.`deleted_at` IS NULL
ALERT - 2022-07-23 13:51:10 --> SELECT *
FROM `biz_menu_categories`
WHERE `menu_parent_id` = 0
AND `status` = 1
AND `isdeleted` = 0
AND `biz_id` = '3'
AND `biz_menu_categories`.`deleted_at` IS NULL
ORDER BY `sort` ASC
ALERT - 2022-07-23 13:51:10 --> SELECT COUNT(*) AS `numrows`
FROM `biz_menus`
WHERE `biz_id` = '3'
AND `biz_menu_category_id` = '11'
AND `biz_menus`.`deleted_at` IS NULL
ALERT - 2022-07-23 13:51:10 --> SELECT COUNT(*) AS `numrows`
FROM `biz_menu_categories`
WHERE `biz_id` = '3'
AND `menu_parent_id` = '11'
AND `biz_menu_categories`.`deleted_at` IS NULL
ALERT - 2022-07-23 13:51:10 --> SELECT *
FROM `biz_menu_categories`
WHERE `menu_parent_id` = '11'
AND `status` = 1
AND `isdeleted` = 0
AND `biz_id` = '3'
AND `biz_menu_categories`.`deleted_at` IS NULL
ORDER BY `sort` ASC
ALERT - 2022-07-23 13:51:10 --> SELECT COUNT(*) AS `numrows`
FROM `biz_menus`
WHERE `biz_id` = '3'
AND `biz_menu_category_id` = '12'
AND `biz_menus`.`deleted_at` IS NULL
ALERT - 2022-07-23 13:51:10 --> SELECT COUNT(*) AS `numrows`
FROM `biz_menu_categories`
WHERE `biz_id` = '3'
AND `menu_parent_id` = '12'
AND `biz_menu_categories`.`deleted_at` IS NULL
ALERT - 2022-07-23 13:51:10 --> SELECT *
FROM `biz_menu_categories`
WHERE `menu_parent_id` = '12'
AND `status` = 1
AND `isdeleted` = 0
AND `biz_id` = '3'
AND `biz_menu_categories`.`deleted_at` IS NULL
ORDER BY `sort` ASC
ALERT - 2022-07-23 13:51:10 --> SELECT COUNT(*) AS `numrows`
FROM `biz_menus`
WHERE `biz_id` = '3'
AND `biz_menu_category_id` = '13'
AND `biz_menus`.`deleted_at` IS NULL
ALERT - 2022-07-23 13:51:10 --> SELECT COUNT(*) AS `numrows`
FROM `biz_menu_categories`
WHERE `biz_id` = '3'
AND `menu_parent_id` = '13'
AND `biz_menu_categories`.`deleted_at` IS NULL
ALERT - 2022-07-23 13:51:10 --> SELECT *
FROM `biz_menu_categories`
WHERE `menu_parent_id` = '13'
AND `status` = 1
AND `isdeleted` = 0
AND `biz_id` = '3'
AND `biz_menu_categories`.`deleted_at` IS NULL
ORDER BY `sort` ASC
ALERT - 2022-07-23 13:52:15 --> SELECT *
FROM `bizs`
WHERE `isdeleted` = 0
AND `slug` = 'the_place'
AND `bizs`.`deleted_at` IS NULL
 LIMIT 1
ALERT - 2022-07-23 13:52:15 --> SELECT *
FROM `states`
WHERE `states`.`id` = '32'
ALERT - 2022-07-23 13:52:15 --> SELECT *
FROM `state_cities`
WHERE `state_cities`.`id` = '637'
ALERT - 2022-07-23 13:52:15 --> SELECT COUNT(*) AS `numrows`
FROM `biz_menus`
WHERE `biz_menus`.`biz_id` = '3'
AND `biz_menus`.`isdeleted` = 0
AND `biz_menus`.`deleted_at` IS NULL
ALERT - 2022-07-23 13:52:15 --> SELECT *
FROM `biz_menu_categories`
WHERE `menu_parent_id` = 0
AND `status` = 1
AND `isdeleted` = 0
AND `biz_id` = '3'
AND `biz_menu_categories`.`deleted_at` IS NULL
ORDER BY `sort` ASC
ALERT - 2022-07-23 13:52:15 --> SELECT COUNT(*) AS `numrows`
FROM `biz_menus`
WHERE `biz_id` = '3'
AND `biz_menu_category_id` = '11'
AND `biz_menus`.`deleted_at` IS NULL
ALERT - 2022-07-23 13:52:15 --> SELECT COUNT(*) AS `numrows`
FROM `biz_menu_categories`
WHERE `biz_id` = '3'
AND `menu_parent_id` = '11'
AND `biz_menu_categories`.`deleted_at` IS NULL
ALERT - 2022-07-23 13:52:15 --> SELECT *
FROM `biz_menu_categories`
WHERE `menu_parent_id` = '11'
AND `status` = 1
AND `isdeleted` = 0
AND `biz_id` = '3'
AND `biz_menu_categories`.`deleted_at` IS NULL
ORDER BY `sort` ASC
ALERT - 2022-07-23 13:52:15 --> SELECT COUNT(*) AS `numrows`
FROM `biz_menus`
WHERE `biz_id` = '3'
AND `biz_menu_category_id` = '12'
AND `biz_menus`.`deleted_at` IS NULL
ALERT - 2022-07-23 13:52:15 --> SELECT COUNT(*) AS `numrows`
FROM `biz_menu_categories`
WHERE `biz_id` = '3'
AND `menu_parent_id` = '12'
AND `biz_menu_categories`.`deleted_at` IS NULL
ALERT - 2022-07-23 13:52:15 --> SELECT *
FROM `biz_menu_categories`
WHERE `menu_parent_id` = '12'
AND `status` = 1
AND `isdeleted` = 0
AND `biz_id` = '3'
AND `biz_menu_categories`.`deleted_at` IS NULL
ORDER BY `sort` ASC
ALERT - 2022-07-23 13:52:15 --> SELECT COUNT(*) AS `numrows`
FROM `biz_menus`
WHERE `biz_id` = '3'
AND `biz_menu_category_id` = '13'
AND `biz_menus`.`deleted_at` IS NULL
ALERT - 2022-07-23 13:52:15 --> SELECT COUNT(*) AS `numrows`
FROM `biz_menu_categories`
WHERE `biz_id` = '3'
AND `menu_parent_id` = '13'
AND `biz_menu_categories`.`deleted_at` IS NULL
ALERT - 2022-07-23 13:52:15 --> SELECT *
FROM `biz_menu_categories`
WHERE `menu_parent_id` = '13'
AND `status` = 1
AND `isdeleted` = 0
AND `biz_id` = '3'
AND `biz_menu_categories`.`deleted_at` IS NULL
ORDER BY `sort` ASC
ALERT - 2022-07-23 13:52:29 --> SELECT *
FROM `bizs`
WHERE `isdeleted` = 0
AND `slug` = 'the_place'
AND `bizs`.`deleted_at` IS NULL
 LIMIT 1
ALERT - 2022-07-23 13:52:29 --> SELECT *
FROM `states`
WHERE `states`.`id` = '32'
ALERT - 2022-07-23 13:52:29 --> SELECT *
FROM `state_cities`
WHERE `state_cities`.`id` = '637'
ALERT - 2022-07-23 13:52:29 --> SELECT COUNT(*) AS `numrows`
FROM `biz_menus`
WHERE `biz_menus`.`biz_id` = '3'
AND `biz_menus`.`isdeleted` = 0
AND `biz_menus`.`deleted_at` IS NULL
ALERT - 2022-07-23 13:52:29 --> SELECT *
FROM `biz_menu_categories`
WHERE `menu_parent_id` = 0
AND `status` = 1
AND `isdeleted` = 0
AND `biz_id` = '3'
AND `biz_menu_categories`.`deleted_at` IS NULL
ORDER BY `sort` ASC
ALERT - 2022-07-23 13:52:29 --> SELECT COUNT(*) AS `numrows`
FROM `biz_menus`
WHERE `biz_id` = '3'
AND `biz_menu_category_id` = '11'
AND `biz_menus`.`deleted_at` IS NULL
ALERT - 2022-07-23 13:52:29 --> SELECT COUNT(*) AS `numrows`
FROM `biz_menu_categories`
WHERE `biz_id` = '3'
AND `menu_parent_id` = '11'
AND `biz_menu_categories`.`deleted_at` IS NULL
ALERT - 2022-07-23 13:52:29 --> SELECT *
FROM `biz_menu_categories`
WHERE `menu_parent_id` = '11'
AND `status` = 1
AND `isdeleted` = 0
AND `biz_id` = '3'
AND `biz_menu_categories`.`deleted_at` IS NULL
ORDER BY `sort` ASC
ALERT - 2022-07-23 13:52:29 --> SELECT COUNT(*) AS `numrows`
FROM `biz_menus`
WHERE `biz_id` = '3'
AND `biz_menu_category_id` = '12'
AND `biz_menus`.`deleted_at` IS NULL
ALERT - 2022-07-23 13:52:29 --> SELECT COUNT(*) AS `numrows`
FROM `biz_menu_categories`
WHERE `biz_id` = '3'
AND `menu_parent_id` = '12'
AND `biz_menu_categories`.`deleted_at` IS NULL
ALERT - 2022-07-23 13:52:29 --> SELECT *
FROM `biz_menu_categories`
WHERE `menu_parent_id` = '12'
AND `status` = 1
AND `isdeleted` = 0
AND `biz_id` = '3'
AND `biz_menu_categories`.`deleted_at` IS NULL
ORDER BY `sort` ASC
ALERT - 2022-07-23 13:52:29 --> SELECT COUNT(*) AS `numrows`
FROM `biz_menus`
WHERE `biz_id` = '3'
AND `biz_menu_category_id` = '13'
AND `biz_menus`.`deleted_at` IS NULL
ALERT - 2022-07-23 13:52:29 --> SELECT COUNT(*) AS `numrows`
FROM `biz_menu_categories`
WHERE `biz_id` = '3'
AND `menu_parent_id` = '13'
AND `biz_menu_categories`.`deleted_at` IS NULL
ALERT - 2022-07-23 13:52:29 --> SELECT *
FROM `biz_menu_categories`
WHERE `menu_parent_id` = '13'
AND `status` = 1
AND `isdeleted` = 0
AND `biz_id` = '3'
AND `biz_menu_categories`.`deleted_at` IS NULL
ORDER BY `sort` ASC
ALERT - 2022-07-23 13:54:37 --> SELECT *
FROM `bizs`
WHERE `isdeleted` = 0
AND `slug` = 'the_place'
AND `bizs`.`deleted_at` IS NULL
 LIMIT 1
ALERT - 2022-07-23 13:54:37 --> SELECT *
FROM `states`
WHERE `states`.`id` = '32'
ALERT - 2022-07-23 13:54:37 --> SELECT *
FROM `state_cities`
WHERE `state_cities`.`id` = '637'
ALERT - 2022-07-23 13:54:37 --> SELECT COUNT(*) AS `numrows`
FROM `biz_menus`
WHERE `biz_menus`.`biz_id` = '3'
AND `biz_menus`.`isdeleted` = 0
AND `biz_menus`.`deleted_at` IS NULL
ALERT - 2022-07-23 13:54:37 --> SELECT *
FROM `biz_menu_categories`
WHERE `menu_parent_id` = 0
AND `status` = 1
AND `isdeleted` = 0
AND `biz_id` = '3'
AND `biz_menu_categories`.`deleted_at` IS NULL
ORDER BY `sort` ASC
ALERT - 2022-07-23 13:54:37 --> SELECT COUNT(*) AS `numrows`
FROM `biz_menus`
WHERE `biz_id` = '3'
AND `biz_menu_category_id` = '11'
AND `biz_menus`.`deleted_at` IS NULL
ALERT - 2022-07-23 13:54:37 --> SELECT COUNT(*) AS `numrows`
FROM `biz_menu_categories`
WHERE `biz_id` = '3'
AND `menu_parent_id` = '11'
AND `biz_menu_categories`.`deleted_at` IS NULL
ALERT - 2022-07-23 13:54:37 --> SELECT *
FROM `biz_menu_categories`
WHERE `menu_parent_id` = '11'
AND `status` = 1
AND `isdeleted` = 0
AND `biz_id` = '3'
AND `biz_menu_categories`.`deleted_at` IS NULL
ORDER BY `sort` ASC
ALERT - 2022-07-23 13:54:37 --> SELECT COUNT(*) AS `numrows`
FROM `biz_menus`
WHERE `biz_id` = '3'
AND `biz_menu_category_id` = '12'
AND `biz_menus`.`deleted_at` IS NULL
ALERT - 2022-07-23 13:54:37 --> SELECT COUNT(*) AS `numrows`
FROM `biz_menu_categories`
WHERE `biz_id` = '3'
AND `menu_parent_id` = '12'
AND `biz_menu_categories`.`deleted_at` IS NULL
ALERT - 2022-07-23 13:54:37 --> SELECT *
FROM `biz_menu_categories`
WHERE `menu_parent_id` = '12'
AND `status` = 1
AND `isdeleted` = 0
AND `biz_id` = '3'
AND `biz_menu_categories`.`deleted_at` IS NULL
ORDER BY `sort` ASC
ALERT - 2022-07-23 13:54:37 --> SELECT COUNT(*) AS `numrows`
FROM `biz_menus`
WHERE `biz_id` = '3'
AND `biz_menu_category_id` = '13'
AND `biz_menus`.`deleted_at` IS NULL
ALERT - 2022-07-23 13:54:37 --> SELECT COUNT(*) AS `numrows`
FROM `biz_menu_categories`
WHERE `biz_id` = '3'
AND `menu_parent_id` = '13'
AND `biz_menu_categories`.`deleted_at` IS NULL
ALERT - 2022-07-23 13:54:37 --> SELECT *
FROM `biz_menu_categories`
WHERE `menu_parent_id` = '13'
AND `status` = 1
AND `isdeleted` = 0
AND `biz_id` = '3'
AND `biz_menu_categories`.`deleted_at` IS NULL
ORDER BY `sort` ASC
ALERT - 2022-07-23 13:59:42 --> SELECT *
FROM `bizs`
WHERE `status` = 1
AND `isdeleted` = 0
AND `biz_type` = 'restaurant'
AND `slug` = 'the_place'
AND `bizs`.`deleted_at` IS NULL
 LIMIT 1
ALERT - 2022-07-23 13:59:42 --> SELECT *
FROM `states`
WHERE `states`.`id` = '32'
ALERT - 2022-07-23 13:59:42 --> SELECT *
FROM `state_cities`
WHERE `state_cities`.`id` = '637'
ALERT - 2022-07-23 13:59:42 --> SELECT *
FROM `biz_menu_categories`
WHERE `menu_parent_id` = 0
AND `status` = 1
AND `isdeleted` = 0
AND `biz_id` = '3'
AND `biz_menu_categories`.`deleted_at` IS NULL
ORDER BY `sort` ASC
ALERT - 2022-07-23 13:59:42 --> SELECT COUNT(*) AS `numrows`
FROM `biz_menus`
WHERE `biz_id` = '3'
AND `biz_menu_category_id` = '11'
AND `biz_menus`.`deleted_at` IS NULL
ALERT - 2022-07-23 13:59:42 --> SELECT *
FROM `biz_menus`
WHERE `biz_id` = '3'
AND `biz_menu_category_id` = '11'
AND `biz_menus`.`deleted_at` IS NULL
ALERT - 2022-07-23 13:59:42 --> SELECT *
FROM `biz_menu_categories`
WHERE `menu_parent_id` = '11'
AND `status` = 1
AND `isdeleted` = 0
AND `biz_id` = '3'
AND `biz_menu_categories`.`deleted_at` IS NULL
ORDER BY `sort` ASC
ALERT - 2022-07-23 13:59:42 --> SELECT COUNT(*) AS `numrows`
FROM `biz_menus`
WHERE `biz_id` = '3'
AND `biz_menu_category_id` = '12'
AND `biz_menus`.`deleted_at` IS NULL
ALERT - 2022-07-23 13:59:42 --> SELECT *
FROM `biz_menus`
WHERE `biz_id` = '3'
AND `biz_menu_category_id` = '12'
AND `biz_menus`.`deleted_at` IS NULL
ALERT - 2022-07-23 13:59:43 --> SELECT *
FROM `biz_menu_categories`
WHERE `menu_parent_id` = '12'
AND `status` = 1
AND `isdeleted` = 0
AND `biz_id` = '3'
AND `biz_menu_categories`.`deleted_at` IS NULL
ORDER BY `sort` ASC
ALERT - 2022-07-23 13:59:43 --> SELECT COUNT(*) AS `numrows`
FROM `biz_menus`
WHERE `biz_id` = '3'
AND `biz_menu_category_id` = '13'
AND `biz_menus`.`deleted_at` IS NULL
ALERT - 2022-07-23 13:59:43 --> SELECT *
FROM `biz_menus`
WHERE `biz_id` = '3'
AND `biz_menu_category_id` = '13'
AND `biz_menus`.`deleted_at` IS NULL
ALERT - 2022-07-23 13:59:43 --> SELECT *
FROM `biz_menu_categories`
WHERE `menu_parent_id` = '13'
AND `status` = 1
AND `isdeleted` = 0
AND `biz_id` = '3'
AND `biz_menu_categories`.`deleted_at` IS NULL
ORDER BY `sort` ASC
ALERT - 2022-07-23 13:59:43 --> SELECT `delivery_locations`.*, `state_cities`.`city_name`, `states`.`state_name`
FROM `delivery_locations`
LEFT JOIN `state_cities` ON `delivery_locations`.`city_id` = `state_cities`.`id`
LEFT JOIN `states` ON `delivery_locations`.`state_id` = `states`.`id`
WHERE `delivery_locations`.`deleted_at` IS NULL
ORDER BY `state_name` ASC, `city_name` ASC
ALERT - 2022-07-23 14:07:29 --> SELECT *
FROM `bizs`
WHERE `isdeleted` = 0
AND `slug` = 'the_place'
AND `bizs`.`deleted_at` IS NULL
 LIMIT 1
ALERT - 2022-07-23 14:07:29 --> SELECT *
FROM `states`
WHERE `states`.`id` = '32'
ALERT - 2022-07-23 14:07:29 --> SELECT *
FROM `state_cities`
WHERE `state_cities`.`id` = '637'
ALERT - 2022-07-23 14:07:29 --> SELECT COUNT(*) AS `numrows`
FROM `biz_menus`
WHERE `biz_menus`.`biz_id` = '3'
AND `biz_menus`.`isdeleted` = 0
AND `biz_menus`.`deleted_at` IS NULL
ALERT - 2022-07-23 14:07:29 --> SELECT *
FROM `biz_menu_categories`
WHERE `menu_parent_id` = 0
AND `status` = 1
AND `isdeleted` = 0
AND `biz_id` = '3'
AND `biz_menu_categories`.`deleted_at` IS NULL
ORDER BY `sort` ASC
ALERT - 2022-07-23 14:07:29 --> SELECT COUNT(*) AS `numrows`
FROM `biz_menus`
WHERE `biz_id` = '3'
AND `biz_menu_category_id` = '11'
AND `biz_menus`.`deleted_at` IS NULL
ALERT - 2022-07-23 14:07:29 --> SELECT COUNT(*) AS `numrows`
FROM `biz_menu_categories`
WHERE `biz_id` = '3'
AND `menu_parent_id` = '11'
AND `biz_menu_categories`.`deleted_at` IS NULL
ALERT - 2022-07-23 14:07:29 --> SELECT *
FROM `biz_menu_categories`
WHERE `menu_parent_id` = '11'
AND `status` = 1
AND `isdeleted` = 0
AND `biz_id` = '3'
AND `biz_menu_categories`.`deleted_at` IS NULL
ORDER BY `sort` ASC
ALERT - 2022-07-23 14:07:29 --> SELECT COUNT(*) AS `numrows`
FROM `biz_menus`
WHERE `biz_id` = '3'
AND `biz_menu_category_id` = '12'
AND `biz_menus`.`deleted_at` IS NULL
ALERT - 2022-07-23 14:07:29 --> SELECT COUNT(*) AS `numrows`
FROM `biz_menu_categories`
WHERE `biz_id` = '3'
AND `menu_parent_id` = '12'
AND `biz_menu_categories`.`deleted_at` IS NULL
ALERT - 2022-07-23 14:07:29 --> SELECT *
FROM `biz_menu_categories`
WHERE `menu_parent_id` = '12'
AND `status` = 1
AND `isdeleted` = 0
AND `biz_id` = '3'
AND `biz_menu_categories`.`deleted_at` IS NULL
ORDER BY `sort` ASC
ALERT - 2022-07-23 14:07:29 --> SELECT COUNT(*) AS `numrows`
FROM `biz_menus`
WHERE `biz_id` = '3'
AND `biz_menu_category_id` = '13'
AND `biz_menus`.`deleted_at` IS NULL
ALERT - 2022-07-23 14:07:29 --> SELECT COUNT(*) AS `numrows`
FROM `biz_menu_categories`
WHERE `biz_id` = '3'
AND `menu_parent_id` = '13'
AND `biz_menu_categories`.`deleted_at` IS NULL
ALERT - 2022-07-23 14:07:29 --> SELECT *
FROM `biz_menu_categories`
WHERE `menu_parent_id` = '13'
AND `status` = 1
AND `isdeleted` = 0
AND `biz_id` = '3'
AND `biz_menu_categories`.`deleted_at` IS NULL
ORDER BY `sort` ASC
ALERT - 2022-07-23 14:07:51 --> SELECT *
FROM `bizs`
WHERE `isdeleted` = 0
AND `slug` = 'the_place'
AND `bizs`.`deleted_at` IS NULL
 LIMIT 1
ALERT - 2022-07-23 14:07:51 --> SELECT *
FROM `states`
WHERE `states`.`id` = '32'
ALERT - 2022-07-23 14:07:51 --> SELECT *
FROM `state_cities`
WHERE `state_cities`.`id` = '637'
ALERT - 2022-07-23 14:07:51 --> SELECT COUNT(*) AS `numrows`
FROM `biz_menus`
WHERE `biz_menus`.`biz_id` = '3'
AND `biz_menus`.`isdeleted` = 0
AND `biz_menus`.`deleted_at` IS NULL
ALERT - 2022-07-23 14:07:51 --> SELECT *
FROM `biz_menu_categories`
WHERE `menu_parent_id` = 0
AND `status` = 1
AND `isdeleted` = 0
AND `biz_id` = '3'
AND `biz_menu_categories`.`deleted_at` IS NULL
ORDER BY `sort` ASC
ALERT - 2022-07-23 14:07:51 --> SELECT COUNT(*) AS `numrows`
FROM `biz_menus`
WHERE `biz_id` = '3'
AND `biz_menu_category_id` = '11'
AND `biz_menus`.`deleted_at` IS NULL
ALERT - 2022-07-23 14:07:51 --> SELECT COUNT(*) AS `numrows`
FROM `biz_menu_categories`
WHERE `biz_id` = '3'
AND `menu_parent_id` = '11'
AND `biz_menu_categories`.`deleted_at` IS NULL
ALERT - 2022-07-23 14:07:51 --> SELECT *
FROM `biz_menu_categories`
WHERE `menu_parent_id` = '11'
AND `status` = 1
AND `isdeleted` = 0
AND `biz_id` = '3'
AND `biz_menu_categories`.`deleted_at` IS NULL
ORDER BY `sort` ASC
ALERT - 2022-07-23 14:07:51 --> SELECT COUNT(*) AS `numrows`
FROM `biz_menus`
WHERE `biz_id` = '3'
AND `biz_menu_category_id` = '12'
AND `biz_menus`.`deleted_at` IS NULL
ALERT - 2022-07-23 14:07:51 --> SELECT COUNT(*) AS `numrows`
FROM `biz_menu_categories`
WHERE `biz_id` = '3'
AND `menu_parent_id` = '12'
AND `biz_menu_categories`.`deleted_at` IS NULL
ALERT - 2022-07-23 14:07:51 --> SELECT *
FROM `biz_menu_categories`
WHERE `menu_parent_id` = '12'
AND `status` = 1
AND `isdeleted` = 0
AND `biz_id` = '3'
AND `biz_menu_categories`.`deleted_at` IS NULL
ORDER BY `sort` ASC
ALERT - 2022-07-23 14:07:51 --> SELECT COUNT(*) AS `numrows`
FROM `biz_menus`
WHERE `biz_id` = '3'
AND `biz_menu_category_id` = '13'
AND `biz_menus`.`deleted_at` IS NULL
ALERT - 2022-07-23 14:07:51 --> SELECT COUNT(*) AS `numrows`
FROM `biz_menu_categories`
WHERE `biz_id` = '3'
AND `menu_parent_id` = '13'
AND `biz_menu_categories`.`deleted_at` IS NULL
ALERT - 2022-07-23 14:07:51 --> SELECT *
FROM `biz_menu_categories`
WHERE `menu_parent_id` = '13'
AND `status` = 1
AND `isdeleted` = 0
AND `biz_id` = '3'
AND `biz_menu_categories`.`deleted_at` IS NULL
ORDER BY `sort` ASC
ALERT - 2022-07-23 14:08:13 --> SELECT *
FROM `bizs`
WHERE `isdeleted` = 0
AND `slug` = 'the_place'
AND `bizs`.`deleted_at` IS NULL
 LIMIT 1
ALERT - 2022-07-23 14:08:13 --> SELECT *
FROM `states`
WHERE `states`.`id` = '32'
ALERT - 2022-07-23 14:08:13 --> SELECT *
FROM `state_cities`
WHERE `state_cities`.`id` = '637'
ALERT - 2022-07-23 14:08:13 --> SELECT COUNT(*) AS `numrows`
FROM `biz_menus`
WHERE `biz_menus`.`biz_id` = '3'
AND `biz_menus`.`isdeleted` = 0
AND `biz_menus`.`deleted_at` IS NULL
ALERT - 2022-07-23 14:08:13 --> SELECT *
FROM `biz_menu_categories`
WHERE `menu_parent_id` = 0
AND `status` = 1
AND `isdeleted` = 0
AND `biz_id` = '3'
AND `biz_menu_categories`.`deleted_at` IS NULL
ORDER BY `sort` ASC
ALERT - 2022-07-23 14:08:13 --> SELECT COUNT(*) AS `numrows`
FROM `biz_menus`
WHERE `biz_id` = '3'
AND `biz_menu_category_id` = '11'
AND `biz_menus`.`deleted_at` IS NULL
ALERT - 2022-07-23 14:08:13 --> SELECT COUNT(*) AS `numrows`
FROM `biz_menu_categories`
WHERE `biz_id` = '3'
AND `menu_parent_id` = '11'
AND `biz_menu_categories`.`deleted_at` IS NULL
ALERT - 2022-07-23 14:08:13 --> SELECT *
FROM `biz_menu_categories`
WHERE `menu_parent_id` = '11'
AND `status` = 1
AND `isdeleted` = 0
AND `biz_id` = '3'
AND `biz_menu_categories`.`deleted_at` IS NULL
ORDER BY `sort` ASC
ALERT - 2022-07-23 14:08:13 --> SELECT COUNT(*) AS `numrows`
FROM `biz_menus`
WHERE `biz_id` = '3'
AND `biz_menu_category_id` = '12'
AND `biz_menus`.`deleted_at` IS NULL
ALERT - 2022-07-23 14:08:13 --> SELECT COUNT(*) AS `numrows`
FROM `biz_menu_categories`
WHERE `biz_id` = '3'
AND `menu_parent_id` = '12'
AND `biz_menu_categories`.`deleted_at` IS NULL
ALERT - 2022-07-23 14:08:13 --> SELECT *
FROM `biz_menu_categories`
WHERE `menu_parent_id` = '12'
AND `status` = 1
AND `isdeleted` = 0
AND `biz_id` = '3'
AND `biz_menu_categories`.`deleted_at` IS NULL
ORDER BY `sort` ASC
ALERT - 2022-07-23 14:08:13 --> SELECT COUNT(*) AS `numrows`
FROM `biz_menus`
WHERE `biz_id` = '3'
AND `biz_menu_category_id` = '13'
AND `biz_menus`.`deleted_at` IS NULL
ALERT - 2022-07-23 14:08:13 --> SELECT COUNT(*) AS `numrows`
FROM `biz_menu_categories`
WHERE `biz_id` = '3'
AND `menu_parent_id` = '13'
AND `biz_menu_categories`.`deleted_at` IS NULL
ALERT - 2022-07-23 14:08:14 --> SELECT *
FROM `biz_menu_categories`
WHERE `menu_parent_id` = '13'
AND `status` = 1
AND `isdeleted` = 0
AND `biz_id` = '3'
AND `biz_menu_categories`.`deleted_at` IS NULL
ORDER BY `sort` ASC
ALERT - 2022-07-23 14:11:44 --> SELECT *
FROM `bizs`
WHERE `isdeleted` = 0
AND `slug` = 'the_place'
AND `bizs`.`deleted_at` IS NULL
 LIMIT 1
ALERT - 2022-07-23 14:11:44 --> SELECT *
FROM `states`
WHERE `states`.`id` = '32'
ALERT - 2022-07-23 14:11:44 --> SELECT *
FROM `state_cities`
WHERE `state_cities`.`id` = '637'
ALERT - 2022-07-23 14:11:44 --> SELECT COUNT(*) AS `numrows`
FROM `biz_menus`
WHERE `biz_menus`.`biz_id` = '3'
AND `biz_menus`.`isdeleted` = 0
AND `biz_menus`.`deleted_at` IS NULL
ALERT - 2022-07-23 14:11:44 --> SELECT *
FROM `biz_menu_categories`
WHERE `menu_parent_id` = 0
AND `status` = 1
AND `isdeleted` = 0
AND `biz_id` = '3'
AND `biz_menu_categories`.`deleted_at` IS NULL
ORDER BY `sort` ASC
ALERT - 2022-07-23 14:11:44 --> SELECT COUNT(*) AS `numrows`
FROM `biz_menus`
WHERE `biz_id` = '3'
AND `biz_menu_category_id` = '11'
AND `biz_menus`.`deleted_at` IS NULL
ALERT - 2022-07-23 14:11:44 --> SELECT COUNT(*) AS `numrows`
FROM `biz_menu_categories`
WHERE `biz_id` = '3'
AND `menu_parent_id` = '11'
AND `biz_menu_categories`.`deleted_at` IS NULL
ALERT - 2022-07-23 14:11:44 --> SELECT *
FROM `biz_menu_categories`
WHERE `menu_parent_id` = '11'
AND `status` = 1
AND `isdeleted` = 0
AND `biz_id` = '3'
AND `biz_menu_categories`.`deleted_at` IS NULL
ORDER BY `sort` ASC
ALERT - 2022-07-23 14:11:44 --> SELECT COUNT(*) AS `numrows`
FROM `biz_menus`
WHERE `biz_id` = '3'
AND `biz_menu_category_id` = '12'
AND `biz_menus`.`deleted_at` IS NULL
ALERT - 2022-07-23 14:11:44 --> SELECT COUNT(*) AS `numrows`
FROM `biz_menu_categories`
WHERE `biz_id` = '3'
AND `menu_parent_id` = '12'
AND `biz_menu_categories`.`deleted_at` IS NULL
ALERT - 2022-07-23 14:11:44 --> SELECT *
FROM `biz_menu_categories`
WHERE `menu_parent_id` = '12'
AND `status` = 1
AND `isdeleted` = 0
AND `biz_id` = '3'
AND `biz_menu_categories`.`deleted_at` IS NULL
ORDER BY `sort` ASC
ALERT - 2022-07-23 14:11:44 --> SELECT COUNT(*) AS `numrows`
FROM `biz_menus`
WHERE `biz_id` = '3'
AND `biz_menu_category_id` = '13'
AND `biz_menus`.`deleted_at` IS NULL
ALERT - 2022-07-23 14:11:44 --> SELECT COUNT(*) AS `numrows`
FROM `biz_menu_categories`
WHERE `biz_id` = '3'
AND `menu_parent_id` = '13'
AND `biz_menu_categories`.`deleted_at` IS NULL
ALERT - 2022-07-23 14:11:44 --> SELECT *
FROM `biz_menu_categories`
WHERE `menu_parent_id` = '13'
AND `status` = 1
AND `isdeleted` = 0
AND `biz_id` = '3'
AND `biz_menu_categories`.`deleted_at` IS NULL
ORDER BY `sort` ASC
ALERT - 2022-07-23 14:13:40 --> SELECT *
FROM `bizs`
WHERE `isdeleted` = 0
AND `slug` = 'the_place'
AND `bizs`.`deleted_at` IS NULL
 LIMIT 1
ALERT - 2022-07-23 14:13:40 --> SELECT *
FROM `states`
WHERE `states`.`id` = '32'
ALERT - 2022-07-23 14:13:40 --> SELECT *
FROM `state_cities`
WHERE `state_cities`.`id` = '637'
ALERT - 2022-07-23 14:13:40 --> SELECT COUNT(*) AS `numrows`
FROM `biz_menus`
WHERE `biz_menus`.`biz_id` = '3'
AND `biz_menus`.`isdeleted` = 0
AND `biz_menus`.`deleted_at` IS NULL
ALERT - 2022-07-23 14:13:40 --> SELECT *
FROM `biz_menu_categories`
WHERE `menu_parent_id` = 0
AND `status` = 1
AND `isdeleted` = 0
AND `biz_id` = '3'
AND `biz_menu_categories`.`deleted_at` IS NULL
ORDER BY `sort` ASC
ALERT - 2022-07-23 14:13:40 --> SELECT COUNT(*) AS `numrows`
FROM `biz_menus`
WHERE `biz_id` = '3'
AND `biz_menu_category_id` = '11'
AND `biz_menus`.`deleted_at` IS NULL
ALERT - 2022-07-23 14:13:40 --> SELECT COUNT(*) AS `numrows`
FROM `biz_menu_categories`
WHERE `biz_id` = '3'
AND `menu_parent_id` = '11'
AND `biz_menu_categories`.`deleted_at` IS NULL
ALERT - 2022-07-23 14:13:40 --> SELECT *
FROM `biz_menu_categories`
WHERE `menu_parent_id` = '11'
AND `status` = 1
AND `isdeleted` = 0
AND `biz_id` = '3'
AND `biz_menu_categories`.`deleted_at` IS NULL
ORDER BY `sort` ASC
ALERT - 2022-07-23 14:13:40 --> SELECT COUNT(*) AS `numrows`
FROM `biz_menus`
WHERE `biz_id` = '3'
AND `biz_menu_category_id` = '12'
AND `biz_menus`.`deleted_at` IS NULL
ALERT - 2022-07-23 14:13:40 --> SELECT COUNT(*) AS `numrows`
FROM `biz_menu_categories`
WHERE `biz_id` = '3'
AND `menu_parent_id` = '12'
AND `biz_menu_categories`.`deleted_at` IS NULL
ALERT - 2022-07-23 14:13:40 --> SELECT *
FROM `biz_menu_categories`
WHERE `menu_parent_id` = '12'
AND `status` = 1
AND `isdeleted` = 0
AND `biz_id` = '3'
AND `biz_menu_categories`.`deleted_at` IS NULL
ORDER BY `sort` ASC
ALERT - 2022-07-23 14:13:40 --> SELECT COUNT(*) AS `numrows`
FROM `biz_menus`
WHERE `biz_id` = '3'
AND `biz_menu_category_id` = '13'
AND `biz_menus`.`deleted_at` IS NULL
ALERT - 2022-07-23 14:13:40 --> SELECT COUNT(*) AS `numrows`
FROM `biz_menu_categories`
WHERE `biz_id` = '3'
AND `menu_parent_id` = '13'
AND `biz_menu_categories`.`deleted_at` IS NULL
ALERT - 2022-07-23 14:13:40 --> SELECT *
FROM `biz_menu_categories`
WHERE `menu_parent_id` = '13'
AND `status` = 1
AND `isdeleted` = 0
AND `biz_id` = '3'
AND `biz_menu_categories`.`deleted_at` IS NULL
ORDER BY `sort` ASC
ALERT - 2022-07-23 14:14:39 --> SELECT *
FROM `bizs`
WHERE `isdeleted` = 0
AND `slug` = 'the_place'
AND `bizs`.`deleted_at` IS NULL
 LIMIT 1
ALERT - 2022-07-23 14:14:39 --> SELECT *
FROM `states`
WHERE `states`.`id` = '32'
ALERT - 2022-07-23 14:14:39 --> SELECT *
FROM `state_cities`
WHERE `state_cities`.`id` = '637'
ALERT - 2022-07-23 14:14:39 --> SELECT COUNT(*) AS `numrows`
FROM `biz_menus`
WHERE `biz_menus`.`biz_id` = '3'
AND `biz_menus`.`isdeleted` = 0
AND `biz_menus`.`deleted_at` IS NULL
ALERT - 2022-07-23 14:14:39 --> SELECT *
FROM `biz_menu_categories`
WHERE `menu_parent_id` = 0
AND `status` = 1
AND `isdeleted` = 0
AND `biz_id` = '3'
AND `biz_menu_categories`.`deleted_at` IS NULL
ORDER BY `sort` ASC
ALERT - 2022-07-23 14:14:39 --> SELECT COUNT(*) AS `numrows`
FROM `biz_menus`
WHERE `biz_id` = '3'
AND `biz_menu_category_id` = '11'
AND `biz_menus`.`deleted_at` IS NULL
ALERT - 2022-07-23 14:14:39 --> SELECT COUNT(*) AS `numrows`
FROM `biz_menu_categories`
WHERE `biz_id` = '3'
AND `menu_parent_id` = '11'
AND `biz_menu_categories`.`deleted_at` IS NULL
ALERT - 2022-07-23 14:14:39 --> SELECT *
FROM `biz_menu_categories`
WHERE `menu_parent_id` = '11'
AND `status` = 1
AND `isdeleted` = 0
AND `biz_id` = '3'
AND `biz_menu_categories`.`deleted_at` IS NULL
ORDER BY `sort` ASC
ALERT - 2022-07-23 14:14:39 --> SELECT COUNT(*) AS `numrows`
FROM `biz_menus`
WHERE `biz_id` = '3'
AND `biz_menu_category_id` = '12'
AND `biz_menus`.`deleted_at` IS NULL
ALERT - 2022-07-23 14:14:39 --> SELECT COUNT(*) AS `numrows`
FROM `biz_menu_categories`
WHERE `biz_id` = '3'
AND `menu_parent_id` = '12'
AND `biz_menu_categories`.`deleted_at` IS NULL
ALERT - 2022-07-23 14:14:39 --> SELECT *
FROM `biz_menu_categories`
WHERE `menu_parent_id` = '12'
AND `status` = 1
AND `isdeleted` = 0
AND `biz_id` = '3'
AND `biz_menu_categories`.`deleted_at` IS NULL
ORDER BY `sort` ASC
ALERT - 2022-07-23 14:14:39 --> SELECT COUNT(*) AS `numrows`
FROM `biz_menus`
WHERE `biz_id` = '3'
AND `biz_menu_category_id` = '13'
AND `biz_menus`.`deleted_at` IS NULL
ALERT - 2022-07-23 14:14:39 --> SELECT COUNT(*) AS `numrows`
FROM `biz_menu_categories`
WHERE `biz_id` = '3'
AND `menu_parent_id` = '13'
AND `biz_menu_categories`.`deleted_at` IS NULL
ALERT - 2022-07-23 14:14:39 --> SELECT *
FROM `biz_menu_categories`
WHERE `menu_parent_id` = '13'
AND `status` = 1
AND `isdeleted` = 0
AND `biz_id` = '3'
AND `biz_menu_categories`.`deleted_at` IS NULL
ORDER BY `sort` ASC
ALERT - 2022-07-23 14:14:52 --> SELECT *
FROM `bizs`
WHERE `isdeleted` = 0
AND `slug` = 'the_place'
AND `bizs`.`deleted_at` IS NULL
 LIMIT 1
ALERT - 2022-07-23 14:14:52 --> SELECT *
FROM `states`
WHERE `states`.`id` = '32'
ALERT - 2022-07-23 14:14:52 --> SELECT *
FROM `state_cities`
WHERE `state_cities`.`id` = '637'
ALERT - 2022-07-23 14:14:52 --> SELECT COUNT(*) AS `numrows`
FROM `biz_menus`
WHERE `biz_menus`.`biz_id` = '3'
AND `biz_menus`.`isdeleted` = 0
AND `biz_menus`.`deleted_at` IS NULL
ALERT - 2022-07-23 14:14:52 --> SELECT *
FROM `biz_menu_categories`
WHERE `menu_parent_id` = 0
AND `status` = 1
AND `isdeleted` = 0
AND `biz_id` = '3'
AND `biz_menu_categories`.`deleted_at` IS NULL
ORDER BY `sort` ASC
ALERT - 2022-07-23 14:14:52 --> SELECT COUNT(*) AS `numrows`
FROM `biz_menus`
WHERE `biz_id` = '3'
AND `biz_menu_category_id` = '11'
AND `biz_menus`.`deleted_at` IS NULL
ALERT - 2022-07-23 14:14:52 --> SELECT COUNT(*) AS `numrows`
FROM `biz_menu_categories`
WHERE `biz_id` = '3'
AND `menu_parent_id` = '11'
AND `biz_menu_categories`.`deleted_at` IS NULL
ALERT - 2022-07-23 14:14:52 --> SELECT *
FROM `biz_menu_categories`
WHERE `menu_parent_id` = '11'
AND `status` = 1
AND `isdeleted` = 0
AND `biz_id` = '3'
AND `biz_menu_categories`.`deleted_at` IS NULL
ORDER BY `sort` ASC
ALERT - 2022-07-23 14:14:52 --> SELECT COUNT(*) AS `numrows`
FROM `biz_menus`
WHERE `biz_id` = '3'
AND `biz_menu_category_id` = '12'
AND `biz_menus`.`deleted_at` IS NULL
ALERT - 2022-07-23 14:14:52 --> SELECT COUNT(*) AS `numrows`
FROM `biz_menu_categories`
WHERE `biz_id` = '3'
AND `menu_parent_id` = '12'
AND `biz_menu_categories`.`deleted_at` IS NULL
ALERT - 2022-07-23 14:14:52 --> SELECT *
FROM `biz_menu_categories`
WHERE `menu_parent_id` = '12'
AND `status` = 1
AND `isdeleted` = 0
AND `biz_id` = '3'
AND `biz_menu_categories`.`deleted_at` IS NULL
ORDER BY `sort` ASC
ALERT - 2022-07-23 14:14:52 --> SELECT COUNT(*) AS `numrows`
FROM `biz_menus`
WHERE `biz_id` = '3'
AND `biz_menu_category_id` = '13'
AND `biz_menus`.`deleted_at` IS NULL
ALERT - 2022-07-23 14:14:52 --> SELECT COUNT(*) AS `numrows`
FROM `biz_menu_categories`
WHERE `biz_id` = '3'
AND `menu_parent_id` = '13'
AND `biz_menu_categories`.`deleted_at` IS NULL
ALERT - 2022-07-23 14:14:52 --> SELECT *
FROM `biz_menu_categories`
WHERE `menu_parent_id` = '13'
AND `status` = 1
AND `isdeleted` = 0
AND `biz_id` = '3'
AND `biz_menu_categories`.`deleted_at` IS NULL
ORDER BY `sort` ASC
ALERT - 2022-07-23 14:15:22 --> SELECT *
FROM `bizs`
WHERE `isdeleted` = 0
AND `slug` = 'the_place'
AND `bizs`.`deleted_at` IS NULL
 LIMIT 1
ALERT - 2022-07-23 14:15:22 --> SELECT *
FROM `states`
WHERE `states`.`id` = '32'
ALERT - 2022-07-23 14:15:22 --> SELECT *
FROM `state_cities`
WHERE `state_cities`.`id` = '637'
ALERT - 2022-07-23 14:15:22 --> SELECT COUNT(*) AS `numrows`
FROM `biz_menus`
WHERE `biz_menus`.`biz_id` = '3'
AND `biz_menus`.`isdeleted` = 0
AND `biz_menus`.`deleted_at` IS NULL
ALERT - 2022-07-23 14:15:22 --> SELECT *
FROM `biz_menu_categories`
WHERE `menu_parent_id` = 0
AND `status` = 1
AND `isdeleted` = 0
AND `biz_id` = '3'
AND `biz_menu_categories`.`deleted_at` IS NULL
ORDER BY `sort` ASC
ALERT - 2022-07-23 14:15:22 --> SELECT COUNT(*) AS `numrows`
FROM `biz_menus`
WHERE `biz_id` = '3'
AND `biz_menu_category_id` = '11'
AND `biz_menus`.`deleted_at` IS NULL
ALERT - 2022-07-23 14:15:22 --> SELECT COUNT(*) AS `numrows`
FROM `biz_menu_categories`
WHERE `biz_id` = '3'
AND `menu_parent_id` = '11'
AND `biz_menu_categories`.`deleted_at` IS NULL
ALERT - 2022-07-23 14:15:22 --> SELECT *
FROM `biz_menu_categories`
WHERE `menu_parent_id` = '11'
AND `status` = 1
AND `isdeleted` = 0
AND `biz_id` = '3'
AND `biz_menu_categories`.`deleted_at` IS NULL
ORDER BY `sort` ASC
ALERT - 2022-07-23 14:15:22 --> SELECT COUNT(*) AS `numrows`
FROM `biz_menus`
WHERE `biz_id` = '3'
AND `biz_menu_category_id` = '12'
AND `biz_menus`.`deleted_at` IS NULL
ALERT - 2022-07-23 14:15:22 --> SELECT COUNT(*) AS `numrows`
FROM `biz_menu_categories`
WHERE `biz_id` = '3'
AND `menu_parent_id` = '12'
AND `biz_menu_categories`.`deleted_at` IS NULL
ALERT - 2022-07-23 14:15:22 --> SELECT *
FROM `biz_menu_categories`
WHERE `menu_parent_id` = '12'
AND `status` = 1
AND `isdeleted` = 0
AND `biz_id` = '3'
AND `biz_menu_categories`.`deleted_at` IS NULL
ORDER BY `sort` ASC
ALERT - 2022-07-23 14:15:23 --> SELECT COUNT(*) AS `numrows`
FROM `biz_menus`
WHERE `biz_id` = '3'
AND `biz_menu_category_id` = '13'
AND `biz_menus`.`deleted_at` IS NULL
ALERT - 2022-07-23 14:15:23 --> SELECT COUNT(*) AS `numrows`
FROM `biz_menu_categories`
WHERE `biz_id` = '3'
AND `menu_parent_id` = '13'
AND `biz_menu_categories`.`deleted_at` IS NULL
ALERT - 2022-07-23 14:15:23 --> SELECT *
FROM `biz_menu_categories`
WHERE `menu_parent_id` = '13'
AND `status` = 1
AND `isdeleted` = 0
AND `biz_id` = '3'
AND `biz_menu_categories`.`deleted_at` IS NULL
ORDER BY `sort` ASC
ALERT - 2022-07-23 14:15:36 --> SELECT *
FROM `bizs`
WHERE `isdeleted` = 0
AND `slug` = 'the_place'
AND `bizs`.`deleted_at` IS NULL
 LIMIT 1
ALERT - 2022-07-23 14:15:36 --> SELECT *
FROM `states`
WHERE `states`.`id` = '32'
ALERT - 2022-07-23 14:15:36 --> SELECT *
FROM `state_cities`
WHERE `state_cities`.`id` = '637'
ALERT - 2022-07-23 14:15:36 --> SELECT COUNT(*) AS `numrows`
FROM `biz_menus`
WHERE `biz_menus`.`biz_id` = '3'
AND `biz_menus`.`isdeleted` = 0
AND `biz_menus`.`deleted_at` IS NULL
ALERT - 2022-07-23 14:15:36 --> SELECT *
FROM `biz_menu_categories`
WHERE `menu_parent_id` = 0
AND `status` = 1
AND `isdeleted` = 0
AND `biz_id` = '3'
AND `biz_menu_categories`.`deleted_at` IS NULL
ORDER BY `sort` ASC
ALERT - 2022-07-23 14:15:36 --> SELECT COUNT(*) AS `numrows`
FROM `biz_menus`
WHERE `biz_id` = '3'
AND `biz_menu_category_id` = '11'
AND `biz_menus`.`deleted_at` IS NULL
ALERT - 2022-07-23 14:15:36 --> SELECT COUNT(*) AS `numrows`
FROM `biz_menu_categories`
WHERE `biz_id` = '3'
AND `menu_parent_id` = '11'
AND `biz_menu_categories`.`deleted_at` IS NULL
ALERT - 2022-07-23 14:15:36 --> SELECT *
FROM `biz_menu_categories`
WHERE `menu_parent_id` = '11'
AND `status` = 1
AND `isdeleted` = 0
AND `biz_id` = '3'
AND `biz_menu_categories`.`deleted_at` IS NULL
ORDER BY `sort` ASC
ALERT - 2022-07-23 14:15:36 --> SELECT COUNT(*) AS `numrows`
FROM `biz_menus`
WHERE `biz_id` = '3'
AND `biz_menu_category_id` = '12'
AND `biz_menus`.`deleted_at` IS NULL
ALERT - 2022-07-23 14:15:36 --> SELECT COUNT(*) AS `numrows`
FROM `biz_menu_categories`
WHERE `biz_id` = '3'
AND `menu_parent_id` = '12'
AND `biz_menu_categories`.`deleted_at` IS NULL
ALERT - 2022-07-23 14:15:36 --> SELECT *
FROM `biz_menu_categories`
WHERE `menu_parent_id` = '12'
AND `status` = 1
AND `isdeleted` = 0
AND `biz_id` = '3'
AND `biz_menu_categories`.`deleted_at` IS NULL
ORDER BY `sort` ASC
ALERT - 2022-07-23 14:15:36 --> SELECT COUNT(*) AS `numrows`
FROM `biz_menus`
WHERE `biz_id` = '3'
AND `biz_menu_category_id` = '13'
AND `biz_menus`.`deleted_at` IS NULL
ALERT - 2022-07-23 14:15:36 --> SELECT COUNT(*) AS `numrows`
FROM `biz_menu_categories`
WHERE `biz_id` = '3'
AND `menu_parent_id` = '13'
AND `biz_menu_categories`.`deleted_at` IS NULL
ALERT - 2022-07-23 14:15:36 --> SELECT *
FROM `biz_menu_categories`
WHERE `menu_parent_id` = '13'
AND `status` = 1
AND `isdeleted` = 0
AND `biz_id` = '3'
AND `biz_menu_categories`.`deleted_at` IS NULL
ORDER BY `sort` ASC
ALERT - 2022-07-23 14:16:11 --> SELECT *
FROM `bizs`
WHERE `isdeleted` = 0
AND `slug` = 'the_place'
AND `bizs`.`deleted_at` IS NULL
 LIMIT 1
ALERT - 2022-07-23 14:16:12 --> SELECT *
FROM `states`
WHERE `states`.`id` = '32'
ALERT - 2022-07-23 14:16:12 --> SELECT *
FROM `state_cities`
WHERE `state_cities`.`id` = '637'
ALERT - 2022-07-23 14:16:12 --> SELECT COUNT(*) AS `numrows`
FROM `biz_menus`
WHERE `biz_menus`.`biz_id` = '3'
AND `biz_menus`.`isdeleted` = 0
AND `biz_menus`.`deleted_at` IS NULL
ALERT - 2022-07-23 14:16:12 --> SELECT *
FROM `biz_menu_categories`
WHERE `menu_parent_id` = 0
AND `status` = 1
AND `isdeleted` = 0
AND `biz_id` = '3'
AND `biz_menu_categories`.`deleted_at` IS NULL
ORDER BY `sort` ASC
ALERT - 2022-07-23 14:16:12 --> SELECT COUNT(*) AS `numrows`
FROM `biz_menus`
WHERE `biz_id` = '3'
AND `biz_menu_category_id` = '11'
AND `biz_menus`.`deleted_at` IS NULL
ALERT - 2022-07-23 14:16:12 --> SELECT COUNT(*) AS `numrows`
FROM `biz_menu_categories`
WHERE `biz_id` = '3'
AND `menu_parent_id` = '11'
AND `biz_menu_categories`.`deleted_at` IS NULL
ALERT - 2022-07-23 14:16:12 --> SELECT *
FROM `biz_menu_categories`
WHERE `menu_parent_id` = '11'
AND `status` = 1
AND `isdeleted` = 0
AND `biz_id` = '3'
AND `biz_menu_categories`.`deleted_at` IS NULL
ORDER BY `sort` ASC
ALERT - 2022-07-23 14:16:12 --> SELECT COUNT(*) AS `numrows`
FROM `biz_menus`
WHERE `biz_id` = '3'
AND `biz_menu_category_id` = '12'
AND `biz_menus`.`deleted_at` IS NULL
ALERT - 2022-07-23 14:16:12 --> SELECT COUNT(*) AS `numrows`
FROM `biz_menu_categories`
WHERE `biz_id` = '3'
AND `menu_parent_id` = '12'
AND `biz_menu_categories`.`deleted_at` IS NULL
ALERT - 2022-07-23 14:16:12 --> SELECT *
FROM `biz_menu_categories`
WHERE `menu_parent_id` = '12'
AND `status` = 1
AND `isdeleted` = 0
AND `biz_id` = '3'
AND `biz_menu_categories`.`deleted_at` IS NULL
ORDER BY `sort` ASC
ALERT - 2022-07-23 14:16:12 --> SELECT COUNT(*) AS `numrows`
FROM `biz_menus`
WHERE `biz_id` = '3'
AND `biz_menu_category_id` = '13'
AND `biz_menus`.`deleted_at` IS NULL
ALERT - 2022-07-23 14:16:12 --> SELECT COUNT(*) AS `numrows`
FROM `biz_menu_categories`
WHERE `biz_id` = '3'
AND `menu_parent_id` = '13'
AND `biz_menu_categories`.`deleted_at` IS NULL
ALERT - 2022-07-23 14:16:12 --> SELECT *
FROM `biz_menu_categories`
WHERE `menu_parent_id` = '13'
AND `status` = 1
AND `isdeleted` = 0
AND `biz_id` = '3'
AND `biz_menu_categories`.`deleted_at` IS NULL
ORDER BY `sort` ASC
ALERT - 2022-07-23 14:16:52 --> SELECT *
FROM `bizs`
WHERE `isdeleted` = 0
AND `slug` = 'the_place'
AND `bizs`.`deleted_at` IS NULL
 LIMIT 1
ALERT - 2022-07-23 14:16:52 --> SELECT *
FROM `states`
WHERE `states`.`id` = '32'
ALERT - 2022-07-23 14:16:52 --> SELECT *
FROM `state_cities`
WHERE `state_cities`.`id` = '637'
ALERT - 2022-07-23 14:16:52 --> SELECT COUNT(*) AS `numrows`
FROM `biz_menus`
WHERE `biz_menus`.`biz_id` = '3'
AND `biz_menus`.`isdeleted` = 0
AND `biz_menus`.`deleted_at` IS NULL
ALERT - 2022-07-23 14:16:52 --> SELECT *
FROM `biz_menu_categories`
WHERE `menu_parent_id` = 0
AND `status` = 1
AND `isdeleted` = 0
AND `biz_id` = '3'
AND `biz_menu_categories`.`deleted_at` IS NULL
ORDER BY `sort` ASC
ALERT - 2022-07-23 14:16:52 --> SELECT COUNT(*) AS `numrows`
FROM `biz_menus`
WHERE `biz_id` = '3'
AND `biz_menu_category_id` = '11'
AND `biz_menus`.`deleted_at` IS NULL
ALERT - 2022-07-23 14:16:52 --> SELECT COUNT(*) AS `numrows`
FROM `biz_menu_categories`
WHERE `biz_id` = '3'
AND `menu_parent_id` = '11'
AND `biz_menu_categories`.`deleted_at` IS NULL
ALERT - 2022-07-23 14:16:52 --> SELECT *
FROM `biz_menu_categories`
WHERE `menu_parent_id` = '11'
AND `status` = 1
AND `isdeleted` = 0
AND `biz_id` = '3'
AND `biz_menu_categories`.`deleted_at` IS NULL
ORDER BY `sort` ASC
ALERT - 2022-07-23 14:16:52 --> SELECT COUNT(*) AS `numrows`
FROM `biz_menus`
WHERE `biz_id` = '3'
AND `biz_menu_category_id` = '12'
AND `biz_menus`.`deleted_at` IS NULL
ALERT - 2022-07-23 14:16:52 --> SELECT COUNT(*) AS `numrows`
FROM `biz_menu_categories`
WHERE `biz_id` = '3'
AND `menu_parent_id` = '12'
AND `biz_menu_categories`.`deleted_at` IS NULL
ALERT - 2022-07-23 14:16:52 --> SELECT *
FROM `biz_menu_categories`
WHERE `menu_parent_id` = '12'
AND `status` = 1
AND `isdeleted` = 0
AND `biz_id` = '3'
AND `biz_menu_categories`.`deleted_at` IS NULL
ORDER BY `sort` ASC
ALERT - 2022-07-23 14:16:52 --> SELECT COUNT(*) AS `numrows`
FROM `biz_menus`
WHERE `biz_id` = '3'
AND `biz_menu_category_id` = '13'
AND `biz_menus`.`deleted_at` IS NULL
ALERT - 2022-07-23 14:16:52 --> SELECT COUNT(*) AS `numrows`
FROM `biz_menu_categories`
WHERE `biz_id` = '3'
AND `menu_parent_id` = '13'
AND `biz_menu_categories`.`deleted_at` IS NULL
ALERT - 2022-07-23 14:16:52 --> SELECT *
FROM `biz_menu_categories`
WHERE `menu_parent_id` = '13'
AND `status` = 1
AND `isdeleted` = 0
AND `biz_id` = '3'
AND `biz_menu_categories`.`deleted_at` IS NULL
ORDER BY `sort` ASC
ALERT - 2022-07-23 14:17:07 --> SELECT *
FROM `bizs`
WHERE `isdeleted` = 0
AND `slug` = 'the_place'
AND `bizs`.`deleted_at` IS NULL
 LIMIT 1
ALERT - 2022-07-23 14:17:07 --> SELECT *
FROM `states`
WHERE `states`.`id` = '32'
ALERT - 2022-07-23 14:17:07 --> SELECT *
FROM `state_cities`
WHERE `state_cities`.`id` = '637'
ALERT - 2022-07-23 14:17:07 --> SELECT COUNT(*) AS `numrows`
FROM `biz_menus`
WHERE `biz_menus`.`biz_id` = '3'
AND `biz_menus`.`isdeleted` = 0
AND `biz_menus`.`deleted_at` IS NULL
ALERT - 2022-07-23 14:17:07 --> SELECT *
FROM `biz_menu_categories`
WHERE `menu_parent_id` = 0
AND `status` = 1
AND `isdeleted` = 0
AND `biz_id` = '3'
AND `biz_menu_categories`.`deleted_at` IS NULL
ORDER BY `sort` ASC
ALERT - 2022-07-23 14:17:07 --> SELECT COUNT(*) AS `numrows`
FROM `biz_menus`
WHERE `biz_id` = '3'
AND `biz_menu_category_id` = '11'
AND `biz_menus`.`deleted_at` IS NULL
ALERT - 2022-07-23 14:17:07 --> SELECT COUNT(*) AS `numrows`
FROM `biz_menu_categories`
WHERE `biz_id` = '3'
AND `menu_parent_id` = '11'
AND `biz_menu_categories`.`deleted_at` IS NULL
ALERT - 2022-07-23 14:17:07 --> SELECT *
FROM `biz_menu_categories`
WHERE `menu_parent_id` = '11'
AND `status` = 1
AND `isdeleted` = 0
AND `biz_id` = '3'
AND `biz_menu_categories`.`deleted_at` IS NULL
ORDER BY `sort` ASC
ALERT - 2022-07-23 14:17:07 --> SELECT COUNT(*) AS `numrows`
FROM `biz_menus`
WHERE `biz_id` = '3'
AND `biz_menu_category_id` = '12'
AND `biz_menus`.`deleted_at` IS NULL
ALERT - 2022-07-23 14:17:07 --> SELECT COUNT(*) AS `numrows`
FROM `biz_menu_categories`
WHERE `biz_id` = '3'
AND `menu_parent_id` = '12'
AND `biz_menu_categories`.`deleted_at` IS NULL
ALERT - 2022-07-23 14:17:07 --> SELECT *
FROM `biz_menu_categories`
WHERE `menu_parent_id` = '12'
AND `status` = 1
AND `isdeleted` = 0
AND `biz_id` = '3'
AND `biz_menu_categories`.`deleted_at` IS NULL
ORDER BY `sort` ASC
ALERT - 2022-07-23 14:17:07 --> SELECT COUNT(*) AS `numrows`
FROM `biz_menus`
WHERE `biz_id` = '3'
AND `biz_menu_category_id` = '13'
AND `biz_menus`.`deleted_at` IS NULL
ALERT - 2022-07-23 14:17:07 --> SELECT COUNT(*) AS `numrows`
FROM `biz_menu_categories`
WHERE `biz_id` = '3'
AND `menu_parent_id` = '13'
AND `biz_menu_categories`.`deleted_at` IS NULL
ALERT - 2022-07-23 14:17:07 --> SELECT *
FROM `biz_menu_categories`
WHERE `menu_parent_id` = '13'
AND `status` = 1
AND `isdeleted` = 0
AND `biz_id` = '3'
AND `biz_menu_categories`.`deleted_at` IS NULL
ORDER BY `sort` ASC
ALERT - 2022-07-23 14:17:28 --> SELECT *
FROM `bizs`
WHERE `isdeleted` = 0
AND `slug` = 'the_place'
AND `bizs`.`deleted_at` IS NULL
 LIMIT 1
ALERT - 2022-07-23 14:17:28 --> SELECT *
FROM `states`
WHERE `states`.`id` = '32'
ALERT - 2022-07-23 14:17:28 --> SELECT *
FROM `state_cities`
WHERE `state_cities`.`id` = '637'
ALERT - 2022-07-23 14:17:28 --> SELECT COUNT(*) AS `numrows`
FROM `biz_menus`
WHERE `biz_menus`.`biz_id` = '3'
AND `biz_menus`.`isdeleted` = 0
AND `biz_menus`.`deleted_at` IS NULL
ALERT - 2022-07-23 14:17:28 --> SELECT *
FROM `biz_menu_categories`
WHERE `menu_parent_id` = 0
AND `status` = 1
AND `isdeleted` = 0
AND `biz_id` = '3'
AND `biz_menu_categories`.`deleted_at` IS NULL
ORDER BY `sort` ASC
ALERT - 2022-07-23 14:17:28 --> SELECT COUNT(*) AS `numrows`
FROM `biz_menus`
WHERE `biz_id` = '3'
AND `biz_menu_category_id` = '11'
AND `biz_menus`.`deleted_at` IS NULL
ALERT - 2022-07-23 14:17:28 --> SELECT COUNT(*) AS `numrows`
FROM `biz_menu_categories`
WHERE `biz_id` = '3'
AND `menu_parent_id` = '11'
AND `biz_menu_categories`.`deleted_at` IS NULL
ALERT - 2022-07-23 14:17:28 --> SELECT *
FROM `biz_menu_categories`
WHERE `menu_parent_id` = '11'
AND `status` = 1
AND `isdeleted` = 0
AND `biz_id` = '3'
AND `biz_menu_categories`.`deleted_at` IS NULL
ORDER BY `sort` ASC
ALERT - 2022-07-23 14:17:28 --> SELECT COUNT(*) AS `numrows`
FROM `biz_menus`
WHERE `biz_id` = '3'
AND `biz_menu_category_id` = '12'
AND `biz_menus`.`deleted_at` IS NULL
ALERT - 2022-07-23 14:17:28 --> SELECT COUNT(*) AS `numrows`
FROM `biz_menu_categories`
WHERE `biz_id` = '3'
AND `menu_parent_id` = '12'
AND `biz_menu_categories`.`deleted_at` IS NULL
ALERT - 2022-07-23 14:17:28 --> SELECT *
FROM `biz_menu_categories`
WHERE `menu_parent_id` = '12'
AND `status` = 1
AND `isdeleted` = 0
AND `biz_id` = '3'
AND `biz_menu_categories`.`deleted_at` IS NULL
ORDER BY `sort` ASC
ALERT - 2022-07-23 14:17:28 --> SELECT COUNT(*) AS `numrows`
FROM `biz_menus`
WHERE `biz_id` = '3'
AND `biz_menu_category_id` = '13'
AND `biz_menus`.`deleted_at` IS NULL
ALERT - 2022-07-23 14:17:28 --> SELECT COUNT(*) AS `numrows`
FROM `biz_menu_categories`
WHERE `biz_id` = '3'
AND `menu_parent_id` = '13'
AND `biz_menu_categories`.`deleted_at` IS NULL
ALERT - 2022-07-23 14:17:28 --> SELECT *
FROM `biz_menu_categories`
WHERE `menu_parent_id` = '13'
AND `status` = 1
AND `isdeleted` = 0
AND `biz_id` = '3'
AND `biz_menu_categories`.`deleted_at` IS NULL
ORDER BY `sort` ASC
ALERT - 2022-07-23 14:17:41 --> SELECT *
FROM `bizs`
WHERE `isdeleted` = 0
AND `slug` = 'the_place'
AND `bizs`.`deleted_at` IS NULL
 LIMIT 1
ALERT - 2022-07-23 14:17:41 --> SELECT *
FROM `states`
WHERE `states`.`id` = '32'
ALERT - 2022-07-23 14:17:41 --> SELECT *
FROM `state_cities`
WHERE `state_cities`.`id` = '637'
ALERT - 2022-07-23 14:17:41 --> SELECT COUNT(*) AS `numrows`
FROM `biz_menus`
WHERE `biz_menus`.`biz_id` = '3'
AND `biz_menus`.`isdeleted` = 0
AND `biz_menus`.`deleted_at` IS NULL
ALERT - 2022-07-23 14:17:41 --> SELECT *
FROM `biz_menu_categories`
WHERE `menu_parent_id` = 0
AND `status` = 1
AND `isdeleted` = 0
AND `biz_id` = '3'
AND `biz_menu_categories`.`deleted_at` IS NULL
ORDER BY `sort` ASC
ALERT - 2022-07-23 14:17:41 --> SELECT COUNT(*) AS `numrows`
FROM `biz_menus`
WHERE `biz_id` = '3'
AND `biz_menu_category_id` = '11'
AND `biz_menus`.`deleted_at` IS NULL
ALERT - 2022-07-23 14:17:41 --> SELECT COUNT(*) AS `numrows`
FROM `biz_menu_categories`
WHERE `biz_id` = '3'
AND `menu_parent_id` = '11'
AND `biz_menu_categories`.`deleted_at` IS NULL
ALERT - 2022-07-23 14:17:42 --> SELECT *
FROM `biz_menu_categories`
WHERE `menu_parent_id` = '11'
AND `status` = 1
AND `isdeleted` = 0
AND `biz_id` = '3'
AND `biz_menu_categories`.`deleted_at` IS NULL
ORDER BY `sort` ASC
ALERT - 2022-07-23 14:17:42 --> SELECT COUNT(*) AS `numrows`
FROM `biz_menus`
WHERE `biz_id` = '3'
AND `biz_menu_category_id` = '12'
AND `biz_menus`.`deleted_at` IS NULL
ALERT - 2022-07-23 14:17:42 --> SELECT COUNT(*) AS `numrows`
FROM `biz_menu_categories`
WHERE `biz_id` = '3'
AND `menu_parent_id` = '12'
AND `biz_menu_categories`.`deleted_at` IS NULL
ALERT - 2022-07-23 14:17:42 --> SELECT *
FROM `biz_menu_categories`
WHERE `menu_parent_id` = '12'
AND `status` = 1
AND `isdeleted` = 0
AND `biz_id` = '3'
AND `biz_menu_categories`.`deleted_at` IS NULL
ORDER BY `sort` ASC
ALERT - 2022-07-23 14:17:42 --> SELECT COUNT(*) AS `numrows`
FROM `biz_menus`
WHERE `biz_id` = '3'
AND `biz_menu_category_id` = '13'
AND `biz_menus`.`deleted_at` IS NULL
ALERT - 2022-07-23 14:17:42 --> SELECT COUNT(*) AS `numrows`
FROM `biz_menu_categories`
WHERE `biz_id` = '3'
AND `menu_parent_id` = '13'
AND `biz_menu_categories`.`deleted_at` IS NULL
ALERT - 2022-07-23 14:17:42 --> SELECT *
FROM `biz_menu_categories`
WHERE `menu_parent_id` = '13'
AND `status` = 1
AND `isdeleted` = 0
AND `biz_id` = '3'
AND `biz_menu_categories`.`deleted_at` IS NULL
ORDER BY `sort` ASC
ALERT - 2022-07-23 14:20:37 --> SELECT *
FROM `bizs`
WHERE `isdeleted` = 0
AND `slug` = 'the_place'
AND `bizs`.`deleted_at` IS NULL
 LIMIT 1
ALERT - 2022-07-23 14:20:37 --> SELECT *
FROM `states`
WHERE `states`.`id` = '32'
ALERT - 2022-07-23 14:20:37 --> SELECT *
FROM `state_cities`
WHERE `state_cities`.`id` = '637'
ALERT - 2022-07-23 14:20:37 --> SELECT COUNT(*) AS `numrows`
FROM `biz_menus`
WHERE `biz_menus`.`biz_id` = '3'
AND `biz_menus`.`isdeleted` = 0
AND `biz_menus`.`deleted_at` IS NULL
ALERT - 2022-07-23 14:20:37 --> SELECT *
FROM `biz_menu_categories`
WHERE `menu_parent_id` = 0
AND `status` = 1
AND `isdeleted` = 0
AND `biz_id` = '3'
AND `biz_menu_categories`.`deleted_at` IS NULL
ORDER BY `sort` ASC
ALERT - 2022-07-23 14:20:37 --> SELECT COUNT(*) AS `numrows`
FROM `biz_menus`
WHERE `biz_id` = '3'
AND `biz_menu_category_id` = '11'
AND `biz_menus`.`deleted_at` IS NULL
ALERT - 2022-07-23 14:20:37 --> SELECT COUNT(*) AS `numrows`
FROM `biz_menu_categories`
WHERE `biz_id` = '3'
AND `menu_parent_id` = '11'
AND `biz_menu_categories`.`deleted_at` IS NULL
ALERT - 2022-07-23 14:20:37 --> SELECT *
FROM `biz_menu_categories`
WHERE `menu_parent_id` = '11'
AND `status` = 1
AND `isdeleted` = 0
AND `biz_id` = '3'
AND `biz_menu_categories`.`deleted_at` IS NULL
ORDER BY `sort` ASC
ALERT - 2022-07-23 14:20:37 --> SELECT COUNT(*) AS `numrows`
FROM `biz_menus`
WHERE `biz_id` = '3'
AND `biz_menu_category_id` = '12'
AND `biz_menus`.`deleted_at` IS NULL
ALERT - 2022-07-23 14:20:37 --> SELECT COUNT(*) AS `numrows`
FROM `biz_menu_categories`
WHERE `biz_id` = '3'
AND `menu_parent_id` = '12'
AND `biz_menu_categories`.`deleted_at` IS NULL
ALERT - 2022-07-23 14:20:37 --> SELECT *
FROM `biz_menu_categories`
WHERE `menu_parent_id` = '12'
AND `status` = 1
AND `isdeleted` = 0
AND `biz_id` = '3'
AND `biz_menu_categories`.`deleted_at` IS NULL
ORDER BY `sort` ASC
ALERT - 2022-07-23 14:20:37 --> SELECT COUNT(*) AS `numrows`
FROM `biz_menus`
WHERE `biz_id` = '3'
AND `biz_menu_category_id` = '13'
AND `biz_menus`.`deleted_at` IS NULL
ALERT - 2022-07-23 14:20:37 --> SELECT COUNT(*) AS `numrows`
FROM `biz_menu_categories`
WHERE `biz_id` = '3'
AND `menu_parent_id` = '13'
AND `biz_menu_categories`.`deleted_at` IS NULL
ALERT - 2022-07-23 14:20:37 --> SELECT *
FROM `biz_menu_categories`
WHERE `menu_parent_id` = '13'
AND `status` = 1
AND `isdeleted` = 0
AND `biz_id` = '3'
AND `biz_menu_categories`.`deleted_at` IS NULL
ORDER BY `sort` ASC
ALERT - 2022-07-23 14:22:35 --> SELECT *
FROM `bizs`
WHERE `isdeleted` = 0
AND `slug` = 'the_place'
AND `bizs`.`deleted_at` IS NULL
 LIMIT 1
ALERT - 2022-07-23 14:22:35 --> SELECT *
FROM `states`
WHERE `states`.`id` = '32'
ALERT - 2022-07-23 14:22:35 --> SELECT *
FROM `state_cities`
WHERE `state_cities`.`id` = '637'
ALERT - 2022-07-23 14:22:35 --> SELECT COUNT(*) AS `numrows`
FROM `biz_menus`
WHERE `biz_menus`.`biz_id` = '3'
AND `biz_menus`.`isdeleted` = 0
AND `biz_menus`.`deleted_at` IS NULL
ALERT - 2022-07-23 14:22:35 --> SELECT *
FROM `biz_menu_categories`
WHERE `menu_parent_id` = 0
AND `status` = 1
AND `isdeleted` = 0
AND `biz_id` = '3'
AND `biz_menu_categories`.`deleted_at` IS NULL
ORDER BY `sort` ASC
ALERT - 2022-07-23 14:22:35 --> SELECT COUNT(*) AS `numrows`
FROM `biz_menus`
WHERE `biz_id` = '3'
AND `biz_menu_category_id` = '11'
AND `biz_menus`.`deleted_at` IS NULL
ALERT - 2022-07-23 14:22:35 --> SELECT COUNT(*) AS `numrows`
FROM `biz_menu_categories`
WHERE `biz_id` = '3'
AND `menu_parent_id` = '11'
AND `biz_menu_categories`.`deleted_at` IS NULL
ALERT - 2022-07-23 14:22:35 --> SELECT *
FROM `biz_menu_categories`
WHERE `menu_parent_id` = '11'
AND `status` = 1
AND `isdeleted` = 0
AND `biz_id` = '3'
AND `biz_menu_categories`.`deleted_at` IS NULL
ORDER BY `sort` ASC
ALERT - 2022-07-23 14:22:35 --> SELECT COUNT(*) AS `numrows`
FROM `biz_menus`
WHERE `biz_id` = '3'
AND `biz_menu_category_id` = '12'
AND `biz_menus`.`deleted_at` IS NULL
ALERT - 2022-07-23 14:22:35 --> SELECT COUNT(*) AS `numrows`
FROM `biz_menu_categories`
WHERE `biz_id` = '3'
AND `menu_parent_id` = '12'
AND `biz_menu_categories`.`deleted_at` IS NULL
ALERT - 2022-07-23 14:22:35 --> SELECT *
FROM `biz_menu_categories`
WHERE `menu_parent_id` = '12'
AND `status` = 1
AND `isdeleted` = 0
AND `biz_id` = '3'
AND `biz_menu_categories`.`deleted_at` IS NULL
ORDER BY `sort` ASC
ALERT - 2022-07-23 14:22:35 --> SELECT COUNT(*) AS `numrows`
FROM `biz_menus`
WHERE `biz_id` = '3'
AND `biz_menu_category_id` = '13'
AND `biz_menus`.`deleted_at` IS NULL
ALERT - 2022-07-23 14:22:35 --> SELECT COUNT(*) AS `numrows`
FROM `biz_menu_categories`
WHERE `biz_id` = '3'
AND `menu_parent_id` = '13'
AND `biz_menu_categories`.`deleted_at` IS NULL
ALERT - 2022-07-23 14:22:35 --> SELECT *
FROM `biz_menu_categories`
WHERE `menu_parent_id` = '13'
AND `status` = 1
AND `isdeleted` = 0
AND `biz_id` = '3'
AND `biz_menu_categories`.`deleted_at` IS NULL
ORDER BY `sort` ASC
ALERT - 2022-07-23 14:23:05 --> SELECT *
FROM `bizs`
WHERE `isdeleted` = 0
AND `slug` = 'the_place'
AND `bizs`.`deleted_at` IS NULL
 LIMIT 1
ALERT - 2022-07-23 14:23:05 --> SELECT *
FROM `states`
WHERE `states`.`id` = '32'
ALERT - 2022-07-23 14:23:05 --> SELECT *
FROM `state_cities`
WHERE `state_cities`.`id` = '637'
ALERT - 2022-07-23 14:23:05 --> SELECT COUNT(*) AS `numrows`
FROM `biz_menus`
WHERE `biz_menus`.`biz_id` = '3'
AND `biz_menus`.`isdeleted` = 0
AND `biz_menus`.`deleted_at` IS NULL
ALERT - 2022-07-23 14:23:05 --> SELECT *
FROM `biz_menu_categories`
WHERE `menu_parent_id` = 0
AND `status` = 1
AND `isdeleted` = 0
AND `biz_id` = '3'
AND `biz_menu_categories`.`deleted_at` IS NULL
ORDER BY `sort` ASC
ALERT - 2022-07-23 14:23:05 --> SELECT COUNT(*) AS `numrows`
FROM `biz_menus`
WHERE `biz_id` = '3'
AND `biz_menu_category_id` = '11'
AND `biz_menus`.`deleted_at` IS NULL
ALERT - 2022-07-23 14:23:05 --> SELECT COUNT(*) AS `numrows`
FROM `biz_menu_categories`
WHERE `biz_id` = '3'
AND `menu_parent_id` = '11'
AND `biz_menu_categories`.`deleted_at` IS NULL
ALERT - 2022-07-23 14:23:05 --> SELECT *
FROM `biz_menu_categories`
WHERE `menu_parent_id` = '11'
AND `status` = 1
AND `isdeleted` = 0
AND `biz_id` = '3'
AND `biz_menu_categories`.`deleted_at` IS NULL
ORDER BY `sort` ASC
ALERT - 2022-07-23 14:23:05 --> SELECT COUNT(*) AS `numrows`
FROM `biz_menus`
WHERE `biz_id` = '3'
AND `biz_menu_category_id` = '12'
AND `biz_menus`.`deleted_at` IS NULL
ALERT - 2022-07-23 14:23:05 --> SELECT COUNT(*) AS `numrows`
FROM `biz_menu_categories`
WHERE `biz_id` = '3'
AND `menu_parent_id` = '12'
AND `biz_menu_categories`.`deleted_at` IS NULL
ALERT - 2022-07-23 14:23:05 --> SELECT *
FROM `biz_menu_categories`
WHERE `menu_parent_id` = '12'
AND `status` = 1
AND `isdeleted` = 0
AND `biz_id` = '3'
AND `biz_menu_categories`.`deleted_at` IS NULL
ORDER BY `sort` ASC
ALERT - 2022-07-23 14:23:05 --> SELECT COUNT(*) AS `numrows`
FROM `biz_menus`
WHERE `biz_id` = '3'
AND `biz_menu_category_id` = '13'
AND `biz_menus`.`deleted_at` IS NULL
ALERT - 2022-07-23 14:23:05 --> SELECT COUNT(*) AS `numrows`
FROM `biz_menu_categories`
WHERE `biz_id` = '3'
AND `menu_parent_id` = '13'
AND `biz_menu_categories`.`deleted_at` IS NULL
ALERT - 2022-07-23 14:23:05 --> SELECT *
FROM `biz_menu_categories`
WHERE `menu_parent_id` = '13'
AND `status` = 1
AND `isdeleted` = 0
AND `biz_id` = '3'
AND `biz_menu_categories`.`deleted_at` IS NULL
ORDER BY `sort` ASC
ALERT - 2022-07-23 14:23:18 --> SELECT *
FROM `bizs`
WHERE `isdeleted` = 0
AND `slug` = 'the_place'
AND `bizs`.`deleted_at` IS NULL
 LIMIT 1
ALERT - 2022-07-23 14:23:18 --> SELECT *
FROM `states`
WHERE `states`.`id` = '32'
ALERT - 2022-07-23 14:23:18 --> SELECT *
FROM `state_cities`
WHERE `state_cities`.`id` = '637'
ALERT - 2022-07-23 14:23:18 --> SELECT COUNT(*) AS `numrows`
FROM `biz_menus`
WHERE `biz_menus`.`biz_id` = '3'
AND `biz_menus`.`isdeleted` = 0
AND `biz_menus`.`deleted_at` IS NULL
ALERT - 2022-07-23 14:23:18 --> SELECT *
FROM `biz_menu_categories`
WHERE `menu_parent_id` = 0
AND `status` = 1
AND `isdeleted` = 0
AND `biz_id` = '3'
AND `biz_menu_categories`.`deleted_at` IS NULL
ORDER BY `sort` ASC
ALERT - 2022-07-23 14:23:18 --> SELECT COUNT(*) AS `numrows`
FROM `biz_menus`
WHERE `biz_id` = '3'
AND `biz_menu_category_id` = '11'
AND `biz_menus`.`deleted_at` IS NULL
ALERT - 2022-07-23 14:23:18 --> SELECT COUNT(*) AS `numrows`
FROM `biz_menu_categories`
WHERE `biz_id` = '3'
AND `menu_parent_id` = '11'
AND `biz_menu_categories`.`deleted_at` IS NULL
ALERT - 2022-07-23 14:23:18 --> SELECT *
FROM `biz_menu_categories`
WHERE `menu_parent_id` = '11'
AND `status` = 1
AND `isdeleted` = 0
AND `biz_id` = '3'
AND `biz_menu_categories`.`deleted_at` IS NULL
ORDER BY `sort` ASC
ALERT - 2022-07-23 14:23:18 --> SELECT COUNT(*) AS `numrows`
FROM `biz_menus`
WHERE `biz_id` = '3'
AND `biz_menu_category_id` = '12'
AND `biz_menus`.`deleted_at` IS NULL
ALERT - 2022-07-23 14:23:18 --> SELECT COUNT(*) AS `numrows`
FROM `biz_menu_categories`
WHERE `biz_id` = '3'
AND `menu_parent_id` = '12'
AND `biz_menu_categories`.`deleted_at` IS NULL
ALERT - 2022-07-23 14:23:18 --> SELECT *
FROM `biz_menu_categories`
WHERE `menu_parent_id` = '12'
AND `status` = 1
AND `isdeleted` = 0
AND `biz_id` = '3'
AND `biz_menu_categories`.`deleted_at` IS NULL
ORDER BY `sort` ASC
ALERT - 2022-07-23 14:23:18 --> SELECT COUNT(*) AS `numrows`
FROM `biz_menus`
WHERE `biz_id` = '3'
AND `biz_menu_category_id` = '13'
AND `biz_menus`.`deleted_at` IS NULL
ALERT - 2022-07-23 14:23:18 --> SELECT COUNT(*) AS `numrows`
FROM `biz_menu_categories`
WHERE `biz_id` = '3'
AND `menu_parent_id` = '13'
AND `biz_menu_categories`.`deleted_at` IS NULL
ALERT - 2022-07-23 14:23:18 --> SELECT *
FROM `biz_menu_categories`
WHERE `menu_parent_id` = '13'
AND `status` = 1
AND `isdeleted` = 0
AND `biz_id` = '3'
AND `biz_menu_categories`.`deleted_at` IS NULL
ORDER BY `sort` ASC
ALERT - 2022-07-23 14:23:56 --> SELECT *
FROM `bizs`
WHERE `isdeleted` = 0
AND `slug` = 'the_place'
AND `bizs`.`deleted_at` IS NULL
 LIMIT 1
ALERT - 2022-07-23 14:23:56 --> SELECT *
FROM `states`
WHERE `states`.`id` = '32'
ALERT - 2022-07-23 14:23:56 --> SELECT *
FROM `state_cities`
WHERE `state_cities`.`id` = '637'
ALERT - 2022-07-23 14:23:56 --> SELECT COUNT(*) AS `numrows`
FROM `biz_menus`
WHERE `biz_menus`.`biz_id` = '3'
AND `biz_menus`.`isdeleted` = 0
AND `biz_menus`.`deleted_at` IS NULL
ALERT - 2022-07-23 14:23:56 --> SELECT *
FROM `biz_menu_categories`
WHERE `menu_parent_id` = 0
AND `status` = 1
AND `isdeleted` = 0
AND `biz_id` = '3'
AND `biz_menu_categories`.`deleted_at` IS NULL
ORDER BY `sort` ASC
ALERT - 2022-07-23 14:23:56 --> SELECT COUNT(*) AS `numrows`
FROM `biz_menus`
WHERE `biz_id` = '3'
AND `biz_menu_category_id` = '11'
AND `biz_menus`.`deleted_at` IS NULL
ALERT - 2022-07-23 14:23:56 --> SELECT COUNT(*) AS `numrows`
FROM `biz_menu_categories`
WHERE `biz_id` = '3'
AND `menu_parent_id` = '11'
AND `biz_menu_categories`.`deleted_at` IS NULL
ALERT - 2022-07-23 14:23:56 --> SELECT *
FROM `biz_menu_categories`
WHERE `menu_parent_id` = '11'
AND `status` = 1
AND `isdeleted` = 0
AND `biz_id` = '3'
AND `biz_menu_categories`.`deleted_at` IS NULL
ORDER BY `sort` ASC
ALERT - 2022-07-23 14:23:56 --> SELECT COUNT(*) AS `numrows`
FROM `biz_menus`
WHERE `biz_id` = '3'
AND `biz_menu_category_id` = '12'
AND `biz_menus`.`deleted_at` IS NULL
ALERT - 2022-07-23 14:23:56 --> SELECT COUNT(*) AS `numrows`
FROM `biz_menu_categories`
WHERE `biz_id` = '3'
AND `menu_parent_id` = '12'
AND `biz_menu_categories`.`deleted_at` IS NULL
ALERT - 2022-07-23 14:23:56 --> SELECT *
FROM `biz_menu_categories`
WHERE `menu_parent_id` = '12'
AND `status` = 1
AND `isdeleted` = 0
AND `biz_id` = '3'
AND `biz_menu_categories`.`deleted_at` IS NULL
ORDER BY `sort` ASC
ALERT - 2022-07-23 14:23:56 --> SELECT COUNT(*) AS `numrows`
FROM `biz_menus`
WHERE `biz_id` = '3'
AND `biz_menu_category_id` = '13'
AND `biz_menus`.`deleted_at` IS NULL
ALERT - 2022-07-23 14:23:56 --> SELECT COUNT(*) AS `numrows`
FROM `biz_menu_categories`
WHERE `biz_id` = '3'
AND `menu_parent_id` = '13'
AND `biz_menu_categories`.`deleted_at` IS NULL
ALERT - 2022-07-23 14:23:56 --> SELECT *
FROM `biz_menu_categories`
WHERE `menu_parent_id` = '13'
AND `status` = 1
AND `isdeleted` = 0
AND `biz_id` = '3'
AND `biz_menu_categories`.`deleted_at` IS NULL
ORDER BY `sort` ASC
ALERT - 2022-07-23 14:24:15 --> SELECT *
FROM `bizs`
WHERE `isdeleted` = 0
AND `slug` = 'the_place'
AND `bizs`.`deleted_at` IS NULL
 LIMIT 1
ALERT - 2022-07-23 14:24:15 --> SELECT *
FROM `states`
WHERE `states`.`id` = '32'
ALERT - 2022-07-23 14:24:15 --> SELECT *
FROM `state_cities`
WHERE `state_cities`.`id` = '637'
ALERT - 2022-07-23 14:24:15 --> SELECT COUNT(*) AS `numrows`
FROM `biz_menus`
WHERE `biz_menus`.`biz_id` = '3'
AND `biz_menus`.`isdeleted` = 0
AND `biz_menus`.`deleted_at` IS NULL
ALERT - 2022-07-23 14:24:15 --> SELECT *
FROM `biz_menu_categories`
WHERE `menu_parent_id` = 0
AND `status` = 1
AND `isdeleted` = 0
AND `biz_id` = '3'
AND `biz_menu_categories`.`deleted_at` IS NULL
ORDER BY `sort` ASC
ALERT - 2022-07-23 14:24:15 --> SELECT COUNT(*) AS `numrows`
FROM `biz_menus`
WHERE `biz_id` = '3'
AND `biz_menu_category_id` = '11'
AND `biz_menus`.`deleted_at` IS NULL
ALERT - 2022-07-23 14:24:15 --> SELECT COUNT(*) AS `numrows`
FROM `biz_menu_categories`
WHERE `biz_id` = '3'
AND `menu_parent_id` = '11'
AND `biz_menu_categories`.`deleted_at` IS NULL
ALERT - 2022-07-23 14:24:15 --> SELECT *
FROM `biz_menu_categories`
WHERE `menu_parent_id` = '11'
AND `status` = 1
AND `isdeleted` = 0
AND `biz_id` = '3'
AND `biz_menu_categories`.`deleted_at` IS NULL
ORDER BY `sort` ASC
ALERT - 2022-07-23 14:24:15 --> SELECT COUNT(*) AS `numrows`
FROM `biz_menus`
WHERE `biz_id` = '3'
AND `biz_menu_category_id` = '12'
AND `biz_menus`.`deleted_at` IS NULL
ALERT - 2022-07-23 14:24:15 --> SELECT COUNT(*) AS `numrows`
FROM `biz_menu_categories`
WHERE `biz_id` = '3'
AND `menu_parent_id` = '12'
AND `biz_menu_categories`.`deleted_at` IS NULL
ALERT - 2022-07-23 14:24:15 --> SELECT *
FROM `biz_menu_categories`
WHERE `menu_parent_id` = '12'
AND `status` = 1
AND `isdeleted` = 0
AND `biz_id` = '3'
AND `biz_menu_categories`.`deleted_at` IS NULL
ORDER BY `sort` ASC
ALERT - 2022-07-23 14:24:15 --> SELECT COUNT(*) AS `numrows`
FROM `biz_menus`
WHERE `biz_id` = '3'
AND `biz_menu_category_id` = '13'
AND `biz_menus`.`deleted_at` IS NULL
ALERT - 2022-07-23 14:24:15 --> SELECT COUNT(*) AS `numrows`
FROM `biz_menu_categories`
WHERE `biz_id` = '3'
AND `menu_parent_id` = '13'
AND `biz_menu_categories`.`deleted_at` IS NULL
ALERT - 2022-07-23 14:24:15 --> SELECT *
FROM `biz_menu_categories`
WHERE `menu_parent_id` = '13'
AND `status` = 1
AND `isdeleted` = 0
AND `biz_id` = '3'
AND `biz_menu_categories`.`deleted_at` IS NULL
ORDER BY `sort` ASC
ALERT - 2022-07-23 14:25:34 --> SELECT *
FROM `bizs`
WHERE `isdeleted` = 0
AND `slug` = 'the_place'
AND `bizs`.`deleted_at` IS NULL
 LIMIT 1
ALERT - 2022-07-23 14:25:34 --> SELECT *
FROM `states`
WHERE `states`.`id` = '32'
ALERT - 2022-07-23 14:25:34 --> SELECT *
FROM `state_cities`
WHERE `state_cities`.`id` = '637'
ALERT - 2022-07-23 14:25:34 --> SELECT COUNT(*) AS `numrows`
FROM `biz_menus`
WHERE `biz_menus`.`biz_id` = '3'
AND `biz_menus`.`isdeleted` = 0
AND `biz_menus`.`deleted_at` IS NULL
ALERT - 2022-07-23 14:25:34 --> SELECT *
FROM `biz_menu_categories`
WHERE `menu_parent_id` = 0
AND `status` = 1
AND `isdeleted` = 0
AND `biz_id` = '3'
AND `biz_menu_categories`.`deleted_at` IS NULL
ORDER BY `sort` ASC
ALERT - 2022-07-23 14:25:34 --> SELECT COUNT(*) AS `numrows`
FROM `biz_menus`
WHERE `biz_id` = '3'
AND `biz_menu_category_id` = '11'
AND `biz_menus`.`deleted_at` IS NULL
ALERT - 2022-07-23 14:25:34 --> SELECT COUNT(*) AS `numrows`
FROM `biz_menu_categories`
WHERE `biz_id` = '3'
AND `menu_parent_id` = '11'
AND `biz_menu_categories`.`deleted_at` IS NULL
ALERT - 2022-07-23 14:25:34 --> SELECT *
FROM `biz_menu_categories`
WHERE `menu_parent_id` = '11'
AND `status` = 1
AND `isdeleted` = 0
AND `biz_id` = '3'
AND `biz_menu_categories`.`deleted_at` IS NULL
ORDER BY `sort` ASC
ALERT - 2022-07-23 14:25:34 --> SELECT COUNT(*) AS `numrows`
FROM `biz_menus`
WHERE `biz_id` = '3'
AND `biz_menu_category_id` = '12'
AND `biz_menus`.`deleted_at` IS NULL
ALERT - 2022-07-23 14:25:34 --> SELECT COUNT(*) AS `numrows`
FROM `biz_menu_categories`
WHERE `biz_id` = '3'
AND `menu_parent_id` = '12'
AND `biz_menu_categories`.`deleted_at` IS NULL
ALERT - 2022-07-23 14:25:34 --> SELECT *
FROM `biz_menu_categories`
WHERE `menu_parent_id` = '12'
AND `status` = 1
AND `isdeleted` = 0
AND `biz_id` = '3'
AND `biz_menu_categories`.`deleted_at` IS NULL
ORDER BY `sort` ASC
ALERT - 2022-07-23 14:25:34 --> SELECT COUNT(*) AS `numrows`
FROM `biz_menus`
WHERE `biz_id` = '3'
AND `biz_menu_category_id` = '13'
AND `biz_menus`.`deleted_at` IS NULL
ALERT - 2022-07-23 14:25:34 --> SELECT COUNT(*) AS `numrows`
FROM `biz_menu_categories`
WHERE `biz_id` = '3'
AND `menu_parent_id` = '13'
AND `biz_menu_categories`.`deleted_at` IS NULL
ALERT - 2022-07-23 14:25:34 --> SELECT *
FROM `biz_menu_categories`
WHERE `menu_parent_id` = '13'
AND `status` = 1
AND `isdeleted` = 0
AND `biz_id` = '3'
AND `biz_menu_categories`.`deleted_at` IS NULL
ORDER BY `sort` ASC
ALERT - 2022-07-23 14:25:50 --> SELECT *
FROM `bizs`
WHERE `isdeleted` = 0
AND `slug` = 'the_place'
AND `bizs`.`deleted_at` IS NULL
 LIMIT 1
ALERT - 2022-07-23 14:25:50 --> SELECT *
FROM `states`
WHERE `states`.`id` = '32'
ALERT - 2022-07-23 14:25:50 --> SELECT *
FROM `state_cities`
WHERE `state_cities`.`id` = '637'
ALERT - 2022-07-23 14:25:50 --> SELECT COUNT(*) AS `numrows`
FROM `biz_menus`
WHERE `biz_menus`.`biz_id` = '3'
AND `biz_menus`.`isdeleted` = 0
AND `biz_menus`.`deleted_at` IS NULL
ALERT - 2022-07-23 14:25:50 --> SELECT *
FROM `biz_menu_categories`
WHERE `menu_parent_id` = 0
AND `status` = 1
AND `isdeleted` = 0
AND `biz_id` = '3'
AND `biz_menu_categories`.`deleted_at` IS NULL
ORDER BY `sort` ASC
ALERT - 2022-07-23 14:25:50 --> SELECT COUNT(*) AS `numrows`
FROM `biz_menus`
WHERE `biz_id` = '3'
AND `biz_menu_category_id` = '11'
AND `biz_menus`.`deleted_at` IS NULL
ALERT - 2022-07-23 14:25:50 --> SELECT COUNT(*) AS `numrows`
FROM `biz_menu_categories`
WHERE `biz_id` = '3'
AND `menu_parent_id` = '11'
AND `biz_menu_categories`.`deleted_at` IS NULL
ALERT - 2022-07-23 14:25:50 --> SELECT *
FROM `biz_menu_categories`
WHERE `menu_parent_id` = '11'
AND `status` = 1
AND `isdeleted` = 0
AND `biz_id` = '3'
AND `biz_menu_categories`.`deleted_at` IS NULL
ORDER BY `sort` ASC
ALERT - 2022-07-23 14:25:50 --> SELECT COUNT(*) AS `numrows`
FROM `biz_menus`
WHERE `biz_id` = '3'
AND `biz_menu_category_id` = '12'
AND `biz_menus`.`deleted_at` IS NULL
ALERT - 2022-07-23 14:25:50 --> SELECT COUNT(*) AS `numrows`
FROM `biz_menu_categories`
WHERE `biz_id` = '3'
AND `menu_parent_id` = '12'
AND `biz_menu_categories`.`deleted_at` IS NULL
ALERT - 2022-07-23 14:25:50 --> SELECT *
FROM `biz_menu_categories`
WHERE `menu_parent_id` = '12'
AND `status` = 1
AND `isdeleted` = 0
AND `biz_id` = '3'
AND `biz_menu_categories`.`deleted_at` IS NULL
ORDER BY `sort` ASC
ALERT - 2022-07-23 14:25:50 --> SELECT COUNT(*) AS `numrows`
FROM `biz_menus`
WHERE `biz_id` = '3'
AND `biz_menu_category_id` = '13'
AND `biz_menus`.`deleted_at` IS NULL
ALERT - 2022-07-23 14:25:51 --> SELECT COUNT(*) AS `numrows`
FROM `biz_menu_categories`
WHERE `biz_id` = '3'
AND `menu_parent_id` = '13'
AND `biz_menu_categories`.`deleted_at` IS NULL
ALERT - 2022-07-23 14:25:51 --> SELECT *
FROM `biz_menu_categories`
WHERE `menu_parent_id` = '13'
AND `status` = 1
AND `isdeleted` = 0
AND `biz_id` = '3'
AND `biz_menu_categories`.`deleted_at` IS NULL
ORDER BY `sort` ASC
ALERT - 2022-07-23 14:26:14 --> SELECT *
FROM `bizs`
WHERE `isdeleted` = 0
AND `slug` = 'the_place'
AND `bizs`.`deleted_at` IS NULL
 LIMIT 1
ALERT - 2022-07-23 14:26:14 --> SELECT *
FROM `states`
WHERE `states`.`id` = '32'
ALERT - 2022-07-23 14:26:14 --> SELECT *
FROM `state_cities`
WHERE `state_cities`.`id` = '637'
ALERT - 2022-07-23 14:26:14 --> SELECT COUNT(*) AS `numrows`
FROM `biz_menus`
WHERE `biz_menus`.`biz_id` = '3'
AND `biz_menus`.`isdeleted` = 0
AND `biz_menus`.`deleted_at` IS NULL
ALERT - 2022-07-23 14:26:14 --> SELECT *
FROM `biz_menu_categories`
WHERE `menu_parent_id` = 0
AND `status` = 1
AND `isdeleted` = 0
AND `biz_id` = '3'
AND `biz_menu_categories`.`deleted_at` IS NULL
ORDER BY `sort` ASC
ALERT - 2022-07-23 14:26:14 --> SELECT COUNT(*) AS `numrows`
FROM `biz_menus`
WHERE `biz_id` = '3'
AND `biz_menu_category_id` = '11'
AND `biz_menus`.`deleted_at` IS NULL
ALERT - 2022-07-23 14:26:14 --> SELECT COUNT(*) AS `numrows`
FROM `biz_menu_categories`
WHERE `biz_id` = '3'
AND `menu_parent_id` = '11'
AND `biz_menu_categories`.`deleted_at` IS NULL
ALERT - 2022-07-23 14:26:14 --> SELECT *
FROM `biz_menu_categories`
WHERE `menu_parent_id` = '11'
AND `status` = 1
AND `isdeleted` = 0
AND `biz_id` = '3'
AND `biz_menu_categories`.`deleted_at` IS NULL
ORDER BY `sort` ASC
ALERT - 2022-07-23 14:26:14 --> SELECT COUNT(*) AS `numrows`
FROM `biz_menus`
WHERE `biz_id` = '3'
AND `biz_menu_category_id` = '12'
AND `biz_menus`.`deleted_at` IS NULL
ALERT - 2022-07-23 14:26:14 --> SELECT COUNT(*) AS `numrows`
FROM `biz_menu_categories`
WHERE `biz_id` = '3'
AND `menu_parent_id` = '12'
AND `biz_menu_categories`.`deleted_at` IS NULL
ALERT - 2022-07-23 14:26:14 --> SELECT *
FROM `biz_menu_categories`
WHERE `menu_parent_id` = '12'
AND `status` = 1
AND `isdeleted` = 0
AND `biz_id` = '3'
AND `biz_menu_categories`.`deleted_at` IS NULL
ORDER BY `sort` ASC
ALERT - 2022-07-23 14:26:14 --> SELECT COUNT(*) AS `numrows`
FROM `biz_menus`
WHERE `biz_id` = '3'
AND `biz_menu_category_id` = '13'
AND `biz_menus`.`deleted_at` IS NULL
ALERT - 2022-07-23 14:26:14 --> SELECT COUNT(*) AS `numrows`
FROM `biz_menu_categories`
WHERE `biz_id` = '3'
AND `menu_parent_id` = '13'
AND `biz_menu_categories`.`deleted_at` IS NULL
ALERT - 2022-07-23 14:26:14 --> SELECT *
FROM `biz_menu_categories`
WHERE `menu_parent_id` = '13'
AND `status` = 1
AND `isdeleted` = 0
AND `biz_id` = '3'
AND `biz_menu_categories`.`deleted_at` IS NULL
ORDER BY `sort` ASC
ALERT - 2022-07-23 14:28:29 --> SELECT *
FROM `bizs`
WHERE `isdeleted` = 0
AND `slug` = 'the_place'
AND `bizs`.`deleted_at` IS NULL
 LIMIT 1
ALERT - 2022-07-23 14:28:29 --> SELECT *
FROM `states`
WHERE `states`.`id` = '32'
ALERT - 2022-07-23 14:28:29 --> SELECT *
FROM `state_cities`
WHERE `state_cities`.`id` = '637'
ALERT - 2022-07-23 14:28:29 --> SELECT COUNT(*) AS `numrows`
FROM `biz_menus`
WHERE `biz_menus`.`biz_id` = '3'
AND `biz_menus`.`isdeleted` = 0
AND `biz_menus`.`deleted_at` IS NULL
ALERT - 2022-07-23 14:28:29 --> SELECT *
FROM `biz_menu_categories`
WHERE `menu_parent_id` = 0
AND `status` = 1
AND `isdeleted` = 0
AND `biz_id` = '3'
AND `biz_menu_categories`.`deleted_at` IS NULL
ORDER BY `sort` ASC
ALERT - 2022-07-23 14:28:29 --> SELECT COUNT(*) AS `numrows`
FROM `biz_menus`
WHERE `biz_id` = '3'
AND `biz_menu_category_id` = '11'
AND `biz_menus`.`deleted_at` IS NULL
ALERT - 2022-07-23 14:28:29 --> SELECT COUNT(*) AS `numrows`
FROM `biz_menu_categories`
WHERE `biz_id` = '3'
AND `menu_parent_id` = '11'
AND `biz_menu_categories`.`deleted_at` IS NULL
ALERT - 2022-07-23 14:28:29 --> SELECT *
FROM `biz_menu_categories`
WHERE `menu_parent_id` = '11'
AND `status` = 1
AND `isdeleted` = 0
AND `biz_id` = '3'
AND `biz_menu_categories`.`deleted_at` IS NULL
ORDER BY `sort` ASC
ALERT - 2022-07-23 14:28:29 --> SELECT COUNT(*) AS `numrows`
FROM `biz_menus`
WHERE `biz_id` = '3'
AND `biz_menu_category_id` = '12'
AND `biz_menus`.`deleted_at` IS NULL
ALERT - 2022-07-23 14:28:29 --> SELECT COUNT(*) AS `numrows`
FROM `biz_menu_categories`
WHERE `biz_id` = '3'
AND `menu_parent_id` = '12'
AND `biz_menu_categories`.`deleted_at` IS NULL
ALERT - 2022-07-23 14:28:29 --> SELECT *
FROM `biz_menu_categories`
WHERE `menu_parent_id` = '12'
AND `status` = 1
AND `isdeleted` = 0
AND `biz_id` = '3'
AND `biz_menu_categories`.`deleted_at` IS NULL
ORDER BY `sort` ASC
ALERT - 2022-07-23 14:28:29 --> SELECT COUNT(*) AS `numrows`
FROM `biz_menus`
WHERE `biz_id` = '3'
AND `biz_menu_category_id` = '13'
AND `biz_menus`.`deleted_at` IS NULL
ALERT - 2022-07-23 14:28:29 --> SELECT COUNT(*) AS `numrows`
FROM `biz_menu_categories`
WHERE `biz_id` = '3'
AND `menu_parent_id` = '13'
AND `biz_menu_categories`.`deleted_at` IS NULL
ALERT - 2022-07-23 14:28:29 --> SELECT *
FROM `biz_menu_categories`
WHERE `menu_parent_id` = '13'
AND `status` = 1
AND `isdeleted` = 0
AND `biz_id` = '3'
AND `biz_menu_categories`.`deleted_at` IS NULL
ORDER BY `sort` ASC
ALERT - 2022-07-23 14:29:57 --> SELECT *
FROM `bizs`
WHERE `isdeleted` = 0
AND `slug` = 'the_place'
AND `bizs`.`deleted_at` IS NULL
 LIMIT 1
ALERT - 2022-07-23 14:29:57 --> SELECT *
FROM `states`
WHERE `states`.`id` = '32'
ALERT - 2022-07-23 14:29:57 --> SELECT *
FROM `state_cities`
WHERE `state_cities`.`id` = '637'
ALERT - 2022-07-23 14:29:57 --> SELECT COUNT(*) AS `numrows`
FROM `biz_menus`
WHERE `biz_menus`.`biz_id` = '3'
AND `biz_menus`.`isdeleted` = 0
AND `biz_menus`.`deleted_at` IS NULL
ALERT - 2022-07-23 14:29:57 --> SELECT *
FROM `biz_menu_categories`
WHERE `menu_parent_id` = 0
AND `status` = 1
AND `isdeleted` = 0
AND `biz_id` = '3'
AND `biz_menu_categories`.`deleted_at` IS NULL
ORDER BY `sort` ASC
ALERT - 2022-07-23 14:29:57 --> SELECT COUNT(*) AS `numrows`
FROM `biz_menus`
WHERE `biz_id` = '3'
AND `biz_menu_category_id` = '11'
AND `biz_menus`.`deleted_at` IS NULL
ALERT - 2022-07-23 14:29:57 --> SELECT COUNT(*) AS `numrows`
FROM `biz_menu_categories`
WHERE `biz_id` = '3'
AND `menu_parent_id` = '11'
AND `biz_menu_categories`.`deleted_at` IS NULL
ALERT - 2022-07-23 14:29:57 --> SELECT *
FROM `biz_menu_categories`
WHERE `menu_parent_id` = '11'
AND `status` = 1
AND `isdeleted` = 0
AND `biz_id` = '3'
AND `biz_menu_categories`.`deleted_at` IS NULL
ORDER BY `sort` ASC
ALERT - 2022-07-23 14:29:57 --> SELECT COUNT(*) AS `numrows`
FROM `biz_menus`
WHERE `biz_id` = '3'
AND `biz_menu_category_id` = '12'
AND `biz_menus`.`deleted_at` IS NULL
ALERT - 2022-07-23 14:29:57 --> SELECT COUNT(*) AS `numrows`
FROM `biz_menu_categories`
WHERE `biz_id` = '3'
AND `menu_parent_id` = '12'
AND `biz_menu_categories`.`deleted_at` IS NULL
ALERT - 2022-07-23 14:29:57 --> SELECT *
FROM `biz_menu_categories`
WHERE `menu_parent_id` = '12'
AND `status` = 1
AND `isdeleted` = 0
AND `biz_id` = '3'
AND `biz_menu_categories`.`deleted_at` IS NULL
ORDER BY `sort` ASC
ALERT - 2022-07-23 14:29:57 --> SELECT COUNT(*) AS `numrows`
FROM `biz_menus`
WHERE `biz_id` = '3'
AND `biz_menu_category_id` = '13'
AND `biz_menus`.`deleted_at` IS NULL
ALERT - 2022-07-23 14:29:57 --> SELECT COUNT(*) AS `numrows`
FROM `biz_menu_categories`
WHERE `biz_id` = '3'
AND `menu_parent_id` = '13'
AND `biz_menu_categories`.`deleted_at` IS NULL
ALERT - 2022-07-23 14:29:57 --> SELECT *
FROM `biz_menu_categories`
WHERE `menu_parent_id` = '13'
AND `status` = 1
AND `isdeleted` = 0
AND `biz_id` = '3'
AND `biz_menu_categories`.`deleted_at` IS NULL
ORDER BY `sort` ASC
ALERT - 2022-07-23 14:30:14 --> SELECT *
FROM `bizs`
WHERE `isdeleted` = 0
AND `slug` = 'the_place'
AND `bizs`.`deleted_at` IS NULL
 LIMIT 1
ALERT - 2022-07-23 14:30:15 --> SELECT *
FROM `states`
WHERE `states`.`id` = '32'
ALERT - 2022-07-23 14:30:15 --> SELECT *
FROM `state_cities`
WHERE `state_cities`.`id` = '637'
ALERT - 2022-07-23 14:30:15 --> SELECT COUNT(*) AS `numrows`
FROM `biz_menus`
WHERE `biz_menus`.`biz_id` = '3'
AND `biz_menus`.`isdeleted` = 0
AND `biz_menus`.`deleted_at` IS NULL
ALERT - 2022-07-23 14:30:15 --> SELECT *
FROM `biz_menu_categories`
WHERE `menu_parent_id` = 0
AND `status` = 1
AND `isdeleted` = 0
AND `biz_id` = '3'
AND `biz_menu_categories`.`deleted_at` IS NULL
ORDER BY `sort` ASC
ALERT - 2022-07-23 14:30:15 --> SELECT COUNT(*) AS `numrows`
FROM `biz_menus`
WHERE `biz_id` = '3'
AND `biz_menu_category_id` = '11'
AND `biz_menus`.`deleted_at` IS NULL
ALERT - 2022-07-23 14:30:15 --> SELECT COUNT(*) AS `numrows`
FROM `biz_menu_categories`
WHERE `biz_id` = '3'
AND `menu_parent_id` = '11'
AND `biz_menu_categories`.`deleted_at` IS NULL
ALERT - 2022-07-23 14:30:15 --> SELECT *
FROM `biz_menu_categories`
WHERE `menu_parent_id` = '11'
AND `status` = 1
AND `isdeleted` = 0
AND `biz_id` = '3'
AND `biz_menu_categories`.`deleted_at` IS NULL
ORDER BY `sort` ASC
ALERT - 2022-07-23 14:30:15 --> SELECT COUNT(*) AS `numrows`
FROM `biz_menus`
WHERE `biz_id` = '3'
AND `biz_menu_category_id` = '12'
AND `biz_menus`.`deleted_at` IS NULL
ALERT - 2022-07-23 14:30:15 --> SELECT COUNT(*) AS `numrows`
FROM `biz_menu_categories`
WHERE `biz_id` = '3'
AND `menu_parent_id` = '12'
AND `biz_menu_categories`.`deleted_at` IS NULL
ALERT - 2022-07-23 14:30:15 --> SELECT *
FROM `biz_menu_categories`
WHERE `menu_parent_id` = '12'
AND `status` = 1
AND `isdeleted` = 0
AND `biz_id` = '3'
AND `biz_menu_categories`.`deleted_at` IS NULL
ORDER BY `sort` ASC
ALERT - 2022-07-23 14:30:15 --> SELECT COUNT(*) AS `numrows`
FROM `biz_menus`
WHERE `biz_id` = '3'
AND `biz_menu_category_id` = '13'
AND `biz_menus`.`deleted_at` IS NULL
ALERT - 2022-07-23 14:30:15 --> SELECT COUNT(*) AS `numrows`
FROM `biz_menu_categories`
WHERE `biz_id` = '3'
AND `menu_parent_id` = '13'
AND `biz_menu_categories`.`deleted_at` IS NULL
ALERT - 2022-07-23 14:30:15 --> SELECT *
FROM `biz_menu_categories`
WHERE `menu_parent_id` = '13'
AND `status` = 1
AND `isdeleted` = 0
AND `biz_id` = '3'
AND `biz_menu_categories`.`deleted_at` IS NULL
ORDER BY `sort` ASC
ALERT - 2022-07-23 14:30:48 --> SELECT *
FROM `bizs`
WHERE `isdeleted` = 0
AND `slug` = 'the_place'
AND `bizs`.`deleted_at` IS NULL
 LIMIT 1
ALERT - 2022-07-23 14:30:48 --> SELECT *
FROM `states`
WHERE `states`.`id` = '32'
ALERT - 2022-07-23 14:30:48 --> SELECT *
FROM `state_cities`
WHERE `state_cities`.`id` = '637'
ALERT - 2022-07-23 14:30:48 --> SELECT COUNT(*) AS `numrows`
FROM `biz_menus`
WHERE `biz_menus`.`biz_id` = '3'
AND `biz_menus`.`isdeleted` = 0
AND `biz_menus`.`deleted_at` IS NULL
ALERT - 2022-07-23 14:30:48 --> SELECT *
FROM `biz_menu_categories`
WHERE `menu_parent_id` = 0
AND `status` = 1
AND `isdeleted` = 0
AND `biz_id` = '3'
AND `biz_menu_categories`.`deleted_at` IS NULL
ORDER BY `sort` ASC
ALERT - 2022-07-23 14:30:48 --> SELECT COUNT(*) AS `numrows`
FROM `biz_menus`
WHERE `biz_id` = '3'
AND `biz_menu_category_id` = '11'
AND `biz_menus`.`deleted_at` IS NULL
ALERT - 2022-07-23 14:30:48 --> SELECT COUNT(*) AS `numrows`
FROM `biz_menu_categories`
WHERE `biz_id` = '3'
AND `menu_parent_id` = '11'
AND `biz_menu_categories`.`deleted_at` IS NULL
ALERT - 2022-07-23 14:30:48 --> SELECT *
FROM `biz_menu_categories`
WHERE `menu_parent_id` = '11'
AND `status` = 1
AND `isdeleted` = 0
AND `biz_id` = '3'
AND `biz_menu_categories`.`deleted_at` IS NULL
ORDER BY `sort` ASC
ALERT - 2022-07-23 14:30:48 --> SELECT COUNT(*) AS `numrows`
FROM `biz_menus`
WHERE `biz_id` = '3'
AND `biz_menu_category_id` = '12'
AND `biz_menus`.`deleted_at` IS NULL
ALERT - 2022-07-23 14:30:48 --> SELECT COUNT(*) AS `numrows`
FROM `biz_menu_categories`
WHERE `biz_id` = '3'
AND `menu_parent_id` = '12'
AND `biz_menu_categories`.`deleted_at` IS NULL
ALERT - 2022-07-23 14:30:48 --> SELECT *
FROM `biz_menu_categories`
WHERE `menu_parent_id` = '12'
AND `status` = 1
AND `isdeleted` = 0
AND `biz_id` = '3'
AND `biz_menu_categories`.`deleted_at` IS NULL
ORDER BY `sort` ASC
ALERT - 2022-07-23 14:30:48 --> SELECT COUNT(*) AS `numrows`
FROM `biz_menus`
WHERE `biz_id` = '3'
AND `biz_menu_category_id` = '13'
AND `biz_menus`.`deleted_at` IS NULL
ALERT - 2022-07-23 14:30:48 --> SELECT COUNT(*) AS `numrows`
FROM `biz_menu_categories`
WHERE `biz_id` = '3'
AND `menu_parent_id` = '13'
AND `biz_menu_categories`.`deleted_at` IS NULL
ALERT - 2022-07-23 14:30:48 --> SELECT *
FROM `biz_menu_categories`
WHERE `menu_parent_id` = '13'
AND `status` = 1
AND `isdeleted` = 0
AND `biz_id` = '3'
AND `biz_menu_categories`.`deleted_at` IS NULL
ORDER BY `sort` ASC
