CRITICAL - 2022-07-16 00:18:49 --> Undefined array key 0
#0 C:\xampp\htdocs\otfonline\backend\ci4\system\Router\RouteCollection.php(1091): CodeIgniter\Debug\Exceptions->errorHandler(2, 'Undefined array...', 'C:\\xampp\\htdocs...', 1091)
#1 C:\xampp\htdocs\otfonline\backend\ci4\system\Router\RouteCollection.php(971): CodeIgniter\Router\RouteCollection->fillRouteParams('otfadmin/vendor...', Array)
#2 C:\xampp\htdocs\otfonline\backend\ci4\system\Common.php(882): CodeIgniter\Router\RouteCollection->reverseRoute('vendor_menus_ad...')
#3 C:\xampp\htdocs\otfonline\backend\ci4\app\Views\superadmin\vendors_menu.php(22): route_to('vendor_menus_ad...')
#4 C:\xampp\htdocs\otfonline\backend\ci4\system\View\View.php(210): include('C:\\xampp\\htdocs...')
#5 C:\xampp\htdocs\otfonline\backend\ci4\system\View\View.php(213): CodeIgniter\View\View->CodeIgniter\View\{closure}()
#6 C:\xampp\htdocs\otfonline\backend\ci4\system\Common.php(1089): CodeIgniter\View\View->render('superadmin/vend...', Array, true)
#7 C:\xampp\htdocs\otfonline\backend\ci4\app\Controllers\Web\Superadmin\MenuController.php(76): view('superadmin/vend...', Array)
#8 C:\xampp\htdocs\otfonline\backend\ci4\system\CodeIgniter.php(838): App\Controllers\Web\Superadmin\MenuController->index('sprouts-farmers...')
#9 C:\xampp\htdocs\otfonline\backend\ci4\system\CodeIgniter.php(425): CodeIgniter\CodeIgniter->runController(Object(App\Controllers\Web\Superadmin\MenuController))
#10 C:\xampp\htdocs\otfonline\backend\ci4\system\CodeIgniter.php(332): CodeIgniter\CodeIgniter->handleRequest(NULL, Object(Config\Cache), false)
#11 C:\xampp\htdocs\otfonline\backend\ci4\public\index.php(37): CodeIgniter\CodeIgniter->run()
#12 C:\xampp\htdocs\otfonline\backend\ci4\system\Commands\Server\rewrite.php(43): require_once('C:\\xampp\\htdocs...')
#13 {main}
CRITICAL - 2022-07-16 00:19:58 --> Undefined array key 0
#0 C:\xampp\htdocs\otfonline\backend\ci4\system\Router\RouteCollection.php(1091): CodeIgniter\Debug\Exceptions->errorHandler(2, 'Undefined array...', 'C:\\xampp\\htdocs...', 1091)
#1 C:\xampp\htdocs\otfonline\backend\ci4\system\Router\RouteCollection.php(971): CodeIgniter\Router\RouteCollection->fillRouteParams('otfadmin/vendor...', Array)
#2 C:\xampp\htdocs\otfonline\backend\ci4\system\Common.php(882): CodeIgniter\Router\RouteCollection->reverseRoute('vendor_menus_ad...')
#3 C:\xampp\htdocs\otfonline\backend\ci4\app\Views\superadmin\vendors_menu.php(22): route_to('vendor_menus_ad...')
#4 C:\xampp\htdocs\otfonline\backend\ci4\system\View\View.php(210): include('C:\\xampp\\htdocs...')
#5 C:\xampp\htdocs\otfonline\backend\ci4\system\View\View.php(213): CodeIgniter\View\View->CodeIgniter\View\{closure}()
#6 C:\xampp\htdocs\otfonline\backend\ci4\system\Common.php(1089): CodeIgniter\View\View->render('superadmin/vend...', Array, true)
#7 C:\xampp\htdocs\otfonline\backend\ci4\app\Controllers\Web\Superadmin\MenuController.php(76): view('superadmin/vend...', Array)
#8 C:\xampp\htdocs\otfonline\backend\ci4\system\CodeIgniter.php(838): App\Controllers\Web\Superadmin\MenuController->view('sprouts-farmers...')
#9 C:\xampp\htdocs\otfonline\backend\ci4\system\CodeIgniter.php(425): CodeIgniter\CodeIgniter->runController(Object(App\Controllers\Web\Superadmin\MenuController))
#10 C:\xampp\htdocs\otfonline\backend\ci4\system\CodeIgniter.php(332): CodeIgniter\CodeIgniter->handleRequest(NULL, Object(Config\Cache), false)
#11 C:\xampp\htdocs\otfonline\backend\ci4\public\index.php(37): CodeIgniter\CodeIgniter->run()
#12 C:\xampp\htdocs\otfonline\backend\ci4\system\Commands\Server\rewrite.php(43): require_once('C:\\xampp\\htdocs...')
#13 {main}
CRITICAL - 2022-07-16 00:20:09 --> Undefined array key 0
#0 C:\xampp\htdocs\otfonline\backend\ci4\system\Router\RouteCollection.php(1091): CodeIgniter\Debug\Exceptions->errorHandler(2, 'Undefined array...', 'C:\\xampp\\htdocs...', 1091)
#1 C:\xampp\htdocs\otfonline\backend\ci4\system\Router\RouteCollection.php(971): CodeIgniter\Router\RouteCollection->fillRouteParams('otfadmin/vendor...', Array)
#2 C:\xampp\htdocs\otfonline\backend\ci4\system\Common.php(882): CodeIgniter\Router\RouteCollection->reverseRoute('vendor_menus_ad...')
#3 C:\xampp\htdocs\otfonline\backend\ci4\app\Views\superadmin\vendors_menu.php(22): route_to('vendor_menus_ad...')
#4 C:\xampp\htdocs\otfonline\backend\ci4\system\View\View.php(210): include('C:\\xampp\\htdocs...')
#5 C:\xampp\htdocs\otfonline\backend\ci4\system\View\View.php(213): CodeIgniter\View\View->CodeIgniter\View\{closure}()
#6 C:\xampp\htdocs\otfonline\backend\ci4\system\Common.php(1089): CodeIgniter\View\View->render('superadmin/vend...', Array, true)
#7 C:\xampp\htdocs\otfonline\backend\ci4\app\Controllers\Web\Superadmin\MenuController.php(76): view('superadmin/vend...', Array)
#8 C:\xampp\htdocs\otfonline\backend\ci4\system\CodeIgniter.php(838): App\Controllers\Web\Superadmin\MenuController->view('sprouts-farmers...')
#9 C:\xampp\htdocs\otfonline\backend\ci4\system\CodeIgniter.php(425): CodeIgniter\CodeIgniter->runController(Object(App\Controllers\Web\Superadmin\MenuController))
#10 C:\xampp\htdocs\otfonline\backend\ci4\system\CodeIgniter.php(332): CodeIgniter\CodeIgniter->handleRequest(NULL, Object(Config\Cache), false)
#11 C:\xampp\htdocs\otfonline\backend\ci4\public\index.php(37): CodeIgniter\CodeIgniter->run()
#12 C:\xampp\htdocs\otfonline\backend\ci4\system\Commands\Server\rewrite.php(43): require_once('C:\\xampp\\htdocs...')
#13 {main}
CRITICAL - 2022-07-16 00:27:47 --> Undefined array key 0
#0 C:\xampp\htdocs\otfonline\backend\ci4\system\Router\RouteCollection.php(1091): CodeIgniter\Debug\Exceptions->errorHandler(2, 'Undefined array...', 'C:\\xampp\\htdocs...', 1091)
#1 C:\xampp\htdocs\otfonline\backend\ci4\system\Router\RouteCollection.php(971): CodeIgniter\Router\RouteCollection->fillRouteParams('otfadmin/vendor...', Array)
#2 C:\xampp\htdocs\otfonline\backend\ci4\system\Common.php(882): CodeIgniter\Router\RouteCollection->reverseRoute('vendor_menus_ad...')
#3 C:\xampp\htdocs\otfonline\backend\ci4\app\Views\superadmin\vendors_menu.php(22): route_to('vendor_menus_ad...')
#4 C:\xampp\htdocs\otfonline\backend\ci4\system\View\View.php(210): include('C:\\xampp\\htdocs...')
#5 C:\xampp\htdocs\otfonline\backend\ci4\system\View\View.php(213): CodeIgniter\View\View->CodeIgniter\View\{closure}()
#6 C:\xampp\htdocs\otfonline\backend\ci4\system\Common.php(1089): CodeIgniter\View\View->render('superadmin/vend...', Array, true)
#7 C:\xampp\htdocs\otfonline\backend\ci4\app\Controllers\Web\Superadmin\MenuController.php(75): view('superadmin/vend...', Array)
#8 C:\xampp\htdocs\otfonline\backend\ci4\system\CodeIgniter.php(838): App\Controllers\Web\Superadmin\MenuController->index('sprouts-farmers...')
#9 C:\xampp\htdocs\otfonline\backend\ci4\system\CodeIgniter.php(425): CodeIgniter\CodeIgniter->runController(Object(App\Controllers\Web\Superadmin\MenuController))
#10 C:\xampp\htdocs\otfonline\backend\ci4\system\CodeIgniter.php(332): CodeIgniter\CodeIgniter->handleRequest(NULL, Object(Config\Cache), false)
#11 C:\xampp\htdocs\otfonline\backend\ci4\public\index.php(37): CodeIgniter\CodeIgniter->run()
#12 C:\xampp\htdocs\otfonline\backend\ci4\system\Commands\Server\rewrite.php(43): require_once('C:\\xampp\\htdocs...')
#13 {main}
CRITICAL - 2022-07-16 00:28:20 --> Undefined array key 0
#0 C:\xampp\htdocs\otfonline\backend\ci4\system\Router\RouteCollection.php(1091): CodeIgniter\Debug\Exceptions->errorHandler(2, 'Undefined array...', 'C:\\xampp\\htdocs...', 1091)
#1 C:\xampp\htdocs\otfonline\backend\ci4\system\Router\RouteCollection.php(971): CodeIgniter\Router\RouteCollection->fillRouteParams('otfadmin/vendor...', Array)
#2 C:\xampp\htdocs\otfonline\backend\ci4\system\Common.php(882): CodeIgniter\Router\RouteCollection->reverseRoute('vendor_menus_ad...')
#3 C:\xampp\htdocs\otfonline\backend\ci4\app\Views\superadmin\vendors_menu.php(21): route_to('vendor_menus_ad...')
#4 C:\xampp\htdocs\otfonline\backend\ci4\system\View\View.php(210): include('C:\\xampp\\htdocs...')
#5 C:\xampp\htdocs\otfonline\backend\ci4\system\View\View.php(213): CodeIgniter\View\View->CodeIgniter\View\{closure}()
#6 C:\xampp\htdocs\otfonline\backend\ci4\system\Common.php(1089): CodeIgniter\View\View->render('superadmin/vend...', Array, true)
#7 C:\xampp\htdocs\otfonline\backend\ci4\app\Controllers\Web\Superadmin\MenuController.php(75): view('superadmin/vend...', Array)
#8 C:\xampp\htdocs\otfonline\backend\ci4\system\CodeIgniter.php(838): App\Controllers\Web\Superadmin\MenuController->index('sprouts-farmers...')
#9 C:\xampp\htdocs\otfonline\backend\ci4\system\CodeIgniter.php(425): CodeIgniter\CodeIgniter->runController(Object(App\Controllers\Web\Superadmin\MenuController))
#10 C:\xampp\htdocs\otfonline\backend\ci4\system\CodeIgniter.php(332): CodeIgniter\CodeIgniter->handleRequest(NULL, Object(Config\Cache), false)
#11 C:\xampp\htdocs\otfonline\backend\ci4\public\index.php(37): CodeIgniter\CodeIgniter->run()
#12 C:\xampp\htdocs\otfonline\backend\ci4\system\Commands\Server\rewrite.php(43): require_once('C:\\xampp\\htdocs...')
#13 {main}
CRITICAL - 2022-07-16 00:29:26 --> Undefined array key 0
#0 C:\xampp\htdocs\otfonline\backend\ci4\system\Router\RouteCollection.php(1091): CodeIgniter\Debug\Exceptions->errorHandler(2, 'Undefined array...', 'C:\\xampp\\htdocs...', 1091)
#1 C:\xampp\htdocs\otfonline\backend\ci4\system\Router\RouteCollection.php(971): CodeIgniter\Router\RouteCollection->fillRouteParams('otfadmin/vendor...', Array)
#2 C:\xampp\htdocs\otfonline\backend\ci4\system\Common.php(882): CodeIgniter\Router\RouteCollection->reverseRoute('vendor_menus_ad...')
#3 C:\xampp\htdocs\otfonline\backend\ci4\app\Views\superadmin\vendors_menu.php(22): route_to('vendor_menus_ad...')
#4 C:\xampp\htdocs\otfonline\backend\ci4\system\View\View.php(210): include('C:\\xampp\\htdocs...')
#5 C:\xampp\htdocs\otfonline\backend\ci4\system\View\View.php(213): CodeIgniter\View\View->CodeIgniter\View\{closure}()
#6 C:\xampp\htdocs\otfonline\backend\ci4\system\Common.php(1089): CodeIgniter\View\View->render('superadmin/vend...', Array, true)
#7 C:\xampp\htdocs\otfonline\backend\ci4\app\Controllers\Web\Superadmin\BizController.php(197): view('superadmin/vend...', Array)
#8 C:\xampp\htdocs\otfonline\backend\ci4\system\CodeIgniter.php(838): App\Controllers\Web\Superadmin\BizController->menus('sprouts-farmers...')
#9 C:\xampp\htdocs\otfonline\backend\ci4\system\CodeIgniter.php(425): CodeIgniter\CodeIgniter->runController(Object(App\Controllers\Web\Superadmin\BizController))
#10 C:\xampp\htdocs\otfonline\backend\ci4\system\CodeIgniter.php(332): CodeIgniter\CodeIgniter->handleRequest(NULL, Object(Config\Cache), false)
#11 C:\xampp\htdocs\otfonline\backend\ci4\public\index.php(37): CodeIgniter\CodeIgniter->run()
#12 C:\xampp\htdocs\otfonline\backend\ci4\system\Commands\Server\rewrite.php(43): require_once('C:\\xampp\\htdocs...')
#13 {main}
CRITICAL - 2022-07-16 00:29:43 --> Undefined array key 0
#0 C:\xampp\htdocs\otfonline\backend\ci4\system\Router\RouteCollection.php(1091): CodeIgniter\Debug\Exceptions->errorHandler(2, 'Undefined array...', 'C:\\xampp\\htdocs...', 1091)
#1 C:\xampp\htdocs\otfonline\backend\ci4\system\Router\RouteCollection.php(971): CodeIgniter\Router\RouteCollection->fillRouteParams('otfadmin/vendor...', Array)
#2 C:\xampp\htdocs\otfonline\backend\ci4\system\Common.php(882): CodeIgniter\Router\RouteCollection->reverseRoute('vendor_menus_ad...')
#3 C:\xampp\htdocs\otfonline\backend\ci4\app\Views\superadmin\vendors_menu.php(22): route_to('vendor_menus_ad...')
#4 C:\xampp\htdocs\otfonline\backend\ci4\system\View\View.php(210): include('C:\\xampp\\htdocs...')
#5 C:\xampp\htdocs\otfonline\backend\ci4\system\View\View.php(213): CodeIgniter\View\View->CodeIgniter\View\{closure}()
#6 C:\xampp\htdocs\otfonline\backend\ci4\system\Common.php(1089): CodeIgniter\View\View->render('superadmin/vend...', Array, true)
#7 C:\xampp\htdocs\otfonline\backend\ci4\app\Controllers\Web\Superadmin\BizController.php(197): view('superadmin/vend...', Array)
#8 C:\xampp\htdocs\otfonline\backend\ci4\system\CodeIgniter.php(838): App\Controllers\Web\Superadmin\BizController->menus('sprouts-farmers...')
#9 C:\xampp\htdocs\otfonline\backend\ci4\system\CodeIgniter.php(425): CodeIgniter\CodeIgniter->runController(Object(App\Controllers\Web\Superadmin\BizController))
#10 C:\xampp\htdocs\otfonline\backend\ci4\system\CodeIgniter.php(332): CodeIgniter\CodeIgniter->handleRequest(NULL, Object(Config\Cache), false)
#11 C:\xampp\htdocs\otfonline\backend\ci4\public\index.php(37): CodeIgniter\CodeIgniter->run()
#12 C:\xampp\htdocs\otfonline\backend\ci4\system\Commands\Server\rewrite.php(43): require_once('C:\\xampp\\htdocs...')
#13 {main}
CRITICAL - 2022-07-16 00:30:20 --> Undefined array key 0
#0 C:\xampp\htdocs\otfonline\backend\ci4\system\Router\RouteCollection.php(1091): CodeIgniter\Debug\Exceptions->errorHandler(2, 'Undefined array...', 'C:\\xampp\\htdocs...', 1091)
#1 C:\xampp\htdocs\otfonline\backend\ci4\system\Router\RouteCollection.php(971): CodeIgniter\Router\RouteCollection->fillRouteParams('otfadmin/vendor...', Array)
#2 C:\xampp\htdocs\otfonline\backend\ci4\system\Common.php(882): CodeIgniter\Router\RouteCollection->reverseRoute('vendor_menus_ad...')
#3 C:\xampp\htdocs\otfonline\backend\ci4\app\Views\superadmin\vendors_menu.php(22): route_to('vendor_menus_ad...')
#4 C:\xampp\htdocs\otfonline\backend\ci4\system\View\View.php(210): include('C:\\xampp\\htdocs...')
#5 C:\xampp\htdocs\otfonline\backend\ci4\system\View\View.php(213): CodeIgniter\View\View->CodeIgniter\View\{closure}()
#6 C:\xampp\htdocs\otfonline\backend\ci4\system\Common.php(1089): CodeIgniter\View\View->render('superadmin/vend...', Array, true)
#7 C:\xampp\htdocs\otfonline\backend\ci4\app\Controllers\Web\Superadmin\BizController.php(197): view('superadmin/vend...', Array)
#8 C:\xampp\htdocs\otfonline\backend\ci4\system\CodeIgniter.php(838): App\Controllers\Web\Superadmin\BizController->menus('sprouts-farmers...')
#9 C:\xampp\htdocs\otfonline\backend\ci4\system\CodeIgniter.php(425): CodeIgniter\CodeIgniter->runController(Object(App\Controllers\Web\Superadmin\BizController))
#10 C:\xampp\htdocs\otfonline\backend\ci4\system\CodeIgniter.php(332): CodeIgniter\CodeIgniter->handleRequest(NULL, Object(Config\Cache), false)
#11 C:\xampp\htdocs\otfonline\backend\ci4\public\index.php(37): CodeIgniter\CodeIgniter->run()
#12 C:\xampp\htdocs\otfonline\backend\ci4\system\Commands\Server\rewrite.php(43): require_once('C:\\xampp\\htdocs...')
#13 {main}
CRITICAL - 2022-07-16 00:31:16 --> Undefined array key 0
#0 C:\xampp\htdocs\otfonline\backend\ci4\system\Router\RouteCollection.php(1091): CodeIgniter\Debug\Exceptions->errorHandler(2, 'Undefined array...', 'C:\\xampp\\htdocs...', 1091)
#1 C:\xampp\htdocs\otfonline\backend\ci4\system\Router\RouteCollection.php(971): CodeIgniter\Router\RouteCollection->fillRouteParams('otfadmin/vendor...', Array)
#2 C:\xampp\htdocs\otfonline\backend\ci4\system\Common.php(882): CodeIgniter\Router\RouteCollection->reverseRoute('vendor_menus_ad...')
#3 C:\xampp\htdocs\otfonline\backend\ci4\app\Views\superadmin\vendors_menu.php(22): route_to('vendor_menus_ad...')
#4 C:\xampp\htdocs\otfonline\backend\ci4\system\View\View.php(210): include('C:\\xampp\\htdocs...')
#5 C:\xampp\htdocs\otfonline\backend\ci4\system\View\View.php(213): CodeIgniter\View\View->CodeIgniter\View\{closure}()
#6 C:\xampp\htdocs\otfonline\backend\ci4\system\Common.php(1089): CodeIgniter\View\View->render('superadmin/vend...', Array, true)
#7 C:\xampp\htdocs\otfonline\backend\ci4\app\Controllers\Web\Superadmin\MenuController.php(75): view('superadmin/vend...', Array)
#8 C:\xampp\htdocs\otfonline\backend\ci4\system\CodeIgniter.php(838): App\Controllers\Web\Superadmin\MenuController->index('sprouts-farmers...')
#9 C:\xampp\htdocs\otfonline\backend\ci4\system\CodeIgniter.php(425): CodeIgniter\CodeIgniter->runController(Object(App\Controllers\Web\Superadmin\MenuController))
#10 C:\xampp\htdocs\otfonline\backend\ci4\system\CodeIgniter.php(332): CodeIgniter\CodeIgniter->handleRequest(NULL, Object(Config\Cache), false)
#11 C:\xampp\htdocs\otfonline\backend\ci4\public\index.php(37): CodeIgniter\CodeIgniter->run()
#12 C:\xampp\htdocs\otfonline\backend\ci4\system\Commands\Server\rewrite.php(43): require_once('C:\\xampp\\htdocs...')
#13 {main}
CRITICAL - 2022-07-16 00:32:19 --> Undefined array key 0
#0 C:\xampp\htdocs\otfonline\backend\ci4\system\Router\RouteCollection.php(1091): CodeIgniter\Debug\Exceptions->errorHandler(2, 'Undefined array...', 'C:\\xampp\\htdocs...', 1091)
#1 C:\xampp\htdocs\otfonline\backend\ci4\system\Router\RouteCollection.php(971): CodeIgniter\Router\RouteCollection->fillRouteParams('otfadmin/vendor...', Array)
#2 C:\xampp\htdocs\otfonline\backend\ci4\system\Common.php(882): CodeIgniter\Router\RouteCollection->reverseRoute('vendor_menus_ad...')
#3 C:\xampp\htdocs\otfonline\backend\ci4\app\Views\superadmin\vendors_menu.php(22): route_to('vendor_menus_ad...')
#4 C:\xampp\htdocs\otfonline\backend\ci4\system\View\View.php(210): include('C:\\xampp\\htdocs...')
#5 C:\xampp\htdocs\otfonline\backend\ci4\system\View\View.php(213): CodeIgniter\View\View->CodeIgniter\View\{closure}()
#6 C:\xampp\htdocs\otfonline\backend\ci4\system\Common.php(1089): CodeIgniter\View\View->render('superadmin/vend...', Array, true)
#7 C:\xampp\htdocs\otfonline\backend\ci4\app\Controllers\Web\Superadmin\MenuController.php(75): view('superadmin/vend...', Array)
#8 C:\xampp\htdocs\otfonline\backend\ci4\system\CodeIgniter.php(838): App\Controllers\Web\Superadmin\MenuController->index('sprouts-farmers...')
#9 C:\xampp\htdocs\otfonline\backend\ci4\system\CodeIgniter.php(425): CodeIgniter\CodeIgniter->runController(Object(App\Controllers\Web\Superadmin\MenuController))
#10 C:\xampp\htdocs\otfonline\backend\ci4\system\CodeIgniter.php(332): CodeIgniter\CodeIgniter->handleRequest(NULL, Object(Config\Cache), false)
#11 C:\xampp\htdocs\otfonline\backend\ci4\public\index.php(37): CodeIgniter\CodeIgniter->run()
#12 C:\xampp\htdocs\otfonline\backend\ci4\system\Commands\Server\rewrite.php(43): require_once('C:\\xampp\\htdocs...')
#13 {main}
CRITICAL - 2022-07-16 00:34:22 --> Undefined array key 0
#0 C:\xampp\htdocs\otfonline\backend\ci4\system\Router\RouteCollection.php(1091): CodeIgniter\Debug\Exceptions->errorHandler(2, 'Undefined array...', 'C:\\xampp\\htdocs...', 1091)
#1 C:\xampp\htdocs\otfonline\backend\ci4\system\Router\RouteCollection.php(971): CodeIgniter\Router\RouteCollection->fillRouteParams('otfadmin/vendor...', Array)
#2 C:\xampp\htdocs\otfonline\backend\ci4\system\Common.php(882): CodeIgniter\Router\RouteCollection->reverseRoute('vendor_menus_ad...')
#3 C:\xampp\htdocs\otfonline\backend\ci4\app\Views\superadmin\vendors_menu.php(22): route_to('vendor_menus_ad...')
#4 C:\xampp\htdocs\otfonline\backend\ci4\system\View\View.php(210): include('C:\\xampp\\htdocs...')
#5 C:\xampp\htdocs\otfonline\backend\ci4\system\View\View.php(213): CodeIgniter\View\View->CodeIgniter\View\{closure}()
#6 C:\xampp\htdocs\otfonline\backend\ci4\system\Common.php(1089): CodeIgniter\View\View->render('superadmin/vend...', Array, true)
#7 C:\xampp\htdocs\otfonline\backend\ci4\app\Controllers\Web\Superadmin\MenuController.php(75): view('superadmin/vend...', Array)
#8 C:\xampp\htdocs\otfonline\backend\ci4\system\CodeIgniter.php(838): App\Controllers\Web\Superadmin\MenuController->index('sprouts-farmers...')
#9 C:\xampp\htdocs\otfonline\backend\ci4\system\CodeIgniter.php(425): CodeIgniter\CodeIgniter->runController(Object(App\Controllers\Web\Superadmin\MenuController))
#10 C:\xampp\htdocs\otfonline\backend\ci4\system\CodeIgniter.php(332): CodeIgniter\CodeIgniter->handleRequest(NULL, Object(Config\Cache), false)
#11 C:\xampp\htdocs\otfonline\backend\ci4\public\index.php(37): CodeIgniter\CodeIgniter->run()
#12 C:\xampp\htdocs\otfonline\backend\ci4\system\Commands\Server\rewrite.php(43): require_once('C:\\xampp\\htdocs...')
#13 {main}
CRITICAL - 2022-07-16 00:36:13 --> Undefined array key 0
#0 C:\xampp\htdocs\otfonline\backend\ci4\system\Router\RouteCollection.php(1091): CodeIgniter\Debug\Exceptions->errorHandler(2, 'Undefined array...', 'C:\\xampp\\htdocs...', 1091)
#1 C:\xampp\htdocs\otfonline\backend\ci4\system\Router\RouteCollection.php(971): CodeIgniter\Router\RouteCollection->fillRouteParams('otfadmin/vendor...', Array)
#2 C:\xampp\htdocs\otfonline\backend\ci4\system\Common.php(882): CodeIgniter\Router\RouteCollection->reverseRoute('vendor_menus_ad...')
#3 C:\xampp\htdocs\otfonline\backend\ci4\app\Views\superadmin\vendors_menu.php(22): route_to('vendor_menus_ad...')
#4 C:\xampp\htdocs\otfonline\backend\ci4\system\View\View.php(210): include('C:\\xampp\\htdocs...')
#5 C:\xampp\htdocs\otfonline\backend\ci4\system\View\View.php(213): CodeIgniter\View\View->CodeIgniter\View\{closure}()
#6 C:\xampp\htdocs\otfonline\backend\ci4\system\Common.php(1089): CodeIgniter\View\View->render('superadmin/vend...', Array, true)
#7 C:\xampp\htdocs\otfonline\backend\ci4\app\Controllers\Web\Superadmin\MenuController.php(75): view('superadmin/vend...', Array)
#8 C:\xampp\htdocs\otfonline\backend\ci4\system\CodeIgniter.php(838): App\Controllers\Web\Superadmin\MenuController->index('sprouts-farmers...')
#9 C:\xampp\htdocs\otfonline\backend\ci4\system\CodeIgniter.php(425): CodeIgniter\CodeIgniter->runController(Object(App\Controllers\Web\Superadmin\MenuController))
#10 C:\xampp\htdocs\otfonline\backend\ci4\system\CodeIgniter.php(332): CodeIgniter\CodeIgniter->handleRequest(NULL, Object(Config\Cache), false)
#11 C:\xampp\htdocs\otfonline\backend\ci4\public\index.php(37): CodeIgniter\CodeIgniter->run()
#12 C:\xampp\htdocs\otfonline\backend\ci4\system\Commands\Server\rewrite.php(43): require_once('C:\\xampp\\htdocs...')
#13 {main}
CRITICAL - 2022-07-16 00:46:09 --> Undefined array key 0
#0 C:\xampp\htdocs\otfonline\backend\ci4\system\Router\RouteCollection.php(1091): CodeIgniter\Debug\Exceptions->errorHandler(2, 'Undefined array...', 'C:\\xampp\\htdocs...', 1091)
#1 C:\xampp\htdocs\otfonline\backend\ci4\system\Router\RouteCollection.php(971): CodeIgniter\Router\RouteCollection->fillRouteParams('otfadmin/vendor...', Array)
#2 C:\xampp\htdocs\otfonline\backend\ci4\system\Common.php(882): CodeIgniter\Router\RouteCollection->reverseRoute('menu_add')
#3 C:\xampp\htdocs\otfonline\backend\ci4\app\Views\superadmin\vendors_menu.php(22): route_to('menu_add')
#4 C:\xampp\htdocs\otfonline\backend\ci4\system\View\View.php(210): include('C:\\xampp\\htdocs...')
#5 C:\xampp\htdocs\otfonline\backend\ci4\system\View\View.php(213): CodeIgniter\View\View->CodeIgniter\View\{closure}()
#6 C:\xampp\htdocs\otfonline\backend\ci4\system\Common.php(1089): CodeIgniter\View\View->render('superadmin/vend...', Array, true)
#7 C:\xampp\htdocs\otfonline\backend\ci4\app\Controllers\Web\Superadmin\MenuController.php(75): view('superadmin/vend...', Array)
#8 C:\xampp\htdocs\otfonline\backend\ci4\system\CodeIgniter.php(838): App\Controllers\Web\Superadmin\MenuController->index('sprouts-farmers...')
#9 C:\xampp\htdocs\otfonline\backend\ci4\system\CodeIgniter.php(425): CodeIgniter\CodeIgniter->runController(Object(App\Controllers\Web\Superadmin\MenuController))
#10 C:\xampp\htdocs\otfonline\backend\ci4\system\CodeIgniter.php(332): CodeIgniter\CodeIgniter->handleRequest(NULL, Object(Config\Cache), false)
#11 C:\xampp\htdocs\otfonline\backend\ci4\public\index.php(37): CodeIgniter\CodeIgniter->run()
#12 C:\xampp\htdocs\otfonline\backend\ci4\system\Commands\Server\rewrite.php(43): require_once('C:\\xampp\\htdocs...')
#13 {main}
CRITICAL - 2022-07-16 00:47:08 --> Undefined array key 0
#0 C:\xampp\htdocs\otfonline\backend\ci4\system\Router\RouteCollection.php(1091): CodeIgniter\Debug\Exceptions->errorHandler(2, 'Undefined array...', 'C:\\xampp\\htdocs...', 1091)
#1 C:\xampp\htdocs\otfonline\backend\ci4\system\Router\RouteCollection.php(971): CodeIgniter\Router\RouteCollection->fillRouteParams('otfadmin/vendor...', Array)
#2 C:\xampp\htdocs\otfonline\backend\ci4\system\Common.php(882): CodeIgniter\Router\RouteCollection->reverseRoute('menu_add')
#3 C:\xampp\htdocs\otfonline\backend\ci4\app\Views\superadmin\vendors_menu.php(22): route_to('menu_add')
#4 C:\xampp\htdocs\otfonline\backend\ci4\system\View\View.php(210): include('C:\\xampp\\htdocs...')
#5 C:\xampp\htdocs\otfonline\backend\ci4\system\View\View.php(213): CodeIgniter\View\View->CodeIgniter\View\{closure}()
#6 C:\xampp\htdocs\otfonline\backend\ci4\system\Common.php(1089): CodeIgniter\View\View->render('superadmin/vend...', Array, true)
#7 C:\xampp\htdocs\otfonline\backend\ci4\app\Controllers\Web\Superadmin\MenuController.php(75): view('superadmin/vend...', Array)
#8 C:\xampp\htdocs\otfonline\backend\ci4\system\CodeIgniter.php(838): App\Controllers\Web\Superadmin\MenuController->index('sprouts-farmers...')
#9 C:\xampp\htdocs\otfonline\backend\ci4\system\CodeIgniter.php(425): CodeIgniter\CodeIgniter->runController(Object(App\Controllers\Web\Superadmin\MenuController))
#10 C:\xampp\htdocs\otfonline\backend\ci4\system\CodeIgniter.php(332): CodeIgniter\CodeIgniter->handleRequest(NULL, Object(Config\Cache), false)
#11 C:\xampp\htdocs\otfonline\backend\ci4\public\index.php(37): CodeIgniter\CodeIgniter->run()
#12 C:\xampp\htdocs\otfonline\backend\ci4\system\Commands\Server\rewrite.php(43): require_once('C:\\xampp\\htdocs...')
#13 {main}
CRITICAL - 2022-07-16 00:47:38 --> Undefined array key 0
#0 C:\xampp\htdocs\otfonline\backend\ci4\system\Router\RouteCollection.php(1091): CodeIgniter\Debug\Exceptions->errorHandler(2, 'Undefined array...', 'C:\\xampp\\htdocs...', 1091)
#1 C:\xampp\htdocs\otfonline\backend\ci4\system\Router\RouteCollection.php(971): CodeIgniter\Router\RouteCollection->fillRouteParams('otfadmin/vendor...', Array)
#2 C:\xampp\htdocs\otfonline\backend\ci4\system\Common.php(882): CodeIgniter\Router\RouteCollection->reverseRoute('menu_add')
#3 C:\xampp\htdocs\otfonline\backend\ci4\app\Views\superadmin\vendors_menu.php(22): route_to('menu_add')
#4 C:\xampp\htdocs\otfonline\backend\ci4\system\View\View.php(210): include('C:\\xampp\\htdocs...')
#5 C:\xampp\htdocs\otfonline\backend\ci4\system\View\View.php(213): CodeIgniter\View\View->CodeIgniter\View\{closure}()
#6 C:\xampp\htdocs\otfonline\backend\ci4\system\Common.php(1089): CodeIgniter\View\View->render('superadmin/vend...', Array, true)
#7 C:\xampp\htdocs\otfonline\backend\ci4\app\Controllers\Web\Superadmin\MenuController.php(75): view('superadmin/vend...', Array)
#8 C:\xampp\htdocs\otfonline\backend\ci4\system\CodeIgniter.php(838): App\Controllers\Web\Superadmin\MenuController->index('sprouts-farmers...')
#9 C:\xampp\htdocs\otfonline\backend\ci4\system\CodeIgniter.php(425): CodeIgniter\CodeIgniter->runController(Object(App\Controllers\Web\Superadmin\MenuController))
#10 C:\xampp\htdocs\otfonline\backend\ci4\system\CodeIgniter.php(332): CodeIgniter\CodeIgniter->handleRequest(NULL, Object(Config\Cache), false)
#11 C:\xampp\htdocs\otfonline\backend\ci4\public\index.php(37): CodeIgniter\CodeIgniter->run()
#12 C:\xampp\htdocs\otfonline\backend\ci4\system\Commands\Server\rewrite.php(43): require_once('C:\\xampp\\htdocs...')
#13 {main}
CRITICAL - 2022-07-16 00:47:49 --> Undefined array key 0
#0 C:\xampp\htdocs\otfonline\backend\ci4\system\Router\RouteCollection.php(1091): CodeIgniter\Debug\Exceptions->errorHandler(2, 'Undefined array...', 'C:\\xampp\\htdocs...', 1091)
#1 C:\xampp\htdocs\otfonline\backend\ci4\system\Router\RouteCollection.php(971): CodeIgniter\Router\RouteCollection->fillRouteParams('otfadmin/vendor...', Array)
#2 C:\xampp\htdocs\otfonline\backend\ci4\system\Common.php(882): CodeIgniter\Router\RouteCollection->reverseRoute('menu_add')
#3 C:\xampp\htdocs\otfonline\backend\ci4\app\Views\superadmin\vendors_menu.php(22): route_to('menu_add')
#4 C:\xampp\htdocs\otfonline\backend\ci4\system\View\View.php(210): include('C:\\xampp\\htdocs...')
#5 C:\xampp\htdocs\otfonline\backend\ci4\system\View\View.php(213): CodeIgniter\View\View->CodeIgniter\View\{closure}()
#6 C:\xampp\htdocs\otfonline\backend\ci4\system\Common.php(1089): CodeIgniter\View\View->render('superadmin/vend...', Array, true)
#7 C:\xampp\htdocs\otfonline\backend\ci4\app\Controllers\Web\Superadmin\MenuController.php(75): view('superadmin/vend...', Array)
#8 C:\xampp\htdocs\otfonline\backend\ci4\system\CodeIgniter.php(838): App\Controllers\Web\Superadmin\MenuController->index('sprouts-farmers...')
#9 C:\xampp\htdocs\otfonline\backend\ci4\system\CodeIgniter.php(425): CodeIgniter\CodeIgniter->runController(Object(App\Controllers\Web\Superadmin\MenuController))
#10 C:\xampp\htdocs\otfonline\backend\ci4\system\CodeIgniter.php(332): CodeIgniter\CodeIgniter->handleRequest(NULL, Object(Config\Cache), false)
#11 C:\xampp\htdocs\otfonline\backend\ci4\public\index.php(37): CodeIgniter\CodeIgniter->run()
#12 C:\xampp\htdocs\otfonline\backend\ci4\system\Commands\Server\rewrite.php(43): require_once('C:\\xampp\\htdocs...')
#13 {main}
CRITICAL - 2022-07-16 00:48:00 --> Undefined array key 0
#0 C:\xampp\htdocs\otfonline\backend\ci4\system\Router\RouteCollection.php(1091): CodeIgniter\Debug\Exceptions->errorHandler(2, 'Undefined array...', 'C:\\xampp\\htdocs...', 1091)
#1 C:\xampp\htdocs\otfonline\backend\ci4\system\Router\RouteCollection.php(971): CodeIgniter\Router\RouteCollection->fillRouteParams('otfadmin/vendor...', Array)
#2 C:\xampp\htdocs\otfonline\backend\ci4\system\Common.php(882): CodeIgniter\Router\RouteCollection->reverseRoute('menu_add')
#3 C:\xampp\htdocs\otfonline\backend\ci4\app\Views\superadmin\vendors_menu.php(22): route_to('menu_add')
#4 C:\xampp\htdocs\otfonline\backend\ci4\system\View\View.php(210): include('C:\\xampp\\htdocs...')
#5 C:\xampp\htdocs\otfonline\backend\ci4\system\View\View.php(213): CodeIgniter\View\View->CodeIgniter\View\{closure}()
#6 C:\xampp\htdocs\otfonline\backend\ci4\system\Common.php(1089): CodeIgniter\View\View->render('superadmin/vend...', Array, true)
#7 C:\xampp\htdocs\otfonline\backend\ci4\app\Controllers\Web\Superadmin\MenuController.php(75): view('superadmin/vend...', Array)
#8 C:\xampp\htdocs\otfonline\backend\ci4\system\CodeIgniter.php(838): App\Controllers\Web\Superadmin\MenuController->index('sprouts-farmers...')
#9 C:\xampp\htdocs\otfonline\backend\ci4\system\CodeIgniter.php(425): CodeIgniter\CodeIgniter->runController(Object(App\Controllers\Web\Superadmin\MenuController))
#10 C:\xampp\htdocs\otfonline\backend\ci4\system\CodeIgniter.php(332): CodeIgniter\CodeIgniter->handleRequest(NULL, Object(Config\Cache), false)
#11 C:\xampp\htdocs\otfonline\backend\ci4\public\index.php(37): CodeIgniter\CodeIgniter->run()
#12 C:\xampp\htdocs\otfonline\backend\ci4\system\Commands\Server\rewrite.php(43): require_once('C:\\xampp\\htdocs...')
#13 {main}
CRITICAL - 2022-07-16 00:48:14 --> Undefined array key 0
#0 C:\xampp\htdocs\otfonline\backend\ci4\system\Router\RouteCollection.php(1091): CodeIgniter\Debug\Exceptions->errorHandler(2, 'Undefined array...', 'C:\\xampp\\htdocs...', 1091)
#1 C:\xampp\htdocs\otfonline\backend\ci4\system\Router\RouteCollection.php(971): CodeIgniter\Router\RouteCollection->fillRouteParams('otfadmin/vendor...', Array)
#2 C:\xampp\htdocs\otfonline\backend\ci4\system\Common.php(882): CodeIgniter\Router\RouteCollection->reverseRoute('menu_add')
#3 C:\xampp\htdocs\otfonline\backend\ci4\app\Views\superadmin\vendors_menu.php(22): route_to('menu_add')
#4 C:\xampp\htdocs\otfonline\backend\ci4\system\View\View.php(210): include('C:\\xampp\\htdocs...')
#5 C:\xampp\htdocs\otfonline\backend\ci4\system\View\View.php(213): CodeIgniter\View\View->CodeIgniter\View\{closure}()
#6 C:\xampp\htdocs\otfonline\backend\ci4\system\Common.php(1089): CodeIgniter\View\View->render('superadmin/vend...', Array, true)
#7 C:\xampp\htdocs\otfonline\backend\ci4\app\Controllers\Web\Superadmin\MenuController.php(75): view('superadmin/vend...', Array)
#8 C:\xampp\htdocs\otfonline\backend\ci4\system\CodeIgniter.php(838): App\Controllers\Web\Superadmin\MenuController->index('sprouts-farmers...')
#9 C:\xampp\htdocs\otfonline\backend\ci4\system\CodeIgniter.php(425): CodeIgniter\CodeIgniter->runController(Object(App\Controllers\Web\Superadmin\MenuController))
#10 C:\xampp\htdocs\otfonline\backend\ci4\system\CodeIgniter.php(332): CodeIgniter\CodeIgniter->handleRequest(NULL, Object(Config\Cache), false)
#11 C:\xampp\htdocs\otfonline\backend\ci4\public\index.php(37): CodeIgniter\CodeIgniter->run()
#12 C:\xampp\htdocs\otfonline\backend\ci4\system\Commands\Server\rewrite.php(43): require_once('C:\\xampp\\htdocs...')
#13 {main}
CRITICAL - 2022-07-16 21:46:14 --> Undefined array key "state_name"
#0 C:\xampp\htdocs\otfonline\backend\ci4\app\Views\superadmin\vendors_add_menu.php(121): CodeIgniter\Debug\Exceptions->errorHandler(2, 'Undefined array...', 'C:\\xampp\\htdocs...', 121)
#1 C:\xampp\htdocs\otfonline\backend\ci4\system\View\View.php(210): include('C:\\xampp\\htdocs...')
#2 C:\xampp\htdocs\otfonline\backend\ci4\system\View\View.php(213): CodeIgniter\View\View->CodeIgniter\View\{closure}()
#3 C:\xampp\htdocs\otfonline\backend\ci4\system\Common.php(1089): CodeIgniter\View\View->render('superadmin/vend...', Array, true)
#4 C:\xampp\htdocs\otfonline\backend\ci4\app\Controllers\Web\Superadmin\MenuController.php(108): view('superadmin/vend...', Array)
#5 C:\xampp\htdocs\otfonline\backend\ci4\system\CodeIgniter.php(838): App\Controllers\Web\Superadmin\MenuController->add('sprouts-farmers...')
#6 C:\xampp\htdocs\otfonline\backend\ci4\system\CodeIgniter.php(425): CodeIgniter\CodeIgniter->runController(Object(App\Controllers\Web\Superadmin\MenuController))
#7 C:\xampp\htdocs\otfonline\backend\ci4\system\CodeIgniter.php(332): CodeIgniter\CodeIgniter->handleRequest(NULL, Object(Config\Cache), false)
#8 C:\xampp\htdocs\otfonline\backend\ci4\public\index.php(37): CodeIgniter\CodeIgniter->run()
#9 C:\xampp\htdocs\otfonline\backend\ci4\system\Commands\Server\rewrite.php(43): require_once('C:\\xampp\\htdocs...')
#10 {main}
