CRITICAL - 2022-05-13 15:44:09 --> mysqli_result::fetch_object(): Argument #1 ($class) must be a valid class name,  given
#0 C:\xampp\htdocs\otfonline\backend\ci4\system\Database\MySQLi\Result.php(148): mysqli_result->fetch_object('')
#1 C:\xampp\htdocs\otfonline\backend\ci4\system\Database\BaseResult.php(149): CodeIgniter\Database\MySQLi\Result->fetchObject('')
#2 C:\xampp\htdocs\otfonline\backend\ci4\system\Database\BaseResult.php(106): CodeIgniter\Database\BaseResult->getCustomResultObject('')
#3 C:\xampp\htdocs\otfonline\backend\ci4\system\Model.php(184): CodeIgniter\Database\BaseResult->getResult('')
#4 C:\xampp\htdocs\otfonline\backend\ci4\system\BaseModel.php(584): CodeIgniter\Model->doFindAll(24, 0)
#5 C:\xampp\htdocs\otfonline\backend\ci4\system\BaseModel.php(1088): CodeIgniter\BaseModel->findAll(24, 0)
#6 C:\xampp\htdocs\otfonline\backend\ci4\app\Controllers\Web\UsersController.php(42): CodeIgniter\BaseModel->paginate(24)
#7 C:\xampp\htdocs\otfonline\backend\ci4\system\CodeIgniter.php(838): App\Controllers\Web\UsersController->order()
#8 C:\xampp\htdocs\otfonline\backend\ci4\system\CodeIgniter.php(425): CodeIgniter\CodeIgniter->runController(Object(App\Controllers\Web\UsersController))
#9 C:\xampp\htdocs\otfonline\backend\ci4\system\CodeIgniter.php(332): CodeIgniter\CodeIgniter->handleRequest(NULL, Object(Config\Cache), false)
#10 C:\xampp\htdocs\otfonline\backend\ci4\public\index.php(37): CodeIgniter\CodeIgniter->run()
#11 C:\xampp\htdocs\otfonline\backend\ci4\system\Commands\Server\rewrite.php(43): require_once('C:\\xampp\\htdocs...')
#12 {main}
CRITICAL - 2022-05-13 15:45:36 --> mysqli_result::fetch_object(): Argument #1 ($class) must be a valid class name,  given
#0 C:\xampp\htdocs\otfonline\backend\ci4\system\Database\MySQLi\Result.php(148): mysqli_result->fetch_object('')
#1 C:\xampp\htdocs\otfonline\backend\ci4\system\Database\BaseResult.php(149): CodeIgniter\Database\MySQLi\Result->fetchObject('')
#2 C:\xampp\htdocs\otfonline\backend\ci4\system\Database\BaseResult.php(106): CodeIgniter\Database\BaseResult->getCustomResultObject('')
#3 C:\xampp\htdocs\otfonline\backend\ci4\system\Model.php(184): CodeIgniter\Database\BaseResult->getResult('')
#4 C:\xampp\htdocs\otfonline\backend\ci4\system\BaseModel.php(584): CodeIgniter\Model->doFindAll(24, 0)
#5 C:\xampp\htdocs\otfonline\backend\ci4\system\BaseModel.php(1088): CodeIgniter\BaseModel->findAll(24, 0)
#6 C:\xampp\htdocs\otfonline\backend\ci4\app\Controllers\Web\UsersController.php(42): CodeIgniter\BaseModel->paginate(24)
#7 C:\xampp\htdocs\otfonline\backend\ci4\system\CodeIgniter.php(838): App\Controllers\Web\UsersController->order()
#8 C:\xampp\htdocs\otfonline\backend\ci4\system\CodeIgniter.php(425): CodeIgniter\CodeIgniter->runController(Object(App\Controllers\Web\UsersController))
#9 C:\xampp\htdocs\otfonline\backend\ci4\system\CodeIgniter.php(332): CodeIgniter\CodeIgniter->handleRequest(NULL, Object(Config\Cache), false)
#10 C:\xampp\htdocs\otfonline\backend\ci4\public\index.php(37): CodeIgniter\CodeIgniter->run()
#11 C:\xampp\htdocs\otfonline\backend\ci4\system\Commands\Server\rewrite.php(43): require_once('C:\\xampp\\htdocs...')
#12 {main}
CRITICAL - 2022-05-13 15:50:02 --> mysqli_result::fetch_object(): Argument #1 ($class) must be a valid class name,  given
#0 C:\xampp\htdocs\otfonline\backend\ci4\system\Database\MySQLi\Result.php(148): mysqli_result->fetch_object('')
#1 C:\xampp\htdocs\otfonline\backend\ci4\system\Database\BaseResult.php(149): CodeIgniter\Database\MySQLi\Result->fetchObject('')
#2 C:\xampp\htdocs\otfonline\backend\ci4\system\Database\BaseResult.php(106): CodeIgniter\Database\BaseResult->getCustomResultObject('')
#3 C:\xampp\htdocs\otfonline\backend\ci4\system\Model.php(184): CodeIgniter\Database\BaseResult->getResult('')
#4 C:\xampp\htdocs\otfonline\backend\ci4\system\BaseModel.php(584): CodeIgniter\Model->doFindAll(24, 0)
#5 C:\xampp\htdocs\otfonline\backend\ci4\system\BaseModel.php(1088): CodeIgniter\BaseModel->findAll(24, 0)
#6 C:\xampp\htdocs\otfonline\backend\ci4\app\Controllers\Web\UsersController.php(43): CodeIgniter\BaseModel->paginate(24)
#7 C:\xampp\htdocs\otfonline\backend\ci4\system\CodeIgniter.php(838): App\Controllers\Web\UsersController->order()
#8 C:\xampp\htdocs\otfonline\backend\ci4\system\CodeIgniter.php(425): CodeIgniter\CodeIgniter->runController(Object(App\Controllers\Web\UsersController))
#9 C:\xampp\htdocs\otfonline\backend\ci4\system\CodeIgniter.php(332): CodeIgniter\CodeIgniter->handleRequest(NULL, Object(Config\Cache), false)
#10 C:\xampp\htdocs\otfonline\backend\ci4\public\index.php(37): CodeIgniter\CodeIgniter->run()
#11 C:\xampp\htdocs\otfonline\backend\ci4\system\Commands\Server\rewrite.php(43): require_once('C:\\xampp\\htdocs...')
#12 {main}
CRITICAL - 2022-05-13 15:50:27 --> mysqli_result::fetch_object(): Argument #1 ($class) must be a valid class name,  given
#0 C:\xampp\htdocs\otfonline\backend\ci4\system\Database\MySQLi\Result.php(148): mysqli_result->fetch_object('')
#1 C:\xampp\htdocs\otfonline\backend\ci4\system\Database\BaseResult.php(149): CodeIgniter\Database\MySQLi\Result->fetchObject('')
#2 C:\xampp\htdocs\otfonline\backend\ci4\system\Database\BaseResult.php(106): CodeIgniter\Database\BaseResult->getCustomResultObject('')
#3 C:\xampp\htdocs\otfonline\backend\ci4\system\Model.php(184): CodeIgniter\Database\BaseResult->getResult('')
#4 C:\xampp\htdocs\otfonline\backend\ci4\system\BaseModel.php(584): CodeIgniter\Model->doFindAll(24, 0)
#5 C:\xampp\htdocs\otfonline\backend\ci4\system\BaseModel.php(1088): CodeIgniter\BaseModel->findAll(24, 0)
#6 C:\xampp\htdocs\otfonline\backend\ci4\app\Controllers\Web\UsersController.php(43): CodeIgniter\BaseModel->paginate(24)
#7 C:\xampp\htdocs\otfonline\backend\ci4\system\CodeIgniter.php(838): App\Controllers\Web\UsersController->order()
#8 C:\xampp\htdocs\otfonline\backend\ci4\system\CodeIgniter.php(425): CodeIgniter\CodeIgniter->runController(Object(App\Controllers\Web\UsersController))
#9 C:\xampp\htdocs\otfonline\backend\ci4\system\CodeIgniter.php(332): CodeIgniter\CodeIgniter->handleRequest(NULL, Object(Config\Cache), false)
#10 C:\xampp\htdocs\otfonline\backend\ci4\public\index.php(37): CodeIgniter\CodeIgniter->run()
#11 C:\xampp\htdocs\otfonline\backend\ci4\system\Commands\Server\rewrite.php(43): require_once('C:\\xampp\\htdocs...')
#12 {main}
CRITICAL - 2022-05-13 15:52:22 --> mysqli_result::fetch_object(): Argument #1 ($class) must be a valid class name,  given
#0 C:\xampp\htdocs\otfonline\backend\ci4\system\Database\MySQLi\Result.php(148): mysqli_result->fetch_object('')
#1 C:\xampp\htdocs\otfonline\backend\ci4\system\Database\BaseResult.php(149): CodeIgniter\Database\MySQLi\Result->fetchObject('')
#2 C:\xampp\htdocs\otfonline\backend\ci4\system\Database\BaseResult.php(106): CodeIgniter\Database\BaseResult->getCustomResultObject('')
#3 C:\xampp\htdocs\otfonline\backend\ci4\system\Model.php(184): CodeIgniter\Database\BaseResult->getResult('')
#4 C:\xampp\htdocs\otfonline\backend\ci4\system\BaseModel.php(584): CodeIgniter\Model->doFindAll(24, 0)
#5 C:\xampp\htdocs\otfonline\backend\ci4\system\BaseModel.php(1088): CodeIgniter\BaseModel->findAll(24, 0)
#6 C:\xampp\htdocs\otfonline\backend\ci4\app\Controllers\Web\UsersController.php(43): CodeIgniter\BaseModel->paginate(24)
#7 C:\xampp\htdocs\otfonline\backend\ci4\system\CodeIgniter.php(838): App\Controllers\Web\UsersController->order()
#8 C:\xampp\htdocs\otfonline\backend\ci4\system\CodeIgniter.php(425): CodeIgniter\CodeIgniter->runController(Object(App\Controllers\Web\UsersController))
#9 C:\xampp\htdocs\otfonline\backend\ci4\system\CodeIgniter.php(332): CodeIgniter\CodeIgniter->handleRequest(NULL, Object(Config\Cache), false)
#10 C:\xampp\htdocs\otfonline\backend\ci4\public\index.php(37): CodeIgniter\CodeIgniter->run()
#11 C:\xampp\htdocs\otfonline\backend\ci4\system\Commands\Server\rewrite.php(43): require_once('C:\\xampp\\htdocs...')
#12 {main}
CRITICAL - 2022-05-13 15:56:18 --> Cannot use object of type App\Models\OrderModel as array
#0 C:\xampp\htdocs\otfonline\backend\ci4\system\CodeIgniter.php(838): App\Controllers\Web\UsersController->order()
#1 C:\xampp\htdocs\otfonline\backend\ci4\system\CodeIgniter.php(425): CodeIgniter\CodeIgniter->runController(Object(App\Controllers\Web\UsersController))
#2 C:\xampp\htdocs\otfonline\backend\ci4\system\CodeIgniter.php(332): CodeIgniter\CodeIgniter->handleRequest(NULL, Object(Config\Cache), false)
#3 C:\xampp\htdocs\otfonline\backend\ci4\public\index.php(37): CodeIgniter\CodeIgniter->run()
#4 C:\xampp\htdocs\otfonline\backend\ci4\system\Commands\Server\rewrite.php(43): require_once('C:\\xampp\\htdocs...')
#5 {main}
CRITICAL - 2022-05-13 16:06:21 --> mysqli_result::fetch_object(): Argument #1 ($class) must be a valid class name,  given
#0 C:\xampp\htdocs\otfonline\backend\ci4\system\Database\MySQLi\Result.php(148): mysqli_result->fetch_object('')
#1 C:\xampp\htdocs\otfonline\backend\ci4\system\Database\BaseResult.php(149): CodeIgniter\Database\MySQLi\Result->fetchObject('')
#2 C:\xampp\htdocs\otfonline\backend\ci4\system\Database\BaseResult.php(106): CodeIgniter\Database\BaseResult->getCustomResultObject('')
#3 C:\xampp\htdocs\otfonline\backend\ci4\system\Database\BaseResult.php(377): CodeIgniter\Database\BaseResult->getResult('')
#4 C:\xampp\htdocs\otfonline\backend\ci4\system\Model.php(210): CodeIgniter\Database\BaseResult->getFirstRow('')
#5 C:\xampp\htdocs\otfonline\backend\ci4\system\BaseModel.php(622): CodeIgniter\Model->doFirst()
#6 C:\xampp\htdocs\otfonline\backend\ci4\app\Controllers\Web\UsersController.php(43): CodeIgniter\BaseModel->first()
#7 C:\xampp\htdocs\otfonline\backend\ci4\system\CodeIgniter.php(838): App\Controllers\Web\UsersController->order()
#8 C:\xampp\htdocs\otfonline\backend\ci4\system\CodeIgniter.php(425): CodeIgniter\CodeIgniter->runController(Object(App\Controllers\Web\UsersController))
#9 C:\xampp\htdocs\otfonline\backend\ci4\system\CodeIgniter.php(332): CodeIgniter\CodeIgniter->handleRequest(NULL, Object(Config\Cache), false)
#10 C:\xampp\htdocs\otfonline\backend\ci4\public\index.php(37): CodeIgniter\CodeIgniter->run()
#11 C:\xampp\htdocs\otfonline\backend\ci4\system\Commands\Server\rewrite.php(43): require_once('C:\\xampp\\htdocs...')
#12 {main}
CRITICAL - 2022-05-13 16:06:38 --> mysqli_result::fetch_object(): Argument #1 ($class) must be a valid class name,  given
#0 C:\xampp\htdocs\otfonline\backend\ci4\system\Database\MySQLi\Result.php(148): mysqli_result->fetch_object('')
#1 C:\xampp\htdocs\otfonline\backend\ci4\system\Database\BaseResult.php(149): CodeIgniter\Database\MySQLi\Result->fetchObject('')
#2 C:\xampp\htdocs\otfonline\backend\ci4\system\Database\BaseResult.php(106): CodeIgniter\Database\BaseResult->getCustomResultObject('')
#3 C:\xampp\htdocs\otfonline\backend\ci4\system\Database\BaseResult.php(377): CodeIgniter\Database\BaseResult->getResult('')
#4 C:\xampp\htdocs\otfonline\backend\ci4\system\Model.php(210): CodeIgniter\Database\BaseResult->getFirstRow('')
#5 C:\xampp\htdocs\otfonline\backend\ci4\system\BaseModel.php(622): CodeIgniter\Model->doFirst()
#6 C:\xampp\htdocs\otfonline\backend\ci4\app\Controllers\Web\UsersController.php(43): CodeIgniter\BaseModel->first()
#7 C:\xampp\htdocs\otfonline\backend\ci4\system\CodeIgniter.php(838): App\Controllers\Web\UsersController->order()
#8 C:\xampp\htdocs\otfonline\backend\ci4\system\CodeIgniter.php(425): CodeIgniter\CodeIgniter->runController(Object(App\Controllers\Web\UsersController))
#9 C:\xampp\htdocs\otfonline\backend\ci4\system\CodeIgniter.php(332): CodeIgniter\CodeIgniter->handleRequest(NULL, Object(Config\Cache), false)
#10 C:\xampp\htdocs\otfonline\backend\ci4\public\index.php(37): CodeIgniter\CodeIgniter->run()
#11 C:\xampp\htdocs\otfonline\backend\ci4\system\Commands\Server\rewrite.php(43): require_once('C:\\xampp\\htdocs...')
#12 {main}
CRITICAL - 2022-05-13 16:06:52 --> mysqli_result::fetch_object(): Argument #1 ($class) must be a valid class name,  given
#0 C:\xampp\htdocs\otfonline\backend\ci4\system\Database\MySQLi\Result.php(148): mysqli_result->fetch_object('')
#1 C:\xampp\htdocs\otfonline\backend\ci4\system\Database\BaseResult.php(149): CodeIgniter\Database\MySQLi\Result->fetchObject('')
#2 C:\xampp\htdocs\otfonline\backend\ci4\system\Database\BaseResult.php(106): CodeIgniter\Database\BaseResult->getCustomResultObject('')
#3 C:\xampp\htdocs\otfonline\backend\ci4\system\Database\BaseResult.php(377): CodeIgniter\Database\BaseResult->getResult('')
#4 C:\xampp\htdocs\otfonline\backend\ci4\system\Model.php(210): CodeIgniter\Database\BaseResult->getFirstRow('')
#5 C:\xampp\htdocs\otfonline\backend\ci4\system\BaseModel.php(622): CodeIgniter\Model->doFirst()
#6 C:\xampp\htdocs\otfonline\backend\ci4\app\Controllers\Web\UsersController.php(42): CodeIgniter\BaseModel->first()
#7 C:\xampp\htdocs\otfonline\backend\ci4\system\CodeIgniter.php(838): App\Controllers\Web\UsersController->order()
#8 C:\xampp\htdocs\otfonline\backend\ci4\system\CodeIgniter.php(425): CodeIgniter\CodeIgniter->runController(Object(App\Controllers\Web\UsersController))
#9 C:\xampp\htdocs\otfonline\backend\ci4\system\CodeIgniter.php(332): CodeIgniter\CodeIgniter->handleRequest(NULL, Object(Config\Cache), false)
#10 C:\xampp\htdocs\otfonline\backend\ci4\public\index.php(37): CodeIgniter\CodeIgniter->run()
#11 C:\xampp\htdocs\otfonline\backend\ci4\system\Commands\Server\rewrite.php(43): require_once('C:\\xampp\\htdocs...')
#12 {main}
CRITICAL - 2022-05-13 16:07:22 --> mysqli_result::fetch_object(): Argument #1 ($class) must be a valid class name,  given
#0 C:\xampp\htdocs\otfonline\backend\ci4\system\Database\MySQLi\Result.php(148): mysqli_result->fetch_object('')
#1 C:\xampp\htdocs\otfonline\backend\ci4\system\Database\BaseResult.php(149): CodeIgniter\Database\MySQLi\Result->fetchObject('')
#2 C:\xampp\htdocs\otfonline\backend\ci4\system\Database\BaseResult.php(106): CodeIgniter\Database\BaseResult->getCustomResultObject('')
#3 C:\xampp\htdocs\otfonline\backend\ci4\system\Database\BaseResult.php(377): CodeIgniter\Database\BaseResult->getResult('')
#4 C:\xampp\htdocs\otfonline\backend\ci4\system\Model.php(210): CodeIgniter\Database\BaseResult->getFirstRow('')
#5 C:\xampp\htdocs\otfonline\backend\ci4\system\BaseModel.php(622): CodeIgniter\Model->doFirst()
#6 C:\xampp\htdocs\otfonline\backend\ci4\app\Controllers\Web\UsersController.php(40): CodeIgniter\BaseModel->first()
#7 C:\xampp\htdocs\otfonline\backend\ci4\system\CodeIgniter.php(838): App\Controllers\Web\UsersController->order()
#8 C:\xampp\htdocs\otfonline\backend\ci4\system\CodeIgniter.php(425): CodeIgniter\CodeIgniter->runController(Object(App\Controllers\Web\UsersController))
#9 C:\xampp\htdocs\otfonline\backend\ci4\system\CodeIgniter.php(332): CodeIgniter\CodeIgniter->handleRequest(NULL, Object(Config\Cache), false)
#10 C:\xampp\htdocs\otfonline\backend\ci4\public\index.php(37): CodeIgniter\CodeIgniter->run()
#11 C:\xampp\htdocs\otfonline\backend\ci4\system\Commands\Server\rewrite.php(43): require_once('C:\\xampp\\htdocs...')
#12 {main}
CRITICAL - 2022-05-13 16:08:13 --> mysqli_result::fetch_object(): Argument #1 ($class) must be a valid class name,  given
#0 C:\xampp\htdocs\otfonline\backend\ci4\system\Database\MySQLi\Result.php(148): mysqli_result->fetch_object('')
#1 C:\xampp\htdocs\otfonline\backend\ci4\system\Database\BaseResult.php(149): CodeIgniter\Database\MySQLi\Result->fetchObject('')
#2 C:\xampp\htdocs\otfonline\backend\ci4\system\Database\BaseResult.php(106): CodeIgniter\Database\BaseResult->getCustomResultObject('')
#3 C:\xampp\htdocs\otfonline\backend\ci4\system\Database\BaseResult.php(377): CodeIgniter\Database\BaseResult->getResult('')
#4 C:\xampp\htdocs\otfonline\backend\ci4\system\Model.php(210): CodeIgniter\Database\BaseResult->getFirstRow('')
#5 C:\xampp\htdocs\otfonline\backend\ci4\system\BaseModel.php(622): CodeIgniter\Model->doFirst()
#6 C:\xampp\htdocs\otfonline\backend\ci4\app\Controllers\Web\UsersController.php(40): CodeIgniter\BaseModel->first()
#7 C:\xampp\htdocs\otfonline\backend\ci4\system\CodeIgniter.php(838): App\Controllers\Web\UsersController->order()
#8 C:\xampp\htdocs\otfonline\backend\ci4\system\CodeIgniter.php(425): CodeIgniter\CodeIgniter->runController(Object(App\Controllers\Web\UsersController))
#9 C:\xampp\htdocs\otfonline\backend\ci4\system\CodeIgniter.php(332): CodeIgniter\CodeIgniter->handleRequest(NULL, Object(Config\Cache), false)
#10 C:\xampp\htdocs\otfonline\backend\ci4\public\index.php(37): CodeIgniter\CodeIgniter->run()
#11 C:\xampp\htdocs\otfonline\backend\ci4\system\Commands\Server\rewrite.php(43): require_once('C:\\xampp\\htdocs...')
#12 {main}
CRITICAL - 2022-05-13 16:08:17 --> mysqli_result::fetch_object(): Argument #1 ($class) must be a valid class name,  given
#0 C:\xampp\htdocs\otfonline\backend\ci4\system\Database\MySQLi\Result.php(148): mysqli_result->fetch_object('')
#1 C:\xampp\htdocs\otfonline\backend\ci4\system\Database\BaseResult.php(149): CodeIgniter\Database\MySQLi\Result->fetchObject('')
#2 C:\xampp\htdocs\otfonline\backend\ci4\system\Database\BaseResult.php(106): CodeIgniter\Database\BaseResult->getCustomResultObject('')
#3 C:\xampp\htdocs\otfonline\backend\ci4\system\Database\BaseResult.php(377): CodeIgniter\Database\BaseResult->getResult('')
#4 C:\xampp\htdocs\otfonline\backend\ci4\system\Model.php(210): CodeIgniter\Database\BaseResult->getFirstRow('')
#5 C:\xampp\htdocs\otfonline\backend\ci4\system\BaseModel.php(622): CodeIgniter\Model->doFirst()
#6 C:\xampp\htdocs\otfonline\backend\ci4\app\Controllers\Web\UsersController.php(40): CodeIgniter\BaseModel->first()
#7 C:\xampp\htdocs\otfonline\backend\ci4\system\CodeIgniter.php(838): App\Controllers\Web\UsersController->order()
#8 C:\xampp\htdocs\otfonline\backend\ci4\system\CodeIgniter.php(425): CodeIgniter\CodeIgniter->runController(Object(App\Controllers\Web\UsersController))
#9 C:\xampp\htdocs\otfonline\backend\ci4\system\CodeIgniter.php(332): CodeIgniter\CodeIgniter->handleRequest(NULL, Object(Config\Cache), false)
#10 C:\xampp\htdocs\otfonline\backend\ci4\public\index.php(37): CodeIgniter\CodeIgniter->run()
#11 C:\xampp\htdocs\otfonline\backend\ci4\system\Commands\Server\rewrite.php(43): require_once('C:\\xampp\\htdocs...')
#12 {main}
CRITICAL - 2022-05-13 16:08:53 --> mysqli_result::fetch_object(): Argument #1 ($class) must be a valid class name,  given
#0 C:\xampp\htdocs\otfonline\backend\ci4\system\Database\MySQLi\Result.php(148): mysqli_result->fetch_object('')
#1 C:\xampp\htdocs\otfonline\backend\ci4\system\Database\BaseResult.php(149): CodeIgniter\Database\MySQLi\Result->fetchObject('')
#2 C:\xampp\htdocs\otfonline\backend\ci4\system\Database\BaseResult.php(106): CodeIgniter\Database\BaseResult->getCustomResultObject('')
#3 C:\xampp\htdocs\otfonline\backend\ci4\system\Database\BaseResult.php(377): CodeIgniter\Database\BaseResult->getResult('')
#4 C:\xampp\htdocs\otfonline\backend\ci4\system\Model.php(210): CodeIgniter\Database\BaseResult->getFirstRow('')
#5 C:\xampp\htdocs\otfonline\backend\ci4\system\BaseModel.php(622): CodeIgniter\Model->doFirst()
#6 C:\xampp\htdocs\otfonline\backend\ci4\app\Controllers\Web\UsersController.php(39): CodeIgniter\BaseModel->first()
#7 C:\xampp\htdocs\otfonline\backend\ci4\system\CodeIgniter.php(838): App\Controllers\Web\UsersController->order()
#8 C:\xampp\htdocs\otfonline\backend\ci4\system\CodeIgniter.php(425): CodeIgniter\CodeIgniter->runController(Object(App\Controllers\Web\UsersController))
#9 C:\xampp\htdocs\otfonline\backend\ci4\system\CodeIgniter.php(332): CodeIgniter\CodeIgniter->handleRequest(NULL, Object(Config\Cache), false)
#10 C:\xampp\htdocs\otfonline\backend\ci4\public\index.php(37): CodeIgniter\CodeIgniter->run()
#11 C:\xampp\htdocs\otfonline\backend\ci4\system\Commands\Server\rewrite.php(43): require_once('C:\\xampp\\htdocs...')
#12 {main}
ERROR - 2022-05-13 16:10:46 --> Unknown column 'statuss' in 'where clause'
CRITICAL - 2022-05-13 16:10:46 --> Unknown column 'statuss' in 'where clause'
#0 C:\xampp\htdocs\otfonline\backend\ci4\system\Database\MySQLi\Connection.php(292): mysqli->query('SELECT *\nFROM `...', 0)
#1 C:\xampp\htdocs\otfonline\backend\ci4\system\Database\BaseConnection.php(670): CodeIgniter\Database\MySQLi\Connection->execute('SELECT *\nFROM `...')
#2 C:\xampp\htdocs\otfonline\backend\ci4\system\Database\BaseConnection.php(598): CodeIgniter\Database\BaseConnection->simpleQuery('SELECT *\nFROM `...')
#3 C:\xampp\htdocs\otfonline\backend\ci4\system\Database\BaseBuilder.php(1455): CodeIgniter\Database\BaseConnection->query('SELECT *\nFROM `...', Array, false)
#4 C:\xampp\htdocs\otfonline\backend\ci4\system\Model.php(210): CodeIgniter\Database\BaseBuilder->get()
#5 C:\xampp\htdocs\otfonline\backend\ci4\system\BaseModel.php(622): CodeIgniter\Model->doFirst()
#6 C:\xampp\htdocs\otfonline\backend\ci4\app\Controllers\Web\UsersController.php(39): CodeIgniter\BaseModel->first()
#7 C:\xampp\htdocs\otfonline\backend\ci4\system\CodeIgniter.php(838): App\Controllers\Web\UsersController->order()
#8 C:\xampp\htdocs\otfonline\backend\ci4\system\CodeIgniter.php(425): CodeIgniter\CodeIgniter->runController(Object(App\Controllers\Web\UsersController))
#9 C:\xampp\htdocs\otfonline\backend\ci4\system\CodeIgniter.php(332): CodeIgniter\CodeIgniter->handleRequest(NULL, Object(Config\Cache), false)
#10 C:\xampp\htdocs\otfonline\backend\ci4\public\index.php(37): CodeIgniter\CodeIgniter->run()
#11 C:\xampp\htdocs\otfonline\backend\ci4\system\Commands\Server\rewrite.php(43): require_once('C:\\xampp\\htdocs...')
#12 {main}
ERROR - 2022-05-13 16:12:25 --> Unknown column 'statuss' in 'where clause'
CRITICAL - 2022-05-13 16:12:25 --> Unknown column 'statuss' in 'where clause'
#0 C:\xampp\htdocs\otfonline\backend\ci4\system\Database\MySQLi\Connection.php(292): mysqli->query('SELECT *\nFROM `...', 0)
#1 C:\xampp\htdocs\otfonline\backend\ci4\system\Database\BaseConnection.php(670): CodeIgniter\Database\MySQLi\Connection->execute('SELECT *\nFROM `...')
#2 C:\xampp\htdocs\otfonline\backend\ci4\system\Database\BaseConnection.php(598): CodeIgniter\Database\BaseConnection->simpleQuery('SELECT *\nFROM `...')
#3 C:\xampp\htdocs\otfonline\backend\ci4\system\Database\BaseBuilder.php(1455): CodeIgniter\Database\BaseConnection->query('SELECT *\nFROM `...', Array, false)
#4 C:\xampp\htdocs\otfonline\backend\ci4\system\Model.php(210): CodeIgniter\Database\BaseBuilder->get()
#5 C:\xampp\htdocs\otfonline\backend\ci4\system\BaseModel.php(622): CodeIgniter\Model->doFirst()
#6 C:\xampp\htdocs\otfonline\backend\ci4\app\Controllers\Web\UsersController.php(39): CodeIgniter\BaseModel->first()
#7 C:\xampp\htdocs\otfonline\backend\ci4\system\CodeIgniter.php(838): App\Controllers\Web\UsersController->order()
#8 C:\xampp\htdocs\otfonline\backend\ci4\system\CodeIgniter.php(425): CodeIgniter\CodeIgniter->runController(Object(App\Controllers\Web\UsersController))
#9 C:\xampp\htdocs\otfonline\backend\ci4\system\CodeIgniter.php(332): CodeIgniter\CodeIgniter->handleRequest(NULL, Object(Config\Cache), false)
#10 C:\xampp\htdocs\otfonline\backend\ci4\public\index.php(37): CodeIgniter\CodeIgniter->run()
#11 C:\xampp\htdocs\otfonline\backend\ci4\system\Commands\Server\rewrite.php(43): require_once('C:\\xampp\\htdocs...')
#12 {main}
ERROR - 2022-05-13 16:12:35 --> Unknown column 'statuss' in 'where clause'
CRITICAL - 2022-05-13 16:12:35 --> Unknown column 'statuss' in 'where clause'
#0 C:\xampp\htdocs\otfonline\backend\ci4\system\Database\MySQLi\Connection.php(292): mysqli->query('SELECT *\nFROM `...', 0)
#1 C:\xampp\htdocs\otfonline\backend\ci4\system\Database\BaseConnection.php(670): CodeIgniter\Database\MySQLi\Connection->execute('SELECT *\nFROM `...')
#2 C:\xampp\htdocs\otfonline\backend\ci4\system\Database\BaseConnection.php(598): CodeIgniter\Database\BaseConnection->simpleQuery('SELECT *\nFROM `...')
#3 C:\xampp\htdocs\otfonline\backend\ci4\system\Database\BaseBuilder.php(1455): CodeIgniter\Database\BaseConnection->query('SELECT *\nFROM `...', Array, false)
#4 C:\xampp\htdocs\otfonline\backend\ci4\system\Model.php(210): CodeIgniter\Database\BaseBuilder->get()
#5 C:\xampp\htdocs\otfonline\backend\ci4\system\BaseModel.php(622): CodeIgniter\Model->doFirst()
#6 C:\xampp\htdocs\otfonline\backend\ci4\app\Controllers\Web\UsersController.php(39): CodeIgniter\BaseModel->first()
#7 C:\xampp\htdocs\otfonline\backend\ci4\system\CodeIgniter.php(838): App\Controllers\Web\UsersController->order()
#8 C:\xampp\htdocs\otfonline\backend\ci4\system\CodeIgniter.php(425): CodeIgniter\CodeIgniter->runController(Object(App\Controllers\Web\UsersController))
#9 C:\xampp\htdocs\otfonline\backend\ci4\system\CodeIgniter.php(332): CodeIgniter\CodeIgniter->handleRequest(NULL, Object(Config\Cache), false)
#10 C:\xampp\htdocs\otfonline\backend\ci4\public\index.php(37): CodeIgniter\CodeIgniter->run()
#11 C:\xampp\htdocs\otfonline\backend\ci4\system\Commands\Server\rewrite.php(43): require_once('C:\\xampp\\htdocs...')
#12 {main}
ERROR - 2022-05-13 16:13:39 --> Unknown column 'statuss' in 'where clause'
CRITICAL - 2022-05-13 16:13:39 --> Unknown column 'statuss' in 'where clause'
#0 C:\xampp\htdocs\otfonline\backend\ci4\system\Database\MySQLi\Connection.php(292): mysqli->query('SELECT *\nFROM `...', 0)
#1 C:\xampp\htdocs\otfonline\backend\ci4\system\Database\BaseConnection.php(670): CodeIgniter\Database\MySQLi\Connection->execute('SELECT *\nFROM `...')
#2 C:\xampp\htdocs\otfonline\backend\ci4\system\Database\BaseConnection.php(598): CodeIgniter\Database\BaseConnection->simpleQuery('SELECT *\nFROM `...')
#3 C:\xampp\htdocs\otfonline\backend\ci4\system\Database\BaseBuilder.php(1455): CodeIgniter\Database\BaseConnection->query('SELECT *\nFROM `...', Array, false)
#4 C:\xampp\htdocs\otfonline\backend\ci4\system\Model.php(210): CodeIgniter\Database\BaseBuilder->get()
#5 C:\xampp\htdocs\otfonline\backend\ci4\system\BaseModel.php(622): CodeIgniter\Model->doFirst()
#6 C:\xampp\htdocs\otfonline\backend\ci4\app\Controllers\Web\UsersController.php(40): CodeIgniter\BaseModel->first()
#7 C:\xampp\htdocs\otfonline\backend\ci4\system\CodeIgniter.php(838): App\Controllers\Web\UsersController->order()
#8 C:\xampp\htdocs\otfonline\backend\ci4\system\CodeIgniter.php(425): CodeIgniter\CodeIgniter->runController(Object(App\Controllers\Web\UsersController))
#9 C:\xampp\htdocs\otfonline\backend\ci4\system\CodeIgniter.php(332): CodeIgniter\CodeIgniter->handleRequest(NULL, Object(Config\Cache), false)
#10 C:\xampp\htdocs\otfonline\backend\ci4\public\index.php(37): CodeIgniter\CodeIgniter->run()
#11 C:\xampp\htdocs\otfonline\backend\ci4\system\Commands\Server\rewrite.php(43): require_once('C:\\xampp\\htdocs...')
#12 {main}
ERROR - 2022-05-13 16:14:31 --> Unknown column 'statuss' in 'where clause'
CRITICAL - 2022-05-13 16:14:31 --> Unknown column 'statuss' in 'where clause'
#0 C:\xampp\htdocs\otfonline\backend\ci4\system\Database\MySQLi\Connection.php(292): mysqli->query('SELECT *\nFROM `...', 0)
#1 C:\xampp\htdocs\otfonline\backend\ci4\system\Database\BaseConnection.php(670): CodeIgniter\Database\MySQLi\Connection->execute('SELECT *\nFROM `...')
#2 C:\xampp\htdocs\otfonline\backend\ci4\system\Database\BaseConnection.php(598): CodeIgniter\Database\BaseConnection->simpleQuery('SELECT *\nFROM `...')
#3 C:\xampp\htdocs\otfonline\backend\ci4\system\Database\BaseBuilder.php(1455): CodeIgniter\Database\BaseConnection->query('SELECT *\nFROM `...', Array, false)
#4 C:\xampp\htdocs\otfonline\backend\ci4\system\Model.php(210): CodeIgniter\Database\BaseBuilder->get()
#5 C:\xampp\htdocs\otfonline\backend\ci4\system\BaseModel.php(622): CodeIgniter\Model->doFirst()
#6 C:\xampp\htdocs\otfonline\backend\ci4\app\Controllers\Web\UsersController.php(40): CodeIgniter\BaseModel->first()
#7 C:\xampp\htdocs\otfonline\backend\ci4\system\CodeIgniter.php(838): App\Controllers\Web\UsersController->order()
#8 C:\xampp\htdocs\otfonline\backend\ci4\system\CodeIgniter.php(425): CodeIgniter\CodeIgniter->runController(Object(App\Controllers\Web\UsersController))
#9 C:\xampp\htdocs\otfonline\backend\ci4\system\CodeIgniter.php(332): CodeIgniter\CodeIgniter->handleRequest(NULL, Object(Config\Cache), false)
#10 C:\xampp\htdocs\otfonline\backend\ci4\public\index.php(37): CodeIgniter\CodeIgniter->run()
#11 C:\xampp\htdocs\otfonline\backend\ci4\system\Commands\Server\rewrite.php(43): require_once('C:\\xampp\\htdocs...')
#12 {main}
ERROR - 2022-05-13 16:14:35 --> Unknown column 'statuss' in 'where clause'
CRITICAL - 2022-05-13 16:14:35 --> Unknown column 'statuss' in 'where clause'
#0 C:\xampp\htdocs\otfonline\backend\ci4\system\Database\MySQLi\Connection.php(292): mysqli->query('SELECT *\nFROM `...', 0)
#1 C:\xampp\htdocs\otfonline\backend\ci4\system\Database\BaseConnection.php(670): CodeIgniter\Database\MySQLi\Connection->execute('SELECT *\nFROM `...')
#2 C:\xampp\htdocs\otfonline\backend\ci4\system\Database\BaseConnection.php(598): CodeIgniter\Database\BaseConnection->simpleQuery('SELECT *\nFROM `...')
#3 C:\xampp\htdocs\otfonline\backend\ci4\system\Database\BaseBuilder.php(1455): CodeIgniter\Database\BaseConnection->query('SELECT *\nFROM `...', Array, false)
#4 C:\xampp\htdocs\otfonline\backend\ci4\system\Model.php(210): CodeIgniter\Database\BaseBuilder->get()
#5 C:\xampp\htdocs\otfonline\backend\ci4\system\BaseModel.php(622): CodeIgniter\Model->doFirst()
#6 C:\xampp\htdocs\otfonline\backend\ci4\app\Controllers\Web\UsersController.php(40): CodeIgniter\BaseModel->first()
#7 C:\xampp\htdocs\otfonline\backend\ci4\system\CodeIgniter.php(838): App\Controllers\Web\UsersController->order()
#8 C:\xampp\htdocs\otfonline\backend\ci4\system\CodeIgniter.php(425): CodeIgniter\CodeIgniter->runController(Object(App\Controllers\Web\UsersController))
#9 C:\xampp\htdocs\otfonline\backend\ci4\system\CodeIgniter.php(332): CodeIgniter\CodeIgniter->handleRequest(NULL, Object(Config\Cache), false)
#10 C:\xampp\htdocs\otfonline\backend\ci4\public\index.php(37): CodeIgniter\CodeIgniter->run()
#11 C:\xampp\htdocs\otfonline\backend\ci4\system\Commands\Server\rewrite.php(43): require_once('C:\\xampp\\htdocs...')
#12 {main}
ERROR - 2022-05-13 16:14:54 --> Unknown column 'statuss' in 'where clause'
CRITICAL - 2022-05-13 16:14:54 --> Unknown column 'statuss' in 'where clause'
#0 C:\xampp\htdocs\otfonline\backend\ci4\system\Database\MySQLi\Connection.php(292): mysqli->query('SELECT *\nFROM `...', 0)
#1 C:\xampp\htdocs\otfonline\backend\ci4\system\Database\BaseConnection.php(670): CodeIgniter\Database\MySQLi\Connection->execute('SELECT *\nFROM `...')
#2 C:\xampp\htdocs\otfonline\backend\ci4\system\Database\BaseConnection.php(598): CodeIgniter\Database\BaseConnection->simpleQuery('SELECT *\nFROM `...')
#3 C:\xampp\htdocs\otfonline\backend\ci4\system\Database\BaseBuilder.php(1455): CodeIgniter\Database\BaseConnection->query('SELECT *\nFROM `...', Array, false)
#4 C:\xampp\htdocs\otfonline\backend\ci4\system\Model.php(210): CodeIgniter\Database\BaseBuilder->get()
#5 C:\xampp\htdocs\otfonline\backend\ci4\system\BaseModel.php(622): CodeIgniter\Model->doFirst()
#6 C:\xampp\htdocs\otfonline\backend\ci4\app\Controllers\Web\UsersController.php(40): CodeIgniter\BaseModel->first()
#7 C:\xampp\htdocs\otfonline\backend\ci4\system\CodeIgniter.php(838): App\Controllers\Web\UsersController->order()
#8 C:\xampp\htdocs\otfonline\backend\ci4\system\CodeIgniter.php(425): CodeIgniter\CodeIgniter->runController(Object(App\Controllers\Web\UsersController))
#9 C:\xampp\htdocs\otfonline\backend\ci4\system\CodeIgniter.php(332): CodeIgniter\CodeIgniter->handleRequest(NULL, Object(Config\Cache), false)
#10 C:\xampp\htdocs\otfonline\backend\ci4\public\index.php(37): CodeIgniter\CodeIgniter->run()
#11 C:\xampp\htdocs\otfonline\backend\ci4\system\Commands\Server\rewrite.php(43): require_once('C:\\xampp\\htdocs...')
#12 {main}
CRITICAL - 2022-05-13 16:15:38 --> mysqli_result::fetch_object(): Argument #1 ($class) must be a valid class name,  given
#0 C:\xampp\htdocs\otfonline\backend\ci4\system\Database\MySQLi\Result.php(148): mysqli_result->fetch_object('')
#1 C:\xampp\htdocs\otfonline\backend\ci4\system\Database\BaseResult.php(149): CodeIgniter\Database\MySQLi\Result->fetchObject('')
#2 C:\xampp\htdocs\otfonline\backend\ci4\system\Database\BaseResult.php(106): CodeIgniter\Database\BaseResult->getCustomResultObject('')
#3 C:\xampp\htdocs\otfonline\backend\ci4\system\Model.php(184): CodeIgniter\Database\BaseResult->getResult('')
#4 C:\xampp\htdocs\otfonline\backend\ci4\system\BaseModel.php(584): CodeIgniter\Model->doFindAll(24, 0)
#5 C:\xampp\htdocs\otfonline\backend\ci4\system\BaseModel.php(1088): CodeIgniter\BaseModel->findAll(24, 0)
#6 C:\xampp\htdocs\otfonline\backend\ci4\app\Controllers\Web\UsersController.php(42): CodeIgniter\BaseModel->paginate(24)
#7 C:\xampp\htdocs\otfonline\backend\ci4\system\CodeIgniter.php(838): App\Controllers\Web\UsersController->order()
#8 C:\xampp\htdocs\otfonline\backend\ci4\system\CodeIgniter.php(425): CodeIgniter\CodeIgniter->runController(Object(App\Controllers\Web\UsersController))
#9 C:\xampp\htdocs\otfonline\backend\ci4\system\CodeIgniter.php(332): CodeIgniter\CodeIgniter->handleRequest(NULL, Object(Config\Cache), false)
#10 C:\xampp\htdocs\otfonline\backend\ci4\public\index.php(37): CodeIgniter\CodeIgniter->run()
#11 C:\xampp\htdocs\otfonline\backend\ci4\system\Commands\Server\rewrite.php(43): require_once('C:\\xampp\\htdocs...')
#12 {main}
