CRITICAL - 2022-07-20 12:21:36 --> Call to undefined method App\Models\UserModel::UserAndOrder
#0 C:\xampp\htdocs\otfonline\backend\ci4\app\Controllers\Web\Superadmin\CustomersController.php(35): CodeIgniter\Model->__call('UserAndOrder', Array)
#1 C:\xampp\htdocs\otfonline\backend\ci4\system\CodeIgniter.php(838): App\Controllers\Web\Superadmin\CustomersController->index()
#2 C:\xampp\htdocs\otfonline\backend\ci4\system\CodeIgniter.php(425): CodeIgniter\CodeIgniter->runController(Object(App\Controllers\Web\Superadmin\CustomersController))
#3 C:\xampp\htdocs\otfonline\backend\ci4\system\CodeIgniter.php(332): CodeIgniter\CodeIgniter->handleRequest(NULL, Object(Config\Cache), false)
#4 C:\xampp\htdocs\otfonline\backend\ci4\public\index.php(37): CodeIgniter\CodeIgniter->run()
#5 C:\xampp\htdocs\otfonline\backend\ci4\system\Commands\Server\rewrite.php(43): require_once('C:\\xampp\\htdocs...')
#6 {main}
CRITICAL - 2022-07-20 12:23:48 --> Call to undefined method App\Models\UserModel::UserAndOrder
#0 C:\xampp\htdocs\otfonline\backend\ci4\app\Controllers\Web\Superadmin\CustomersController.php(35): CodeIgniter\Model->__call('UserAndOrder', Array)
#1 C:\xampp\htdocs\otfonline\backend\ci4\system\CodeIgniter.php(838): App\Controllers\Web\Superadmin\CustomersController->index()
#2 C:\xampp\htdocs\otfonline\backend\ci4\system\CodeIgniter.php(425): CodeIgniter\CodeIgniter->runController(Object(App\Controllers\Web\Superadmin\CustomersController))
#3 C:\xampp\htdocs\otfonline\backend\ci4\system\CodeIgniter.php(332): CodeIgniter\CodeIgniter->handleRequest(NULL, Object(Config\Cache), false)
#4 C:\xampp\htdocs\otfonline\backend\ci4\public\index.php(37): CodeIgniter\CodeIgniter->run()
#5 C:\xampp\htdocs\otfonline\backend\ci4\system\Commands\Server\rewrite.php(43): require_once('C:\\xampp\\htdocs...')
#6 {main}
ERROR - 2022-07-20 12:24:02 --> Unknown column 'name' in 'order clause'
CRITICAL - 2022-07-20 12:24:02 --> Unknown column 'name' in 'order clause'
#0 C:\xampp\htdocs\otfonline\backend\ci4\system\Database\MySQLi\Connection.php(292): mysqli->query('SELECT *\nFROM `...', 0)
#1 C:\xampp\htdocs\otfonline\backend\ci4\system\Database\BaseConnection.php(670): CodeIgniter\Database\MySQLi\Connection->execute('SELECT *\nFROM `...')
#2 C:\xampp\htdocs\otfonline\backend\ci4\system\Database\BaseConnection.php(598): CodeIgniter\Database\BaseConnection->simpleQuery('SELECT *\nFROM `...')
#3 C:\xampp\htdocs\otfonline\backend\ci4\system\Database\BaseBuilder.php(1455): CodeIgniter\Database\BaseConnection->query('SELECT *\nFROM `...', Array, false)
#4 C:\xampp\htdocs\otfonline\backend\ci4\system\Model.php(183): CodeIgniter\Database\BaseBuilder->get()
#5 C:\xampp\htdocs\otfonline\backend\ci4\system\BaseModel.php(584): CodeIgniter\Model->doFindAll(0, 0)
#6 C:\xampp\htdocs\otfonline\backend\ci4\app\Models\UserModel.php(58): CodeIgniter\BaseModel->findAll()
#7 C:\xampp\htdocs\otfonline\backend\ci4\app\Controllers\Web\Superadmin\CustomersController.php(35): App\Models\UserModel->UserAndOrder_()
#8 C:\xampp\htdocs\otfonline\backend\ci4\system\CodeIgniter.php(838): App\Controllers\Web\Superadmin\CustomersController->index()
#9 C:\xampp\htdocs\otfonline\backend\ci4\system\CodeIgniter.php(425): CodeIgniter\CodeIgniter->runController(Object(App\Controllers\Web\Superadmin\CustomersController))
#10 C:\xampp\htdocs\otfonline\backend\ci4\system\CodeIgniter.php(332): CodeIgniter\CodeIgniter->handleRequest(NULL, Object(Config\Cache), false)
#11 C:\xampp\htdocs\otfonline\backend\ci4\public\index.php(37): CodeIgniter\CodeIgniter->run()
#12 C:\xampp\htdocs\otfonline\backend\ci4\system\Commands\Server\rewrite.php(43): require_once('C:\\xampp\\htdocs...')
#13 {main}
ERROR - 2022-07-20 12:24:34 --> Unknown column 'name' in 'order clause'
CRITICAL - 2022-07-20 12:24:34 --> Unknown column 'name' in 'order clause'
#0 C:\xampp\htdocs\otfonline\backend\ci4\system\Database\MySQLi\Connection.php(292): mysqli->query('SELECT *\nFROM `...', 0)
#1 C:\xampp\htdocs\otfonline\backend\ci4\system\Database\BaseConnection.php(670): CodeIgniter\Database\MySQLi\Connection->execute('SELECT *\nFROM `...')
#2 C:\xampp\htdocs\otfonline\backend\ci4\system\Database\BaseConnection.php(598): CodeIgniter\Database\BaseConnection->simpleQuery('SELECT *\nFROM `...')
#3 C:\xampp\htdocs\otfonline\backend\ci4\system\Database\BaseBuilder.php(1455): CodeIgniter\Database\BaseConnection->query('SELECT *\nFROM `...', Array, false)
#4 C:\xampp\htdocs\otfonline\backend\ci4\system\Model.php(183): CodeIgniter\Database\BaseBuilder->get()
#5 C:\xampp\htdocs\otfonline\backend\ci4\system\BaseModel.php(584): CodeIgniter\Model->doFindAll(0, 0)
#6 C:\xampp\htdocs\otfonline\backend\ci4\app\Models\UserModel.php(58): CodeIgniter\BaseModel->findAll()
#7 C:\xampp\htdocs\otfonline\backend\ci4\app\Controllers\Web\Superadmin\CustomersController.php(35): App\Models\UserModel->UserAndOrder_()
#8 C:\xampp\htdocs\otfonline\backend\ci4\system\CodeIgniter.php(838): App\Controllers\Web\Superadmin\CustomersController->index()
#9 C:\xampp\htdocs\otfonline\backend\ci4\system\CodeIgniter.php(425): CodeIgniter\CodeIgniter->runController(Object(App\Controllers\Web\Superadmin\CustomersController))
#10 C:\xampp\htdocs\otfonline\backend\ci4\system\CodeIgniter.php(332): CodeIgniter\CodeIgniter->handleRequest(NULL, Object(Config\Cache), false)
#11 C:\xampp\htdocs\otfonline\backend\ci4\public\index.php(37): CodeIgniter\CodeIgniter->run()
#12 C:\xampp\htdocs\otfonline\backend\ci4\system\Commands\Server\rewrite.php(43): require_once('C:\\xampp\\htdocs...')
#13 {main}
ERROR - 2022-07-20 12:24:53 --> Unknown column 'name' in 'order clause'
CRITICAL - 2022-07-20 12:24:53 --> Unknown column 'name' in 'order clause'
#0 C:\xampp\htdocs\otfonline\backend\ci4\system\Database\MySQLi\Connection.php(292): mysqli->query('SELECT *\nFROM `...', 0)
#1 C:\xampp\htdocs\otfonline\backend\ci4\system\Database\BaseConnection.php(670): CodeIgniter\Database\MySQLi\Connection->execute('SELECT *\nFROM `...')
#2 C:\xampp\htdocs\otfonline\backend\ci4\system\Database\BaseConnection.php(598): CodeIgniter\Database\BaseConnection->simpleQuery('SELECT *\nFROM `...')
#3 C:\xampp\htdocs\otfonline\backend\ci4\system\Database\BaseBuilder.php(1455): CodeIgniter\Database\BaseConnection->query('SELECT *\nFROM `...', Array, false)
#4 C:\xampp\htdocs\otfonline\backend\ci4\system\Model.php(183): CodeIgniter\Database\BaseBuilder->get()
#5 C:\xampp\htdocs\otfonline\backend\ci4\system\BaseModel.php(584): CodeIgniter\Model->doFindAll(0, 0)
#6 C:\xampp\htdocs\otfonline\backend\ci4\app\Models\UserModel.php(58): CodeIgniter\BaseModel->findAll()
#7 C:\xampp\htdocs\otfonline\backend\ci4\app\Controllers\Web\Superadmin\CustomersController.php(35): App\Models\UserModel->UserAndOrder_()
#8 C:\xampp\htdocs\otfonline\backend\ci4\system\CodeIgniter.php(838): App\Controllers\Web\Superadmin\CustomersController->index()
#9 C:\xampp\htdocs\otfonline\backend\ci4\system\CodeIgniter.php(425): CodeIgniter\CodeIgniter->runController(Object(App\Controllers\Web\Superadmin\CustomersController))
#10 C:\xampp\htdocs\otfonline\backend\ci4\system\CodeIgniter.php(332): CodeIgniter\CodeIgniter->handleRequest(NULL, Object(Config\Cache), false)
#11 C:\xampp\htdocs\otfonline\backend\ci4\public\index.php(37): CodeIgniter\CodeIgniter->run()
#12 C:\xampp\htdocs\otfonline\backend\ci4\system\Commands\Server\rewrite.php(43): require_once('C:\\xampp\\htdocs...')
#13 {main}
CRITICAL - 2022-07-20 12:25:37 --> Cannot use object of type App\Entities\UserEntity as array
#0 C:\xampp\htdocs\otfonline\backend\ci4\app\Controllers\Web\Superadmin\CustomersController.php(35): App\Models\UserModel->UserAndOrder_()
#1 C:\xampp\htdocs\otfonline\backend\ci4\system\CodeIgniter.php(838): App\Controllers\Web\Superadmin\CustomersController->index()
#2 C:\xampp\htdocs\otfonline\backend\ci4\system\CodeIgniter.php(425): CodeIgniter\CodeIgniter->runController(Object(App\Controllers\Web\Superadmin\CustomersController))
#3 C:\xampp\htdocs\otfonline\backend\ci4\system\CodeIgniter.php(332): CodeIgniter\CodeIgniter->handleRequest(NULL, Object(Config\Cache), false)
#4 C:\xampp\htdocs\otfonline\backend\ci4\public\index.php(37): CodeIgniter\CodeIgniter->run()
#5 C:\xampp\htdocs\otfonline\backend\ci4\system\Commands\Server\rewrite.php(43): require_once('C:\\xampp\\htdocs...')
#6 {main}
CRITICAL - 2022-07-20 12:26:11 --> Cannot use object of type App\Entities\UserEntity as array
#0 C:\xampp\htdocs\otfonline\backend\ci4\app\Controllers\Web\Superadmin\CustomersController.php(35): App\Models\UserModel->UserAndOrder_()
#1 C:\xampp\htdocs\otfonline\backend\ci4\system\CodeIgniter.php(838): App\Controllers\Web\Superadmin\CustomersController->index()
#2 C:\xampp\htdocs\otfonline\backend\ci4\system\CodeIgniter.php(425): CodeIgniter\CodeIgniter->runController(Object(App\Controllers\Web\Superadmin\CustomersController))
#3 C:\xampp\htdocs\otfonline\backend\ci4\system\CodeIgniter.php(332): CodeIgniter\CodeIgniter->handleRequest(NULL, Object(Config\Cache), false)
#4 C:\xampp\htdocs\otfonline\backend\ci4\public\index.php(37): CodeIgniter\CodeIgniter->run()
#5 C:\xampp\htdocs\otfonline\backend\ci4\system\Commands\Server\rewrite.php(43): require_once('C:\\xampp\\htdocs...')
#6 {main}
CRITICAL - 2022-07-20 12:26:49 --> Cannot use object of type App\Entities\UserEntity as array
#0 C:\xampp\htdocs\otfonline\backend\ci4\app\Controllers\Web\Superadmin\CustomersController.php(35): App\Models\UserModel->UserAndOrder_()
#1 C:\xampp\htdocs\otfonline\backend\ci4\system\CodeIgniter.php(838): App\Controllers\Web\Superadmin\CustomersController->index()
#2 C:\xampp\htdocs\otfonline\backend\ci4\system\CodeIgniter.php(425): CodeIgniter\CodeIgniter->runController(Object(App\Controllers\Web\Superadmin\CustomersController))
#3 C:\xampp\htdocs\otfonline\backend\ci4\system\CodeIgniter.php(332): CodeIgniter\CodeIgniter->handleRequest(NULL, Object(Config\Cache), false)
#4 C:\xampp\htdocs\otfonline\backend\ci4\public\index.php(37): CodeIgniter\CodeIgniter->run()
#5 C:\xampp\htdocs\otfonline\backend\ci4\system\Commands\Server\rewrite.php(43): require_once('C:\\xampp\\htdocs...')
#6 {main}
CRITICAL - 2022-07-20 12:30:22 --> Call to undefined method App\Models\UserModel::toArray
#0 C:\xampp\htdocs\otfonline\backend\ci4\app\Models\UserModel.php(56): CodeIgniter\Model->__call('toArray', Array)
#1 C:\xampp\htdocs\otfonline\backend\ci4\app\Controllers\Web\Superadmin\CustomersController.php(35): App\Models\UserModel->UserAndOrder_()
#2 C:\xampp\htdocs\otfonline\backend\ci4\system\CodeIgniter.php(838): App\Controllers\Web\Superadmin\CustomersController->index()
#3 C:\xampp\htdocs\otfonline\backend\ci4\system\CodeIgniter.php(425): CodeIgniter\CodeIgniter->runController(Object(App\Controllers\Web\Superadmin\CustomersController))
#4 C:\xampp\htdocs\otfonline\backend\ci4\system\CodeIgniter.php(332): CodeIgniter\CodeIgniter->handleRequest(NULL, Object(Config\Cache), false)
#5 C:\xampp\htdocs\otfonline\backend\ci4\public\index.php(37): CodeIgniter\CodeIgniter->run()
#6 C:\xampp\htdocs\otfonline\backend\ci4\system\Commands\Server\rewrite.php(43): require_once('C:\\xampp\\htdocs...')
#7 {main}
CRITICAL - 2022-07-20 12:37:45 --> Call to undefined method App\Models\UserModel::toArray
#0 C:\xampp\htdocs\otfonline\backend\ci4\app\Models\UserModel.php(56): CodeIgniter\Model->__call('toArray', Array)
#1 C:\xampp\htdocs\otfonline\backend\ci4\app\Controllers\Web\Superadmin\CustomersController.php(35): App\Models\UserModel->UserAndOrder_()
#2 C:\xampp\htdocs\otfonline\backend\ci4\system\CodeIgniter.php(838): App\Controllers\Web\Superadmin\CustomersController->index()
#3 C:\xampp\htdocs\otfonline\backend\ci4\system\CodeIgniter.php(425): CodeIgniter\CodeIgniter->runController(Object(App\Controllers\Web\Superadmin\CustomersController))
#4 C:\xampp\htdocs\otfonline\backend\ci4\system\CodeIgniter.php(332): CodeIgniter\CodeIgniter->handleRequest(NULL, Object(Config\Cache), false)
#5 C:\xampp\htdocs\otfonline\backend\ci4\public\index.php(37): CodeIgniter\CodeIgniter->run()
#6 C:\xampp\htdocs\otfonline\backend\ci4\system\Commands\Server\rewrite.php(43): require_once('C:\\xampp\\htdocs...')
#7 {main}
CRITICAL - 2022-07-20 12:37:55 --> Call to a member function where() on null
#0 C:\xampp\htdocs\otfonline\backend\ci4\app\Controllers\Web\Superadmin\CustomersController.php(35): App\Models\UserModel->UserAndOrder_()
#1 C:\xampp\htdocs\otfonline\backend\ci4\system\CodeIgniter.php(838): App\Controllers\Web\Superadmin\CustomersController->index()
#2 C:\xampp\htdocs\otfonline\backend\ci4\system\CodeIgniter.php(425): CodeIgniter\CodeIgniter->runController(Object(App\Controllers\Web\Superadmin\CustomersController))
#3 C:\xampp\htdocs\otfonline\backend\ci4\system\CodeIgniter.php(332): CodeIgniter\CodeIgniter->handleRequest(NULL, Object(Config\Cache), false)
#4 C:\xampp\htdocs\otfonline\backend\ci4\public\index.php(37): CodeIgniter\CodeIgniter->run()
#5 C:\xampp\htdocs\otfonline\backend\ci4\system\Commands\Server\rewrite.php(43): require_once('C:\\xampp\\htdocs...')
#6 {main}
CRITICAL - 2022-07-20 12:38:22 --> Call to undefined method App\Models\UserModel::toObject
#0 C:\xampp\htdocs\otfonline\backend\ci4\app\Models\UserModel.php(56): CodeIgniter\Model->__call('toObject', Array)
#1 C:\xampp\htdocs\otfonline\backend\ci4\app\Controllers\Web\Superadmin\CustomersController.php(35): App\Models\UserModel->UserAndOrder_()
#2 C:\xampp\htdocs\otfonline\backend\ci4\system\CodeIgniter.php(838): App\Controllers\Web\Superadmin\CustomersController->index()
#3 C:\xampp\htdocs\otfonline\backend\ci4\system\CodeIgniter.php(425): CodeIgniter\CodeIgniter->runController(Object(App\Controllers\Web\Superadmin\CustomersController))
#4 C:\xampp\htdocs\otfonline\backend\ci4\system\CodeIgniter.php(332): CodeIgniter\CodeIgniter->handleRequest(NULL, Object(Config\Cache), false)
#5 C:\xampp\htdocs\otfonline\backend\ci4\public\index.php(37): CodeIgniter\CodeIgniter->run()
#6 C:\xampp\htdocs\otfonline\backend\ci4\system\Commands\Server\rewrite.php(43): require_once('C:\\xampp\\htdocs...')
#7 {main}
CRITICAL - 2022-07-20 12:46:03 --> Cannot use object of type stdClass as array
#0 C:\xampp\htdocs\otfonline\backend\ci4\app\Controllers\Web\Superadmin\CustomersController.php(35): App\Models\UserModel->UserAndOrder_()
#1 C:\xampp\htdocs\otfonline\backend\ci4\system\CodeIgniter.php(838): App\Controllers\Web\Superadmin\CustomersController->index()
#2 C:\xampp\htdocs\otfonline\backend\ci4\system\CodeIgniter.php(425): CodeIgniter\CodeIgniter->runController(Object(App\Controllers\Web\Superadmin\CustomersController))
#3 C:\xampp\htdocs\otfonline\backend\ci4\system\CodeIgniter.php(332): CodeIgniter\CodeIgniter->handleRequest(NULL, Object(Config\Cache), false)
#4 C:\xampp\htdocs\otfonline\backend\ci4\public\index.php(37): CodeIgniter\CodeIgniter->run()
#5 C:\xampp\htdocs\otfonline\backend\ci4\system\Commands\Server\rewrite.php(43): require_once('C:\\xampp\\htdocs...')
#6 {main}
CRITICAL - 2022-07-20 12:46:21 --> Cannot use object of type App\Entities\UserEntity as array
#0 C:\xampp\htdocs\otfonline\backend\ci4\app\Controllers\Web\Superadmin\CustomersController.php(35): App\Models\UserModel->UserAndOrder_()
#1 C:\xampp\htdocs\otfonline\backend\ci4\system\CodeIgniter.php(838): App\Controllers\Web\Superadmin\CustomersController->index()
#2 C:\xampp\htdocs\otfonline\backend\ci4\system\CodeIgniter.php(425): CodeIgniter\CodeIgniter->runController(Object(App\Controllers\Web\Superadmin\CustomersController))
#3 C:\xampp\htdocs\otfonline\backend\ci4\system\CodeIgniter.php(332): CodeIgniter\CodeIgniter->handleRequest(NULL, Object(Config\Cache), false)
#4 C:\xampp\htdocs\otfonline\backend\ci4\public\index.php(37): CodeIgniter\CodeIgniter->run()
#5 C:\xampp\htdocs\otfonline\backend\ci4\system\Commands\Server\rewrite.php(43): require_once('C:\\xampp\\htdocs...')
#6 {main}
CRITICAL - 2022-07-20 12:49:05 --> Cannot use object of type App\Entities\UserEntity as array
#0 C:\xampp\htdocs\otfonline\backend\ci4\app\Controllers\Web\Superadmin\CustomersController.php(35): App\Models\UserModel->UserAndOrder_()
#1 C:\xampp\htdocs\otfonline\backend\ci4\system\CodeIgniter.php(838): App\Controllers\Web\Superadmin\CustomersController->index()
#2 C:\xampp\htdocs\otfonline\backend\ci4\system\CodeIgniter.php(425): CodeIgniter\CodeIgniter->runController(Object(App\Controllers\Web\Superadmin\CustomersController))
#3 C:\xampp\htdocs\otfonline\backend\ci4\system\CodeIgniter.php(332): CodeIgniter\CodeIgniter->handleRequest(NULL, Object(Config\Cache), false)
#4 C:\xampp\htdocs\otfonline\backend\ci4\public\index.php(37): CodeIgniter\CodeIgniter->run()
#5 C:\xampp\htdocs\otfonline\backend\ci4\system\Commands\Server\rewrite.php(43): require_once('C:\\xampp\\htdocs...')
#6 {main}
CRITICAL - 2022-07-20 12:50:13 --> Cannot use object of type App\Entities\UserEntity as array
#0 C:\xampp\htdocs\otfonline\backend\ci4\app\Controllers\Web\Superadmin\CustomersController.php(35): App\Models\UserModel->UserAndOrder_()
#1 C:\xampp\htdocs\otfonline\backend\ci4\system\CodeIgniter.php(838): App\Controllers\Web\Superadmin\CustomersController->index()
#2 C:\xampp\htdocs\otfonline\backend\ci4\system\CodeIgniter.php(425): CodeIgniter\CodeIgniter->runController(Object(App\Controllers\Web\Superadmin\CustomersController))
#3 C:\xampp\htdocs\otfonline\backend\ci4\system\CodeIgniter.php(332): CodeIgniter\CodeIgniter->handleRequest(NULL, Object(Config\Cache), false)
#4 C:\xampp\htdocs\otfonline\backend\ci4\public\index.php(37): CodeIgniter\CodeIgniter->run()
#5 C:\xampp\htdocs\otfonline\backend\ci4\system\Commands\Server\rewrite.php(43): require_once('C:\\xampp\\htdocs...')
#6 {main}
CRITICAL - 2022-07-20 12:50:48 --> Call to undefined function App\Models\OrderCount_()
#0 C:\xampp\htdocs\otfonline\backend\ci4\app\Controllers\Web\Superadmin\CustomersController.php(35): App\Models\UserModel->UserAndOrder_()
#1 C:\xampp\htdocs\otfonline\backend\ci4\system\CodeIgniter.php(838): App\Controllers\Web\Superadmin\CustomersController->index()
#2 C:\xampp\htdocs\otfonline\backend\ci4\system\CodeIgniter.php(425): CodeIgniter\CodeIgniter->runController(Object(App\Controllers\Web\Superadmin\CustomersController))
#3 C:\xampp\htdocs\otfonline\backend\ci4\system\CodeIgniter.php(332): CodeIgniter\CodeIgniter->handleRequest(NULL, Object(Config\Cache), false)
#4 C:\xampp\htdocs\otfonline\backend\ci4\public\index.php(37): CodeIgniter\CodeIgniter->run()
#5 C:\xampp\htdocs\otfonline\backend\ci4\system\Commands\Server\rewrite.php(43): require_once('C:\\xampp\\htdocs...')
#6 {main}
CRITICAL - 2022-07-20 12:51:13 --> Cannot use object of type App\Entities\UserEntity as array
#0 C:\xampp\htdocs\otfonline\backend\ci4\app\Controllers\Web\Superadmin\CustomersController.php(35): App\Models\UserModel->UserAndOrder_()
#1 C:\xampp\htdocs\otfonline\backend\ci4\system\CodeIgniter.php(838): App\Controllers\Web\Superadmin\CustomersController->index()
#2 C:\xampp\htdocs\otfonline\backend\ci4\system\CodeIgniter.php(425): CodeIgniter\CodeIgniter->runController(Object(App\Controllers\Web\Superadmin\CustomersController))
#3 C:\xampp\htdocs\otfonline\backend\ci4\system\CodeIgniter.php(332): CodeIgniter\CodeIgniter->handleRequest(NULL, Object(Config\Cache), false)
#4 C:\xampp\htdocs\otfonline\backend\ci4\public\index.php(37): CodeIgniter\CodeIgniter->run()
#5 C:\xampp\htdocs\otfonline\backend\ci4\system\Commands\Server\rewrite.php(43): require_once('C:\\xampp\\htdocs...')
#6 {main}
CRITICAL - 2022-07-20 12:52:30 --> Cannot use object of type App\Entities\UserEntity as array
#0 C:\xampp\htdocs\otfonline\backend\ci4\app\Controllers\Web\Superadmin\CustomersController.php(35): App\Models\UserModel->UserAndOrder_()
#1 C:\xampp\htdocs\otfonline\backend\ci4\system\CodeIgniter.php(838): App\Controllers\Web\Superadmin\CustomersController->index()
#2 C:\xampp\htdocs\otfonline\backend\ci4\system\CodeIgniter.php(425): CodeIgniter\CodeIgniter->runController(Object(App\Controllers\Web\Superadmin\CustomersController))
#3 C:\xampp\htdocs\otfonline\backend\ci4\system\CodeIgniter.php(332): CodeIgniter\CodeIgniter->handleRequest(NULL, Object(Config\Cache), false)
#4 C:\xampp\htdocs\otfonline\backend\ci4\public\index.php(37): CodeIgniter\CodeIgniter->run()
#5 C:\xampp\htdocs\otfonline\backend\ci4\system\Commands\Server\rewrite.php(43): require_once('C:\\xampp\\htdocs...')
#6 {main}
CRITICAL - 2022-07-20 12:53:38 --> Cannot use object of type App\Entities\UserEntity as array
#0 C:\xampp\htdocs\otfonline\backend\ci4\app\Controllers\Web\Superadmin\CustomersController.php(35): App\Models\UserModel->UserAndOrder_()
#1 C:\xampp\htdocs\otfonline\backend\ci4\system\CodeIgniter.php(838): App\Controllers\Web\Superadmin\CustomersController->index()
#2 C:\xampp\htdocs\otfonline\backend\ci4\system\CodeIgniter.php(425): CodeIgniter\CodeIgniter->runController(Object(App\Controllers\Web\Superadmin\CustomersController))
#3 C:\xampp\htdocs\otfonline\backend\ci4\system\CodeIgniter.php(332): CodeIgniter\CodeIgniter->handleRequest(NULL, Object(Config\Cache), false)
#4 C:\xampp\htdocs\otfonline\backend\ci4\public\index.php(37): CodeIgniter\CodeIgniter->run()
#5 C:\xampp\htdocs\otfonline\backend\ci4\system\Commands\Server\rewrite.php(43): require_once('C:\\xampp\\htdocs...')
#6 {main}
CRITICAL - 2022-07-20 12:54:07 --> Cannot use object of type App\Entities\UserEntity as array
#0 C:\xampp\htdocs\otfonline\backend\ci4\app\Controllers\Web\Superadmin\CustomersController.php(35): App\Models\UserModel->UserAndOrder_()
#1 C:\xampp\htdocs\otfonline\backend\ci4\system\CodeIgniter.php(838): App\Controllers\Web\Superadmin\CustomersController->index()
#2 C:\xampp\htdocs\otfonline\backend\ci4\system\CodeIgniter.php(425): CodeIgniter\CodeIgniter->runController(Object(App\Controllers\Web\Superadmin\CustomersController))
#3 C:\xampp\htdocs\otfonline\backend\ci4\system\CodeIgniter.php(332): CodeIgniter\CodeIgniter->handleRequest(NULL, Object(Config\Cache), false)
#4 C:\xampp\htdocs\otfonline\backend\ci4\public\index.php(37): CodeIgniter\CodeIgniter->run()
#5 C:\xampp\htdocs\otfonline\backend\ci4\system\Commands\Server\rewrite.php(43): require_once('C:\\xampp\\htdocs...')
#6 {main}
CRITICAL - 2022-07-20 12:54:28 --> Cannot use object of type stdClass as array
#0 C:\xampp\htdocs\otfonline\backend\ci4\app\Controllers\Web\Superadmin\CustomersController.php(35): App\Models\UserModel->UserAndOrder_()
#1 C:\xampp\htdocs\otfonline\backend\ci4\system\CodeIgniter.php(838): App\Controllers\Web\Superadmin\CustomersController->index()
#2 C:\xampp\htdocs\otfonline\backend\ci4\system\CodeIgniter.php(425): CodeIgniter\CodeIgniter->runController(Object(App\Controllers\Web\Superadmin\CustomersController))
#3 C:\xampp\htdocs\otfonline\backend\ci4\system\CodeIgniter.php(332): CodeIgniter\CodeIgniter->handleRequest(NULL, Object(Config\Cache), false)
#4 C:\xampp\htdocs\otfonline\backend\ci4\public\index.php(37): CodeIgniter\CodeIgniter->run()
#5 C:\xampp\htdocs\otfonline\backend\ci4\system\Commands\Server\rewrite.php(43): require_once('C:\\xampp\\htdocs...')
#6 {main}
CRITICAL - 2022-07-20 12:54:44 --> Cannot use object of type stdClass as array
#0 C:\xampp\htdocs\otfonline\backend\ci4\app\Controllers\Web\Superadmin\CustomersController.php(35): App\Models\UserModel->UserAndOrder_()
#1 C:\xampp\htdocs\otfonline\backend\ci4\system\CodeIgniter.php(838): App\Controllers\Web\Superadmin\CustomersController->index()
#2 C:\xampp\htdocs\otfonline\backend\ci4\system\CodeIgniter.php(425): CodeIgniter\CodeIgniter->runController(Object(App\Controllers\Web\Superadmin\CustomersController))
#3 C:\xampp\htdocs\otfonline\backend\ci4\system\CodeIgniter.php(332): CodeIgniter\CodeIgniter->handleRequest(NULL, Object(Config\Cache), false)
#4 C:\xampp\htdocs\otfonline\backend\ci4\public\index.php(37): CodeIgniter\CodeIgniter->run()
#5 C:\xampp\htdocs\otfonline\backend\ci4\system\Commands\Server\rewrite.php(43): require_once('C:\\xampp\\htdocs...')
#6 {main}
CRITICAL - 2022-07-20 12:54:54 --> Cannot use object of type stdClass as array
#0 C:\xampp\htdocs\otfonline\backend\ci4\app\Controllers\Web\Superadmin\CustomersController.php(35): App\Models\UserModel->UserAndOrder_()
#1 C:\xampp\htdocs\otfonline\backend\ci4\system\CodeIgniter.php(838): App\Controllers\Web\Superadmin\CustomersController->index()
#2 C:\xampp\htdocs\otfonline\backend\ci4\system\CodeIgniter.php(425): CodeIgniter\CodeIgniter->runController(Object(App\Controllers\Web\Superadmin\CustomersController))
#3 C:\xampp\htdocs\otfonline\backend\ci4\system\CodeIgniter.php(332): CodeIgniter\CodeIgniter->handleRequest(NULL, Object(Config\Cache), false)
#4 C:\xampp\htdocs\otfonline\backend\ci4\public\index.php(37): CodeIgniter\CodeIgniter->run()
#5 C:\xampp\htdocs\otfonline\backend\ci4\system\Commands\Server\rewrite.php(43): require_once('C:\\xampp\\htdocs...')
#6 {main}
CRITICAL - 2022-07-20 12:55:54 --> Cannot use object of type stdClass as array
#0 C:\xampp\htdocs\otfonline\backend\ci4\app\Controllers\Web\Superadmin\CustomersController.php(35): App\Models\UserModel->UserAndOrder_()
#1 C:\xampp\htdocs\otfonline\backend\ci4\system\CodeIgniter.php(838): App\Controllers\Web\Superadmin\CustomersController->index()
#2 C:\xampp\htdocs\otfonline\backend\ci4\system\CodeIgniter.php(425): CodeIgniter\CodeIgniter->runController(Object(App\Controllers\Web\Superadmin\CustomersController))
#3 C:\xampp\htdocs\otfonline\backend\ci4\system\CodeIgniter.php(332): CodeIgniter\CodeIgniter->handleRequest(NULL, Object(Config\Cache), false)
#4 C:\xampp\htdocs\otfonline\backend\ci4\public\index.php(37): CodeIgniter\CodeIgniter->run()
#5 C:\xampp\htdocs\otfonline\backend\ci4\system\Commands\Server\rewrite.php(43): require_once('C:\\xampp\\htdocs...')
#6 {main}
CRITICAL - 2022-07-20 12:56:08 --> Cannot use object of type App\Entities\UserEntity as array
#0 C:\xampp\htdocs\otfonline\backend\ci4\app\Controllers\Web\Superadmin\CustomersController.php(35): App\Models\UserModel->UserAndOrder_()
#1 C:\xampp\htdocs\otfonline\backend\ci4\system\CodeIgniter.php(838): App\Controllers\Web\Superadmin\CustomersController->index()
#2 C:\xampp\htdocs\otfonline\backend\ci4\system\CodeIgniter.php(425): CodeIgniter\CodeIgniter->runController(Object(App\Controllers\Web\Superadmin\CustomersController))
#3 C:\xampp\htdocs\otfonline\backend\ci4\system\CodeIgniter.php(332): CodeIgniter\CodeIgniter->handleRequest(NULL, Object(Config\Cache), false)
#4 C:\xampp\htdocs\otfonline\backend\ci4\public\index.php(37): CodeIgniter\CodeIgniter->run()
#5 C:\xampp\htdocs\otfonline\backend\ci4\system\Commands\Server\rewrite.php(43): require_once('C:\\xampp\\htdocs...')
#6 {main}
CRITICAL - 2022-07-20 12:56:55 --> Attempt to read property "id" on array
#0 C:\xampp\htdocs\otfonline\backend\ci4\app\Models\UserModel.php(63): CodeIgniter\Debug\Exceptions->errorHandler(2, 'Attempt to read...', 'C:\\xampp\\htdocs...', 63)
#1 C:\xampp\htdocs\otfonline\backend\ci4\app\Controllers\Web\Superadmin\CustomersController.php(35): App\Models\UserModel->UserAndOrder_()
#2 C:\xampp\htdocs\otfonline\backend\ci4\system\CodeIgniter.php(838): App\Controllers\Web\Superadmin\CustomersController->index()
#3 C:\xampp\htdocs\otfonline\backend\ci4\system\CodeIgniter.php(425): CodeIgniter\CodeIgniter->runController(Object(App\Controllers\Web\Superadmin\CustomersController))
#4 C:\xampp\htdocs\otfonline\backend\ci4\system\CodeIgniter.php(332): CodeIgniter\CodeIgniter->handleRequest(NULL, Object(Config\Cache), false)
#5 C:\xampp\htdocs\otfonline\backend\ci4\public\index.php(37): CodeIgniter\CodeIgniter->run()
#6 C:\xampp\htdocs\otfonline\backend\ci4\system\Commands\Server\rewrite.php(43): require_once('C:\\xampp\\htdocs...')
#7 {main}
CRITICAL - 2022-07-20 12:58:12 --> Cannot use object of type App\Entities\UserEntity as array
#0 C:\xampp\htdocs\otfonline\backend\ci4\app\Controllers\Web\Superadmin\CustomersController.php(35): App\Models\UserModel->UserAndOrder_()
#1 C:\xampp\htdocs\otfonline\backend\ci4\system\CodeIgniter.php(838): App\Controllers\Web\Superadmin\CustomersController->index()
#2 C:\xampp\htdocs\otfonline\backend\ci4\system\CodeIgniter.php(425): CodeIgniter\CodeIgniter->runController(Object(App\Controllers\Web\Superadmin\CustomersController))
#3 C:\xampp\htdocs\otfonline\backend\ci4\system\CodeIgniter.php(332): CodeIgniter\CodeIgniter->handleRequest(NULL, Object(Config\Cache), false)
#4 C:\xampp\htdocs\otfonline\backend\ci4\public\index.php(37): CodeIgniter\CodeIgniter->run()
#5 C:\xampp\htdocs\otfonline\backend\ci4\system\Commands\Server\rewrite.php(43): require_once('C:\\xampp\\htdocs...')
#6 {main}
CRITICAL - 2022-07-20 12:59:07 --> Cannot use object of type App\Entities\UserEntity as array
#0 C:\xampp\htdocs\otfonline\backend\ci4\app\Controllers\Web\Superadmin\CustomersController.php(35): App\Models\UserModel->UserAndOrder_()
#1 C:\xampp\htdocs\otfonline\backend\ci4\system\CodeIgniter.php(838): App\Controllers\Web\Superadmin\CustomersController->index()
#2 C:\xampp\htdocs\otfonline\backend\ci4\system\CodeIgniter.php(425): CodeIgniter\CodeIgniter->runController(Object(App\Controllers\Web\Superadmin\CustomersController))
#3 C:\xampp\htdocs\otfonline\backend\ci4\system\CodeIgniter.php(332): CodeIgniter\CodeIgniter->handleRequest(NULL, Object(Config\Cache), false)
#4 C:\xampp\htdocs\otfonline\backend\ci4\public\index.php(37): CodeIgniter\CodeIgniter->run()
#5 C:\xampp\htdocs\otfonline\backend\ci4\system\Commands\Server\rewrite.php(43): require_once('C:\\xampp\\htdocs...')
#6 {main}
CRITICAL - 2022-07-20 12:59:31 --> Cannot use object of type App\Entities\UserEntity as array
#0 C:\xampp\htdocs\otfonline\backend\ci4\app\Controllers\Web\Superadmin\CustomersController.php(35): App\Models\UserModel->UserAndOrder_()
#1 C:\xampp\htdocs\otfonline\backend\ci4\system\CodeIgniter.php(838): App\Controllers\Web\Superadmin\CustomersController->index()
#2 C:\xampp\htdocs\otfonline\backend\ci4\system\CodeIgniter.php(425): CodeIgniter\CodeIgniter->runController(Object(App\Controllers\Web\Superadmin\CustomersController))
#3 C:\xampp\htdocs\otfonline\backend\ci4\system\CodeIgniter.php(332): CodeIgniter\CodeIgniter->handleRequest(NULL, Object(Config\Cache), false)
#4 C:\xampp\htdocs\otfonline\backend\ci4\public\index.php(37): CodeIgniter\CodeIgniter->run()
#5 C:\xampp\htdocs\otfonline\backend\ci4\system\Commands\Server\rewrite.php(43): require_once('C:\\xampp\\htdocs...')
#6 {main}
CRITICAL - 2022-07-20 12:59:47 --> Cannot use object of type App\Entities\UserEntity as array
#0 C:\xampp\htdocs\otfonline\backend\ci4\app\Controllers\Web\Superadmin\CustomersController.php(35): App\Models\UserModel->UserAndOrder_()
#1 C:\xampp\htdocs\otfonline\backend\ci4\system\CodeIgniter.php(838): App\Controllers\Web\Superadmin\CustomersController->index()
#2 C:\xampp\htdocs\otfonline\backend\ci4\system\CodeIgniter.php(425): CodeIgniter\CodeIgniter->runController(Object(App\Controllers\Web\Superadmin\CustomersController))
#3 C:\xampp\htdocs\otfonline\backend\ci4\system\CodeIgniter.php(332): CodeIgniter\CodeIgniter->handleRequest(NULL, Object(Config\Cache), false)
#4 C:\xampp\htdocs\otfonline\backend\ci4\public\index.php(37): CodeIgniter\CodeIgniter->run()
#5 C:\xampp\htdocs\otfonline\backend\ci4\system\Commands\Server\rewrite.php(43): require_once('C:\\xampp\\htdocs...')
#6 {main}
CRITICAL - 2022-07-20 13:00:02 --> Cannot use object of type App\Entities\UserEntity as array
#0 C:\xampp\htdocs\otfonline\backend\ci4\app\Controllers\Web\Superadmin\CustomersController.php(35): App\Models\UserModel->UserAndOrder_()
#1 C:\xampp\htdocs\otfonline\backend\ci4\system\CodeIgniter.php(838): App\Controllers\Web\Superadmin\CustomersController->index()
#2 C:\xampp\htdocs\otfonline\backend\ci4\system\CodeIgniter.php(425): CodeIgniter\CodeIgniter->runController(Object(App\Controllers\Web\Superadmin\CustomersController))
#3 C:\xampp\htdocs\otfonline\backend\ci4\system\CodeIgniter.php(332): CodeIgniter\CodeIgniter->handleRequest(NULL, Object(Config\Cache), false)
#4 C:\xampp\htdocs\otfonline\backend\ci4\public\index.php(37): CodeIgniter\CodeIgniter->run()
#5 C:\xampp\htdocs\otfonline\backend\ci4\system\Commands\Server\rewrite.php(43): require_once('C:\\xampp\\htdocs...')
#6 {main}
CRITICAL - 2022-07-20 13:57:38 --> Undefined variable $user
#0 C:\xampp\htdocs\otfonline\backend\ci4\app\Views\superadmin\vendor_menucategory.php(101): CodeIgniter\Debug\Exceptions->errorHandler(2, 'Undefined varia...', 'C:\\xampp\\htdocs...', 101)
#1 C:\xampp\htdocs\otfonline\backend\ci4\system\View\View.php(210): include('C:\\xampp\\htdocs...')
#2 C:\xampp\htdocs\otfonline\backend\ci4\system\View\View.php(213): CodeIgniter\View\View->CodeIgniter\View\{closure}()
#3 C:\xampp\htdocs\otfonline\backend\ci4\system\Common.php(1089): CodeIgniter\View\View->render('superadmin/vend...', Array, true)
#4 C:\xampp\htdocs\otfonline\backend\ci4\app\Controllers\Web\Superadmin\MenuController.php(188): view('superadmin/vend...', Array)
#5 C:\xampp\htdocs\otfonline\backend\ci4\system\CodeIgniter.php(838): App\Controllers\Web\Superadmin\MenuController->menuCategory('the_place')
#6 C:\xampp\htdocs\otfonline\backend\ci4\system\CodeIgniter.php(425): CodeIgniter\CodeIgniter->runController(Object(App\Controllers\Web\Superadmin\MenuController))
#7 C:\xampp\htdocs\otfonline\backend\ci4\system\CodeIgniter.php(332): CodeIgniter\CodeIgniter->handleRequest(NULL, Object(Config\Cache), false)
#8 C:\xampp\htdocs\otfonline\backend\ci4\public\index.php(37): CodeIgniter\CodeIgniter->run()
#9 C:\xampp\htdocs\otfonline\backend\ci4\system\Commands\Server\rewrite.php(43): require_once('C:\\xampp\\htdocs...')
#10 {main}
CRITICAL - 2022-07-20 14:42:34 --> Array to string conversion
#0 C:\xampp\htdocs\otfonline\backend\ci4\app\Views\superadmin\vendor_menucategory.php(102): CodeIgniter\Debug\Exceptions->errorHandler(2, 'Array to string...', 'C:\\xampp\\htdocs...', 102)
#1 C:\xampp\htdocs\otfonline\backend\ci4\system\View\View.php(210): include('C:\\xampp\\htdocs...')
#2 C:\xampp\htdocs\otfonline\backend\ci4\system\View\View.php(213): CodeIgniter\View\View->CodeIgniter\View\{closure}()
#3 C:\xampp\htdocs\otfonline\backend\ci4\system\Common.php(1089): CodeIgniter\View\View->render('superadmin/vend...', Array, true)
#4 C:\xampp\htdocs\otfonline\backend\ci4\app\Controllers\Web\Superadmin\MenuController.php(185): view('superadmin/vend...', Array)
#5 C:\xampp\htdocs\otfonline\backend\ci4\system\CodeIgniter.php(838): App\Controllers\Web\Superadmin\MenuController->menuCategory('sprouts-farmers...')
#6 C:\xampp\htdocs\otfonline\backend\ci4\system\CodeIgniter.php(425): CodeIgniter\CodeIgniter->runController(Object(App\Controllers\Web\Superadmin\MenuController))
#7 C:\xampp\htdocs\otfonline\backend\ci4\system\CodeIgniter.php(332): CodeIgniter\CodeIgniter->handleRequest(NULL, Object(Config\Cache), false)
#8 C:\xampp\htdocs\otfonline\backend\ci4\public\index.php(37): CodeIgniter\CodeIgniter->run()
#9 C:\xampp\htdocs\otfonline\backend\ci4\system\Commands\Server\rewrite.php(43): require_once('C:\\xampp\\htdocs...')
#10 {main}
CRITICAL - 2022-07-20 14:48:43 --> Array to string conversion
#0 C:\xampp\htdocs\otfonline\backend\ci4\app\Views\superadmin\vendor_menucategory.php(103): CodeIgniter\Debug\Exceptions->errorHandler(2, 'Array to string...', 'C:\\xampp\\htdocs...', 103)
#1 C:\xampp\htdocs\otfonline\backend\ci4\system\View\View.php(210): include('C:\\xampp\\htdocs...')
#2 C:\xampp\htdocs\otfonline\backend\ci4\system\View\View.php(213): CodeIgniter\View\View->CodeIgniter\View\{closure}()
#3 C:\xampp\htdocs\otfonline\backend\ci4\system\Common.php(1089): CodeIgniter\View\View->render('superadmin/vend...', Array, true)
#4 C:\xampp\htdocs\otfonline\backend\ci4\app\Controllers\Web\Superadmin\MenuController.php(185): view('superadmin/vend...', Array)
#5 C:\xampp\htdocs\otfonline\backend\ci4\system\CodeIgniter.php(838): App\Controllers\Web\Superadmin\MenuController->menuCategory('sprouts-farmers...')
#6 C:\xampp\htdocs\otfonline\backend\ci4\system\CodeIgniter.php(425): CodeIgniter\CodeIgniter->runController(Object(App\Controllers\Web\Superadmin\MenuController))
#7 C:\xampp\htdocs\otfonline\backend\ci4\system\CodeIgniter.php(332): CodeIgniter\CodeIgniter->handleRequest(NULL, Object(Config\Cache), false)
#8 C:\xampp\htdocs\otfonline\backend\ci4\public\index.php(37): CodeIgniter\CodeIgniter->run()
#9 C:\xampp\htdocs\otfonline\backend\ci4\system\Commands\Server\rewrite.php(43): require_once('C:\\xampp\\htdocs...')
#10 {main}
CRITICAL - 2022-07-20 14:49:05 --> Array to string conversion
#0 C:\xampp\htdocs\otfonline\backend\ci4\app\Views\superadmin\vendor_menucategory.php(104): CodeIgniter\Debug\Exceptions->errorHandler(2, 'Array to string...', 'C:\\xampp\\htdocs...', 104)
#1 C:\xampp\htdocs\otfonline\backend\ci4\system\View\View.php(210): include('C:\\xampp\\htdocs...')
#2 C:\xampp\htdocs\otfonline\backend\ci4\system\View\View.php(213): CodeIgniter\View\View->CodeIgniter\View\{closure}()
#3 C:\xampp\htdocs\otfonline\backend\ci4\system\Common.php(1089): CodeIgniter\View\View->render('superadmin/vend...', Array, true)
#4 C:\xampp\htdocs\otfonline\backend\ci4\app\Controllers\Web\Superadmin\MenuController.php(185): view('superadmin/vend...', Array)
#5 C:\xampp\htdocs\otfonline\backend\ci4\system\CodeIgniter.php(838): App\Controllers\Web\Superadmin\MenuController->menuCategory('sprouts-farmers...')
#6 C:\xampp\htdocs\otfonline\backend\ci4\system\CodeIgniter.php(425): CodeIgniter\CodeIgniter->runController(Object(App\Controllers\Web\Superadmin\MenuController))
#7 C:\xampp\htdocs\otfonline\backend\ci4\system\CodeIgniter.php(332): CodeIgniter\CodeIgniter->handleRequest(NULL, Object(Config\Cache), false)
#8 C:\xampp\htdocs\otfonline\backend\ci4\public\index.php(37): CodeIgniter\CodeIgniter->run()
#9 C:\xampp\htdocs\otfonline\backend\ci4\system\Commands\Server\rewrite.php(43): require_once('C:\\xampp\\htdocs...')
#10 {main}
CRITICAL - 2022-07-20 14:54:43 --> Array to string conversion
#0 C:\xampp\htdocs\otfonline\backend\ci4\app\Views\superadmin\vendor_menucategory.php(105): CodeIgniter\Debug\Exceptions->errorHandler(2, 'Array to string...', 'C:\\xampp\\htdocs...', 105)
#1 C:\xampp\htdocs\otfonline\backend\ci4\system\View\View.php(210): include('C:\\xampp\\htdocs...')
#2 C:\xampp\htdocs\otfonline\backend\ci4\system\View\View.php(213): CodeIgniter\View\View->CodeIgniter\View\{closure}()
#3 C:\xampp\htdocs\otfonline\backend\ci4\system\Common.php(1089): CodeIgniter\View\View->render('superadmin/vend...', Array, true)
#4 C:\xampp\htdocs\otfonline\backend\ci4\app\Controllers\Web\Superadmin\MenuController.php(185): view('superadmin/vend...', Array)
#5 C:\xampp\htdocs\otfonline\backend\ci4\system\CodeIgniter.php(838): App\Controllers\Web\Superadmin\MenuController->menuCategory('sprouts-farmers...')
#6 C:\xampp\htdocs\otfonline\backend\ci4\system\CodeIgniter.php(425): CodeIgniter\CodeIgniter->runController(Object(App\Controllers\Web\Superadmin\MenuController))
#7 C:\xampp\htdocs\otfonline\backend\ci4\system\CodeIgniter.php(332): CodeIgniter\CodeIgniter->handleRequest(NULL, Object(Config\Cache), false)
#8 C:\xampp\htdocs\otfonline\backend\ci4\public\index.php(37): CodeIgniter\CodeIgniter->run()
#9 C:\xampp\htdocs\otfonline\backend\ci4\system\Commands\Server\rewrite.php(43): require_once('C:\\xampp\\htdocs...')
#10 {main}
CRITICAL - 2022-07-20 14:55:13 --> Array to string conversion
#0 C:\xampp\htdocs\otfonline\backend\ci4\app\Views\superadmin\vendor_menucategory.php(105): CodeIgniter\Debug\Exceptions->errorHandler(2, 'Array to string...', 'C:\\xampp\\htdocs...', 105)
#1 C:\xampp\htdocs\otfonline\backend\ci4\system\View\View.php(210): include('C:\\xampp\\htdocs...')
#2 C:\xampp\htdocs\otfonline\backend\ci4\system\View\View.php(213): CodeIgniter\View\View->CodeIgniter\View\{closure}()
#3 C:\xampp\htdocs\otfonline\backend\ci4\system\Common.php(1089): CodeIgniter\View\View->render('superadmin/vend...', Array, true)
#4 C:\xampp\htdocs\otfonline\backend\ci4\app\Controllers\Web\Superadmin\MenuController.php(185): view('superadmin/vend...', Array)
#5 C:\xampp\htdocs\otfonline\backend\ci4\system\CodeIgniter.php(838): App\Controllers\Web\Superadmin\MenuController->menuCategory('sprouts-farmers...')
#6 C:\xampp\htdocs\otfonline\backend\ci4\system\CodeIgniter.php(425): CodeIgniter\CodeIgniter->runController(Object(App\Controllers\Web\Superadmin\MenuController))
#7 C:\xampp\htdocs\otfonline\backend\ci4\system\CodeIgniter.php(332): CodeIgniter\CodeIgniter->handleRequest(NULL, Object(Config\Cache), false)
#8 C:\xampp\htdocs\otfonline\backend\ci4\public\index.php(37): CodeIgniter\CodeIgniter->run()
#9 C:\xampp\htdocs\otfonline\backend\ci4\system\Commands\Server\rewrite.php(43): require_once('C:\\xampp\\htdocs...')
#10 {main}
CRITICAL - 2022-07-20 14:56:00 --> Array to string conversion
#0 C:\xampp\htdocs\otfonline\backend\ci4\app\Views\superadmin\vendor_menucategory.php(105): CodeIgniter\Debug\Exceptions->errorHandler(2, 'Array to string...', 'C:\\xampp\\htdocs...', 105)
#1 C:\xampp\htdocs\otfonline\backend\ci4\system\View\View.php(210): include('C:\\xampp\\htdocs...')
#2 C:\xampp\htdocs\otfonline\backend\ci4\system\View\View.php(213): CodeIgniter\View\View->CodeIgniter\View\{closure}()
#3 C:\xampp\htdocs\otfonline\backend\ci4\system\Common.php(1089): CodeIgniter\View\View->render('superadmin/vend...', Array, true)
#4 C:\xampp\htdocs\otfonline\backend\ci4\app\Controllers\Web\Superadmin\MenuController.php(185): view('superadmin/vend...', Array)
#5 C:\xampp\htdocs\otfonline\backend\ci4\system\CodeIgniter.php(838): App\Controllers\Web\Superadmin\MenuController->menuCategory('sprouts-farmers...')
#6 C:\xampp\htdocs\otfonline\backend\ci4\system\CodeIgniter.php(425): CodeIgniter\CodeIgniter->runController(Object(App\Controllers\Web\Superadmin\MenuController))
#7 C:\xampp\htdocs\otfonline\backend\ci4\system\CodeIgniter.php(332): CodeIgniter\CodeIgniter->handleRequest(NULL, Object(Config\Cache), false)
#8 C:\xampp\htdocs\otfonline\backend\ci4\public\index.php(37): CodeIgniter\CodeIgniter->run()
#9 C:\xampp\htdocs\otfonline\backend\ci4\system\Commands\Server\rewrite.php(43): require_once('C:\\xampp\\htdocs...')
#10 {main}
CRITICAL - 2022-07-20 14:56:05 --> Array to string conversion
#0 C:\xampp\htdocs\otfonline\backend\ci4\app\Views\superadmin\vendor_menucategory.php(105): CodeIgniter\Debug\Exceptions->errorHandler(2, 'Array to string...', 'C:\\xampp\\htdocs...', 105)
#1 C:\xampp\htdocs\otfonline\backend\ci4\system\View\View.php(210): include('C:\\xampp\\htdocs...')
#2 C:\xampp\htdocs\otfonline\backend\ci4\system\View\View.php(213): CodeIgniter\View\View->CodeIgniter\View\{closure}()
#3 C:\xampp\htdocs\otfonline\backend\ci4\system\Common.php(1089): CodeIgniter\View\View->render('superadmin/vend...', Array, true)
#4 C:\xampp\htdocs\otfonline\backend\ci4\app\Controllers\Web\Superadmin\MenuController.php(185): view('superadmin/vend...', Array)
#5 C:\xampp\htdocs\otfonline\backend\ci4\system\CodeIgniter.php(838): App\Controllers\Web\Superadmin\MenuController->menuCategory('sprouts-farmers...')
#6 C:\xampp\htdocs\otfonline\backend\ci4\system\CodeIgniter.php(425): CodeIgniter\CodeIgniter->runController(Object(App\Controllers\Web\Superadmin\MenuController))
#7 C:\xampp\htdocs\otfonline\backend\ci4\system\CodeIgniter.php(332): CodeIgniter\CodeIgniter->handleRequest(NULL, Object(Config\Cache), false)
#8 C:\xampp\htdocs\otfonline\backend\ci4\public\index.php(37): CodeIgniter\CodeIgniter->run()
#9 C:\xampp\htdocs\otfonline\backend\ci4\system\Commands\Server\rewrite.php(43): require_once('C:\\xampp\\htdocs...')
#10 {main}
CRITICAL - 2022-07-20 14:56:14 --> Array to string conversion
#0 C:\xampp\htdocs\otfonline\backend\ci4\app\Views\superadmin\vendor_menucategory.php(105): CodeIgniter\Debug\Exceptions->errorHandler(2, 'Array to string...', 'C:\\xampp\\htdocs...', 105)
#1 C:\xampp\htdocs\otfonline\backend\ci4\system\View\View.php(210): include('C:\\xampp\\htdocs...')
#2 C:\xampp\htdocs\otfonline\backend\ci4\system\View\View.php(213): CodeIgniter\View\View->CodeIgniter\View\{closure}()
#3 C:\xampp\htdocs\otfonline\backend\ci4\system\Common.php(1089): CodeIgniter\View\View->render('superadmin/vend...', Array, true)
#4 C:\xampp\htdocs\otfonline\backend\ci4\app\Controllers\Web\Superadmin\MenuController.php(185): view('superadmin/vend...', Array)
#5 C:\xampp\htdocs\otfonline\backend\ci4\system\CodeIgniter.php(838): App\Controllers\Web\Superadmin\MenuController->menuCategory('sprouts-farmers...')
#6 C:\xampp\htdocs\otfonline\backend\ci4\system\CodeIgniter.php(425): CodeIgniter\CodeIgniter->runController(Object(App\Controllers\Web\Superadmin\MenuController))
#7 C:\xampp\htdocs\otfonline\backend\ci4\system\CodeIgniter.php(332): CodeIgniter\CodeIgniter->handleRequest(NULL, Object(Config\Cache), false)
#8 C:\xampp\htdocs\otfonline\backend\ci4\public\index.php(37): CodeIgniter\CodeIgniter->run()
#9 C:\xampp\htdocs\otfonline\backend\ci4\system\Commands\Server\rewrite.php(43): require_once('C:\\xampp\\htdocs...')
#10 {main}
CRITICAL - 2022-07-20 14:58:41 --> Array to string conversion
#0 C:\xampp\htdocs\otfonline\backend\ci4\app\Views\superadmin\vendor_menucategory.php(104): CodeIgniter\Debug\Exceptions->errorHandler(2, 'Array to string...', 'C:\\xampp\\htdocs...', 104)
#1 C:\xampp\htdocs\otfonline\backend\ci4\system\View\View.php(210): include('C:\\xampp\\htdocs...')
#2 C:\xampp\htdocs\otfonline\backend\ci4\system\View\View.php(213): CodeIgniter\View\View->CodeIgniter\View\{closure}()
#3 C:\xampp\htdocs\otfonline\backend\ci4\system\Common.php(1089): CodeIgniter\View\View->render('superadmin/vend...', Array, true)
#4 C:\xampp\htdocs\otfonline\backend\ci4\app\Controllers\Web\Superadmin\MenuController.php(185): view('superadmin/vend...', Array)
#5 C:\xampp\htdocs\otfonline\backend\ci4\system\CodeIgniter.php(838): App\Controllers\Web\Superadmin\MenuController->menuCategory('sprouts-farmers...')
#6 C:\xampp\htdocs\otfonline\backend\ci4\system\CodeIgniter.php(425): CodeIgniter\CodeIgniter->runController(Object(App\Controllers\Web\Superadmin\MenuController))
#7 C:\xampp\htdocs\otfonline\backend\ci4\system\CodeIgniter.php(332): CodeIgniter\CodeIgniter->handleRequest(NULL, Object(Config\Cache), false)
#8 C:\xampp\htdocs\otfonline\backend\ci4\public\index.php(37): CodeIgniter\CodeIgniter->run()
#9 C:\xampp\htdocs\otfonline\backend\ci4\system\Commands\Server\rewrite.php(43): require_once('C:\\xampp\\htdocs...')
#10 {main}
CRITICAL - 2022-07-20 14:58:51 --> Array to string conversion
#0 C:\xampp\htdocs\otfonline\backend\ci4\app\Views\superadmin\vendor_menucategory.php(104): CodeIgniter\Debug\Exceptions->errorHandler(2, 'Array to string...', 'C:\\xampp\\htdocs...', 104)
#1 C:\xampp\htdocs\otfonline\backend\ci4\system\View\View.php(210): include('C:\\xampp\\htdocs...')
#2 C:\xampp\htdocs\otfonline\backend\ci4\system\View\View.php(213): CodeIgniter\View\View->CodeIgniter\View\{closure}()
#3 C:\xampp\htdocs\otfonline\backend\ci4\system\Common.php(1089): CodeIgniter\View\View->render('superadmin/vend...', Array, true)
#4 C:\xampp\htdocs\otfonline\backend\ci4\app\Controllers\Web\Superadmin\MenuController.php(185): view('superadmin/vend...', Array)
#5 C:\xampp\htdocs\otfonline\backend\ci4\system\CodeIgniter.php(838): App\Controllers\Web\Superadmin\MenuController->menuCategory('sprouts-farmers...')
#6 C:\xampp\htdocs\otfonline\backend\ci4\system\CodeIgniter.php(425): CodeIgniter\CodeIgniter->runController(Object(App\Controllers\Web\Superadmin\MenuController))
#7 C:\xampp\htdocs\otfonline\backend\ci4\system\CodeIgniter.php(332): CodeIgniter\CodeIgniter->handleRequest(NULL, Object(Config\Cache), false)
#8 C:\xampp\htdocs\otfonline\backend\ci4\public\index.php(37): CodeIgniter\CodeIgniter->run()
#9 C:\xampp\htdocs\otfonline\backend\ci4\system\Commands\Server\rewrite.php(43): require_once('C:\\xampp\\htdocs...')
#10 {main}
CRITICAL - 2022-07-20 14:59:56 --> Array to string conversion
#0 C:\xampp\htdocs\otfonline\backend\ci4\app\Views\superadmin\vendor_menucategory.php(104): CodeIgniter\Debug\Exceptions->errorHandler(2, 'Array to string...', 'C:\\xampp\\htdocs...', 104)
#1 C:\xampp\htdocs\otfonline\backend\ci4\system\View\View.php(210): include('C:\\xampp\\htdocs...')
#2 C:\xampp\htdocs\otfonline\backend\ci4\system\View\View.php(213): CodeIgniter\View\View->CodeIgniter\View\{closure}()
#3 C:\xampp\htdocs\otfonline\backend\ci4\system\Common.php(1089): CodeIgniter\View\View->render('superadmin/vend...', Array, true)
#4 C:\xampp\htdocs\otfonline\backend\ci4\app\Controllers\Web\Superadmin\MenuController.php(185): view('superadmin/vend...', Array)
#5 C:\xampp\htdocs\otfonline\backend\ci4\system\CodeIgniter.php(838): App\Controllers\Web\Superadmin\MenuController->menuCategory('sprouts-farmers...')
#6 C:\xampp\htdocs\otfonline\backend\ci4\system\CodeIgniter.php(425): CodeIgniter\CodeIgniter->runController(Object(App\Controllers\Web\Superadmin\MenuController))
#7 C:\xampp\htdocs\otfonline\backend\ci4\system\CodeIgniter.php(332): CodeIgniter\CodeIgniter->handleRequest(NULL, Object(Config\Cache), false)
#8 C:\xampp\htdocs\otfonline\backend\ci4\public\index.php(37): CodeIgniter\CodeIgniter->run()
#9 C:\xampp\htdocs\otfonline\backend\ci4\system\Commands\Server\rewrite.php(43): require_once('C:\\xampp\\htdocs...')
#10 {main}
CRITICAL - 2022-07-20 15:11:30 --> Array to string conversion
#0 C:\xampp\htdocs\otfonline\backend\ci4\app\Views\superadmin\vendor_menucategory.php(104): CodeIgniter\Debug\Exceptions->errorHandler(2, 'Array to string...', 'C:\\xampp\\htdocs...', 104)
#1 C:\xampp\htdocs\otfonline\backend\ci4\system\View\View.php(210): include('C:\\xampp\\htdocs...')
#2 C:\xampp\htdocs\otfonline\backend\ci4\system\View\View.php(213): CodeIgniter\View\View->CodeIgniter\View\{closure}()
#3 C:\xampp\htdocs\otfonline\backend\ci4\system\Common.php(1089): CodeIgniter\View\View->render('superadmin/vend...', Array, true)
#4 C:\xampp\htdocs\otfonline\backend\ci4\app\Controllers\Web\Superadmin\MenuController.php(185): view('superadmin/vend...', Array)
#5 C:\xampp\htdocs\otfonline\backend\ci4\system\CodeIgniter.php(838): App\Controllers\Web\Superadmin\MenuController->menuCategory('sprouts-farmers...')
#6 C:\xampp\htdocs\otfonline\backend\ci4\system\CodeIgniter.php(425): CodeIgniter\CodeIgniter->runController(Object(App\Controllers\Web\Superadmin\MenuController))
#7 C:\xampp\htdocs\otfonline\backend\ci4\system\CodeIgniter.php(332): CodeIgniter\CodeIgniter->handleRequest(NULL, Object(Config\Cache), false)
#8 C:\xampp\htdocs\otfonline\backend\ci4\public\index.php(37): CodeIgniter\CodeIgniter->run()
#9 C:\xampp\htdocs\otfonline\backend\ci4\system\Commands\Server\rewrite.php(43): require_once('C:\\xampp\\htdocs...')
#10 {main}
CRITICAL - 2022-07-20 17:49:26 --> Undefined variable $user
#0 C:\xampp\htdocs\otfonline\backend\ci4\app\Views\superadmin\modal_add_category.php(8): CodeIgniter\Debug\Exceptions->errorHandler(2, 'Undefined varia...', 'C:\\xampp\\htdocs...', 8)
#1 C:\xampp\htdocs\otfonline\backend\ci4\system\View\View.php(210): include('C:\\xampp\\htdocs...')
#2 C:\xampp\htdocs\otfonline\backend\ci4\system\View\View.php(213): CodeIgniter\View\View->CodeIgniter\View\{closure}()
#3 C:\xampp\htdocs\otfonline\backend\ci4\system\View\View.php(424): CodeIgniter\View\View->render('superadmin/moda...', NULL, true)
#4 C:\xampp\htdocs\otfonline\backend\ci4\app\Views\superadmin\vendor_menucategory.php(63): CodeIgniter\View\View->include('superadmin/moda...')
#5 C:\xampp\htdocs\otfonline\backend\ci4\system\View\View.php(210): include('C:\\xampp\\htdocs...')
#6 C:\xampp\htdocs\otfonline\backend\ci4\system\View\View.php(213): CodeIgniter\View\View->CodeIgniter\View\{closure}()
#7 C:\xampp\htdocs\otfonline\backend\ci4\system\Common.php(1089): CodeIgniter\View\View->render('superadmin/vend...', Array, true)
#8 C:\xampp\htdocs\otfonline\backend\ci4\app\Controllers\Web\Superadmin\MenuController.php(185): view('superadmin/vend...', Array)
#9 C:\xampp\htdocs\otfonline\backend\ci4\system\CodeIgniter.php(838): App\Controllers\Web\Superadmin\MenuController->menuCategory('sprouts-farmers...')
#10 C:\xampp\htdocs\otfonline\backend\ci4\system\CodeIgniter.php(425): CodeIgniter\CodeIgniter->runController(Object(App\Controllers\Web\Superadmin\MenuController))
#11 C:\xampp\htdocs\otfonline\backend\ci4\system\CodeIgniter.php(332): CodeIgniter\CodeIgniter->handleRequest(NULL, Object(Config\Cache), false)
#12 C:\xampp\htdocs\otfonline\backend\ci4\public\index.php(37): CodeIgniter\CodeIgniter->run()
#13 C:\xampp\htdocs\otfonline\backend\ci4\system\Commands\Server\rewrite.php(43): require_once('C:\\xampp\\htdocs...')
#14 {main}
CRITICAL - 2022-07-20 17:53:26 --> Undefined variable $deliveryloc
#0 C:\xampp\htdocs\otfonline\backend\ci4\app\Views\superadmin\modal_add_category.php(64): CodeIgniter\Debug\Exceptions->errorHandler(2, 'Undefined varia...', 'C:\\xampp\\htdocs...', 64)
#1 C:\xampp\htdocs\otfonline\backend\ci4\system\View\View.php(210): include('C:\\xampp\\htdocs...')
#2 C:\xampp\htdocs\otfonline\backend\ci4\system\View\View.php(213): CodeIgniter\View\View->CodeIgniter\View\{closure}()
#3 C:\xampp\htdocs\otfonline\backend\ci4\system\View\View.php(424): CodeIgniter\View\View->render('superadmin/moda...', NULL, true)
#4 C:\xampp\htdocs\otfonline\backend\ci4\app\Views\superadmin\vendor_menucategory.php(63): CodeIgniter\View\View->include('superadmin/moda...')
#5 C:\xampp\htdocs\otfonline\backend\ci4\system\View\View.php(210): include('C:\\xampp\\htdocs...')
#6 C:\xampp\htdocs\otfonline\backend\ci4\system\View\View.php(213): CodeIgniter\View\View->CodeIgniter\View\{closure}()
#7 C:\xampp\htdocs\otfonline\backend\ci4\system\Common.php(1089): CodeIgniter\View\View->render('superadmin/vend...', Array, true)
#8 C:\xampp\htdocs\otfonline\backend\ci4\app\Controllers\Web\Superadmin\MenuController.php(185): view('superadmin/vend...', Array)
#9 C:\xampp\htdocs\otfonline\backend\ci4\system\CodeIgniter.php(838): App\Controllers\Web\Superadmin\MenuController->menuCategory('sprouts-farmers...')
#10 C:\xampp\htdocs\otfonline\backend\ci4\system\CodeIgniter.php(425): CodeIgniter\CodeIgniter->runController(Object(App\Controllers\Web\Superadmin\MenuController))
#11 C:\xampp\htdocs\otfonline\backend\ci4\system\CodeIgniter.php(332): CodeIgniter\CodeIgniter->handleRequest(NULL, Object(Config\Cache), false)
#12 C:\xampp\htdocs\otfonline\backend\ci4\public\index.php(37): CodeIgniter\CodeIgniter->run()
#13 C:\xampp\htdocs\otfonline\backend\ci4\system\Commands\Server\rewrite.php(43): require_once('C:\\xampp\\htdocs...')
#14 {main}
ERROR - 2022-07-20 20:12:59 --> Cannot add or update a child row: a foreign key constraint fails (`otfonline`.`biz_menu_categories`, CONSTRAINT `biz_menu_categories_biz_id_foreign` FOREIGN KEY (`biz_id`) REFERENCES `bizs` (`id`) ON DELETE CASCADE)
CRITICAL - 2022-07-20 20:12:59 --> Cannot add or update a child row: a foreign key constraint fails (`otfonline`.`biz_menu_categories`, CONSTRAINT `biz_menu_categories_biz_id_foreign` FOREIGN KEY (`biz_id`) REFERENCES `bizs` (`id`) ON DELETE CASCADE)
#0 C:\xampp\htdocs\otfonline\backend\ci4\system\Database\MySQLi\Connection.php(292): mysqli->query('INSERT INTO `bi...', 0)
#1 C:\xampp\htdocs\otfonline\backend\ci4\system\Database\BaseConnection.php(670): CodeIgniter\Database\MySQLi\Connection->execute('INSERT INTO `bi...')
#2 C:\xampp\htdocs\otfonline\backend\ci4\system\Database\BaseConnection.php(598): CodeIgniter\Database\BaseConnection->simpleQuery('INSERT INTO `bi...')
#3 C:\xampp\htdocs\otfonline\backend\ci4\system\Database\BaseBuilder.php(1771): CodeIgniter\Database\BaseConnection->query('INSERT INTO `bi...', Array, false)
#4 C:\xampp\htdocs\otfonline\backend\ci4\system\Model.php(239): CodeIgniter\Database\BaseBuilder->insert()
#5 C:\xampp\htdocs\otfonline\backend\ci4\system\BaseModel.php(738): CodeIgniter\Model->doInsert(Array)
#6 C:\xampp\htdocs\otfonline\backend\ci4\system\Model.php(625): CodeIgniter\BaseModel->insert(Array, true)
#7 C:\xampp\htdocs\otfonline\backend\ci4\app\Controllers\Web\Superadmin\MenuController.php(207): CodeIgniter\Model->insert(Array)
#8 C:\xampp\htdocs\otfonline\backend\ci4\system\CodeIgniter.php(838): App\Controllers\Web\Superadmin\MenuController->menuCategoryAdd_('4')
#9 C:\xampp\htdocs\otfonline\backend\ci4\system\CodeIgniter.php(425): CodeIgniter\CodeIgniter->runController(Object(App\Controllers\Web\Superadmin\MenuController))
#10 C:\xampp\htdocs\otfonline\backend\ci4\system\CodeIgniter.php(332): CodeIgniter\CodeIgniter->handleRequest(NULL, Object(Config\Cache), false)
#11 C:\xampp\htdocs\otfonline\backend\ci4\public\index.php(37): CodeIgniter\CodeIgniter->run()
#12 C:\xampp\htdocs\otfonline\backend\ci4\system\Commands\Server\rewrite.php(43): require_once('C:\\xampp\\htdocs...')
#13 {main}
ERROR - 2022-07-20 20:14:51 --> Cannot add or update a child row: a foreign key constraint fails (`otfonline`.`biz_menu_categories`, CONSTRAINT `biz_menu_categories_biz_id_foreign` FOREIGN KEY (`biz_id`) REFERENCES `bizs` (`id`) ON DELETE CASCADE)
CRITICAL - 2022-07-20 20:14:51 --> Cannot add or update a child row: a foreign key constraint fails (`otfonline`.`biz_menu_categories`, CONSTRAINT `biz_menu_categories_biz_id_foreign` FOREIGN KEY (`biz_id`) REFERENCES `bizs` (`id`) ON DELETE CASCADE)
#0 C:\xampp\htdocs\otfonline\backend\ci4\system\Database\MySQLi\Connection.php(292): mysqli->query('INSERT INTO `bi...', 0)
#1 C:\xampp\htdocs\otfonline\backend\ci4\system\Database\BaseConnection.php(670): CodeIgniter\Database\MySQLi\Connection->execute('INSERT INTO `bi...')
#2 C:\xampp\htdocs\otfonline\backend\ci4\system\Database\BaseConnection.php(598): CodeIgniter\Database\BaseConnection->simpleQuery('INSERT INTO `bi...')
#3 C:\xampp\htdocs\otfonline\backend\ci4\system\Database\BaseBuilder.php(1771): CodeIgniter\Database\BaseConnection->query('INSERT INTO `bi...', Array, false)
#4 C:\xampp\htdocs\otfonline\backend\ci4\system\Model.php(239): CodeIgniter\Database\BaseBuilder->insert()
#5 C:\xampp\htdocs\otfonline\backend\ci4\system\BaseModel.php(738): CodeIgniter\Model->doInsert(Array)
#6 C:\xampp\htdocs\otfonline\backend\ci4\system\Model.php(625): CodeIgniter\BaseModel->insert(Array, true)
#7 C:\xampp\htdocs\otfonline\backend\ci4\app\Controllers\Web\Superadmin\MenuController.php(207): CodeIgniter\Model->insert(Array)
#8 C:\xampp\htdocs\otfonline\backend\ci4\system\CodeIgniter.php(838): App\Controllers\Web\Superadmin\MenuController->menuCategoryAdd_('4')
#9 C:\xampp\htdocs\otfonline\backend\ci4\system\CodeIgniter.php(425): CodeIgniter\CodeIgniter->runController(Object(App\Controllers\Web\Superadmin\MenuController))
#10 C:\xampp\htdocs\otfonline\backend\ci4\system\CodeIgniter.php(332): CodeIgniter\CodeIgniter->handleRequest(NULL, Object(Config\Cache), false)
#11 C:\xampp\htdocs\otfonline\backend\ci4\public\index.php(37): CodeIgniter\CodeIgniter->run()
#12 C:\xampp\htdocs\otfonline\backend\ci4\system\Commands\Server\rewrite.php(43): require_once('C:\\xampp\\htdocs...')
#13 {main}
ERROR - 2022-07-20 20:16:08 --> Cannot add or update a child row: a foreign key constraint fails (`otfonline`.`biz_menu_categories`, CONSTRAINT `biz_menu_categories_biz_id_foreign` FOREIGN KEY (`biz_id`) REFERENCES `bizs` (`id`) ON DELETE CASCADE)
CRITICAL - 2022-07-20 20:16:08 --> Cannot add or update a child row: a foreign key constraint fails (`otfonline`.`biz_menu_categories`, CONSTRAINT `biz_menu_categories_biz_id_foreign` FOREIGN KEY (`biz_id`) REFERENCES `bizs` (`id`) ON DELETE CASCADE)
#0 C:\xampp\htdocs\otfonline\backend\ci4\system\Database\MySQLi\Connection.php(292): mysqli->query('INSERT INTO `bi...', 0)
#1 C:\xampp\htdocs\otfonline\backend\ci4\system\Database\BaseConnection.php(670): CodeIgniter\Database\MySQLi\Connection->execute('INSERT INTO `bi...')
#2 C:\xampp\htdocs\otfonline\backend\ci4\system\Database\BaseConnection.php(598): CodeIgniter\Database\BaseConnection->simpleQuery('INSERT INTO `bi...')
#3 C:\xampp\htdocs\otfonline\backend\ci4\system\Database\BaseBuilder.php(1771): CodeIgniter\Database\BaseConnection->query('INSERT INTO `bi...', Array, false)
#4 C:\xampp\htdocs\otfonline\backend\ci4\system\Model.php(239): CodeIgniter\Database\BaseBuilder->insert()
#5 C:\xampp\htdocs\otfonline\backend\ci4\system\BaseModel.php(738): CodeIgniter\Model->doInsert(Array)
#6 C:\xampp\htdocs\otfonline\backend\ci4\system\Model.php(625): CodeIgniter\BaseModel->insert(Array, true)
#7 C:\xampp\htdocs\otfonline\backend\ci4\app\Controllers\Web\Superadmin\MenuController.php(207): CodeIgniter\Model->insert(Array)
#8 C:\xampp\htdocs\otfonline\backend\ci4\system\CodeIgniter.php(838): App\Controllers\Web\Superadmin\MenuController->menuCategoryAdd_('4')
#9 C:\xampp\htdocs\otfonline\backend\ci4\system\CodeIgniter.php(425): CodeIgniter\CodeIgniter->runController(Object(App\Controllers\Web\Superadmin\MenuController))
#10 C:\xampp\htdocs\otfonline\backend\ci4\system\CodeIgniter.php(332): CodeIgniter\CodeIgniter->handleRequest(NULL, Object(Config\Cache), false)
#11 C:\xampp\htdocs\otfonline\backend\ci4\public\index.php(37): CodeIgniter\CodeIgniter->run()
#12 C:\xampp\htdocs\otfonline\backend\ci4\system\Commands\Server\rewrite.php(43): require_once('C:\\xampp\\htdocs...')
#13 {main}
ERROR - 2022-07-20 20:18:39 --> Cannot add or update a child row: a foreign key constraint fails (`otfonline`.`biz_menu_categories`, CONSTRAINT `biz_menu_categories_biz_id_foreign` FOREIGN KEY (`biz_id`) REFERENCES `bizs` (`id`) ON DELETE CASCADE)
CRITICAL - 2022-07-20 20:18:39 --> Cannot add or update a child row: a foreign key constraint fails (`otfonline`.`biz_menu_categories`, CONSTRAINT `biz_menu_categories_biz_id_foreign` FOREIGN KEY (`biz_id`) REFERENCES `bizs` (`id`) ON DELETE CASCADE)
#0 C:\xampp\htdocs\otfonline\backend\ci4\system\Database\MySQLi\Connection.php(292): mysqli->query('INSERT INTO `bi...', 0)
#1 C:\xampp\htdocs\otfonline\backend\ci4\system\Database\BaseConnection.php(670): CodeIgniter\Database\MySQLi\Connection->execute('INSERT INTO `bi...')
#2 C:\xampp\htdocs\otfonline\backend\ci4\system\Database\BaseConnection.php(598): CodeIgniter\Database\BaseConnection->simpleQuery('INSERT INTO `bi...')
#3 C:\xampp\htdocs\otfonline\backend\ci4\system\Database\BaseBuilder.php(1771): CodeIgniter\Database\BaseConnection->query('INSERT INTO `bi...', Array, false)
#4 C:\xampp\htdocs\otfonline\backend\ci4\system\Model.php(239): CodeIgniter\Database\BaseBuilder->insert()
#5 C:\xampp\htdocs\otfonline\backend\ci4\system\BaseModel.php(738): CodeIgniter\Model->doInsert(Array)
#6 C:\xampp\htdocs\otfonline\backend\ci4\system\Model.php(625): CodeIgniter\BaseModel->insert(Array, true)
#7 C:\xampp\htdocs\otfonline\backend\ci4\app\Controllers\Web\Superadmin\MenuController.php(207): CodeIgniter\Model->insert(Array)
#8 C:\xampp\htdocs\otfonline\backend\ci4\system\CodeIgniter.php(838): App\Controllers\Web\Superadmin\MenuController->menuCategoryAdd_('4')
#9 C:\xampp\htdocs\otfonline\backend\ci4\system\CodeIgniter.php(425): CodeIgniter\CodeIgniter->runController(Object(App\Controllers\Web\Superadmin\MenuController))
#10 C:\xampp\htdocs\otfonline\backend\ci4\system\CodeIgniter.php(332): CodeIgniter\CodeIgniter->handleRequest(NULL, Object(Config\Cache), false)
#11 C:\xampp\htdocs\otfonline\backend\ci4\public\index.php(37): CodeIgniter\CodeIgniter->run()
#12 C:\xampp\htdocs\otfonline\backend\ci4\system\Commands\Server\rewrite.php(43): require_once('C:\\xampp\\htdocs...')
#13 {main}
